CRITICAL - 2022-12-14 08:57:33 --> Undefined index: nama
in APPPATH\Views\masteremployeepage\employeelist.php on line 97.
 1 APPPATH\Views\masteremployeepage\employeelist.php(97): CodeIgniter\Debug\Exceptions->errorHandler(8, 'Undefined index: nama', 'APPPATH\\Views\\masteremployeepage\\employeelist.php', 97, [...])
 2 SYSTEMPATH\View\View.php(213): include('APPPATH\\Views\\masteremployeepage\\employeelist.php')
 3 SYSTEMPATH\View\View.php(216): CodeIgniter\View\View->CodeIgniter\View\{closure}()
 4 SYSTEMPATH\Common.php(1142): CodeIgniter\View\View->render('masteremployeepage/employeelist', [], true)
 5 APPPATH\Controllers\MasterEmployeeController.php(16): view('masteremployeepage/employeelist', [...])
 6 SYSTEMPATH\CodeIgniter.php(902): App\Controllers\MasterEmployeeController->index()
 7 SYSTEMPATH\CodeIgniter.php(457): CodeIgniter\CodeIgniter->runController(Object(App\Controllers\MasterEmployeeController))
 8 SYSTEMPATH\CodeIgniter.php(340): CodeIgniter\CodeIgniter->handleRequest(null, Object(Config\Cache), false)
 9 FCPATH\index.php(67): CodeIgniter\CodeIgniter->run()
10 SYSTEMPATH\Commands\Server\rewrite.php(46): require_once('FCPATH\\index.php')
CRITICAL - 2022-12-14 09:54:27 --> Trying to access array offset on value of type null
in APPPATH\Views\masteremployeepage\detailemployee.php on line 57.
 1 APPPATH\Views\masteremployeepage\detailemployee.php(57): CodeIgniter\Debug\Exceptions->errorHandler(8, 'Trying to access array offset on value of type null', 'APPPATH\\Views\\masteremployeepage\\detailemployee.php', 57, [...])
 2 SYSTEMPATH\View\View.php(213): include('APPPATH\\Views\\masteremployeepage\\detailemployee.php')
 3 SYSTEMPATH\View\View.php(216): CodeIgniter\View\View->CodeIgniter\View\{closure}()
 4 SYSTEMPATH\Common.php(1142): CodeIgniter\View\View->render('masteremployeepage/detailemployee', [], true)
 5 APPPATH\Controllers\MasterEmployeeController.php(22): view('masteremployeepage/detailemployee', [...])
 6 SYSTEMPATH\CodeIgniter.php(902): App\Controllers\MasterEmployeeController->detailemployee('132')
 7 SYSTEMPATH\CodeIgniter.php(457): CodeIgniter\CodeIgniter->runController(Object(App\Controllers\MasterEmployeeController))
 8 SYSTEMPATH\CodeIgniter.php(340): CodeIgniter\CodeIgniter->handleRequest(null, Object(Config\Cache), false)
 9 FCPATH\index.php(67): CodeIgniter\CodeIgniter->run()
10 SYSTEMPATH\Commands\Server\rewrite.php(46): require_once('FCPATH\\index.php')
CRITICAL - 2022-12-14 13:43:18 --> Undefined variable: data
in APPPATH\Views\masteremployeepage\editemployeepage.php on line 66.
 1 APPPATH\Views\masteremployeepage\editemployeepage.php(66): CodeIgniter\Debug\Exceptions->errorHandler(8, 'Undefined variable: data', 'APPPATH\\Views\\masteremployeepage\\editemployeepage.php', 66, [...])
 2 SYSTEMPATH\View\View.php(213): include('APPPATH\\Views\\masteremployeepage\\editemployeepage.php')
 3 SYSTEMPATH\View\View.php(216): CodeIgniter\View\View->CodeIgniter\View\{closure}()
 4 SYSTEMPATH\Common.php(1142): CodeIgniter\View\View->render('masteremployeepage/editemployeepage', [], true)
 5 APPPATH\Controllers\MasterEmployeeController.php(34): view('masteremployeepage/editemployeepage', [...])
 6 SYSTEMPATH\CodeIgniter.php(902): App\Controllers\MasterEmployeeController->editpage('10926')
 7 SYSTEMPATH\CodeIgniter.php(457): CodeIgniter\CodeIgniter->runController(Object(App\Controllers\MasterEmployeeController))
 8 SYSTEMPATH\CodeIgniter.php(340): CodeIgniter\CodeIgniter->handleRequest(null, Object(Config\Cache), false)
 9 FCPATH\index.php(67): CodeIgniter\CodeIgniter->run()
10 SYSTEMPATH\Commands\Server\rewrite.php(46): require_once('FCPATH\\index.php')
CRITICAL - 2022-12-14 13:44:07 --> Undefined index: nama
in APPPATH\Views\masteremployeepage\editemployeepage.php on line 70.
 1 APPPATH\Views\masteremployeepage\editemployeepage.php(70): CodeIgniter\Debug\Exceptions->errorHandler(8, 'Undefined index: nama', 'APPPATH\\Views\\masteremployeepage\\editemployeepage.php', 70, [...])
 2 SYSTEMPATH\View\View.php(213): include('APPPATH\\Views\\masteremployeepage\\editemployeepage.php')
 3 SYSTEMPATH\View\View.php(216): CodeIgniter\View\View->CodeIgniter\View\{closure}()
 4 SYSTEMPATH\Common.php(1142): CodeIgniter\View\View->render('masteremployeepage/editemployeepage', [], true)
 5 APPPATH\Controllers\MasterEmployeeController.php(34): view('masteremployeepage/editemployeepage', [...])
 6 SYSTEMPATH\CodeIgniter.php(902): App\Controllers\MasterEmployeeController->editpage('10926')
 7 SYSTEMPATH\CodeIgniter.php(457): CodeIgniter\CodeIgniter->runController(Object(App\Controllers\MasterEmployeeController))
 8 SYSTEMPATH\CodeIgniter.php(340): CodeIgniter\CodeIgniter->handleRequest(null, Object(Config\Cache), false)
 9 FCPATH\index.php(67): CodeIgniter\CodeIgniter->run()
10 SYSTEMPATH\Commands\Server\rewrite.php(46): require_once('FCPATH\\index.php')
CRITICAL - 2022-12-14 13:44:24 --> Undefined index: kategori
in APPPATH\Views\masteremployeepage\editemployeepage.php on line 76.
 1 APPPATH\Views\masteremployeepage\editemployeepage.php(76): CodeIgniter\Debug\Exceptions->errorHandler(8, 'Undefined index: kategori', 'APPPATH\\Views\\masteremployeepage\\editemployeepage.php', 76, [...])
 2 SYSTEMPATH\View\View.php(213): include('APPPATH\\Views\\masteremployeepage\\editemployeepage.php')
 3 SYSTEMPATH\View\View.php(216): CodeIgniter\View\View->CodeIgniter\View\{closure}()
 4 SYSTEMPATH\Common.php(1142): CodeIgniter\View\View->render('masteremployeepage/editemployeepage', [], true)
 5 APPPATH\Controllers\MasterEmployeeController.php(34): view('masteremployeepage/editemployeepage', [...])
 6 SYSTEMPATH\CodeIgniter.php(902): App\Controllers\MasterEmployeeController->editpage('10926')
 7 SYSTEMPATH\CodeIgniter.php(457): CodeIgniter\CodeIgniter->runController(Object(App\Controllers\MasterEmployeeController))
 8 SYSTEMPATH\CodeIgniter.php(340): CodeIgniter\CodeIgniter->handleRequest(null, Object(Config\Cache), false)
 9 FCPATH\index.php(67): CodeIgniter\CodeIgniter->run()
10 SYSTEMPATH\Commands\Server\rewrite.php(46): require_once('FCPATH\\index.php')
CRITICAL - 2022-12-14 13:44:32 --> Undefined index: jam
in APPPATH\Views\masteremployeepage\editemployeepage.php on line 90.
 1 APPPATH\Views\masteremployeepage\editemployeepage.php(90): CodeIgniter\Debug\Exceptions->errorHandler(8, 'Undefined index: jam', 'APPPATH\\Views\\masteremployeepage\\editemployeepage.php', 90, [...])
 2 SYSTEMPATH\View\View.php(213): include('APPPATH\\Views\\masteremployeepage\\editemployeepage.php')
 3 SYSTEMPATH\View\View.php(216): CodeIgniter\View\View->CodeIgniter\View\{closure}()
 4 SYSTEMPATH\Common.php(1142): CodeIgniter\View\View->render('masteremployeepage/editemployeepage', [], true)
 5 APPPATH\Controllers\MasterEmployeeController.php(34): view('masteremployeepage/editemployeepage', [...])
 6 SYSTEMPATH\CodeIgniter.php(902): App\Controllers\MasterEmployeeController->editpage('10926')
 7 SYSTEMPATH\CodeIgniter.php(457): CodeIgniter\CodeIgniter->runController(Object(App\Controllers\MasterEmployeeController))
 8 SYSTEMPATH\CodeIgniter.php(340): CodeIgniter\CodeIgniter->handleRequest(null, Object(Config\Cache), false)
 9 FCPATH\index.php(67): CodeIgniter\CodeIgniter->run()
10 SYSTEMPATH\Commands\Server\rewrite.php(46): require_once('FCPATH\\index.php')
CRITICAL - 2022-12-14 13:44:44 --> Undefined index: no_hp
in APPPATH\Views\masteremployeepage\editemployeepage.php on line 105.
 1 APPPATH\Views\masteremployeepage\editemployeepage.php(105): CodeIgniter\Debug\Exceptions->errorHandler(8, 'Undefined index: no_hp', 'APPPATH\\Views\\masteremployeepage\\editemployeepage.php', 105, [...])
 2 SYSTEMPATH\View\View.php(213): include('APPPATH\\Views\\masteremployeepage\\editemployeepage.php')
 3 SYSTEMPATH\View\View.php(216): CodeIgniter\View\View->CodeIgniter\View\{closure}()
 4 SYSTEMPATH\Common.php(1142): CodeIgniter\View\View->render('masteremployeepage/editemployeepage', [], true)
 5 APPPATH\Controllers\MasterEmployeeController.php(34): view('masteremployeepage/editemployeepage', [...])
 6 SYSTEMPATH\CodeIgniter.php(902): App\Controllers\MasterEmployeeController->editpage('10926')
 7 SYSTEMPATH\CodeIgniter.php(457): CodeIgniter\CodeIgniter->runController(Object(App\Controllers\MasterEmployeeController))
 8 SYSTEMPATH\CodeIgniter.php(340): CodeIgniter\CodeIgniter->handleRequest(null, Object(Config\Cache), false)
 9 FCPATH\index.php(67): CodeIgniter\CodeIgniter->run()
10 SYSTEMPATH\Commands\Server\rewrite.php(46): require_once('FCPATH\\index.php')
CRITICAL - 2022-12-14 13:49:19 --> Undefined index: dir
in APPPATH\Views\masteremployeepage\editemployeepage.php on line 165.
 1 APPPATH\Views\masteremployeepage\editemployeepage.php(165): CodeIgniter\Debug\Exceptions->errorHandler(8, 'Undefined index: dir', 'APPPATH\\Views\\masteremployeepage\\editemployeepage.php', 165, [...])
 2 SYSTEMPATH\View\View.php(213): include('APPPATH\\Views\\masteremployeepage\\editemployeepage.php')
 3 SYSTEMPATH\View\View.php(216): CodeIgniter\View\View->CodeIgniter\View\{closure}()
 4 SYSTEMPATH\Common.php(1142): CodeIgniter\View\View->render('masteremployeepage/editemployeepage', [], true)
 5 APPPATH\Controllers\MasterEmployeeController.php(34): view('masteremployeepage/editemployeepage', [...])
 6 SYSTEMPATH\CodeIgniter.php(902): App\Controllers\MasterEmployeeController->editpage('10926')
 7 SYSTEMPATH\CodeIgniter.php(457): CodeIgniter\CodeIgniter->runController(Object(App\Controllers\MasterEmployeeController))
 8 SYSTEMPATH\CodeIgniter.php(340): CodeIgniter\CodeIgniter->handleRequest(null, Object(Config\Cache), false)
 9 FCPATH\index.php(67): CodeIgniter\CodeIgniter->run()
10 SYSTEMPATH\Commands\Server\rewrite.php(46): require_once('FCPATH\\index.php')
CRITICAL - 2022-12-14 13:49:20 --> Undefined index: dir
in APPPATH\Views\masteremployeepage\editemployeepage.php on line 165.
 1 APPPATH\Views\masteremployeepage\editemployeepage.php(165): CodeIgniter\Debug\Exceptions->errorHandler(8, 'Undefined index: dir', 'APPPATH\\Views\\masteremployeepage\\editemployeepage.php', 165, [...])
 2 SYSTEMPATH\View\View.php(213): include('APPPATH\\Views\\masteremployeepage\\editemployeepage.php')
 3 SYSTEMPATH\View\View.php(216): CodeIgniter\View\View->CodeIgniter\View\{closure}()
 4 SYSTEMPATH\Common.php(1142): CodeIgniter\View\View->render('masteremployeepage/editemployeepage', [], true)
 5 APPPATH\Controllers\MasterEmployeeController.php(34): view('masteremployeepage/editemployeepage', [...])
 6 SYSTEMPATH\CodeIgniter.php(902): App\Controllers\MasterEmployeeController->editpage('10926')
 7 SYSTEMPATH\CodeIgniter.php(457): CodeIgniter\CodeIgniter->runController(Object(App\Controllers\MasterEmployeeController))
 8 SYSTEMPATH\CodeIgniter.php(340): CodeIgniter\CodeIgniter->handleRequest(null, Object(Config\Cache), false)
 9 FCPATH\index.php(67): CodeIgniter\CodeIgniter->run()
10 SYSTEMPATH\Commands\Server\rewrite.php(46): require_once('FCPATH\\index.php')
CRITICAL - 2022-12-14 13:49:34 --> Trying to access array offset on value of type null
in APPPATH\Views\masteremployeepage\editemployeepage.php on line 66.
 1 APPPATH\Views\masteremployeepage\editemployeepage.php(66): CodeIgniter\Debug\Exceptions->errorHandler(8, 'Trying to access array offset on value of type null', 'APPPATH\\Views\\masteremployeepage\\editemployeepage.php', 66, [...])
 2 SYSTEMPATH\View\View.php(213): include('APPPATH\\Views\\masteremployeepage\\editemployeepage.php')
 3 SYSTEMPATH\View\View.php(216): CodeIgniter\View\View->CodeIgniter\View\{closure}()
 4 SYSTEMPATH\Common.php(1142): CodeIgniter\View\View->render('masteremployeepage/editemployeepage', [], true)
 5 APPPATH\Controllers\MasterEmployeeController.php(34): view('masteremployeepage/editemployeepage', [...])
 6 SYSTEMPATH\CodeIgniter.php(902): App\Controllers\MasterEmployeeController->editpage('js', 'demo', 'datatables-demo.js')
 7 SYSTEMPATH\CodeIgniter.php(457): CodeIgniter\CodeIgniter->runController(Object(App\Controllers\MasterEmployeeController))
 8 SYSTEMPATH\CodeIgniter.php(340): CodeIgniter\CodeIgniter->handleRequest(null, Object(Config\Cache), false)
 9 FCPATH\index.php(67): CodeIgniter\CodeIgniter->run()
10 SYSTEMPATH\Commands\Server\rewrite.php(46): require_once('FCPATH\\index.php')
CRITICAL - 2022-12-14 13:50:32 --> Trying to access array offset on value of type null
in APPPATH\Views\masteremployeepage\editemployeepage.php on line 66.
 1 APPPATH\Views\masteremployeepage\editemployeepage.php(66): CodeIgniter\Debug\Exceptions->errorHandler(8, 'Trying to access array offset on value of type null', 'APPPATH\\Views\\masteremployeepage\\editemployeepage.php', 66, [...])
 2 SYSTEMPATH\View\View.php(213): include('APPPATH\\Views\\masteremployeepage\\editemployeepage.php')
 3 SYSTEMPATH\View\View.php(216): CodeIgniter\View\View->CodeIgniter\View\{closure}()
 4 SYSTEMPATH\Common.php(1142): CodeIgniter\View\View->render('masteremployeepage/editemployeepage', [], true)
 5 APPPATH\Controllers\MasterEmployeeController.php(34): view('masteremployeepage/editemployeepage', [...])
 6 SYSTEMPATH\CodeIgniter.php(902): App\Controllers\MasterEmployeeController->editpage('js', 'demo', 'datatables-demo.js')
 7 SYSTEMPATH\CodeIgniter.php(457): CodeIgniter\CodeIgniter->runController(Object(App\Controllers\MasterEmployeeController))
 8 SYSTEMPATH\CodeIgniter.php(340): CodeIgniter\CodeIgniter->handleRequest(null, Object(Config\Cache), false)
 9 FCPATH\index.php(67): CodeIgniter\CodeIgniter->run()
10 SYSTEMPATH\Commands\Server\rewrite.php(46): require_once('FCPATH\\index.php')
CRITICAL - 2022-12-14 13:51:42 --> Trying to access array offset on value of type null
in APPPATH\Views\masteremployeepage\editemployeepage.php on line 66.
 1 APPPATH\Views\masteremployeepage\editemployeepage.php(66): CodeIgniter\Debug\Exceptions->errorHandler(8, 'Trying to access array offset on value of type null', 'APPPATH\\Views\\masteremployeepage\\editemployeepage.php', 66, [...])
 2 SYSTEMPATH\View\View.php(213): include('APPPATH\\Views\\masteremployeepage\\editemployeepage.php')
 3 SYSTEMPATH\View\View.php(216): CodeIgniter\View\View->CodeIgniter\View\{closure}()
 4 SYSTEMPATH\Common.php(1142): CodeIgniter\View\View->render('masteremployeepage/editemployeepage', [], true)
 5 APPPATH\Controllers\MasterEmployeeController.php(34): view('masteremployeepage/editemployeepage', [...])
 6 SYSTEMPATH\CodeIgniter.php(902): App\Controllers\MasterEmployeeController->editpage('js', 'demo', 'datatables-demo.js')
 7 SYSTEMPATH\CodeIgniter.php(457): CodeIgniter\CodeIgniter->runController(Object(App\Controllers\MasterEmployeeController))
 8 SYSTEMPATH\CodeIgniter.php(340): CodeIgniter\CodeIgniter->handleRequest(null, Object(Config\Cache), false)
 9 FCPATH\index.php(67): CodeIgniter\CodeIgniter->run()
10 SYSTEMPATH\Commands\Server\rewrite.php(46): require_once('FCPATH\\index.php')
CRITICAL - 2022-12-14 13:51:56 --> Trying to access array offset on value of type null
in APPPATH\Views\masteremployeepage\editemployeepage.php on line 66.
 1 APPPATH\Views\masteremployeepage\editemployeepage.php(66): CodeIgniter\Debug\Exceptions->errorHandler(8, 'Trying to access array offset on value of type null', 'APPPATH\\Views\\masteremployeepage\\editemployeepage.php', 66, [...])
 2 SYSTEMPATH\View\View.php(213): include('APPPATH\\Views\\masteremployeepage\\editemployeepage.php')
 3 SYSTEMPATH\View\View.php(216): CodeIgniter\View\View->CodeIgniter\View\{closure}()
 4 SYSTEMPATH\Common.php(1142): CodeIgniter\View\View->render('masteremployeepage/editemployeepage', [], true)
 5 APPPATH\Controllers\MasterEmployeeController.php(34): view('masteremployeepage/editemployeepage', [...])
 6 SYSTEMPATH\CodeIgniter.php(902): App\Controllers\MasterEmployeeController->editpage('js', 'demo', 'datatables-demo.js')
 7 SYSTEMPATH\CodeIgniter.php(457): CodeIgniter\CodeIgniter->runController(Object(App\Controllers\MasterEmployeeController))
 8 SYSTEMPATH\CodeIgniter.php(340): CodeIgniter\CodeIgniter->handleRequest(null, Object(Config\Cache), false)
 9 FCPATH\index.php(67): CodeIgniter\CodeIgniter->run()
10 SYSTEMPATH\Commands\Server\rewrite.php(46): require_once('FCPATH\\index.php')
CRITICAL - 2022-12-14 13:53:00 --> Trying to access array offset on value of type null
in APPPATH\Views\masteremployeepage\editemployeepage.php on line 66.
 1 APPPATH\Views\masteremployeepage\editemployeepage.php(66): CodeIgniter\Debug\Exceptions->errorHandler(8, 'Trying to access array offset on value of type null', 'APPPATH\\Views\\masteremployeepage\\editemployeepage.php', 66, [...])
 2 SYSTEMPATH\View\View.php(213): include('APPPATH\\Views\\masteremployeepage\\editemployeepage.php')
 3 SYSTEMPATH\View\View.php(216): CodeIgniter\View\View->CodeIgniter\View\{closure}()
 4 SYSTEMPATH\Common.php(1142): CodeIgniter\View\View->render('masteremployeepage/editemployeepage', [], true)
 5 APPPATH\Controllers\MasterEmployeeController.php(34): view('masteremployeepage/editemployeepage', [...])
 6 SYSTEMPATH\CodeIgniter.php(902): App\Controllers\MasterEmployeeController->editpage('js', 'demo', 'datatables-demo.js')
 7 SYSTEMPATH\CodeIgniter.php(457): CodeIgniter\CodeIgniter->runController(Object(App\Controllers\MasterEmployeeController))
 8 SYSTEMPATH\CodeIgniter.php(340): CodeIgniter\CodeIgniter->handleRequest(null, Object(Config\Cache), false)
 9 FCPATH\index.php(67): CodeIgniter\CodeIgniter->run()
10 SYSTEMPATH\Commands\Server\rewrite.php(46): require_once('FCPATH\\index.php')
CRITICAL - 2022-12-14 13:55:35 --> Trying to access array offset on value of type null
in APPPATH\Controllers\EventController.php on line 44.
 1 APPPATH\Controllers\EventController.php(44): CodeIgniter\Debug\Exceptions->errorHandler(8, 'Trying to access array offset on value of type null', 'APPPATH\\Controllers\\EventController.php', 44, [...])
 2 SYSTEMPATH\CodeIgniter.php(902): App\Controllers\EventController->dataevent('js', 'demo', 'datatables-demo.js')
 3 SYSTEMPATH\CodeIgniter.php(457): CodeIgniter\CodeIgniter->runController(Object(App\Controllers\EventController))
 4 SYSTEMPATH\CodeIgniter.php(340): CodeIgniter\CodeIgniter->handleRequest(null, Object(Config\Cache), false)
 5 FCPATH\index.php(67): CodeIgniter\CodeIgniter->run()
 6 SYSTEMPATH\Commands\Server\rewrite.php(46): require_once('FCPATH\\index.php')
CRITICAL - 2022-12-14 13:55:37 --> Trying to access array offset on value of type null
in APPPATH\Views\eventspage\editeventpage.php on line 66.
 1 APPPATH\Views\eventspage\editeventpage.php(66): CodeIgniter\Debug\Exceptions->errorHandler(8, 'Trying to access array offset on value of type null', 'APPPATH\\Views\\eventspage\\editeventpage.php', 66, [...])
 2 SYSTEMPATH\View\View.php(213): include('APPPATH\\Views\\eventspage\\editeventpage.php')
 3 SYSTEMPATH\View\View.php(216): CodeIgniter\View\View->CodeIgniter\View\{closure}()
 4 SYSTEMPATH\Common.php(1142): CodeIgniter\View\View->render('eventspage/editeventpage', [], true)
 5 APPPATH\Controllers\EventController.php(124): view('eventspage/editeventpage', [...])
 6 SYSTEMPATH\CodeIgniter.php(902): App\Controllers\EventController->editpage('js', 'demo', 'datatables-demo.js')
 7 SYSTEMPATH\CodeIgniter.php(457): CodeIgniter\CodeIgniter->runController(Object(App\Controllers\EventController))
 8 SYSTEMPATH\CodeIgniter.php(340): CodeIgniter\CodeIgniter->handleRequest(null, Object(Config\Cache), false)
 9 FCPATH\index.php(67): CodeIgniter\CodeIgniter->run()
10 SYSTEMPATH\Commands\Server\rewrite.php(46): require_once('FCPATH\\index.php')
