CRITICAL - 2022-12-21 08:25:03 --> Illegal string offset 'tahun'
in APPPATH\Helpers\getperiode_helper.php on line 53.
 1 APPPATH\Helpers\getperiode_helper.php(53): CodeIgniter\Debug\Exceptions->errorHandler(2, 'Illegal string offset \'tahun\'', 'APPPATH\\Helpers\\getperiode_helper.php', 53, [...])
 2 APPPATH\Controllers\Import.php(26): getPeriodeWla(211938)
 3 SYSTEMPATH\CodeIgniter.php(902): App\Controllers\Import->employee()
 4 SYSTEMPATH\CodeIgniter.php(457): CodeIgniter\CodeIgniter->runController(Object(App\Controllers\Import))
 5 SYSTEMPATH\CodeIgniter.php(340): CodeIgniter\CodeIgniter->handleRequest(null, Object(Config\Cache), false)
 6 FCPATH\index.php(67): CodeIgniter\CodeIgniter->run()
 7 SYSTEMPATH\Commands\Server\rewrite.php(46): require_once('FCPATH\\index.php')
CRITICAL - 2022-12-21 08:43:05 --> compact(): Undefined variable: datatahun
in APPPATH\Controllers\Import.php on line 593.
 1 [internal function]: CodeIgniter\Debug\Exceptions->errorHandler(8, 'compact(): Undefined variable: datatahun', 'APPPATH\\Controllers\\Import.php', 593, [...])
 2 APPPATH\Controllers\Import.php(593): compact('datapegawai', 'datalaporan', 'counting', 'nonprojectaverage', 'projectaverage', 'fte', 'rataprimary', 'ratasupportive', 'rataoutside', 'rataprimaryp', 'ratasupportivep', 'rataoutsidep', 'datatahun')
 3 SYSTEMPATH\CodeIgniter.php(902): App\Controllers\Import->datapegawai('211938', '2022')
 4 SYSTEMPATH\CodeIgniter.php(457): CodeIgniter\CodeIgniter->runController(Object(App\Controllers\Import))
 5 SYSTEMPATH\CodeIgniter.php(340): CodeIgniter\CodeIgniter->handleRequest(null, Object(Config\Cache), false)
 6 FCPATH\index.php(67): CodeIgniter\CodeIgniter->run()
 7 SYSTEMPATH\Commands\Server\rewrite.php(46): require_once('FCPATH\\index.php')
CRITICAL - 2022-12-21 08:55:00 --> Invalid file: ../layouts/sidebar.php
in SYSTEMPATH\Exceptions\FrameworkException.php on line 33.
 1 SYSTEMPATH\View\View.php(201): CodeIgniter\Exceptions\FrameworkException::forInvalidFile('../layouts/sidebar.php')
 2 SYSTEMPATH\View\View.php(429): CodeIgniter\View\View->render('../layouts/sidebar', null, true)
 3 APPPATH\Views\detailwlawithtahun.php(29): CodeIgniter\View\View->include('../layouts/sidebar')
 4 SYSTEMPATH\View\View.php(213): include('APPPATH\\Views\\detailwlawithtahun.php')
 5 SYSTEMPATH\View\View.php(216): CodeIgniter\View\View->CodeIgniter\View\{closure}()
 6 SYSTEMPATH\Common.php(1142): CodeIgniter\View\View->render('detailwlawithtahun', [], true)
 7 APPPATH\Controllers\Import.php(595): view('detailwlawithtahun', [...])
 8 SYSTEMPATH\CodeIgniter.php(902): App\Controllers\Import->datapegawai('211938', '2022')
 9 SYSTEMPATH\CodeIgniter.php(457): CodeIgniter\CodeIgniter->runController(Object(App\Controllers\Import))
10 SYSTEMPATH\CodeIgniter.php(340): CodeIgniter\CodeIgniter->handleRequest(null, Object(Config\Cache), false)
11 FCPATH\index.php(67): CodeIgniter\CodeIgniter->run()
12 SYSTEMPATH\Commands\Server\rewrite.php(46): require_once('FCPATH\\index.php')
CRITICAL - 2022-12-21 08:55:33 --> Invalid file: ../layouts/footer.php
in SYSTEMPATH\Exceptions\FrameworkException.php on line 33.
 1 SYSTEMPATH\View\View.php(201): CodeIgniter\Exceptions\FrameworkException::forInvalidFile('../layouts/footer.php')
 2 SYSTEMPATH\View\View.php(429): CodeIgniter\View\View->render('../layouts/footer', null, true)
 3 APPPATH\Views\detailwlawithtahun.php(726): CodeIgniter\View\View->include('../layouts/footer')
 4 SYSTEMPATH\View\View.php(213): include('APPPATH\\Views\\detailwlawithtahun.php')
 5 SYSTEMPATH\View\View.php(216): CodeIgniter\View\View->CodeIgniter\View\{closure}()
 6 SYSTEMPATH\Common.php(1142): CodeIgniter\View\View->render('detailwlawithtahun', [], true)
 7 APPPATH\Controllers\Import.php(595): view('detailwlawithtahun', [...])
 8 SYSTEMPATH\CodeIgniter.php(902): App\Controllers\Import->datapegawai('211938', '2022')
 9 SYSTEMPATH\CodeIgniter.php(457): CodeIgniter\CodeIgniter->runController(Object(App\Controllers\Import))
10 SYSTEMPATH\CodeIgniter.php(340): CodeIgniter\CodeIgniter->handleRequest(null, Object(Config\Cache), false)
11 FCPATH\index.php(67): CodeIgniter\CodeIgniter->run()
12 SYSTEMPATH\Commands\Server\rewrite.php(46): require_once('FCPATH\\index.php')
ERROR - 2022-12-21 09:20:27 --> mysqli_sql_exception: Unknown column 'periode' in 'where clause' in C:\xampp\htdocs\imprtdata\vendor\codeigniter4\framework\system\Database\MySQLi\Connection.php:292
Stack trace:
#0 C:\xampp\htdocs\imprtdata\vendor\codeigniter4\framework\system\Database\MySQLi\Connection.php(292): mysqli->query('SELECT *\nFROM `...', 0)
#1 C:\xampp\htdocs\imprtdata\vendor\codeigniter4\framework\system\Database\BaseConnection.php(693): CodeIgniter\Database\MySQLi\Connection->execute('SELECT *\nFROM `...')
#2 C:\xampp\htdocs\imprtdata\vendor\codeigniter4\framework\system\Database\BaseConnection.php(620): CodeIgniter\Database\BaseConnection->simpleQuery('SELECT *\nFROM `...')
#3 C:\xampp\htdocs\imprtdata\vendor\codeigniter4\framework\system\Database\BaseBuilder.php(1585): CodeIgniter\Database\BaseConnection->query('SELECT *\nFROM `...', Array, false)
#4 C:\xampp\htdocs\imprtdata\vendor\codeigniter4\framework\system\Model.php(250): CodeIgniter\Database\BaseBuilder->get()
#5 C:\xampp\htdocs\imprtdata\vendor\codeigniter4\framework\system\BaseModel.php(622): CodeIgniter\Model->doFirst()
#6 C:\xampp\htdocs\imprtdata\app\Models\DataNilaiFte.php(24): CodeIgniter\BaseModel->first()
#7 C:\xampp\htdocs\imprtdata\app\Controllers\Import.php(573): App\Models\DataNilaiFte->getFirstByPeriode('2022-11-01', '211938')
#8 C:\xampp\htdocs\imprtdata\vendor\codeigniter4\framework\system\CodeIgniter.php(902): App\Controllers\Import->datapegawai('211938', '2022')
#9 C:\xampp\htdocs\imprtdata\vendor\codeigniter4\framework\system\CodeIgniter.php(457): CodeIgniter\CodeIgniter->runController(Object(App\Controllers\Import))
#10 C:\xampp\htdocs\imprtdata\vendor\codeigniter4\framework\system\CodeIgniter.php(340): CodeIgniter\CodeIgniter->handleRequest(NULL, Object(Config\Cache), false)
#11 C:\xampp\htdocs\imprtdata\public\index.php(67): CodeIgniter\CodeIgniter->run()
#12 C:\xampp\htdocs\imprtdata\vendor\codeigniter4\framework\system\Commands\Server\rewrite.php(46): require_once('C:\\xampp\\htdocs...')
#13 {main}
CRITICAL - 2022-12-21 09:20:27 --> Unknown column 'periode' in 'where clause'
in SYSTEMPATH\Database\MySQLi\Connection.php on line 292.
 1 SYSTEMPATH\Database\MySQLi\Connection.php(292): mysqli->query('SELECT *
FROM `nilai_fte`
WHERE `periode` = \'2022-11-01\'
 LIMIT 1', 0)
 2 SYSTEMPATH\Database\BaseConnection.php(693): CodeIgniter\Database\MySQLi\Connection->execute('SELECT *
FROM `nilai_fte`
WHERE `periode` = \'2022-11-01\'
 LIMIT 1')
 3 SYSTEMPATH\Database\BaseConnection.php(620): CodeIgniter\Database\BaseConnection->simpleQuery('SELECT *
FROM `nilai_fte`
WHERE `periode` = \'2022-11-01\'
 LIMIT 1')
 4 SYSTEMPATH\Database\BaseBuilder.php(1585): CodeIgniter\Database\BaseConnection->query('SELECT *
FROM `nilai_fte`
WHERE `periode` = :periode:
 LIMIT 1', [...], false)
 5 SYSTEMPATH\Model.php(250): CodeIgniter\Database\BaseBuilder->get()
 6 SYSTEMPATH\BaseModel.php(622): CodeIgniter\Model->doFirst()
 7 APPPATH\Models\DataNilaiFte.php(24): CodeIgniter\BaseModel->first()
 8 APPPATH\Controllers\Import.php(573): App\Models\DataNilaiFte->getFirstByPeriode('2022-11-01', '211938')
 9 SYSTEMPATH\CodeIgniter.php(902): App\Controllers\Import->datapegawai('211938', '2022')
10 SYSTEMPATH\CodeIgniter.php(457): CodeIgniter\CodeIgniter->runController(Object(App\Controllers\Import))
11 SYSTEMPATH\CodeIgniter.php(340): CodeIgniter\CodeIgniter->handleRequest(null, Object(Config\Cache), false)
12 FCPATH\index.php(67): CodeIgniter\CodeIgniter->run()
13 SYSTEMPATH\Commands\Server\rewrite.php(46): require_once('FCPATH\\index.php')
ERROR - 2022-12-21 09:24:14 --> mysqli_sql_exception: Duplicate entry '211938202211' for key 'PRIMARY' in C:\xampp\htdocs\imprtdata\vendor\codeigniter4\framework\system\Database\MySQLi\Connection.php:292
Stack trace:
#0 C:\xampp\htdocs\imprtdata\vendor\codeigniter4\framework\system\Database\MySQLi\Connection.php(292): mysqli->query('INSERT INTO `ni...', 0)
#1 C:\xampp\htdocs\imprtdata\vendor\codeigniter4\framework\system\Database\BaseConnection.php(693): CodeIgniter\Database\MySQLi\Connection->execute('INSERT INTO `ni...')
#2 C:\xampp\htdocs\imprtdata\vendor\codeigniter4\framework\system\Database\BaseConnection.php(620): CodeIgniter\Database\BaseConnection->simpleQuery('INSERT INTO `ni...')
#3 C:\xampp\htdocs\imprtdata\vendor\codeigniter4\framework\system\Database\BaseBuilder.php(1916): CodeIgniter\Database\BaseConnection->query('INSERT INTO `ni...', Array, false)
#4 C:\xampp\htdocs\imprtdata\vendor\codeigniter4\framework\system\Model.php(279): CodeIgniter\Database\BaseBuilder->insert()
#5 C:\xampp\htdocs\imprtdata\vendor\codeigniter4\framework\system\BaseModel.php(748): CodeIgniter\Model->doInsert(Array)
#6 C:\xampp\htdocs\imprtdata\vendor\codeigniter4\framework\system\Model.php(667): CodeIgniter\BaseModel->insert(Array, true)
#7 C:\xampp\htdocs\imprtdata\app\Models\DataNilaiFte.php(32): CodeIgniter\Model->insert(Array)
#8 C:\xampp\htdocs\imprtdata\app\Controllers\Import.php(585): App\Models\DataNilaiFte->insertData(Array)
#9 C:\xampp\htdocs\imprtdata\vendor\codeigniter4\framework\system\CodeIgniter.php(902): App\Controllers\Import->datapegawai('211938', '2022')
#10 C:\xampp\htdocs\imprtdata\vendor\codeigniter4\framework\system\CodeIgniter.php(457): CodeIgniter\CodeIgniter->runController(Object(App\Controllers\Import))
#11 C:\xampp\htdocs\imprtdata\vendor\codeigniter4\framework\system\CodeIgniter.php(340): CodeIgniter\CodeIgniter->handleRequest(NULL, Object(Config\Cache), false)
#12 C:\xampp\htdocs\imprtdata\public\index.php(67): CodeIgniter\CodeIgniter->run()
#13 C:\xampp\htdocs\imprtdata\vendor\codeigniter4\framework\system\Commands\Server\rewrite.php(46): require_once('C:\\xampp\\htdocs...')
#14 {main}
CRITICAL - 2022-12-21 09:24:14 --> Duplicate entry '211938202211' for key 'PRIMARY'
in SYSTEMPATH\Database\MySQLi\Connection.php on line 292.
 1 SYSTEMPATH\Database\MySQLi\Connection.php(292): mysqli->query('INSERT INTO `nilai_fte` (`id`, `nik`, `tahun`, `nilai`, `created_at`, `updated_at`) VALUES (\'211938202211\', \'211938\', \'2022\', 0.59311281028369, \'2022-12-21 09:24:14\', \'2022-12-21 09:24:14\')', 0)
 2 SYSTEMPATH\Database\BaseConnection.php(693): CodeIgniter\Database\MySQLi\Connection->execute('INSERT INTO `nilai_fte` (`id`, `nik`, `tahun`, `nilai`, `created_at`, `updated_at`) VALUES (\'211938202211\', \'211938\', \'2022\', 0.59311281028369, \'2022-12-21 09:24:14\', \'2022-12-21 09:24:14\')')
 3 SYSTEMPATH\Database\BaseConnection.php(620): CodeIgniter\Database\BaseConnection->simpleQuery('INSERT INTO `nilai_fte` (`id`, `nik`, `tahun`, `nilai`, `created_at`, `updated_at`) VALUES (\'211938202211\', \'211938\', \'2022\', 0.59311281028369, \'2022-12-21 09:24:14\', \'2022-12-21 09:24:14\')')
 4 SYSTEMPATH\Database\BaseBuilder.php(1916): CodeIgniter\Database\BaseConnection->query('INSERT INTO `nilai_fte` (`id`, `nik`, `tahun`, `nilai`, `created_at`, `updated_at`) VALUES (:id:, :nik:, :tahun:, :nilai:, :created_at:, :updated_at:)', [...], false)
 5 SYSTEMPATH\Model.php(279): CodeIgniter\Database\BaseBuilder->insert()
 6 SYSTEMPATH\BaseModel.php(748): CodeIgniter\Model->doInsert([...])
 7 SYSTEMPATH\Model.php(667): CodeIgniter\BaseModel->insert([...], true)
 8 APPPATH\Models\DataNilaiFte.php(32): CodeIgniter\Model->insert([...])
 9 APPPATH\Controllers\Import.php(585): App\Models\DataNilaiFte->insertData([...])
10 SYSTEMPATH\CodeIgniter.php(902): App\Controllers\Import->datapegawai('211938', '2022')
11 SYSTEMPATH\CodeIgniter.php(457): CodeIgniter\CodeIgniter->runController(Object(App\Controllers\Import))
12 SYSTEMPATH\CodeIgniter.php(340): CodeIgniter\CodeIgniter->handleRequest(null, Object(Config\Cache), false)
13 FCPATH\index.php(67): CodeIgniter\CodeIgniter->run()
14 SYSTEMPATH\Commands\Server\rewrite.php(46): require_once('FCPATH\\index.php')
ERROR - 2022-12-21 09:24:25 --> mysqli_sql_exception: Duplicate entry '211938202211' for key 'PRIMARY' in C:\xampp\htdocs\imprtdata\vendor\codeigniter4\framework\system\Database\MySQLi\Connection.php:292
Stack trace:
#0 C:\xampp\htdocs\imprtdata\vendor\codeigniter4\framework\system\Database\MySQLi\Connection.php(292): mysqli->query('INSERT INTO `ni...', 0)
#1 C:\xampp\htdocs\imprtdata\vendor\codeigniter4\framework\system\Database\BaseConnection.php(693): CodeIgniter\Database\MySQLi\Connection->execute('INSERT INTO `ni...')
#2 C:\xampp\htdocs\imprtdata\vendor\codeigniter4\framework\system\Database\BaseConnection.php(620): CodeIgniter\Database\BaseConnection->simpleQuery('INSERT INTO `ni...')
#3 C:\xampp\htdocs\imprtdata\vendor\codeigniter4\framework\system\Database\BaseBuilder.php(1916): CodeIgniter\Database\BaseConnection->query('INSERT INTO `ni...', Array, false)
#4 C:\xampp\htdocs\imprtdata\vendor\codeigniter4\framework\system\Model.php(279): CodeIgniter\Database\BaseBuilder->insert()
#5 C:\xampp\htdocs\imprtdata\vendor\codeigniter4\framework\system\BaseModel.php(748): CodeIgniter\Model->doInsert(Array)
#6 C:\xampp\htdocs\imprtdata\vendor\codeigniter4\framework\system\Model.php(667): CodeIgniter\BaseModel->insert(Array, true)
#7 C:\xampp\htdocs\imprtdata\app\Models\DataNilaiFte.php(32): CodeIgniter\Model->insert(Array)
#8 C:\xampp\htdocs\imprtdata\app\Controllers\Import.php(585): App\Models\DataNilaiFte->insertData(Array)
#9 C:\xampp\htdocs\imprtdata\vendor\codeigniter4\framework\system\CodeIgniter.php(902): App\Controllers\Import->datapegawai('211938')
#10 C:\xampp\htdocs\imprtdata\vendor\codeigniter4\framework\system\CodeIgniter.php(457): CodeIgniter\CodeIgniter->runController(Object(App\Controllers\Import))
#11 C:\xampp\htdocs\imprtdata\vendor\codeigniter4\framework\system\CodeIgniter.php(340): CodeIgniter\CodeIgniter->handleRequest(NULL, Object(Config\Cache), false)
#12 C:\xampp\htdocs\imprtdata\public\index.php(67): CodeIgniter\CodeIgniter->run()
#13 C:\xampp\htdocs\imprtdata\vendor\codeigniter4\framework\system\Commands\Server\rewrite.php(46): require_once('C:\\xampp\\htdocs...')
#14 {main}
CRITICAL - 2022-12-21 09:24:25 --> Duplicate entry '211938202211' for key 'PRIMARY'
in SYSTEMPATH\Database\MySQLi\Connection.php on line 292.
 1 SYSTEMPATH\Database\MySQLi\Connection.php(292): mysqli->query('INSERT INTO `nilai_fte` (`id`, `nik`, `tahun`, `nilai`, `created_at`, `updated_at`) VALUES (\'211938202211\', \'211938\', \'2022\', 0.59311281028369, \'2022-12-21 09:24:25\', \'2022-12-21 09:24:25\')', 0)
 2 SYSTEMPATH\Database\BaseConnection.php(693): CodeIgniter\Database\MySQLi\Connection->execute('INSERT INTO `nilai_fte` (`id`, `nik`, `tahun`, `nilai`, `created_at`, `updated_at`) VALUES (\'211938202211\', \'211938\', \'2022\', 0.59311281028369, \'2022-12-21 09:24:25\', \'2022-12-21 09:24:25\')')
 3 SYSTEMPATH\Database\BaseConnection.php(620): CodeIgniter\Database\BaseConnection->simpleQuery('INSERT INTO `nilai_fte` (`id`, `nik`, `tahun`, `nilai`, `created_at`, `updated_at`) VALUES (\'211938202211\', \'211938\', \'2022\', 0.59311281028369, \'2022-12-21 09:24:25\', \'2022-12-21 09:24:25\')')
 4 SYSTEMPATH\Database\BaseBuilder.php(1916): CodeIgniter\Database\BaseConnection->query('INSERT INTO `nilai_fte` (`id`, `nik`, `tahun`, `nilai`, `created_at`, `updated_at`) VALUES (:id:, :nik:, :tahun:, :nilai:, :created_at:, :updated_at:)', [...], false)
 5 SYSTEMPATH\Model.php(279): CodeIgniter\Database\BaseBuilder->insert()
 6 SYSTEMPATH\BaseModel.php(748): CodeIgniter\Model->doInsert([...])
 7 SYSTEMPATH\Model.php(667): CodeIgniter\BaseModel->insert([...], true)
 8 APPPATH\Models\DataNilaiFte.php(32): CodeIgniter\Model->insert([...])
 9 APPPATH\Controllers\Import.php(585): App\Models\DataNilaiFte->insertData([...])
10 SYSTEMPATH\CodeIgniter.php(902): App\Controllers\Import->datapegawai('211938')
11 SYSTEMPATH\CodeIgniter.php(457): CodeIgniter\CodeIgniter->runController(Object(App\Controllers\Import))
12 SYSTEMPATH\CodeIgniter.php(340): CodeIgniter\CodeIgniter->handleRequest(null, Object(Config\Cache), false)
13 FCPATH\index.php(67): CodeIgniter\CodeIgniter->run()
14 SYSTEMPATH\Commands\Server\rewrite.php(46): require_once('FCPATH\\index.php')
ERROR - 2022-12-21 09:24:27 --> mysqli_sql_exception: Duplicate entry '211938202211' for key 'PRIMARY' in C:\xampp\htdocs\imprtdata\vendor\codeigniter4\framework\system\Database\MySQLi\Connection.php:292
Stack trace:
#0 C:\xampp\htdocs\imprtdata\vendor\codeigniter4\framework\system\Database\MySQLi\Connection.php(292): mysqli->query('INSERT INTO `ni...', 0)
#1 C:\xampp\htdocs\imprtdata\vendor\codeigniter4\framework\system\Database\BaseConnection.php(693): CodeIgniter\Database\MySQLi\Connection->execute('INSERT INTO `ni...')
#2 C:\xampp\htdocs\imprtdata\vendor\codeigniter4\framework\system\Database\BaseConnection.php(620): CodeIgniter\Database\BaseConnection->simpleQuery('INSERT INTO `ni...')
#3 C:\xampp\htdocs\imprtdata\vendor\codeigniter4\framework\system\Database\BaseBuilder.php(1916): CodeIgniter\Database\BaseConnection->query('INSERT INTO `ni...', Array, false)
#4 C:\xampp\htdocs\imprtdata\vendor\codeigniter4\framework\system\Model.php(279): CodeIgniter\Database\BaseBuilder->insert()
#5 C:\xampp\htdocs\imprtdata\vendor\codeigniter4\framework\system\BaseModel.php(748): CodeIgniter\Model->doInsert(Array)
#6 C:\xampp\htdocs\imprtdata\vendor\codeigniter4\framework\system\Model.php(667): CodeIgniter\BaseModel->insert(Array, true)
#7 C:\xampp\htdocs\imprtdata\app\Models\DataNilaiFte.php(32): CodeIgniter\Model->insert(Array)
#8 C:\xampp\htdocs\imprtdata\app\Controllers\Import.php(585): App\Models\DataNilaiFte->insertData(Array)
#9 C:\xampp\htdocs\imprtdata\vendor\codeigniter4\framework\system\CodeIgniter.php(902): App\Controllers\Import->datapegawai('211938')
#10 C:\xampp\htdocs\imprtdata\vendor\codeigniter4\framework\system\CodeIgniter.php(457): CodeIgniter\CodeIgniter->runController(Object(App\Controllers\Import))
#11 C:\xampp\htdocs\imprtdata\vendor\codeigniter4\framework\system\CodeIgniter.php(340): CodeIgniter\CodeIgniter->handleRequest(NULL, Object(Config\Cache), false)
#12 C:\xampp\htdocs\imprtdata\public\index.php(67): CodeIgniter\CodeIgniter->run()
#13 C:\xampp\htdocs\imprtdata\vendor\codeigniter4\framework\system\Commands\Server\rewrite.php(46): require_once('C:\\xampp\\htdocs...')
#14 {main}
CRITICAL - 2022-12-21 09:24:27 --> Duplicate entry '211938202211' for key 'PRIMARY'
in SYSTEMPATH\Database\MySQLi\Connection.php on line 292.
 1 SYSTEMPATH\Database\MySQLi\Connection.php(292): mysqli->query('INSERT INTO `nilai_fte` (`id`, `nik`, `tahun`, `nilai`, `created_at`, `updated_at`) VALUES (\'211938202211\', \'211938\', \'2022\', 0.59311281028369, \'2022-12-21 09:24:27\', \'2022-12-21 09:24:27\')', 0)
 2 SYSTEMPATH\Database\BaseConnection.php(693): CodeIgniter\Database\MySQLi\Connection->execute('INSERT INTO `nilai_fte` (`id`, `nik`, `tahun`, `nilai`, `created_at`, `updated_at`) VALUES (\'211938202211\', \'211938\', \'2022\', 0.59311281028369, \'2022-12-21 09:24:27\', \'2022-12-21 09:24:27\')')
 3 SYSTEMPATH\Database\BaseConnection.php(620): CodeIgniter\Database\BaseConnection->simpleQuery('INSERT INTO `nilai_fte` (`id`, `nik`, `tahun`, `nilai`, `created_at`, `updated_at`) VALUES (\'211938202211\', \'211938\', \'2022\', 0.59311281028369, \'2022-12-21 09:24:27\', \'2022-12-21 09:24:27\')')
 4 SYSTEMPATH\Database\BaseBuilder.php(1916): CodeIgniter\Database\BaseConnection->query('INSERT INTO `nilai_fte` (`id`, `nik`, `tahun`, `nilai`, `created_at`, `updated_at`) VALUES (:id:, :nik:, :tahun:, :nilai:, :created_at:, :updated_at:)', [...], false)
 5 SYSTEMPATH\Model.php(279): CodeIgniter\Database\BaseBuilder->insert()
 6 SYSTEMPATH\BaseModel.php(748): CodeIgniter\Model->doInsert([...])
 7 SYSTEMPATH\Model.php(667): CodeIgniter\BaseModel->insert([...], true)
 8 APPPATH\Models\DataNilaiFte.php(32): CodeIgniter\Model->insert([...])
 9 APPPATH\Controllers\Import.php(585): App\Models\DataNilaiFte->insertData([...])
10 SYSTEMPATH\CodeIgniter.php(902): App\Controllers\Import->datapegawai('211938')
11 SYSTEMPATH\CodeIgniter.php(457): CodeIgniter\CodeIgniter->runController(Object(App\Controllers\Import))
12 SYSTEMPATH\CodeIgniter.php(340): CodeIgniter\CodeIgniter->handleRequest(null, Object(Config\Cache), false)
13 FCPATH\index.php(67): CodeIgniter\CodeIgniter->run()
14 SYSTEMPATH\Commands\Server\rewrite.php(46): require_once('FCPATH\\index.php')
ERROR - 2022-12-21 09:24:44 --> mysqli_sql_exception: Duplicate entry '211938202211' for key 'PRIMARY' in C:\xampp\htdocs\imprtdata\vendor\codeigniter4\framework\system\Database\MySQLi\Connection.php:292
Stack trace:
#0 C:\xampp\htdocs\imprtdata\vendor\codeigniter4\framework\system\Database\MySQLi\Connection.php(292): mysqli->query('INSERT INTO `ni...', 0)
#1 C:\xampp\htdocs\imprtdata\vendor\codeigniter4\framework\system\Database\BaseConnection.php(693): CodeIgniter\Database\MySQLi\Connection->execute('INSERT INTO `ni...')
#2 C:\xampp\htdocs\imprtdata\vendor\codeigniter4\framework\system\Database\BaseConnection.php(620): CodeIgniter\Database\BaseConnection->simpleQuery('INSERT INTO `ni...')
#3 C:\xampp\htdocs\imprtdata\vendor\codeigniter4\framework\system\Database\BaseBuilder.php(1916): CodeIgniter\Database\BaseConnection->query('INSERT INTO `ni...', Array, false)
#4 C:\xampp\htdocs\imprtdata\vendor\codeigniter4\framework\system\Model.php(279): CodeIgniter\Database\BaseBuilder->insert()
#5 C:\xampp\htdocs\imprtdata\vendor\codeigniter4\framework\system\BaseModel.php(748): CodeIgniter\Model->doInsert(Array)
#6 C:\xampp\htdocs\imprtdata\vendor\codeigniter4\framework\system\Model.php(667): CodeIgniter\BaseModel->insert(Array, true)
#7 C:\xampp\htdocs\imprtdata\app\Models\DataNilaiFte.php(32): CodeIgniter\Model->insert(Array)
#8 C:\xampp\htdocs\imprtdata\app\Controllers\Import.php(585): App\Models\DataNilaiFte->insertData(Array)
#9 C:\xampp\htdocs\imprtdata\vendor\codeigniter4\framework\system\CodeIgniter.php(902): App\Controllers\Import->datapegawai('211938')
#10 C:\xampp\htdocs\imprtdata\vendor\codeigniter4\framework\system\CodeIgniter.php(457): CodeIgniter\CodeIgniter->runController(Object(App\Controllers\Import))
#11 C:\xampp\htdocs\imprtdata\vendor\codeigniter4\framework\system\CodeIgniter.php(340): CodeIgniter\CodeIgniter->handleRequest(NULL, Object(Config\Cache), false)
#12 C:\xampp\htdocs\imprtdata\public\index.php(67): CodeIgniter\CodeIgniter->run()
#13 C:\xampp\htdocs\imprtdata\vendor\codeigniter4\framework\system\Commands\Server\rewrite.php(46): require_once('C:\\xampp\\htdocs...')
#14 {main}
CRITICAL - 2022-12-21 09:24:44 --> Duplicate entry '211938202211' for key 'PRIMARY'
in SYSTEMPATH\Database\MySQLi\Connection.php on line 292.
 1 SYSTEMPATH\Database\MySQLi\Connection.php(292): mysqli->query('INSERT INTO `nilai_fte` (`id`, `nik`, `tahun`, `nilai`, `created_at`, `updated_at`) VALUES (\'211938202211\', \'211938\', \'2022\', 0.59311281028369, \'2022-12-21 09:24:44\', \'2022-12-21 09:24:44\')', 0)
 2 SYSTEMPATH\Database\BaseConnection.php(693): CodeIgniter\Database\MySQLi\Connection->execute('INSERT INTO `nilai_fte` (`id`, `nik`, `tahun`, `nilai`, `created_at`, `updated_at`) VALUES (\'211938202211\', \'211938\', \'2022\', 0.59311281028369, \'2022-12-21 09:24:44\', \'2022-12-21 09:24:44\')')
 3 SYSTEMPATH\Database\BaseConnection.php(620): CodeIgniter\Database\BaseConnection->simpleQuery('INSERT INTO `nilai_fte` (`id`, `nik`, `tahun`, `nilai`, `created_at`, `updated_at`) VALUES (\'211938202211\', \'211938\', \'2022\', 0.59311281028369, \'2022-12-21 09:24:44\', \'2022-12-21 09:24:44\')')
 4 SYSTEMPATH\Database\BaseBuilder.php(1916): CodeIgniter\Database\BaseConnection->query('INSERT INTO `nilai_fte` (`id`, `nik`, `tahun`, `nilai`, `created_at`, `updated_at`) VALUES (:id:, :nik:, :tahun:, :nilai:, :created_at:, :updated_at:)', [...], false)
 5 SYSTEMPATH\Model.php(279): CodeIgniter\Database\BaseBuilder->insert()
 6 SYSTEMPATH\BaseModel.php(748): CodeIgniter\Model->doInsert([...])
 7 SYSTEMPATH\Model.php(667): CodeIgniter\BaseModel->insert([...], true)
 8 APPPATH\Models\DataNilaiFte.php(32): CodeIgniter\Model->insert([...])
 9 APPPATH\Controllers\Import.php(585): App\Models\DataNilaiFte->insertData([...])
10 SYSTEMPATH\CodeIgniter.php(902): App\Controllers\Import->datapegawai('211938')
11 SYSTEMPATH\CodeIgniter.php(457): CodeIgniter\CodeIgniter->runController(Object(App\Controllers\Import))
12 SYSTEMPATH\CodeIgniter.php(340): CodeIgniter\CodeIgniter->handleRequest(null, Object(Config\Cache), false)
13 FCPATH\index.php(67): CodeIgniter\CodeIgniter->run()
14 SYSTEMPATH\Commands\Server\rewrite.php(46): require_once('FCPATH\\index.php')
ERROR - 2022-12-21 09:28:59 --> mysqli_sql_exception: Duplicate entry '211938202211' for key 'PRIMARY' in C:\xampp\htdocs\imprtdata\vendor\codeigniter4\framework\system\Database\MySQLi\Connection.php:292
Stack trace:
#0 C:\xampp\htdocs\imprtdata\vendor\codeigniter4\framework\system\Database\MySQLi\Connection.php(292): mysqli->query('INSERT INTO `ni...', 0)
#1 C:\xampp\htdocs\imprtdata\vendor\codeigniter4\framework\system\Database\BaseConnection.php(693): CodeIgniter\Database\MySQLi\Connection->execute('INSERT INTO `ni...')
#2 C:\xampp\htdocs\imprtdata\vendor\codeigniter4\framework\system\Database\BaseConnection.php(620): CodeIgniter\Database\BaseConnection->simpleQuery('INSERT INTO `ni...')
#3 C:\xampp\htdocs\imprtdata\vendor\codeigniter4\framework\system\Database\BaseBuilder.php(1916): CodeIgniter\Database\BaseConnection->query('INSERT INTO `ni...', Array, false)
#4 C:\xampp\htdocs\imprtdata\vendor\codeigniter4\framework\system\Model.php(279): CodeIgniter\Database\BaseBuilder->insert()
#5 C:\xampp\htdocs\imprtdata\vendor\codeigniter4\framework\system\BaseModel.php(748): CodeIgniter\Model->doInsert(Array)
#6 C:\xampp\htdocs\imprtdata\vendor\codeigniter4\framework\system\Model.php(667): CodeIgniter\BaseModel->insert(Array, true)
#7 C:\xampp\htdocs\imprtdata\app\Models\DataNilaiFte.php(32): CodeIgniter\Model->insert(Array)
#8 C:\xampp\htdocs\imprtdata\app\Controllers\Import.php(585): App\Models\DataNilaiFte->insertData(Array)
#9 C:\xampp\htdocs\imprtdata\vendor\codeigniter4\framework\system\CodeIgniter.php(902): App\Controllers\Import->datapegawai('211938', '2022')
#10 C:\xampp\htdocs\imprtdata\vendor\codeigniter4\framework\system\CodeIgniter.php(457): CodeIgniter\CodeIgniter->runController(Object(App\Controllers\Import))
#11 C:\xampp\htdocs\imprtdata\vendor\codeigniter4\framework\system\CodeIgniter.php(340): CodeIgniter\CodeIgniter->handleRequest(NULL, Object(Config\Cache), false)
#12 C:\xampp\htdocs\imprtdata\public\index.php(67): CodeIgniter\CodeIgniter->run()
#13 C:\xampp\htdocs\imprtdata\vendor\codeigniter4\framework\system\Commands\Server\rewrite.php(46): require_once('C:\\xampp\\htdocs...')
#14 {main}
CRITICAL - 2022-12-21 09:28:59 --> Duplicate entry '211938202211' for key 'PRIMARY'
in SYSTEMPATH\Database\MySQLi\Connection.php on line 292.
 1 SYSTEMPATH\Database\MySQLi\Connection.php(292): mysqli->query('INSERT INTO `nilai_fte` (`id`, `nik`, `tahun`, `nilai`, `created_at`, `updated_at`) VALUES (\'211938202211\', \'211938\', \'2022\', 0.59311281028369, \'2022-12-21 09:28:59\', \'2022-12-21 09:28:59\')', 0)
 2 SYSTEMPATH\Database\BaseConnection.php(693): CodeIgniter\Database\MySQLi\Connection->execute('INSERT INTO `nilai_fte` (`id`, `nik`, `tahun`, `nilai`, `created_at`, `updated_at`) VALUES (\'211938202211\', \'211938\', \'2022\', 0.59311281028369, \'2022-12-21 09:28:59\', \'2022-12-21 09:28:59\')')
 3 SYSTEMPATH\Database\BaseConnection.php(620): CodeIgniter\Database\BaseConnection->simpleQuery('INSERT INTO `nilai_fte` (`id`, `nik`, `tahun`, `nilai`, `created_at`, `updated_at`) VALUES (\'211938202211\', \'211938\', \'2022\', 0.59311281028369, \'2022-12-21 09:28:59\', \'2022-12-21 09:28:59\')')
 4 SYSTEMPATH\Database\BaseBuilder.php(1916): CodeIgniter\Database\BaseConnection->query('INSERT INTO `nilai_fte` (`id`, `nik`, `tahun`, `nilai`, `created_at`, `updated_at`) VALUES (:id:, :nik:, :tahun:, :nilai:, :created_at:, :updated_at:)', [...], false)
 5 SYSTEMPATH\Model.php(279): CodeIgniter\Database\BaseBuilder->insert()
 6 SYSTEMPATH\BaseModel.php(748): CodeIgniter\Model->doInsert([...])
 7 SYSTEMPATH\Model.php(667): CodeIgniter\BaseModel->insert([...], true)
 8 APPPATH\Models\DataNilaiFte.php(32): CodeIgniter\Model->insert([...])
 9 APPPATH\Controllers\Import.php(585): App\Models\DataNilaiFte->insertData([...])
10 SYSTEMPATH\CodeIgniter.php(902): App\Controllers\Import->datapegawai('211938', '2022')
11 SYSTEMPATH\CodeIgniter.php(457): CodeIgniter\CodeIgniter->runController(Object(App\Controllers\Import))
12 SYSTEMPATH\CodeIgniter.php(340): CodeIgniter\CodeIgniter->handleRequest(null, Object(Config\Cache), false)
13 FCPATH\index.php(67): CodeIgniter\CodeIgniter->run()
14 SYSTEMPATH\Commands\Server\rewrite.php(46): require_once('FCPATH\\index.php')
ERROR - 2022-12-21 10:16:48 --> mysqli_sql_exception: Duplicate entry '211938202211' for key 'PRIMARY' in C:\xampp\htdocs\imprtdata\vendor\codeigniter4\framework\system\Database\MySQLi\Connection.php:292
Stack trace:
#0 C:\xampp\htdocs\imprtdata\vendor\codeigniter4\framework\system\Database\MySQLi\Connection.php(292): mysqli->query('INSERT INTO `ni...', 0)
#1 C:\xampp\htdocs\imprtdata\vendor\codeigniter4\framework\system\Database\BaseConnection.php(693): CodeIgniter\Database\MySQLi\Connection->execute('INSERT INTO `ni...')
#2 C:\xampp\htdocs\imprtdata\vendor\codeigniter4\framework\system\Database\BaseConnection.php(620): CodeIgniter\Database\BaseConnection->simpleQuery('INSERT INTO `ni...')
#3 C:\xampp\htdocs\imprtdata\vendor\codeigniter4\framework\system\Database\BaseBuilder.php(1916): CodeIgniter\Database\BaseConnection->query('INSERT INTO `ni...', Array, false)
#4 C:\xampp\htdocs\imprtdata\vendor\codeigniter4\framework\system\Model.php(279): CodeIgniter\Database\BaseBuilder->insert()
#5 C:\xampp\htdocs\imprtdata\vendor\codeigniter4\framework\system\BaseModel.php(748): CodeIgniter\Model->doInsert(Array)
#6 C:\xampp\htdocs\imprtdata\vendor\codeigniter4\framework\system\Model.php(667): CodeIgniter\BaseModel->insert(Array, true)
#7 C:\xampp\htdocs\imprtdata\app\Models\DataNilaiFte.php(32): CodeIgniter\Model->insert(Array)
#8 C:\xampp\htdocs\imprtdata\app\Controllers\Import.php(585): App\Models\DataNilaiFte->insertData(Array)
#9 C:\xampp\htdocs\imprtdata\vendor\codeigniter4\framework\system\CodeIgniter.php(902): App\Controllers\Import->datapegawai('211938', '2021')
#10 C:\xampp\htdocs\imprtdata\vendor\codeigniter4\framework\system\CodeIgniter.php(457): CodeIgniter\CodeIgniter->runController(Object(App\Controllers\Import))
#11 C:\xampp\htdocs\imprtdata\vendor\codeigniter4\framework\system\CodeIgniter.php(340): CodeIgniter\CodeIgniter->handleRequest(NULL, Object(Config\Cache), false)
#12 C:\xampp\htdocs\imprtdata\public\index.php(67): CodeIgniter\CodeIgniter->run()
#13 C:\xampp\htdocs\imprtdata\vendor\codeigniter4\framework\system\Commands\Server\rewrite.php(46): require_once('C:\\xampp\\htdocs...')
#14 {main}
CRITICAL - 2022-12-21 10:16:48 --> Duplicate entry '211938202211' for key 'PRIMARY'
in SYSTEMPATH\Database\MySQLi\Connection.php on line 292.
 1 SYSTEMPATH\Database\MySQLi\Connection.php(292): mysqli->query('INSERT INTO `nilai_fte` (`id`, `nik`, `tahun`, `nilai`, `created_at`, `updated_at`) VALUES (\'211938202211\', \'211938\', \'2022\', 0.59311281028369, \'2022-12-21 10:16:48\', \'2022-12-21 10:16:48\')', 0)
 2 SYSTEMPATH\Database\BaseConnection.php(693): CodeIgniter\Database\MySQLi\Connection->execute('INSERT INTO `nilai_fte` (`id`, `nik`, `tahun`, `nilai`, `created_at`, `updated_at`) VALUES (\'211938202211\', \'211938\', \'2022\', 0.59311281028369, \'2022-12-21 10:16:48\', \'2022-12-21 10:16:48\')')
 3 SYSTEMPATH\Database\BaseConnection.php(620): CodeIgniter\Database\BaseConnection->simpleQuery('INSERT INTO `nilai_fte` (`id`, `nik`, `tahun`, `nilai`, `created_at`, `updated_at`) VALUES (\'211938202211\', \'211938\', \'2022\', 0.59311281028369, \'2022-12-21 10:16:48\', \'2022-12-21 10:16:48\')')
 4 SYSTEMPATH\Database\BaseBuilder.php(1916): CodeIgniter\Database\BaseConnection->query('INSERT INTO `nilai_fte` (`id`, `nik`, `tahun`, `nilai`, `created_at`, `updated_at`) VALUES (:id:, :nik:, :tahun:, :nilai:, :created_at:, :updated_at:)', [...], false)
 5 SYSTEMPATH\Model.php(279): CodeIgniter\Database\BaseBuilder->insert()
 6 SYSTEMPATH\BaseModel.php(748): CodeIgniter\Model->doInsert([...])
 7 SYSTEMPATH\Model.php(667): CodeIgniter\BaseModel->insert([...], true)
 8 APPPATH\Models\DataNilaiFte.php(32): CodeIgniter\Model->insert([...])
 9 APPPATH\Controllers\Import.php(585): App\Models\DataNilaiFte->insertData([...])
10 SYSTEMPATH\CodeIgniter.php(902): App\Controllers\Import->datapegawai('211938', '2021')
11 SYSTEMPATH\CodeIgniter.php(457): CodeIgniter\CodeIgniter->runController(Object(App\Controllers\Import))
12 SYSTEMPATH\CodeIgniter.php(340): CodeIgniter\CodeIgniter->handleRequest(null, Object(Config\Cache), false)
13 FCPATH\index.php(67): CodeIgniter\CodeIgniter->run()
14 SYSTEMPATH\Commands\Server\rewrite.php(46): require_once('FCPATH\\index.php')
ERROR - 2022-12-21 10:16:52 --> mysqli_sql_exception: Duplicate entry '211938202211' for key 'PRIMARY' in C:\xampp\htdocs\imprtdata\vendor\codeigniter4\framework\system\Database\MySQLi\Connection.php:292
Stack trace:
#0 C:\xampp\htdocs\imprtdata\vendor\codeigniter4\framework\system\Database\MySQLi\Connection.php(292): mysqli->query('INSERT INTO `ni...', 0)
#1 C:\xampp\htdocs\imprtdata\vendor\codeigniter4\framework\system\Database\BaseConnection.php(693): CodeIgniter\Database\MySQLi\Connection->execute('INSERT INTO `ni...')
#2 C:\xampp\htdocs\imprtdata\vendor\codeigniter4\framework\system\Database\BaseConnection.php(620): CodeIgniter\Database\BaseConnection->simpleQuery('INSERT INTO `ni...')
#3 C:\xampp\htdocs\imprtdata\vendor\codeigniter4\framework\system\Database\BaseBuilder.php(1916): CodeIgniter\Database\BaseConnection->query('INSERT INTO `ni...', Array, false)
#4 C:\xampp\htdocs\imprtdata\vendor\codeigniter4\framework\system\Model.php(279): CodeIgniter\Database\BaseBuilder->insert()
#5 C:\xampp\htdocs\imprtdata\vendor\codeigniter4\framework\system\BaseModel.php(748): CodeIgniter\Model->doInsert(Array)
#6 C:\xampp\htdocs\imprtdata\vendor\codeigniter4\framework\system\Model.php(667): CodeIgniter\BaseModel->insert(Array, true)
#7 C:\xampp\htdocs\imprtdata\app\Models\DataNilaiFte.php(32): CodeIgniter\Model->insert(Array)
#8 C:\xampp\htdocs\imprtdata\app\Controllers\Import.php(585): App\Models\DataNilaiFte->insertData(Array)
#9 C:\xampp\htdocs\imprtdata\vendor\codeigniter4\framework\system\CodeIgniter.php(902): App\Controllers\Import->datapegawai('211938', '2021')
#10 C:\xampp\htdocs\imprtdata\vendor\codeigniter4\framework\system\CodeIgniter.php(457): CodeIgniter\CodeIgniter->runController(Object(App\Controllers\Import))
#11 C:\xampp\htdocs\imprtdata\vendor\codeigniter4\framework\system\CodeIgniter.php(340): CodeIgniter\CodeIgniter->handleRequest(NULL, Object(Config\Cache), false)
#12 C:\xampp\htdocs\imprtdata\public\index.php(67): CodeIgniter\CodeIgniter->run()
#13 C:\xampp\htdocs\imprtdata\vendor\codeigniter4\framework\system\Commands\Server\rewrite.php(46): require_once('C:\\xampp\\htdocs...')
#14 {main}
CRITICAL - 2022-12-21 10:16:52 --> Duplicate entry '211938202211' for key 'PRIMARY'
in SYSTEMPATH\Database\MySQLi\Connection.php on line 292.
 1 SYSTEMPATH\Database\MySQLi\Connection.php(292): mysqli->query('INSERT INTO `nilai_fte` (`id`, `nik`, `tahun`, `nilai`, `created_at`, `updated_at`) VALUES (\'211938202211\', \'211938\', \'2022\', 0.59311281028369, \'2022-12-21 10:16:52\', \'2022-12-21 10:16:52\')', 0)
 2 SYSTEMPATH\Database\BaseConnection.php(693): CodeIgniter\Database\MySQLi\Connection->execute('INSERT INTO `nilai_fte` (`id`, `nik`, `tahun`, `nilai`, `created_at`, `updated_at`) VALUES (\'211938202211\', \'211938\', \'2022\', 0.59311281028369, \'2022-12-21 10:16:52\', \'2022-12-21 10:16:52\')')
 3 SYSTEMPATH\Database\BaseConnection.php(620): CodeIgniter\Database\BaseConnection->simpleQuery('INSERT INTO `nilai_fte` (`id`, `nik`, `tahun`, `nilai`, `created_at`, `updated_at`) VALUES (\'211938202211\', \'211938\', \'2022\', 0.59311281028369, \'2022-12-21 10:16:52\', \'2022-12-21 10:16:52\')')
 4 SYSTEMPATH\Database\BaseBuilder.php(1916): CodeIgniter\Database\BaseConnection->query('INSERT INTO `nilai_fte` (`id`, `nik`, `tahun`, `nilai`, `created_at`, `updated_at`) VALUES (:id:, :nik:, :tahun:, :nilai:, :created_at:, :updated_at:)', [...], false)
 5 SYSTEMPATH\Model.php(279): CodeIgniter\Database\BaseBuilder->insert()
 6 SYSTEMPATH\BaseModel.php(748): CodeIgniter\Model->doInsert([...])
 7 SYSTEMPATH\Model.php(667): CodeIgniter\BaseModel->insert([...], true)
 8 APPPATH\Models\DataNilaiFte.php(32): CodeIgniter\Model->insert([...])
 9 APPPATH\Controllers\Import.php(585): App\Models\DataNilaiFte->insertData([...])
10 SYSTEMPATH\CodeIgniter.php(902): App\Controllers\Import->datapegawai('211938', '2021')
11 SYSTEMPATH\CodeIgniter.php(457): CodeIgniter\CodeIgniter->runController(Object(App\Controllers\Import))
12 SYSTEMPATH\CodeIgniter.php(340): CodeIgniter\CodeIgniter->handleRequest(null, Object(Config\Cache), false)
13 FCPATH\index.php(67): CodeIgniter\CodeIgniter->run()
14 SYSTEMPATH\Commands\Server\rewrite.php(46): require_once('FCPATH\\index.php')
ERROR - 2022-12-21 10:17:09 --> mysqli_sql_exception: Duplicate entry '211938202211' for key 'PRIMARY' in C:\xampp\htdocs\imprtdata\vendor\codeigniter4\framework\system\Database\MySQLi\Connection.php:292
Stack trace:
#0 C:\xampp\htdocs\imprtdata\vendor\codeigniter4\framework\system\Database\MySQLi\Connection.php(292): mysqli->query('INSERT INTO `ni...', 0)
#1 C:\xampp\htdocs\imprtdata\vendor\codeigniter4\framework\system\Database\BaseConnection.php(693): CodeIgniter\Database\MySQLi\Connection->execute('INSERT INTO `ni...')
#2 C:\xampp\htdocs\imprtdata\vendor\codeigniter4\framework\system\Database\BaseConnection.php(620): CodeIgniter\Database\BaseConnection->simpleQuery('INSERT INTO `ni...')
#3 C:\xampp\htdocs\imprtdata\vendor\codeigniter4\framework\system\Database\BaseBuilder.php(1916): CodeIgniter\Database\BaseConnection->query('INSERT INTO `ni...', Array, false)
#4 C:\xampp\htdocs\imprtdata\vendor\codeigniter4\framework\system\Model.php(279): CodeIgniter\Database\BaseBuilder->insert()
#5 C:\xampp\htdocs\imprtdata\vendor\codeigniter4\framework\system\BaseModel.php(748): CodeIgniter\Model->doInsert(Array)
#6 C:\xampp\htdocs\imprtdata\vendor\codeigniter4\framework\system\Model.php(667): CodeIgniter\BaseModel->insert(Array, true)
#7 C:\xampp\htdocs\imprtdata\app\Models\DataNilaiFte.php(32): CodeIgniter\Model->insert(Array)
#8 C:\xampp\htdocs\imprtdata\app\Controllers\Import.php(585): App\Models\DataNilaiFte->insertData(Array)
#9 C:\xampp\htdocs\imprtdata\vendor\codeigniter4\framework\system\CodeIgniter.php(902): App\Controllers\Import->datapegawai('211938', '2021')
#10 C:\xampp\htdocs\imprtdata\vendor\codeigniter4\framework\system\CodeIgniter.php(457): CodeIgniter\CodeIgniter->runController(Object(App\Controllers\Import))
#11 C:\xampp\htdocs\imprtdata\vendor\codeigniter4\framework\system\CodeIgniter.php(340): CodeIgniter\CodeIgniter->handleRequest(NULL, Object(Config\Cache), false)
#12 C:\xampp\htdocs\imprtdata\public\index.php(67): CodeIgniter\CodeIgniter->run()
#13 C:\xampp\htdocs\imprtdata\vendor\codeigniter4\framework\system\Commands\Server\rewrite.php(46): require_once('C:\\xampp\\htdocs...')
#14 {main}
CRITICAL - 2022-12-21 10:17:09 --> Duplicate entry '211938202211' for key 'PRIMARY'
in SYSTEMPATH\Database\MySQLi\Connection.php on line 292.
 1 SYSTEMPATH\Database\MySQLi\Connection.php(292): mysqli->query('INSERT INTO `nilai_fte` (`id`, `nik`, `tahun`, `nilai`, `created_at`, `updated_at`) VALUES (\'211938202211\', \'211938\', \'2022\', 0.59311281028369, \'2022-12-21 10:17:09\', \'2022-12-21 10:17:09\')', 0)
 2 SYSTEMPATH\Database\BaseConnection.php(693): CodeIgniter\Database\MySQLi\Connection->execute('INSERT INTO `nilai_fte` (`id`, `nik`, `tahun`, `nilai`, `created_at`, `updated_at`) VALUES (\'211938202211\', \'211938\', \'2022\', 0.59311281028369, \'2022-12-21 10:17:09\', \'2022-12-21 10:17:09\')')
 3 SYSTEMPATH\Database\BaseConnection.php(620): CodeIgniter\Database\BaseConnection->simpleQuery('INSERT INTO `nilai_fte` (`id`, `nik`, `tahun`, `nilai`, `created_at`, `updated_at`) VALUES (\'211938202211\', \'211938\', \'2022\', 0.59311281028369, \'2022-12-21 10:17:09\', \'2022-12-21 10:17:09\')')
 4 SYSTEMPATH\Database\BaseBuilder.php(1916): CodeIgniter\Database\BaseConnection->query('INSERT INTO `nilai_fte` (`id`, `nik`, `tahun`, `nilai`, `created_at`, `updated_at`) VALUES (:id:, :nik:, :tahun:, :nilai:, :created_at:, :updated_at:)', [...], false)
 5 SYSTEMPATH\Model.php(279): CodeIgniter\Database\BaseBuilder->insert()
 6 SYSTEMPATH\BaseModel.php(748): CodeIgniter\Model->doInsert([...])
 7 SYSTEMPATH\Model.php(667): CodeIgniter\BaseModel->insert([...], true)
 8 APPPATH\Models\DataNilaiFte.php(32): CodeIgniter\Model->insert([...])
 9 APPPATH\Controllers\Import.php(585): App\Models\DataNilaiFte->insertData([...])
10 SYSTEMPATH\CodeIgniter.php(902): App\Controllers\Import->datapegawai('211938', '2021')
11 SYSTEMPATH\CodeIgniter.php(457): CodeIgniter\CodeIgniter->runController(Object(App\Controllers\Import))
12 SYSTEMPATH\CodeIgniter.php(340): CodeIgniter\CodeIgniter->handleRequest(null, Object(Config\Cache), false)
13 FCPATH\index.php(67): CodeIgniter\CodeIgniter->run()
14 SYSTEMPATH\Commands\Server\rewrite.php(46): require_once('FCPATH\\index.php')
CRITICAL - 2022-12-21 10:19:08 --> Trying to access array offset on value of type null
in APPPATH\Controllers\Import.php on line 575.
 1 APPPATH\Controllers\Import.php(575): CodeIgniter\Debug\Exceptions->errorHandler(8, 'Trying to access array offset on value of type null', 'APPPATH\\Controllers\\Import.php', 575, [...])
 2 SYSTEMPATH\CodeIgniter.php(902): App\Controllers\Import->datapegawai('211938', '2021')
 3 SYSTEMPATH\CodeIgniter.php(457): CodeIgniter\CodeIgniter->runController(Object(App\Controllers\Import))
 4 SYSTEMPATH\CodeIgniter.php(340): CodeIgniter\CodeIgniter->handleRequest(null, Object(Config\Cache), false)
 5 FCPATH\index.php(67): CodeIgniter\CodeIgniter->run()
 6 SYSTEMPATH\Commands\Server\rewrite.php(46): require_once('FCPATH\\index.php')
CRITICAL - 2022-12-21 10:20:23 --> Trying to access array offset on value of type null
in APPPATH\Controllers\Import.php on line 575.
 1 APPPATH\Controllers\Import.php(575): CodeIgniter\Debug\Exceptions->errorHandler(8, 'Trying to access array offset on value of type null', 'APPPATH\\Controllers\\Import.php', 575, [...])
 2 SYSTEMPATH\CodeIgniter.php(902): App\Controllers\Import->datapegawai('211938', '2021')
 3 SYSTEMPATH\CodeIgniter.php(457): CodeIgniter\CodeIgniter->runController(Object(App\Controllers\Import))
 4 SYSTEMPATH\CodeIgniter.php(340): CodeIgniter\CodeIgniter->handleRequest(null, Object(Config\Cache), false)
 5 FCPATH\index.php(67): CodeIgniter\CodeIgniter->run()
 6 SYSTEMPATH\Commands\Server\rewrite.php(46): require_once('FCPATH\\index.php')
CRITICAL - 2022-12-21 10:26:57 --> Trying to access array offset on value of type null
in APPPATH\Controllers\Import.php on line 576.
 1 APPPATH\Controllers\Import.php(576): CodeIgniter\Debug\Exceptions->errorHandler(8, 'Trying to access array offset on value of type null', 'APPPATH\\Controllers\\Import.php', 576, [...])
 2 SYSTEMPATH\CodeIgniter.php(902): App\Controllers\Import->datapegawai('211938', '2021')
 3 SYSTEMPATH\CodeIgniter.php(457): CodeIgniter\CodeIgniter->runController(Object(App\Controllers\Import))
 4 SYSTEMPATH\CodeIgniter.php(340): CodeIgniter\CodeIgniter->handleRequest(null, Object(Config\Cache), false)
 5 FCPATH\index.php(67): CodeIgniter\CodeIgniter->run()
 6 SYSTEMPATH\Commands\Server\rewrite.php(46): require_once('FCPATH\\index.php')
CRITICAL - 2022-12-21 10:29:20 --> Trying to access array offset on value of type null
in APPPATH\Controllers\Import.php on line 588.
 1 APPPATH\Controllers\Import.php(588): CodeIgniter\Debug\Exceptions->errorHandler(8, 'Trying to access array offset on value of type null', 'APPPATH\\Controllers\\Import.php', 588, [...])
 2 SYSTEMPATH\CodeIgniter.php(902): App\Controllers\Import->datapegawai('211938', '2021')
 3 SYSTEMPATH\CodeIgniter.php(457): CodeIgniter\CodeIgniter->runController(Object(App\Controllers\Import))
 4 SYSTEMPATH\CodeIgniter.php(340): CodeIgniter\CodeIgniter->handleRequest(null, Object(Config\Cache), false)
 5 FCPATH\index.php(67): CodeIgniter\CodeIgniter->run()
 6 SYSTEMPATH\Commands\Server\rewrite.php(46): require_once('FCPATH\\index.php')
ERROR - 2022-12-21 10:30:08 --> mysqli_sql_exception: Duplicate entry '211938202211' for key 'PRIMARY' in C:\xampp\htdocs\imprtdata\vendor\codeigniter4\framework\system\Database\MySQLi\Connection.php:292
Stack trace:
#0 C:\xampp\htdocs\imprtdata\vendor\codeigniter4\framework\system\Database\MySQLi\Connection.php(292): mysqli->query('INSERT INTO `ni...', 0)
#1 C:\xampp\htdocs\imprtdata\vendor\codeigniter4\framework\system\Database\BaseConnection.php(693): CodeIgniter\Database\MySQLi\Connection->execute('INSERT INTO `ni...')
#2 C:\xampp\htdocs\imprtdata\vendor\codeigniter4\framework\system\Database\BaseConnection.php(620): CodeIgniter\Database\BaseConnection->simpleQuery('INSERT INTO `ni...')
#3 C:\xampp\htdocs\imprtdata\vendor\codeigniter4\framework\system\Database\BaseBuilder.php(1916): CodeIgniter\Database\BaseConnection->query('INSERT INTO `ni...', Array, false)
#4 C:\xampp\htdocs\imprtdata\vendor\codeigniter4\framework\system\Model.php(279): CodeIgniter\Database\BaseBuilder->insert()
#5 C:\xampp\htdocs\imprtdata\vendor\codeigniter4\framework\system\BaseModel.php(748): CodeIgniter\Model->doInsert(Array)
#6 C:\xampp\htdocs\imprtdata\vendor\codeigniter4\framework\system\Model.php(667): CodeIgniter\BaseModel->insert(Array, true)
#7 C:\xampp\htdocs\imprtdata\app\Models\DataNilaiFte.php(32): CodeIgniter\Model->insert(Array)
#8 C:\xampp\htdocs\imprtdata\app\Controllers\Import.php(586): App\Models\DataNilaiFte->insertData(Array)
#9 C:\xampp\htdocs\imprtdata\vendor\codeigniter4\framework\system\CodeIgniter.php(902): App\Controllers\Import->datapegawai('211938', '2021')
#10 C:\xampp\htdocs\imprtdata\vendor\codeigniter4\framework\system\CodeIgniter.php(457): CodeIgniter\CodeIgniter->runController(Object(App\Controllers\Import))
#11 C:\xampp\htdocs\imprtdata\vendor\codeigniter4\framework\system\CodeIgniter.php(340): CodeIgniter\CodeIgniter->handleRequest(NULL, Object(Config\Cache), false)
#12 C:\xampp\htdocs\imprtdata\public\index.php(67): CodeIgniter\CodeIgniter->run()
#13 C:\xampp\htdocs\imprtdata\vendor\codeigniter4\framework\system\Commands\Server\rewrite.php(46): require_once('C:\\xampp\\htdocs...')
#14 {main}
CRITICAL - 2022-12-21 10:30:08 --> Duplicate entry '211938202211' for key 'PRIMARY'
in SYSTEMPATH\Database\MySQLi\Connection.php on line 292.
 1 SYSTEMPATH\Database\MySQLi\Connection.php(292): mysqli->query('INSERT INTO `nilai_fte` (`id`, `nik`, `tahun`, `nilai`, `created_at`, `updated_at`) VALUES (\'211938202211\', \'211938\', \'2022\', 0.59311281028369, \'2022-12-21 10:30:08\', \'2022-12-21 10:30:08\')', 0)
 2 SYSTEMPATH\Database\BaseConnection.php(693): CodeIgniter\Database\MySQLi\Connection->execute('INSERT INTO `nilai_fte` (`id`, `nik`, `tahun`, `nilai`, `created_at`, `updated_at`) VALUES (\'211938202211\', \'211938\', \'2022\', 0.59311281028369, \'2022-12-21 10:30:08\', \'2022-12-21 10:30:08\')')
 3 SYSTEMPATH\Database\BaseConnection.php(620): CodeIgniter\Database\BaseConnection->simpleQuery('INSERT INTO `nilai_fte` (`id`, `nik`, `tahun`, `nilai`, `created_at`, `updated_at`) VALUES (\'211938202211\', \'211938\', \'2022\', 0.59311281028369, \'2022-12-21 10:30:08\', \'2022-12-21 10:30:08\')')
 4 SYSTEMPATH\Database\BaseBuilder.php(1916): CodeIgniter\Database\BaseConnection->query('INSERT INTO `nilai_fte` (`id`, `nik`, `tahun`, `nilai`, `created_at`, `updated_at`) VALUES (:id:, :nik:, :tahun:, :nilai:, :created_at:, :updated_at:)', [...], false)
 5 SYSTEMPATH\Model.php(279): CodeIgniter\Database\BaseBuilder->insert()
 6 SYSTEMPATH\BaseModel.php(748): CodeIgniter\Model->doInsert([...])
 7 SYSTEMPATH\Model.php(667): CodeIgniter\BaseModel->insert([...], true)
 8 APPPATH\Models\DataNilaiFte.php(32): CodeIgniter\Model->insert([...])
 9 APPPATH\Controllers\Import.php(586): App\Models\DataNilaiFte->insertData([...])
10 SYSTEMPATH\CodeIgniter.php(902): App\Controllers\Import->datapegawai('211938', '2021')
11 SYSTEMPATH\CodeIgniter.php(457): CodeIgniter\CodeIgniter->runController(Object(App\Controllers\Import))
12 SYSTEMPATH\CodeIgniter.php(340): CodeIgniter\CodeIgniter->handleRequest(null, Object(Config\Cache), false)
13 FCPATH\index.php(67): CodeIgniter\CodeIgniter->run()
14 SYSTEMPATH\Commands\Server\rewrite.php(46): require_once('FCPATH\\index.php')
ERROR - 2022-12-21 10:30:11 --> mysqli_sql_exception: Duplicate entry '211938202211' for key 'PRIMARY' in C:\xampp\htdocs\imprtdata\vendor\codeigniter4\framework\system\Database\MySQLi\Connection.php:292
Stack trace:
#0 C:\xampp\htdocs\imprtdata\vendor\codeigniter4\framework\system\Database\MySQLi\Connection.php(292): mysqli->query('INSERT INTO `ni...', 0)
#1 C:\xampp\htdocs\imprtdata\vendor\codeigniter4\framework\system\Database\BaseConnection.php(693): CodeIgniter\Database\MySQLi\Connection->execute('INSERT INTO `ni...')
#2 C:\xampp\htdocs\imprtdata\vendor\codeigniter4\framework\system\Database\BaseConnection.php(620): CodeIgniter\Database\BaseConnection->simpleQuery('INSERT INTO `ni...')
#3 C:\xampp\htdocs\imprtdata\vendor\codeigniter4\framework\system\Database\BaseBuilder.php(1916): CodeIgniter\Database\BaseConnection->query('INSERT INTO `ni...', Array, false)
#4 C:\xampp\htdocs\imprtdata\vendor\codeigniter4\framework\system\Model.php(279): CodeIgniter\Database\BaseBuilder->insert()
#5 C:\xampp\htdocs\imprtdata\vendor\codeigniter4\framework\system\BaseModel.php(748): CodeIgniter\Model->doInsert(Array)
#6 C:\xampp\htdocs\imprtdata\vendor\codeigniter4\framework\system\Model.php(667): CodeIgniter\BaseModel->insert(Array, true)
#7 C:\xampp\htdocs\imprtdata\app\Models\DataNilaiFte.php(32): CodeIgniter\Model->insert(Array)
#8 C:\xampp\htdocs\imprtdata\app\Controllers\Import.php(586): App\Models\DataNilaiFte->insertData(Array)
#9 C:\xampp\htdocs\imprtdata\vendor\codeigniter4\framework\system\CodeIgniter.php(902): App\Controllers\Import->datapegawai('211938', '2021')
#10 C:\xampp\htdocs\imprtdata\vendor\codeigniter4\framework\system\CodeIgniter.php(457): CodeIgniter\CodeIgniter->runController(Object(App\Controllers\Import))
#11 C:\xampp\htdocs\imprtdata\vendor\codeigniter4\framework\system\CodeIgniter.php(340): CodeIgniter\CodeIgniter->handleRequest(NULL, Object(Config\Cache), false)
#12 C:\xampp\htdocs\imprtdata\public\index.php(67): CodeIgniter\CodeIgniter->run()
#13 C:\xampp\htdocs\imprtdata\vendor\codeigniter4\framework\system\Commands\Server\rewrite.php(46): require_once('C:\\xampp\\htdocs...')
#14 {main}
CRITICAL - 2022-12-21 10:30:11 --> Duplicate entry '211938202211' for key 'PRIMARY'
in SYSTEMPATH\Database\MySQLi\Connection.php on line 292.
 1 SYSTEMPATH\Database\MySQLi\Connection.php(292): mysqli->query('INSERT INTO `nilai_fte` (`id`, `nik`, `tahun`, `nilai`, `created_at`, `updated_at`) VALUES (\'211938202211\', \'211938\', \'2022\', 0.59311281028369, \'2022-12-21 10:30:11\', \'2022-12-21 10:30:11\')', 0)
 2 SYSTEMPATH\Database\BaseConnection.php(693): CodeIgniter\Database\MySQLi\Connection->execute('INSERT INTO `nilai_fte` (`id`, `nik`, `tahun`, `nilai`, `created_at`, `updated_at`) VALUES (\'211938202211\', \'211938\', \'2022\', 0.59311281028369, \'2022-12-21 10:30:11\', \'2022-12-21 10:30:11\')')
 3 SYSTEMPATH\Database\BaseConnection.php(620): CodeIgniter\Database\BaseConnection->simpleQuery('INSERT INTO `nilai_fte` (`id`, `nik`, `tahun`, `nilai`, `created_at`, `updated_at`) VALUES (\'211938202211\', \'211938\', \'2022\', 0.59311281028369, \'2022-12-21 10:30:11\', \'2022-12-21 10:30:11\')')
 4 SYSTEMPATH\Database\BaseBuilder.php(1916): CodeIgniter\Database\BaseConnection->query('INSERT INTO `nilai_fte` (`id`, `nik`, `tahun`, `nilai`, `created_at`, `updated_at`) VALUES (:id:, :nik:, :tahun:, :nilai:, :created_at:, :updated_at:)', [...], false)
 5 SYSTEMPATH\Model.php(279): CodeIgniter\Database\BaseBuilder->insert()
 6 SYSTEMPATH\BaseModel.php(748): CodeIgniter\Model->doInsert([...])
 7 SYSTEMPATH\Model.php(667): CodeIgniter\BaseModel->insert([...], true)
 8 APPPATH\Models\DataNilaiFte.php(32): CodeIgniter\Model->insert([...])
 9 APPPATH\Controllers\Import.php(586): App\Models\DataNilaiFte->insertData([...])
10 SYSTEMPATH\CodeIgniter.php(902): App\Controllers\Import->datapegawai('211938', '2021')
11 SYSTEMPATH\CodeIgniter.php(457): CodeIgniter\CodeIgniter->runController(Object(App\Controllers\Import))
12 SYSTEMPATH\CodeIgniter.php(340): CodeIgniter\CodeIgniter->handleRequest(null, Object(Config\Cache), false)
13 FCPATH\index.php(67): CodeIgniter\CodeIgniter->run()
14 SYSTEMPATH\Commands\Server\rewrite.php(46): require_once('FCPATH\\index.php')
