CRITICAL - 2022-11-16 00:24:50 --> Illegal string offset 'tgl'
in APPPATH\Controllers\EventController.php on line 61.
 1 APPPATH\Controllers\EventController.php(61): CodeIgniter\Debug\Exceptions->errorHandler(2, 'Illegal string offset \'tgl\'', 'APPPATH\\Controllers\\EventController.php', 61, [...])
 2 SYSTEMPATH\CodeIgniter.php(902): App\Controllers\EventController->cektime('6371')
 3 SYSTEMPATH\CodeIgniter.php(457): CodeIgniter\CodeIgniter->runController(Object(App\Controllers\EventController))
 4 SYSTEMPATH\CodeIgniter.php(340): CodeIgniter\CodeIgniter->handleRequest(null, Object(Config\Cache), false)
 5 FCPATH\index.php(67): CodeIgniter\CodeIgniter->run()
 6 SYSTEMPATH\Commands\Server\rewrite.php(46): require_once('FCPATH\\index.php')
CRITICAL - 2022-11-16 00:31:02 --> Illegal string offset 'tgl'
in APPPATH\Controllers\EventController.php on line 61.
 1 APPPATH\Controllers\EventController.php(61): CodeIgniter\Debug\Exceptions->errorHandler(2, 'Illegal string offset \'tgl\'', 'APPPATH\\Controllers\\EventController.php', 61, [...])
 2 SYSTEMPATH\CodeIgniter.php(902): App\Controllers\EventController->cektime('6371')
 3 SYSTEMPATH\CodeIgniter.php(457): CodeIgniter\CodeIgniter->runController(Object(App\Controllers\EventController))
 4 SYSTEMPATH\CodeIgniter.php(340): CodeIgniter\CodeIgniter->handleRequest(null, Object(Config\Cache), false)
 5 FCPATH\index.php(67): CodeIgniter\CodeIgniter->run()
 6 SYSTEMPATH\Commands\Server\rewrite.php(46): require_once('FCPATH\\index.php')
CRITICAL - 2022-11-16 00:26:14 --> Undefined index: bkmonthly
in APPPATH\Controllers\Import.php on line 433.
 1 APPPATH\Controllers\Import.php(433): CodeIgniter\Debug\Exceptions->errorHandler(8, 'Undefined index: bkmonthly', 'APPPATH\\Controllers\\Import.php', 433, [...])
 2 SYSTEMPATH\CodeIgniter.php(902): App\Controllers\Import->datapegawai('211957')
 3 SYSTEMPATH\CodeIgniter.php(457): CodeIgniter\CodeIgniter->runController(Object(App\Controllers\Import))
 4 SYSTEMPATH\CodeIgniter.php(340): CodeIgniter\CodeIgniter->handleRequest(null, Object(Config\Cache), false)
 5 FCPATH\index.php(67): CodeIgniter\CodeIgniter->run()
 6 SYSTEMPATH\Commands\Server\rewrite.php(46): require_once('FCPATH\\index.php')
CRITICAL - 2022-11-16 00:26:29 --> Undefined index: bkmonthly
in APPPATH\Controllers\Import.php on line 433.
 1 APPPATH\Controllers\Import.php(433): CodeIgniter\Debug\Exceptions->errorHandler(8, 'Undefined index: bkmonthly', 'APPPATH\\Controllers\\Import.php', 433, [...])
 2 SYSTEMPATH\CodeIgniter.php(902): App\Controllers\Import->datapegawai('211957')
 3 SYSTEMPATH\CodeIgniter.php(457): CodeIgniter\CodeIgniter->runController(Object(App\Controllers\Import))
 4 SYSTEMPATH\CodeIgniter.php(340): CodeIgniter\CodeIgniter->handleRequest(null, Object(Config\Cache), false)
 5 FCPATH\index.php(67): CodeIgniter\CodeIgniter->run()
 6 SYSTEMPATH\Commands\Server\rewrite.php(46): require_once('FCPATH\\index.php')
CRITICAL - 2022-11-16 00:26:49 --> Division by zero
in APPPATH\Controllers\Import.php on line 532.
 1 APPPATH\Controllers\Import.php(532): CodeIgniter\Debug\Exceptions->errorHandler(2, 'Division by zero', 'APPPATH\\Controllers\\Import.php', 532, [...])
 2 SYSTEMPATH\CodeIgniter.php(902): App\Controllers\Import->datapegawai('211957')
 3 SYSTEMPATH\CodeIgniter.php(457): CodeIgniter\CodeIgniter->runController(Object(App\Controllers\Import))
 4 SYSTEMPATH\CodeIgniter.php(340): CodeIgniter\CodeIgniter->handleRequest(null, Object(Config\Cache), false)
 5 FCPATH\index.php(67): CodeIgniter\CodeIgniter->run()
 6 SYSTEMPATH\Commands\Server\rewrite.php(46): require_once('FCPATH\\index.php')
CRITICAL - 2022-11-16 22:45:07 --> Undefined variable: totalaverage
in APPPATH\Controllers\ExportPDF.php on line 599.
 1 APPPATH\Controllers\ExportPDF.php(599): CodeIgniter\Debug\Exceptions->errorHandler(8, 'Undefined variable: totalaverage', 'APPPATH\\Controllers\\ExportPDF.php', 599, [...])
 2 SYSTEMPATH\CodeIgniter.php(902): App\Controllers\ExportPDF->printpdf('211957')
 3 SYSTEMPATH\CodeIgniter.php(457): CodeIgniter\CodeIgniter->runController(Object(App\Controllers\ExportPDF))
 4 SYSTEMPATH\CodeIgniter.php(340): CodeIgniter\CodeIgniter->handleRequest(null, Object(Config\Cache), false)
 5 FCPATH\index.php(67): CodeIgniter\CodeIgniter->run()
 6 SYSTEMPATH\Commands\Server\rewrite.php(46): require_once('FCPATH\\index.php')
