CRITICAL - 2023-03-15 09:24:37 --> Trying to access array offset on value of type int
in APPPATH\Views\eventspage\hcmlistrewardpage.php on line 76.
 1 APPPATH\Views\eventspage\hcmlistrewardpage.php(76): CodeIgniter\Debug\Exceptions->errorHandler(8, 'Trying to access array offset on value of type int', 'APPPATH\\Views\\eventspage\\hcmlistrewardpage.php', 76, [...])
 2 SYSTEMPATH\View\View.php(213): include('APPPATH\\Views\\eventspage\\hcmlistrewardpage.php')
 3 SYSTEMPATH\View\View.php(216): CodeIgniter\View\View->CodeIgniter\View\{closure}()
 4 SYSTEMPATH\Common.php(1142): CodeIgniter\View\View->render('eventspage/hcmlistrewardpage', [], true)
 5 APPPATH\Controllers\EventController.php(665): view('eventspage/hcmlistrewardpage', [...])
 6 SYSTEMPATH\CodeIgniter.php(902): App\Controllers\EventController->hcmlistreward()
 7 SYSTEMPATH\CodeIgniter.php(457): CodeIgniter\CodeIgniter->runController(Object(App\Controllers\EventController))
 8 SYSTEMPATH\CodeIgniter.php(340): CodeIgniter\CodeIgniter->handleRequest(null, Object(Config\Cache), false)
 9 FCPATH\index.php(67): CodeIgniter\CodeIgniter->run()
10 SYSTEMPATH\Commands\Server\rewrite.php(46): require_once('FCPATH\\index.php')
CRITICAL - 2023-03-15 09:25:16 --> Undefined index: candelete
in APPPATH\Views\eventspage\hcmlistrewardpage.php on line 83.
 1 APPPATH\Views\eventspage\hcmlistrewardpage.php(83): CodeIgniter\Debug\Exceptions->errorHandler(8, 'Undefined index: candelete', 'APPPATH\\Views\\eventspage\\hcmlistrewardpage.php', 83, [...])
 2 SYSTEMPATH\View\View.php(213): include('APPPATH\\Views\\eventspage\\hcmlistrewardpage.php')
 3 SYSTEMPATH\View\View.php(216): CodeIgniter\View\View->CodeIgniter\View\{closure}()
 4 SYSTEMPATH\Common.php(1142): CodeIgniter\View\View->render('eventspage/hcmlistrewardpage', [], true)
 5 APPPATH\Controllers\EventController.php(665): view('eventspage/hcmlistrewardpage', [...])
 6 SYSTEMPATH\CodeIgniter.php(902): App\Controllers\EventController->hcmlistreward()
 7 SYSTEMPATH\CodeIgniter.php(457): CodeIgniter\CodeIgniter->runController(Object(App\Controllers\EventController))
 8 SYSTEMPATH\CodeIgniter.php(340): CodeIgniter\CodeIgniter->handleRequest(null, Object(Config\Cache), false)
 9 FCPATH\index.php(67): CodeIgniter\CodeIgniter->run()
10 SYSTEMPATH\Commands\Server\rewrite.php(46): require_once('FCPATH\\index.php')
CRITICAL - 2023-03-15 09:26:29 --> Trying to access array offset on value of type int
in APPPATH\Views\eventspage\hcmlistrewardpage.php on line 76.
 1 APPPATH\Views\eventspage\hcmlistrewardpage.php(76): CodeIgniter\Debug\Exceptions->errorHandler(8, 'Trying to access array offset on value of type int', 'APPPATH\\Views\\eventspage\\hcmlistrewardpage.php', 76, [...])
 2 SYSTEMPATH\View\View.php(213): include('APPPATH\\Views\\eventspage\\hcmlistrewardpage.php')
 3 SYSTEMPATH\View\View.php(216): CodeIgniter\View\View->CodeIgniter\View\{closure}()
 4 SYSTEMPATH\Common.php(1142): CodeIgniter\View\View->render('eventspage/hcmlistrewardpage', [], true)
 5 APPPATH\Controllers\EventController.php(665): view('eventspage/hcmlistrewardpage', [...])
 6 SYSTEMPATH\CodeIgniter.php(902): App\Controllers\EventController->hcmlistreward()
 7 SYSTEMPATH\CodeIgniter.php(457): CodeIgniter\CodeIgniter->runController(Object(App\Controllers\EventController))
 8 SYSTEMPATH\CodeIgniter.php(340): CodeIgniter\CodeIgniter->handleRequest(null, Object(Config\Cache), false)
 9 FCPATH\index.php(67): CodeIgniter\CodeIgniter->run()
10 SYSTEMPATH\Commands\Server\rewrite.php(46): require_once('FCPATH\\index.php')
CRITICAL - 2023-03-15 09:32:27 --> Undefined index: candelete
in APPPATH\Views\eventspage\hcmlistrewardpage.php on line 83.
 1 APPPATH\Views\eventspage\hcmlistrewardpage.php(83): CodeIgniter\Debug\Exceptions->errorHandler(8, 'Undefined index: candelete', 'APPPATH\\Views\\eventspage\\hcmlistrewardpage.php', 83, [...])
 2 SYSTEMPATH\View\View.php(213): include('APPPATH\\Views\\eventspage\\hcmlistrewardpage.php')
 3 SYSTEMPATH\View\View.php(216): CodeIgniter\View\View->CodeIgniter\View\{closure}()
 4 SYSTEMPATH\Common.php(1142): CodeIgniter\View\View->render('eventspage/hcmlistrewardpage', [], true)
 5 APPPATH\Controllers\EventController.php(676): view('eventspage/hcmlistrewardpage', [...])
 6 SYSTEMPATH\CodeIgniter.php(902): App\Controllers\EventController->hcmlistreward()
 7 SYSTEMPATH\CodeIgniter.php(457): CodeIgniter\CodeIgniter->runController(Object(App\Controllers\EventController))
 8 SYSTEMPATH\CodeIgniter.php(340): CodeIgniter\CodeIgniter->handleRequest(null, Object(Config\Cache), false)
 9 FCPATH\index.php(67): CodeIgniter\CodeIgniter->run()
10 SYSTEMPATH\Commands\Server\rewrite.php(46): require_once('FCPATH\\index.php')
CRITICAL - 2023-03-15 09:41:49 --> Undefined index: candelete
in APPPATH\Views\eventspage\hcmlistrewardpage.php on line 83.
 1 APPPATH\Views\eventspage\hcmlistrewardpage.php(83): CodeIgniter\Debug\Exceptions->errorHandler(8, 'Undefined index: candelete', 'APPPATH\\Views\\eventspage\\hcmlistrewardpage.php', 83, [...])
 2 SYSTEMPATH\View\View.php(213): include('APPPATH\\Views\\eventspage\\hcmlistrewardpage.php')
 3 SYSTEMPATH\View\View.php(216): CodeIgniter\View\View->CodeIgniter\View\{closure}()
 4 SYSTEMPATH\Common.php(1142): CodeIgniter\View\View->render('eventspage/hcmlistrewardpage', [], true)
 5 APPPATH\Controllers\EventController.php(685): view('eventspage/hcmlistrewardpage', [...])
 6 SYSTEMPATH\CodeIgniter.php(902): App\Controllers\EventController->hcmlistreward()
 7 SYSTEMPATH\CodeIgniter.php(457): CodeIgniter\CodeIgniter->runController(Object(App\Controllers\EventController))
 8 SYSTEMPATH\CodeIgniter.php(340): CodeIgniter\CodeIgniter->handleRequest(null, Object(Config\Cache), false)
 9 FCPATH\index.php(67): CodeIgniter\CodeIgniter->run()
10 SYSTEMPATH\Commands\Server\rewrite.php(46): require_once('FCPATH\\index.php')
CRITICAL - 2023-03-15 09:41:51 --> Undefined index: candelete
in APPPATH\Views\eventspage\hcmlistrewardpage.php on line 83.
 1 APPPATH\Views\eventspage\hcmlistrewardpage.php(83): CodeIgniter\Debug\Exceptions->errorHandler(8, 'Undefined index: candelete', 'APPPATH\\Views\\eventspage\\hcmlistrewardpage.php', 83, [...])
 2 SYSTEMPATH\View\View.php(213): include('APPPATH\\Views\\eventspage\\hcmlistrewardpage.php')
 3 SYSTEMPATH\View\View.php(216): CodeIgniter\View\View->CodeIgniter\View\{closure}()
 4 SYSTEMPATH\Common.php(1142): CodeIgniter\View\View->render('eventspage/hcmlistrewardpage', [], true)
 5 APPPATH\Controllers\EventController.php(685): view('eventspage/hcmlistrewardpage', [...])
 6 SYSTEMPATH\CodeIgniter.php(902): App\Controllers\EventController->hcmlistreward()
 7 SYSTEMPATH\CodeIgniter.php(457): CodeIgniter\CodeIgniter->runController(Object(App\Controllers\EventController))
 8 SYSTEMPATH\CodeIgniter.php(340): CodeIgniter\CodeIgniter->handleRequest(null, Object(Config\Cache), false)
 9 FCPATH\index.php(67): CodeIgniter\CodeIgniter->run()
10 SYSTEMPATH\Commands\Server\rewrite.php(46): require_once('FCPATH\\index.php')
CRITICAL - 2023-03-15 09:44:13 --> Undefined index: candelete
in APPPATH\Views\eventspage\hcmlistrewardpage.php on line 83.
 1 APPPATH\Views\eventspage\hcmlistrewardpage.php(83): CodeIgniter\Debug\Exceptions->errorHandler(8, 'Undefined index: candelete', 'APPPATH\\Views\\eventspage\\hcmlistrewardpage.php', 83, [...])
 2 SYSTEMPATH\View\View.php(213): include('APPPATH\\Views\\eventspage\\hcmlistrewardpage.php')
 3 SYSTEMPATH\View\View.php(216): CodeIgniter\View\View->CodeIgniter\View\{closure}()
 4 SYSTEMPATH\Common.php(1142): CodeIgniter\View\View->render('eventspage/hcmlistrewardpage', [], true)
 5 APPPATH\Controllers\EventController.php(677): view('eventspage/hcmlistrewardpage', [...])
 6 SYSTEMPATH\CodeIgniter.php(902): App\Controllers\EventController->hcmlistreward()
 7 SYSTEMPATH\CodeIgniter.php(457): CodeIgniter\CodeIgniter->runController(Object(App\Controllers\EventController))
 8 SYSTEMPATH\CodeIgniter.php(340): CodeIgniter\CodeIgniter->handleRequest(null, Object(Config\Cache), false)
 9 FCPATH\index.php(67): CodeIgniter\CodeIgniter->run()
10 SYSTEMPATH\Commands\Server\rewrite.php(46): require_once('FCPATH\\index.php')
CRITICAL - 2023-03-15 09:48:07 --> Undefined index: candelete
in APPPATH\Views\eventspage\hcmlistrewardpage.php on line 83.
 1 APPPATH\Views\eventspage\hcmlistrewardpage.php(83): CodeIgniter\Debug\Exceptions->errorHandler(8, 'Undefined index: candelete', 'APPPATH\\Views\\eventspage\\hcmlistrewardpage.php', 83, [...])
 2 SYSTEMPATH\View\View.php(213): include('APPPATH\\Views\\eventspage\\hcmlistrewardpage.php')
 3 SYSTEMPATH\View\View.php(216): CodeIgniter\View\View->CodeIgniter\View\{closure}()
 4 SYSTEMPATH\Common.php(1142): CodeIgniter\View\View->render('eventspage/hcmlistrewardpage', [], true)
 5 APPPATH\Controllers\EventController.php(681): view('eventspage/hcmlistrewardpage', [...])
 6 SYSTEMPATH\CodeIgniter.php(902): App\Controllers\EventController->hcmlistreward()
 7 SYSTEMPATH\CodeIgniter.php(457): CodeIgniter\CodeIgniter->runController(Object(App\Controllers\EventController))
 8 SYSTEMPATH\CodeIgniter.php(340): CodeIgniter\CodeIgniter->handleRequest(null, Object(Config\Cache), false)
 9 FCPATH\index.php(67): CodeIgniter\CodeIgniter->run()
10 SYSTEMPATH\Commands\Server\rewrite.php(46): require_once('FCPATH\\index.php')
CRITICAL - 2023-03-15 09:51:31 --> Undefined index: candelete
in APPPATH\Views\eventspage\hcmlistrewardpage.php on line 83.
 1 APPPATH\Views\eventspage\hcmlistrewardpage.php(83): CodeIgniter\Debug\Exceptions->errorHandler(8, 'Undefined index: candelete', 'APPPATH\\Views\\eventspage\\hcmlistrewardpage.php', 83, [...])
 2 SYSTEMPATH\View\View.php(213): include('APPPATH\\Views\\eventspage\\hcmlistrewardpage.php')
 3 SYSTEMPATH\View\View.php(216): CodeIgniter\View\View->CodeIgniter\View\{closure}()
 4 SYSTEMPATH\Common.php(1142): CodeIgniter\View\View->render('eventspage/hcmlistrewardpage', [], true)
 5 APPPATH\Controllers\EventController.php(681): view('eventspage/hcmlistrewardpage', [...])
 6 SYSTEMPATH\CodeIgniter.php(902): App\Controllers\EventController->hcmlistreward()
 7 SYSTEMPATH\CodeIgniter.php(457): CodeIgniter\CodeIgniter->runController(Object(App\Controllers\EventController))
 8 SYSTEMPATH\CodeIgniter.php(340): CodeIgniter\CodeIgniter->handleRequest(null, Object(Config\Cache), false)
 9 FCPATH\index.php(67): CodeIgniter\CodeIgniter->run()
10 SYSTEMPATH\Commands\Server\rewrite.php(46): require_once('FCPATH\\index.php')
CRITICAL - 2023-03-15 10:45:34 --> Trying to access array offset on value of type null
in APPPATH\Controllers\EventController.php on line 89.
 1 APPPATH\Controllers\EventController.php(89): CodeIgniter\Debug\Exceptions->errorHandler(8, 'Trying to access array offset on value of type null', 'APPPATH\\Controllers\\EventController.php', 89, [...])
 2 SYSTEMPATH\CodeIgniter.php(902): App\Controllers\EventController->dataevent('js', 'demo', 'datatables-demo.js')
 3 SYSTEMPATH\CodeIgniter.php(457): CodeIgniter\CodeIgniter->runController(Object(App\Controllers\EventController))
 4 SYSTEMPATH\CodeIgniter.php(340): CodeIgniter\CodeIgniter->handleRequest(null, Object(Config\Cache), false)
 5 FCPATH\index.php(67): CodeIgniter\CodeIgniter->run()
 6 SYSTEMPATH\Commands\Server\rewrite.php(46): require_once('FCPATH\\index.php')
CRITICAL - 2023-03-15 10:46:56 --> Trying to access array offset on value of type null
in APPPATH\Controllers\EventController.php on line 89.
 1 APPPATH\Controllers\EventController.php(89): CodeIgniter\Debug\Exceptions->errorHandler(8, 'Trying to access array offset on value of type null', 'APPPATH\\Controllers\\EventController.php', 89, [...])
 2 SYSTEMPATH\CodeIgniter.php(902): App\Controllers\EventController->dataevent('js', 'demo', 'datatables-demo.js')
 3 SYSTEMPATH\CodeIgniter.php(457): CodeIgniter\CodeIgniter->runController(Object(App\Controllers\EventController))
 4 SYSTEMPATH\CodeIgniter.php(340): CodeIgniter\CodeIgniter->handleRequest(null, Object(Config\Cache), false)
 5 FCPATH\index.php(67): CodeIgniter\CodeIgniter->run()
 6 SYSTEMPATH\Commands\Server\rewrite.php(46): require_once('FCPATH\\index.php')
CRITICAL - 2023-03-15 10:46:58 --> Undefined variable: data
in APPPATH\Views\eventspage\listrewardpage.php on line 156.
 1 APPPATH\Views\eventspage\listrewardpage.php(156): CodeIgniter\Debug\Exceptions->errorHandler(8, 'Undefined variable: data', 'APPPATH\\Views\\eventspage\\listrewardpage.php', 156, [...])
 2 SYSTEMPATH\View\View.php(213): include('APPPATH\\Views\\eventspage\\listrewardpage.php')
 3 SYSTEMPATH\View\View.php(216): CodeIgniter\View\View->CodeIgniter\View\{closure}()
 4 SYSTEMPATH\Common.php(1142): CodeIgniter\View\View->render('eventspage/listrewardpage', [], true)
 5 APPPATH\Controllers\EventController.php(633): view('eventspage/listrewardpage', [...])
 6 SYSTEMPATH\CodeIgniter.php(902): App\Controllers\EventController->listreward('6184760c8ffdca038c1a2d0be576841b977514a71243da5795abb63df4a960dc7b108ac444379ba7d5ac0976f9b5ffbbbadc711b717b16a83936ae6852986dbb0348da24ac4c05377559a2c4beea52499a0bacfa1c7a471adad675db457b1906')
 7 SYSTEMPATH\CodeIgniter.php(457): CodeIgniter\CodeIgniter->runController(Object(App\Controllers\EventController))
 8 SYSTEMPATH\CodeIgniter.php(340): CodeIgniter\CodeIgniter->handleRequest(null, Object(Config\Cache), false)
 9 FCPATH\index.php(67): CodeIgniter\CodeIgniter->run()
10 SYSTEMPATH\Commands\Server\rewrite.php(46): require_once('FCPATH\\index.php')
ERROR - 2023-03-15 11:23:06 --> mysqli_sql_exception: Unknown column 'tahun' in 'where clause' in C:\xampp\htdocs\HCApp\hcm-apps\vendor\codeigniter4\framework\system\Database\MySQLi\Connection.php:292
Stack trace:
#0 C:\xampp\htdocs\HCApp\hcm-apps\vendor\codeigniter4\framework\system\Database\MySQLi\Connection.php(292): mysqli->query('SELECT COUNT(*)...', 0)
#1 C:\xampp\htdocs\HCApp\hcm-apps\vendor\codeigniter4\framework\system\Database\BaseConnection.php(693): CodeIgniter\Database\MySQLi\Connection->execute('SELECT COUNT(*)...')
#2 C:\xampp\htdocs\HCApp\hcm-apps\vendor\codeigniter4\framework\system\Database\BaseConnection.php(620): CodeIgniter\Database\BaseConnection->simpleQuery('SELECT COUNT(*)...')
#3 C:\xampp\htdocs\HCApp\hcm-apps\vendor\codeigniter4\framework\system\Database\BaseBuilder.php(1669): CodeIgniter\Database\BaseConnection->query('SELECT COUNT(*)...', Array, false)
#4 C:\xampp\htdocs\HCApp\hcm-apps\vendor\codeigniter4\framework\system\Model.php(551): CodeIgniter\Database\BaseBuilder->countAllResults(true)
#5 C:\xampp\htdocs\HCApp\hcm-apps\app\Models\DataClaimReward.php(39): CodeIgniter\Model->countAllResults()
#6 C:\xampp\htdocs\HCApp\hcm-apps\app\Controllers\Import.php(39): App\Models\DataClaimReward->countAllDataByQuarter('2023', 1)
#7 C:\xampp\htdocs\HCApp\hcm-apps\vendor\codeigniter4\framework\system\CodeIgniter.php(902): App\Controllers\Import->index()
#8 C:\xampp\htdocs\HCApp\hcm-apps\vendor\codeigniter4\framework\system\CodeIgniter.php(457): CodeIgniter\CodeIgniter->runController(Object(App\Controllers\Import))
#9 C:\xampp\htdocs\HCApp\hcm-apps\vendor\codeigniter4\framework\system\CodeIgniter.php(340): CodeIgniter\CodeIgniter->handleRequest(NULL, Object(Config\Cache), false)
#10 C:\xampp\htdocs\HCApp\hcm-apps\public\index.php(67): CodeIgniter\CodeIgniter->run()
#11 C:\xampp\htdocs\HCApp\hcm-apps\vendor\codeigniter4\framework\system\Commands\Server\rewrite.php(46): require_once('C:\\xampp\\htdocs...')
#12 {main}
CRITICAL - 2023-03-15 11:23:06 --> Unknown column 'tahun' in 'where clause'
in SYSTEMPATH\Database\MySQLi\Connection.php on line 292.
 1 SYSTEMPATH\Database\MySQLi\Connection.php(292): mysqli->query('SELECT COUNT(*) AS `numrows`
FROM `claim_reward`
WHERE `tahun` = \'2023\'
AND `quarter` = 1', 0)
 2 SYSTEMPATH\Database\BaseConnection.php(693): CodeIgniter\Database\MySQLi\Connection->execute('SELECT COUNT(*) AS `numrows`
FROM `claim_reward`
WHERE `tahun` = \'2023\'
AND `quarter` = 1')
 3 SYSTEMPATH\Database\BaseConnection.php(620): CodeIgniter\Database\BaseConnection->simpleQuery('SELECT COUNT(*) AS `numrows`
FROM `claim_reward`
WHERE `tahun` = \'2023\'
AND `quarter` = 1')
 4 SYSTEMPATH\Database\BaseBuilder.php(1669): CodeIgniter\Database\BaseConnection->query('SELECT COUNT(*) AS `numrows`
FROM `claim_reward`
WHERE `tahun` = :tahun:
AND `quarter` = :quarter:', [...], false)
 5 SYSTEMPATH\Model.php(551): CodeIgniter\Database\BaseBuilder->countAllResults(true)
 6 APPPATH\Models\DataClaimReward.php(39): CodeIgniter\Model->countAllResults()
 7 APPPATH\Controllers\Import.php(39): App\Models\DataClaimReward->countAllDataByQuarter('2023', 1)
 8 SYSTEMPATH\CodeIgniter.php(902): App\Controllers\Import->index()
 9 SYSTEMPATH\CodeIgniter.php(457): CodeIgniter\CodeIgniter->runController(Object(App\Controllers\Import))
10 SYSTEMPATH\CodeIgniter.php(340): CodeIgniter\CodeIgniter->handleRequest(null, Object(Config\Cache), false)
11 FCPATH\index.php(67): CodeIgniter\CodeIgniter->run()
12 SYSTEMPATH\Commands\Server\rewrite.php(46): require_once('FCPATH\\index.php')
CRITICAL - 2023-03-15 11:26:55 --> Undefined offset: 1
in APPPATH\Controllers\Import.php on line 46.
 1 APPPATH\Controllers\Import.php(46): CodeIgniter\Debug\Exceptions->errorHandler(8, 'Undefined offset: 1', 'APPPATH\\Controllers\\Import.php', 46, [...])
 2 SYSTEMPATH\CodeIgniter.php(902): App\Controllers\Import->index()
 3 SYSTEMPATH\CodeIgniter.php(457): CodeIgniter\CodeIgniter->runController(Object(App\Controllers\Import))
 4 SYSTEMPATH\CodeIgniter.php(340): CodeIgniter\CodeIgniter->handleRequest(null, Object(Config\Cache), false)
 5 FCPATH\index.php(67): CodeIgniter\CodeIgniter->run()
 6 SYSTEMPATH\Commands\Server\rewrite.php(46): require_once('FCPATH\\index.php')
CRITICAL - 2023-03-15 11:40:10 --> Array to string conversion
in APPPATH\Controllers\Import.php on line 48.
 1 [internal function]: CodeIgniter\Debug\Exceptions->errorHandler(8, 'Array to string conversion', 'APPPATH\\Controllers\\Import.php', 48, [...])
 2 APPPATH\Controllers\Import.php(48): printf([...])
 3 SYSTEMPATH\CodeIgniter.php(902): App\Controllers\Import->index()
 4 SYSTEMPATH\CodeIgniter.php(457): CodeIgniter\CodeIgniter->runController(Object(App\Controllers\Import))
 5 SYSTEMPATH\CodeIgniter.php(340): CodeIgniter\CodeIgniter->handleRequest(null, Object(Config\Cache), false)
 6 FCPATH\index.php(67): CodeIgniter\CodeIgniter->run()
 7 SYSTEMPATH\Commands\Server\rewrite.php(46): require_once('FCPATH\\index.php')
ERROR - 2023-03-15 14:14:11 --> mysqli_sql_exception: Unknown column 'success' in 'where clause' in C:\xampp\htdocs\HCApp\hcm-apps\vendor\codeigniter4\framework\system\Database\MySQLi\Connection.php:292
Stack trace:
#0 C:\xampp\htdocs\HCApp\hcm-apps\vendor\codeigniter4\framework\system\Database\MySQLi\Connection.php(292): mysqli->query('SELECT COUNT(*)...', 0)
#1 C:\xampp\htdocs\HCApp\hcm-apps\vendor\codeigniter4\framework\system\Database\BaseConnection.php(693): CodeIgniter\Database\MySQLi\Connection->execute('SELECT COUNT(*)...')
#2 C:\xampp\htdocs\HCApp\hcm-apps\vendor\codeigniter4\framework\system\Database\BaseConnection.php(620): CodeIgniter\Database\BaseConnection->simpleQuery('SELECT COUNT(*)...')
#3 C:\xampp\htdocs\HCApp\hcm-apps\vendor\codeigniter4\framework\system\Database\BaseBuilder.php(1669): CodeIgniter\Database\BaseConnection->query('SELECT COUNT(*)...', Array, false)
#4 C:\xampp\htdocs\HCApp\hcm-apps\vendor\codeigniter4\framework\system\Model.php(551): CodeIgniter\Database\BaseBuilder->countAllResults(true)
#5 C:\xampp\htdocs\HCApp\hcm-apps\app\Models\DataClaimReward.php(36): CodeIgniter\Model->countAllResults()
#6 C:\xampp\htdocs\HCApp\hcm-apps\app\Controllers\EventController.php(43): App\Models\DataClaimReward->countAllDataNotDone()
#7 C:\xampp\htdocs\HCApp\hcm-apps\vendor\codeigniter4\framework\system\CodeIgniter.php(902): App\Controllers\EventController->index()
#8 C:\xampp\htdocs\HCApp\hcm-apps\vendor\codeigniter4\framework\system\CodeIgniter.php(457): CodeIgniter\CodeIgniter->runController(Object(App\Controllers\EventController))
#9 C:\xampp\htdocs\HCApp\hcm-apps\vendor\codeigniter4\framework\system\CodeIgniter.php(340): CodeIgniter\CodeIgniter->handleRequest(NULL, Object(Config\Cache), false)
#10 C:\xampp\htdocs\HCApp\hcm-apps\public\index.php(67): CodeIgniter\CodeIgniter->run()
#11 C:\xampp\htdocs\HCApp\hcm-apps\vendor\codeigniter4\framework\system\Commands\Server\rewrite.php(46): require_once('C:\\xampp\\htdocs...')
#12 {main}
CRITICAL - 2023-03-15 14:14:11 --> Unknown column 'success' in 'where clause'
in SYSTEMPATH\Database\MySQLi\Connection.php on line 292.
 1 SYSTEMPATH\Database\MySQLi\Connection.php(292): mysqli->query('SELECT COUNT(*) AS `numrows`
FROM `claim_reward`
WHERE `status` != success', 0)
 2 SYSTEMPATH\Database\BaseConnection.php(693): CodeIgniter\Database\MySQLi\Connection->execute('SELECT COUNT(*) AS `numrows`
FROM `claim_reward`
WHERE `status` != success')
 3 SYSTEMPATH\Database\BaseConnection.php(620): CodeIgniter\Database\BaseConnection->simpleQuery('SELECT COUNT(*) AS `numrows`
FROM `claim_reward`
WHERE `status` != success')
 4 SYSTEMPATH\Database\BaseBuilder.php(1669): CodeIgniter\Database\BaseConnection->query('SELECT COUNT(*) AS `numrows`
FROM `claim_reward`
WHERE `status` != success', [], false)
 5 SYSTEMPATH\Model.php(551): CodeIgniter\Database\BaseBuilder->countAllResults(true)
 6 APPPATH\Models\DataClaimReward.php(36): CodeIgniter\Model->countAllResults()
 7 APPPATH\Controllers\EventController.php(43): App\Models\DataClaimReward->countAllDataNotDone()
 8 SYSTEMPATH\CodeIgniter.php(902): App\Controllers\EventController->index()
 9 SYSTEMPATH\CodeIgniter.php(457): CodeIgniter\CodeIgniter->runController(Object(App\Controllers\EventController))
10 SYSTEMPATH\CodeIgniter.php(340): CodeIgniter\CodeIgniter->handleRequest(null, Object(Config\Cache), false)
11 FCPATH\index.php(67): CodeIgniter\CodeIgniter->run()
12 SYSTEMPATH\Commands\Server\rewrite.php(46): require_once('FCPATH\\index.php')
CRITICAL - 2023-03-15 15:05:22 --> Trying to access array offset on value of type null
in APPPATH\Controllers\EventController.php on line 89.
 1 APPPATH\Controllers\EventController.php(89): CodeIgniter\Debug\Exceptions->errorHandler(8, 'Trying to access array offset on value of type null', 'APPPATH\\Controllers\\EventController.php', 89, [...])
 2 SYSTEMPATH\CodeIgniter.php(902): App\Controllers\EventController->dataevent('js', 'demo', 'datatables-demo.js')
 3 SYSTEMPATH\CodeIgniter.php(457): CodeIgniter\CodeIgniter->runController(Object(App\Controllers\EventController))
 4 SYSTEMPATH\CodeIgniter.php(340): CodeIgniter\CodeIgniter->handleRequest(null, Object(Config\Cache), false)
 5 FCPATH\index.php(67): CodeIgniter\CodeIgniter->run()
 6 SYSTEMPATH\Commands\Server\rewrite.php(46): require_once('FCPATH\\index.php')
CRITICAL - 2023-03-15 15:10:13 --> syntax error, unexpected '}', expecting ';'
in APPPATH\Models\Dataabsen.php on line 34.
 1 SYSTEMPATH\Autoloader\Autoloader.php(259): CodeIgniter\Autoloader\Autoloader->includeFile('APPPATH\\Models\\Dataabsen.php')
 2 SYSTEMPATH\Autoloader\Autoloader.php(237): CodeIgniter\Autoloader\Autoloader->loadInNamespace('App\\Models\\Dataabsen')
 3 [internal function]: CodeIgniter\Autoloader\Autoloader->loadClass('App\\Models\\Dataabsen')
 4 APPPATH\Controllers\EventController.php(68): spl_autoload_call('App\\Models\\Dataabsen')
 5 SYSTEMPATH\CodeIgniter.php(902): App\Controllers\EventController->dataevent('1669783880')
 6 SYSTEMPATH\CodeIgniter.php(457): CodeIgniter\CodeIgniter->runController(Object(App\Controllers\EventController))
 7 SYSTEMPATH\CodeIgniter.php(340): CodeIgniter\CodeIgniter->handleRequest(null, Object(Config\Cache), false)
 8 FCPATH\index.php(67): CodeIgniter\CodeIgniter->run()
 9 SYSTEMPATH\Commands\Server\rewrite.php(46): require_once('FCPATH\\index.php')
CRITICAL - 2023-03-15 15:10:36 --> Trying to access array offset on value of type null
in APPPATH\Controllers\EventController.php on line 89.
 1 APPPATH\Controllers\EventController.php(89): CodeIgniter\Debug\Exceptions->errorHandler(8, 'Trying to access array offset on value of type null', 'APPPATH\\Controllers\\EventController.php', 89, [...])
 2 SYSTEMPATH\CodeIgniter.php(902): App\Controllers\EventController->dataevent('js', 'demo', 'datatables-demo.js')
 3 SYSTEMPATH\CodeIgniter.php(457): CodeIgniter\CodeIgniter->runController(Object(App\Controllers\EventController))
 4 SYSTEMPATH\CodeIgniter.php(340): CodeIgniter\CodeIgniter->handleRequest(null, Object(Config\Cache), false)
 5 FCPATH\index.php(67): CodeIgniter\CodeIgniter->run()
 6 SYSTEMPATH\Commands\Server\rewrite.php(46): require_once('FCPATH\\index.php')
CRITICAL - 2023-03-15 15:10:46 --> hex2bin(): Input string must be hexadecimal string
in APPPATH\Controllers\EventController.php on line 287.
 1 [internal function]: CodeIgniter\Debug\Exceptions->errorHandler(2, 'hex2bin(): Input string must be hexadecimal string', 'APPPATH\\Controllers\\EventController.php', 287, [...])
 2 APPPATH\Controllers\EventController.php(287): hex2bin('js')
 3 SYSTEMPATH\CodeIgniter.php(902): App\Controllers\EventController->cektime('js', 'demo', 'datatables-demo.js')
 4 SYSTEMPATH\CodeIgniter.php(457): CodeIgniter\CodeIgniter->runController(Object(App\Controllers\EventController))
 5 SYSTEMPATH\CodeIgniter.php(340): CodeIgniter\CodeIgniter->handleRequest(null, Object(Config\Cache), false)
 6 FCPATH\index.php(67): CodeIgniter\CodeIgniter->run()
 7 SYSTEMPATH\Commands\Server\rewrite.php(46): require_once('FCPATH\\index.php')
ERROR - 2023-03-15 15:28:06 --> mysqli_sql_exception: Unknown column 'event_id' in 'where clause' in C:\xampp\htdocs\HCApp\hcm-apps\vendor\codeigniter4\framework\system\Database\MySQLi\Connection.php:292
Stack trace:
#0 C:\xampp\htdocs\HCApp\hcm-apps\vendor\codeigniter4\framework\system\Database\MySQLi\Connection.php(292): mysqli->query('SELECT `absen`....', 0)
#1 C:\xampp\htdocs\HCApp\hcm-apps\vendor\codeigniter4\framework\system\Database\BaseConnection.php(693): CodeIgniter\Database\MySQLi\Connection->execute('SELECT `absen`....')
#2 C:\xampp\htdocs\HCApp\hcm-apps\vendor\codeigniter4\framework\system\Database\BaseConnection.php(620): CodeIgniter\Database\BaseConnection->simpleQuery('SELECT `absen`....')
#3 C:\xampp\htdocs\HCApp\hcm-apps\vendor\codeigniter4\framework\system\Database\BaseBuilder.php(1585): CodeIgniter\Database\BaseConnection->query('SELECT `absen`....', Array, false)
#4 C:\xampp\htdocs\HCApp\hcm-apps\vendor\codeigniter4\framework\system\Model.php(223): CodeIgniter\Database\BaseBuilder->get()
#5 C:\xampp\htdocs\HCApp\hcm-apps\vendor\codeigniter4\framework\system\BaseModel.php(584): CodeIgniter\Model->doFindAll(0, 0)
#6 C:\xampp\htdocs\HCApp\hcm-apps\app\Models\Dataabsen.php(33): CodeIgniter\BaseModel->findAll()
#7 C:\xampp\htdocs\HCApp\hcm-apps\app\Controllers\EventController.php(71): App\Models\Dataabsen->getByIdJoinMEmployee('1669783880')
#8 C:\xampp\htdocs\HCApp\hcm-apps\vendor\codeigniter4\framework\system\CodeIgniter.php(902): App\Controllers\EventController->dataevent('1669783880')
#9 C:\xampp\htdocs\HCApp\hcm-apps\vendor\codeigniter4\framework\system\CodeIgniter.php(457): CodeIgniter\CodeIgniter->runController(Object(App\Controllers\EventController))
#10 C:\xampp\htdocs\HCApp\hcm-apps\vendor\codeigniter4\framework\system\CodeIgniter.php(340): CodeIgniter\CodeIgniter->handleRequest(NULL, Object(Config\Cache), false)
#11 C:\xampp\htdocs\HCApp\hcm-apps\public\index.php(67): CodeIgniter\CodeIgniter->run()
#12 C:\xampp\htdocs\HCApp\hcm-apps\vendor\codeigniter4\framework\system\Commands\Server\rewrite.php(46): require_once('C:\\xampp\\htdocs...')
#13 {main}
CRITICAL - 2023-03-15 15:28:06 --> Unknown column 'event_id' in 'where clause'
in SYSTEMPATH\Database\MySQLi\Connection.php on line 292.
 1 SYSTEMPATH\Database\MySQLi\Connection.php(292): mysqli->query('SELECT `absen`.*, `m_emp`.`nama_emp`, `m_emp`.`dept`, `m_emp`.`divisi`
FROM `absen`
LEFT JOIN `m_emp` ON `m_emp`.`nik_inf` = `absen`.`nik`
WHERE `event_id` = \'1669783880\'', 0)
 2 SYSTEMPATH\Database\BaseConnection.php(693): CodeIgniter\Database\MySQLi\Connection->execute('SELECT `absen`.*, `m_emp`.`nama_emp`, `m_emp`.`dept`, `m_emp`.`divisi`
FROM `absen`
LEFT JOIN `m_emp` ON `m_emp`.`nik_inf` = `absen`.`nik`
WHERE `event_id` = \'1669783880\'')
 3 SYSTEMPATH\Database\BaseConnection.php(620): CodeIgniter\Database\BaseConnection->simpleQuery('SELECT `absen`.*, `m_emp`.`nama_emp`, `m_emp`.`dept`, `m_emp`.`divisi`
FROM `absen`
LEFT JOIN `m_emp` ON `m_emp`.`nik_inf` = `absen`.`nik`
WHERE `event_id` = \'1669783880\'')
 4 SYSTEMPATH\Database\BaseBuilder.php(1585): CodeIgniter\Database\BaseConnection->query('SELECT `absen`.*, `m_emp`.`nama_emp`, `m_emp`.`dept`, `m_emp`.`divisi`
FROM `absen`
LEFT JOIN `m_emp` ON `m_emp`.`nik_inf` = `absen`.`nik`
WHERE `event_id` = :event_id:', [...], false)
 5 SYSTEMPATH\Model.php(223): CodeIgniter\Database\BaseBuilder->get()
 6 SYSTEMPATH\BaseModel.php(584): CodeIgniter\Model->doFindAll(0, 0)
 7 APPPATH\Models\Dataabsen.php(33): CodeIgniter\BaseModel->findAll()
 8 APPPATH\Controllers\EventController.php(71): App\Models\Dataabsen->getByIdJoinMEmployee('1669783880')
 9 SYSTEMPATH\CodeIgniter.php(902): App\Controllers\EventController->dataevent('1669783880')
10 SYSTEMPATH\CodeIgniter.php(457): CodeIgniter\CodeIgniter->runController(Object(App\Controllers\EventController))
11 SYSTEMPATH\CodeIgniter.php(340): CodeIgniter\CodeIgniter->handleRequest(null, Object(Config\Cache), false)
12 FCPATH\index.php(67): CodeIgniter\CodeIgniter->run()
13 SYSTEMPATH\Commands\Server\rewrite.php(46): require_once('FCPATH\\index.php')
CRITICAL - 2023-03-15 15:28:29 --> Trying to access array offset on value of type null
in APPPATH\Controllers\EventController.php on line 90.
 1 APPPATH\Controllers\EventController.php(90): CodeIgniter\Debug\Exceptions->errorHandler(8, 'Trying to access array offset on value of type null', 'APPPATH\\Controllers\\EventController.php', 90, [...])
 2 SYSTEMPATH\CodeIgniter.php(902): App\Controllers\EventController->dataevent('js', 'demo', 'datatables-demo.js')
 3 SYSTEMPATH\CodeIgniter.php(457): CodeIgniter\CodeIgniter->runController(Object(App\Controllers\EventController))
 4 SYSTEMPATH\CodeIgniter.php(340): CodeIgniter\CodeIgniter->handleRequest(null, Object(Config\Cache), false)
 5 FCPATH\index.php(67): CodeIgniter\CodeIgniter->run()
 6 SYSTEMPATH\Commands\Server\rewrite.php(46): require_once('FCPATH\\index.php')
CRITICAL - 2023-03-15 15:32:00 --> syntax error, unexpected '}', expecting end of file
in APPPATH\Views\eventspage\detailevent.php on line 228.
 1 SYSTEMPATH\View\View.php(216): CodeIgniter\View\View->CodeIgniter\View\{closure}()
 2 SYSTEMPATH\Common.php(1142): CodeIgniter\View\View->render('eventspage/detailevent', [], true)
 3 APPPATH\Controllers\EventController.php(101): view('eventspage/detailevent', [...])
 4 SYSTEMPATH\CodeIgniter.php(902): App\Controllers\EventController->dataevent('1669783880')
 5 SYSTEMPATH\CodeIgniter.php(457): CodeIgniter\CodeIgniter->runController(Object(App\Controllers\EventController))
 6 SYSTEMPATH\CodeIgniter.php(340): CodeIgniter\CodeIgniter->handleRequest(null, Object(Config\Cache), false)
 7 FCPATH\index.php(67): CodeIgniter\CodeIgniter->run()
 8 SYSTEMPATH\Commands\Server\rewrite.php(46): require_once('FCPATH\\index.php')
CRITICAL - 2023-03-15 15:32:15 --> Undefined variable: dataorang
in APPPATH\Views\eventspage\detailevent.php on line 223.
 1 APPPATH\Views\eventspage\detailevent.php(223): CodeIgniter\Debug\Exceptions->errorHandler(8, 'Undefined variable: dataorang', 'APPPATH\\Views\\eventspage\\detailevent.php', 223, [...])
 2 SYSTEMPATH\View\View.php(213): include('APPPATH\\Views\\eventspage\\detailevent.php')
 3 SYSTEMPATH\View\View.php(216): CodeIgniter\View\View->CodeIgniter\View\{closure}()
 4 SYSTEMPATH\Common.php(1142): CodeIgniter\View\View->render('eventspage/detailevent', [], true)
 5 APPPATH\Controllers\EventController.php(101): view('eventspage/detailevent', [...])
 6 SYSTEMPATH\CodeIgniter.php(902): App\Controllers\EventController->dataevent('1669783880')
 7 SYSTEMPATH\CodeIgniter.php(457): CodeIgniter\CodeIgniter->runController(Object(App\Controllers\EventController))
 8 SYSTEMPATH\CodeIgniter.php(340): CodeIgniter\CodeIgniter->handleRequest(null, Object(Config\Cache), false)
 9 FCPATH\index.php(67): CodeIgniter\CodeIgniter->run()
10 SYSTEMPATH\Commands\Server\rewrite.php(46): require_once('FCPATH\\index.php')
CRITICAL - 2023-03-15 15:32:38 --> Trying to access array offset on value of type null
in APPPATH\Controllers\EventController.php on line 90.
 1 APPPATH\Controllers\EventController.php(90): CodeIgniter\Debug\Exceptions->errorHandler(8, 'Trying to access array offset on value of type null', 'APPPATH\\Controllers\\EventController.php', 90, [...])
 2 SYSTEMPATH\CodeIgniter.php(902): App\Controllers\EventController->dataevent('js', 'demo', 'datatables-demo.js')
 3 SYSTEMPATH\CodeIgniter.php(457): CodeIgniter\CodeIgniter->runController(Object(App\Controllers\EventController))
 4 SYSTEMPATH\CodeIgniter.php(340): CodeIgniter\CodeIgniter->handleRequest(null, Object(Config\Cache), false)
 5 FCPATH\index.php(67): CodeIgniter\CodeIgniter->run()
 6 SYSTEMPATH\Commands\Server\rewrite.php(46): require_once('FCPATH\\index.php')
CRITICAL - 2023-03-15 15:35:26 --> Trying to access array offset on value of type null
in APPPATH\Controllers\EventController.php on line 90.
 1 APPPATH\Controllers\EventController.php(90): CodeIgniter\Debug\Exceptions->errorHandler(8, 'Trying to access array offset on value of type null', 'APPPATH\\Controllers\\EventController.php', 90, [...])
 2 SYSTEMPATH\CodeIgniter.php(902): App\Controllers\EventController->dataevent('js', 'demo', 'datatables-demo.js')
 3 SYSTEMPATH\CodeIgniter.php(457): CodeIgniter\CodeIgniter->runController(Object(App\Controllers\EventController))
 4 SYSTEMPATH\CodeIgniter.php(340): CodeIgniter\CodeIgniter->handleRequest(null, Object(Config\Cache), false)
 5 FCPATH\index.php(67): CodeIgniter\CodeIgniter->run()
 6 SYSTEMPATH\Commands\Server\rewrite.php(46): require_once('FCPATH\\index.php')
CRITICAL - 2023-03-15 15:35:56 --> Trying to access array offset on value of type null
in APPPATH\Controllers\EventController.php on line 90.
 1 APPPATH\Controllers\EventController.php(90): CodeIgniter\Debug\Exceptions->errorHandler(8, 'Trying to access array offset on value of type null', 'APPPATH\\Controllers\\EventController.php', 90, [...])
 2 SYSTEMPATH\CodeIgniter.php(902): App\Controllers\EventController->dataevent('js', 'demo', 'datatables-demo.js')
 3 SYSTEMPATH\CodeIgniter.php(457): CodeIgniter\CodeIgniter->runController(Object(App\Controllers\EventController))
 4 SYSTEMPATH\CodeIgniter.php(340): CodeIgniter\CodeIgniter->handleRequest(null, Object(Config\Cache), false)
 5 FCPATH\index.php(67): CodeIgniter\CodeIgniter->run()
 6 SYSTEMPATH\Commands\Server\rewrite.php(46): require_once('FCPATH\\index.php')
CRITICAL - 2023-03-15 16:55:19 --> Object of class DateTime could not be converted to string
in SYSTEMPATH\Database\Query.php on line 335.
 1 SYSTEMPATH\Database\Query.php(335): strtr('SELECT *
FROM `event`
WHERE `tgl` >= :tgl:
AND `tgl` <= :tgl.1:', [...])
 2 SYSTEMPATH\Database\Query.php(310): CodeIgniter\Database\Query->matchNamedBinds('SELECT *
FROM `event`
WHERE `tgl` >= :tgl:
AND `tgl` <= :tgl.1:', [...])
 3 SYSTEMPATH\Database\Query.php(159): CodeIgniter\Database\Query->compileBinds()
 4 SYSTEMPATH\Database\BaseConnection.php(620): CodeIgniter\Database\Query->getQuery()
 5 SYSTEMPATH\Database\BaseBuilder.php(1585): CodeIgniter\Database\BaseConnection->query('SELECT *
FROM `event`
WHERE `tgl` >= :tgl:
AND `tgl` <= :tgl.1:', [...], false)
 6 SYSTEMPATH\Model.php(223): CodeIgniter\Database\BaseBuilder->get()
 7 SYSTEMPATH\BaseModel.php(584): CodeIgniter\Model->doFindAll(0, 0)
 8 APPPATH\Models\Dataevent.php(59): CodeIgniter\BaseModel->findAll()
 9 APPPATH\Controllers\Import.php(42): App\Models\Dataevent->countByQuarter('2023', 1)
10 SYSTEMPATH\CodeIgniter.php(902): App\Controllers\Import->index()
11 SYSTEMPATH\CodeIgniter.php(457): CodeIgniter\CodeIgniter->runController(Object(App\Controllers\Import))
12 SYSTEMPATH\CodeIgniter.php(340): CodeIgniter\CodeIgniter->handleRequest(null, Object(Config\Cache), false)
13 FCPATH\index.php(67): CodeIgniter\CodeIgniter->run()
14 SYSTEMPATH\Commands\Server\rewrite.php(46): require_once('FCPATH\\index.php')
CRITICAL - 2023-03-15 16:57:02 --> strtotime() expects parameter 1 to be string, object given
in APPPATH\Models\Dataevent.php on line 59.
 1 [internal function]: CodeIgniter\Debug\Exceptions->errorHandler(2, 'strtotime() expects parameter 1 to be string, object given', 'APPPATH\\Models\\Dataevent.php', 59, [...])
 2 APPPATH\Models\Dataevent.php(59): strtotime(Object(DateTime))
 3 APPPATH\Controllers\Import.php(42): App\Models\Dataevent->countByQuarter('2023', 1)
 4 SYSTEMPATH\CodeIgniter.php(902): App\Controllers\Import->index()
 5 SYSTEMPATH\CodeIgniter.php(457): CodeIgniter\CodeIgniter->runController(Object(App\Controllers\Import))
 6 SYSTEMPATH\CodeIgniter.php(340): CodeIgniter\CodeIgniter->handleRequest(null, Object(Config\Cache), false)
 7 FCPATH\index.php(67): CodeIgniter\CodeIgniter->run()
 8 SYSTEMPATH\Commands\Server\rewrite.php(46): require_once('FCPATH\\index.php')
CRITICAL - 2023-03-15 17:05:17 --> Array to string conversion
in APPPATH\Views\chartpage.php on line 79.
 1 APPPATH\Views\chartpage.php(79): CodeIgniter\Debug\Exceptions->errorHandler(8, 'Array to string conversion', 'APPPATH\\Views\\chartpage.php', 79, [...])
 2 SYSTEMPATH\View\View.php(213): include('APPPATH\\Views\\chartpage.php')
 3 SYSTEMPATH\View\View.php(216): CodeIgniter\View\View->CodeIgniter\View\{closure}()
 4 SYSTEMPATH\Common.php(1142): CodeIgniter\View\View->render('chartpage', [], true)
 5 APPPATH\Controllers\Import.php(53): view('chartpage', [...])
 6 SYSTEMPATH\CodeIgniter.php(902): App\Controllers\Import->index()
 7 SYSTEMPATH\CodeIgniter.php(457): CodeIgniter\CodeIgniter->runController(Object(App\Controllers\Import))
 8 SYSTEMPATH\CodeIgniter.php(340): CodeIgniter\CodeIgniter->handleRequest(null, Object(Config\Cache), false)
 9 FCPATH\index.php(67): CodeIgniter\CodeIgniter->run()
10 SYSTEMPATH\Commands\Server\rewrite.php(46): require_once('FCPATH\\index.php')
