CRITICAL - 2023-01-25 13:03:31 --> Undefined variable: newperiode
in APPPATH\Helpers\getperiode_helper.php on line 28.
 1 APPPATH\Helpers\getperiode_helper.php(28): CodeIgniter\Debug\Exceptions->errorHandler(8, 'Undefined variable: newperiode', 'APPPATH\\Helpers\\getperiode_helper.php', 28, [...])
 2 APPPATH\Controllers\Import.php(39): getperiode()
 3 SYSTEMPATH\CodeIgniter.php(902): App\Controllers\Import->employee()
 4 SYSTEMPATH\CodeIgniter.php(457): CodeIgniter\CodeIgniter->runController(Object(App\Controllers\Import))
 5 SYSTEMPATH\CodeIgniter.php(340): CodeIgniter\CodeIgniter->handleRequest(null, Object(Config\Cache), false)
 6 FCPATH\index.php(67): CodeIgniter\CodeIgniter->run()
 7 SYSTEMPATH\Commands\Server\rewrite.php(46): require_once('FCPATH\\index.php')
CRITICAL - 2023-01-25 14:06:45 --> Trying to access array offset on value of type null
in APPPATH\Controllers\EventController.php on line 49.
 1 APPPATH\Controllers\EventController.php(49): CodeIgniter\Debug\Exceptions->errorHandler(8, 'Trying to access array offset on value of type null', 'APPPATH\\Controllers\\EventController.php', 49, [...])
 2 SYSTEMPATH\CodeIgniter.php(902): App\Controllers\EventController->dataevent('js', 'demo', 'datatables-demo.js')
 3 SYSTEMPATH\CodeIgniter.php(457): CodeIgniter\CodeIgniter->runController(Object(App\Controllers\EventController))
 4 SYSTEMPATH\CodeIgniter.php(340): CodeIgniter\CodeIgniter->handleRequest(null, Object(Config\Cache), false)
 5 FCPATH\index.php(67): CodeIgniter\CodeIgniter->run()
 6 SYSTEMPATH\Commands\Server\rewrite.php(46): require_once('FCPATH\\index.php')
ERROR - 2023-01-25 14:08:17 --> mysqli_sql_exception: Duplicate entry '1817951669783880' for key 'PRIMARY' in C:\xampp\htdocs\HCApp\hcm-apps\vendor\codeigniter4\framework\system\Database\MySQLi\Connection.php:292
Stack trace:
#0 C:\xampp\htdocs\HCApp\hcm-apps\vendor\codeigniter4\framework\system\Database\MySQLi\Connection.php(292): mysqli->query('INSERT INTO `ab...', 0)
#1 C:\xampp\htdocs\HCApp\hcm-apps\vendor\codeigniter4\framework\system\Database\BaseConnection.php(693): CodeIgniter\Database\MySQLi\Connection->execute('INSERT INTO `ab...')
#2 C:\xampp\htdocs\HCApp\hcm-apps\vendor\codeigniter4\framework\system\Database\BaseConnection.php(620): CodeIgniter\Database\BaseConnection->simpleQuery('INSERT INTO `ab...')
#3 C:\xampp\htdocs\HCApp\hcm-apps\vendor\codeigniter4\framework\system\Database\BaseBuilder.php(1916): CodeIgniter\Database\BaseConnection->query('INSERT INTO `ab...', Array, false)
#4 C:\xampp\htdocs\HCApp\hcm-apps\vendor\codeigniter4\framework\system\Model.php(279): CodeIgniter\Database\BaseBuilder->insert()
#5 C:\xampp\htdocs\HCApp\hcm-apps\vendor\codeigniter4\framework\system\BaseModel.php(748): CodeIgniter\Model->doInsert(Array)
#6 C:\xampp\htdocs\HCApp\hcm-apps\vendor\codeigniter4\framework\system\Model.php(667): CodeIgniter\BaseModel->insert(Array, true)
#7 C:\xampp\htdocs\HCApp\hcm-apps\app\Models\Dataabsen.php(36): CodeIgniter\Model->insert(Array)
#8 C:\xampp\htdocs\HCApp\hcm-apps\app\Controllers\EventController.php(270): App\Models\Dataabsen->insertData(Array)
#9 C:\xampp\htdocs\HCApp\hcm-apps\vendor\codeigniter4\framework\system\CodeIgniter.php(902): App\Controllers\EventController->checkin('181795166978388...')
#10 C:\xampp\htdocs\HCApp\hcm-apps\vendor\codeigniter4\framework\system\CodeIgniter.php(457): CodeIgniter\CodeIgniter->runController(Object(App\Controllers\EventController))
#11 C:\xampp\htdocs\HCApp\hcm-apps\vendor\codeigniter4\framework\system\CodeIgniter.php(340): CodeIgniter\CodeIgniter->handleRequest(NULL, Object(Config\Cache), false)
#12 C:\xampp\htdocs\HCApp\hcm-apps\public\index.php(67): CodeIgniter\CodeIgniter->run()
#13 C:\xampp\htdocs\HCApp\hcm-apps\vendor\codeigniter4\framework\system\Commands\Server\rewrite.php(46): require_once('C:\\xampp\\htdocs...')
#14 {main}
CRITICAL - 2023-01-25 14:08:17 --> Duplicate entry '1817951669783880' for key 'PRIMARY'
in SYSTEMPATH\Database\MySQLi\Connection.php on line 292.
 1 SYSTEMPATH\Database\MySQLi\Connection.php(292): mysqli->query('INSERT INTO `absen` (`id`, `id_event`, `corporate`, `nik`, `nama`, `nilai`, `vote`, `notes`, `jam_checkin`, `created_at`, `updated_at`) VALUES (\'1817951669783880\', \'1669783880\', \'1\', \'181795\', \'HANA AULIA YUNITA\', \'1\', \'\', \'\', \'14:08:17\', \'2023-01-25 14:08:17\', \'2023-01-25 14:08:17\')', 0)
 2 SYSTEMPATH\Database\BaseConnection.php(693): CodeIgniter\Database\MySQLi\Connection->execute('INSERT INTO `absen` (`id`, `id_event`, `corporate`, `nik`, `nama`, `nilai`, `vote`, `notes`, `jam_checkin`, `created_at`, `updated_at`) VALUES (\'1817951669783880\', \'1669783880\', \'1\', \'181795\', \'HANA AULIA YUNITA\', \'1\', \'\', \'\', \'14:08:17\', \'2023-01-25 14:08:17\', \'2023-01-25 14:08:17\')')
 3 SYSTEMPATH\Database\BaseConnection.php(620): CodeIgniter\Database\BaseConnection->simpleQuery('INSERT INTO `absen` (`id`, `id_event`, `corporate`, `nik`, `nama`, `nilai`, `vote`, `notes`, `jam_checkin`, `created_at`, `updated_at`) VALUES (\'1817951669783880\', \'1669783880\', \'1\', \'181795\', \'HANA AULIA YUNITA\', \'1\', \'\', \'\', \'14:08:17\', \'2023-01-25 14:08:17\', \'2023-01-25 14:08:17\')')
 4 SYSTEMPATH\Database\BaseBuilder.php(1916): CodeIgniter\Database\BaseConnection->query('INSERT INTO `absen` (`id`, `id_event`, `corporate`, `nik`, `nama`, `nilai`, `vote`, `notes`, `jam_checkin`, `created_at`, `updated_at`) VALUES (:id:, :id_event:, :corporate:, :nik:, :nama:, :nilai:, :vote:, :notes:, :jam_checkin:, :created_at:, :updated_at:)', [...], false)
 5 SYSTEMPATH\Model.php(279): CodeIgniter\Database\BaseBuilder->insert()
 6 SYSTEMPATH\BaseModel.php(748): CodeIgniter\Model->doInsert([...])
 7 SYSTEMPATH\Model.php(667): CodeIgniter\BaseModel->insert([...], true)
 8 APPPATH\Models\Dataabsen.php(36): CodeIgniter\Model->insert([...])
 9 APPPATH\Controllers\EventController.php(270): App\Models\Dataabsen->insertData([...])
10 SYSTEMPATH\CodeIgniter.php(902): App\Controllers\EventController->checkin('1817951669783880')
11 SYSTEMPATH\CodeIgniter.php(457): CodeIgniter\CodeIgniter->runController(Object(App\Controllers\EventController))
12 SYSTEMPATH\CodeIgniter.php(340): CodeIgniter\CodeIgniter->handleRequest(null, Object(Config\Cache), false)
13 FCPATH\index.php(67): CodeIgniter\CodeIgniter->run()
14 SYSTEMPATH\Commands\Server\rewrite.php(46): require_once('FCPATH\\index.php')
CRITICAL - 2023-01-25 14:41:20 --> Trying to access array offset on value of type null
in APPPATH\Controllers\EventController.php on line 49.
 1 APPPATH\Controllers\EventController.php(49): CodeIgniter\Debug\Exceptions->errorHandler(8, 'Trying to access array offset on value of type null', 'APPPATH\\Controllers\\EventController.php', 49, [...])
 2 SYSTEMPATH\CodeIgniter.php(902): App\Controllers\EventController->dataevent('js', 'demo', 'datatables-demo.js')
 3 SYSTEMPATH\CodeIgniter.php(457): CodeIgniter\CodeIgniter->runController(Object(App\Controllers\EventController))
 4 SYSTEMPATH\CodeIgniter.php(340): CodeIgniter\CodeIgniter->handleRequest(null, Object(Config\Cache), false)
 5 FCPATH\index.php(67): CodeIgniter\CodeIgniter->run()
 6 SYSTEMPATH\Commands\Server\rewrite.php(46): require_once('FCPATH\\index.php')
CRITICAL - 2023-01-25 15:06:03 --> Undefined index: nik
in APPPATH\Views\eventspage\detailevent.php on line 181.
 1 APPPATH\Views\eventspage\detailevent.php(181): CodeIgniter\Debug\Exceptions->errorHandler(8, 'Undefined index: nik', 'APPPATH\\Views\\eventspage\\detailevent.php', 181, [...])
 2 SYSTEMPATH\View\View.php(213): include('APPPATH\\Views\\eventspage\\detailevent.php')
 3 SYSTEMPATH\View\View.php(216): CodeIgniter\View\View->CodeIgniter\View\{closure}()
 4 SYSTEMPATH\Common.php(1142): CodeIgniter\View\View->render('eventspage/detailevent', [], true)
 5 APPPATH\Controllers\EventController.php(58): view('eventspage/detailevent', [...])
 6 SYSTEMPATH\CodeIgniter.php(902): App\Controllers\EventController->dataevent('1669783880')
 7 SYSTEMPATH\CodeIgniter.php(457): CodeIgniter\CodeIgniter->runController(Object(App\Controllers\EventController))
 8 SYSTEMPATH\CodeIgniter.php(340): CodeIgniter\CodeIgniter->handleRequest(null, Object(Config\Cache), false)
 9 FCPATH\index.php(67): CodeIgniter\CodeIgniter->run()
10 SYSTEMPATH\Commands\Server\rewrite.php(46): require_once('FCPATH\\index.php')
CRITICAL - 2023-01-25 15:06:55 --> Undefined index: nama
in APPPATH\Views\eventspage\detailevent.php on line 192.
 1 APPPATH\Views\eventspage\detailevent.php(192): CodeIgniter\Debug\Exceptions->errorHandler(8, 'Undefined index: nama', 'APPPATH\\Views\\eventspage\\detailevent.php', 192, [...])
 2 SYSTEMPATH\View\View.php(213): include('APPPATH\\Views\\eventspage\\detailevent.php')
 3 SYSTEMPATH\View\View.php(216): CodeIgniter\View\View->CodeIgniter\View\{closure}()
 4 SYSTEMPATH\Common.php(1142): CodeIgniter\View\View->render('eventspage/detailevent', [], true)
 5 APPPATH\Controllers\EventController.php(58): view('eventspage/detailevent', [...])
 6 SYSTEMPATH\CodeIgniter.php(902): App\Controllers\EventController->dataevent('1669783880')
 7 SYSTEMPATH\CodeIgniter.php(457): CodeIgniter\CodeIgniter->runController(Object(App\Controllers\EventController))
 8 SYSTEMPATH\CodeIgniter.php(340): CodeIgniter\CodeIgniter->handleRequest(null, Object(Config\Cache), false)
 9 FCPATH\index.php(67): CodeIgniter\CodeIgniter->run()
10 SYSTEMPATH\Commands\Server\rewrite.php(46): require_once('FCPATH\\index.php')
CRITICAL - 2023-01-25 15:07:07 --> Trying to access array offset on value of type null
in APPPATH\Controllers\EventController.php on line 50.
 1 APPPATH\Controllers\EventController.php(50): CodeIgniter\Debug\Exceptions->errorHandler(8, 'Trying to access array offset on value of type null', 'APPPATH\\Controllers\\EventController.php', 50, [...])
 2 SYSTEMPATH\CodeIgniter.php(902): App\Controllers\EventController->dataevent('js', 'demo', 'datatables-demo.js')
 3 SYSTEMPATH\CodeIgniter.php(457): CodeIgniter\CodeIgniter->runController(Object(App\Controllers\EventController))
 4 SYSTEMPATH\CodeIgniter.php(340): CodeIgniter\CodeIgniter->handleRequest(null, Object(Config\Cache), false)
 5 FCPATH\index.php(67): CodeIgniter\CodeIgniter->run()
 6 SYSTEMPATH\Commands\Server\rewrite.php(46): require_once('FCPATH\\index.php')
CRITICAL - 2023-01-25 15:25:55 --> Trying to access array offset on value of type null
in APPPATH\Controllers\EventController.php on line 50.
 1 APPPATH\Controllers\EventController.php(50): CodeIgniter\Debug\Exceptions->errorHandler(8, 'Trying to access array offset on value of type null', 'APPPATH\\Controllers\\EventController.php', 50, [...])
 2 SYSTEMPATH\CodeIgniter.php(902): App\Controllers\EventController->dataevent('js', 'demo', 'datatables-demo.js')
 3 SYSTEMPATH\CodeIgniter.php(457): CodeIgniter\CodeIgniter->runController(Object(App\Controllers\EventController))
 4 SYSTEMPATH\CodeIgniter.php(340): CodeIgniter\CodeIgniter->handleRequest(null, Object(Config\Cache), false)
 5 FCPATH\index.php(67): CodeIgniter\CodeIgniter->run()
 6 SYSTEMPATH\Commands\Server\rewrite.php(46): require_once('FCPATH\\index.php')
CRITICAL - 2023-01-25 15:28:37 --> Trying to access array offset on value of type null
in APPPATH\Controllers\EventController.php on line 50.
 1 APPPATH\Controllers\EventController.php(50): CodeIgniter\Debug\Exceptions->errorHandler(8, 'Trying to access array offset on value of type null', 'APPPATH\\Controllers\\EventController.php', 50, [...])
 2 SYSTEMPATH\CodeIgniter.php(902): App\Controllers\EventController->dataevent('js', 'demo', 'datatables-demo.js')
 3 SYSTEMPATH\CodeIgniter.php(457): CodeIgniter\CodeIgniter->runController(Object(App\Controllers\EventController))
 4 SYSTEMPATH\CodeIgniter.php(340): CodeIgniter\CodeIgniter->handleRequest(null, Object(Config\Cache), false)
 5 FCPATH\index.php(67): CodeIgniter\CodeIgniter->run()
 6 SYSTEMPATH\Commands\Server\rewrite.php(46): require_once('FCPATH\\index.php')
CRITICAL - 2023-01-25 16:21:25 --> Undefined index: jam
in APPPATH\Controllers\DynamicController.php on line 20.
 1 APPPATH\Controllers\DynamicController.php(20): CodeIgniter\Debug\Exceptions->errorHandler(8, 'Undefined index: jam', 'APPPATH\\Controllers\\DynamicController.php', 20, [...])
 2 SYSTEMPATH\CodeIgniter.php(902): App\Controllers\DynamicController->index()
 3 SYSTEMPATH\CodeIgniter.php(457): CodeIgniter\CodeIgniter->runController(Object(App\Controllers\DynamicController))
 4 SYSTEMPATH\CodeIgniter.php(340): CodeIgniter\CodeIgniter->handleRequest(null, Object(Config\Cache), false)
 5 FCPATH\index.php(67): CodeIgniter\CodeIgniter->run()
 6 SYSTEMPATH\Commands\Server\rewrite.php(46): require_once('FCPATH\\index.php')
