CRITICAL - 2022-11-13 11:08:24 --> Array to string conversion
in APPPATH\Controllers\EventController.php on line 55.
 1 APPPATH\Controllers\EventController.php(55): CodeIgniter\Debug\Exceptions->errorHandler(8, 'Array to string conversion', 'APPPATH\\Controllers\\EventController.php', 55, [...])
 2 SYSTEMPATH\CodeIgniter.php(902): App\Controllers\EventController->cekjam('2147483647')
 3 SYSTEMPATH\CodeIgniter.php(457): CodeIgniter\CodeIgniter->runController(Object(App\Controllers\EventController))
 4 SYSTEMPATH\CodeIgniter.php(340): CodeIgniter\CodeIgniter->handleRequest(null, Object(Config\Cache), false)
 5 FCPATH\index.php(67): CodeIgniter\CodeIgniter->run()
 6 SYSTEMPATH\Commands\Server\rewrite.php(46): require_once('FCPATH\\index.php')
CRITICAL - 2022-11-13 11:15:59 --> Call to a member function date_diff() on string
in APPPATH\Controllers\EventController.php on line 58.
 1 SYSTEMPATH\CodeIgniter.php(902): App\Controllers\EventController->cekjam('2147483647')
 2 SYSTEMPATH\CodeIgniter.php(457): CodeIgniter\CodeIgniter->runController(Object(App\Controllers\EventController))
 3 SYSTEMPATH\CodeIgniter.php(340): CodeIgniter\CodeIgniter->handleRequest(null, Object(Config\Cache), false)
 4 FCPATH\index.php(67): CodeIgniter\CodeIgniter->run()
 5 SYSTEMPATH\Commands\Server\rewrite.php(46): require_once('FCPATH\\index.php')
CRITICAL - 2022-11-13 11:17:07 --> Call to a member function diff() on string
in APPPATH\Controllers\EventController.php on line 58.
 1 SYSTEMPATH\CodeIgniter.php(902): App\Controllers\EventController->cekjam('2147483647')
 2 SYSTEMPATH\CodeIgniter.php(457): CodeIgniter\CodeIgniter->runController(Object(App\Controllers\EventController))
 3 SYSTEMPATH\CodeIgniter.php(340): CodeIgniter\CodeIgniter->handleRequest(null, Object(Config\Cache), false)
 4 FCPATH\index.php(67): CodeIgniter\CodeIgniter->run()
 5 SYSTEMPATH\Commands\Server\rewrite.php(46): require_once('FCPATH\\index.php')
CRITICAL - 2022-11-13 20:10:43 --> Call to a member function diff() on string
in APPPATH\Controllers\EventController.php on line 58.
 1 SYSTEMPATH\CodeIgniter.php(902): App\Controllers\EventController->cekjam('2147483647')
 2 SYSTEMPATH\CodeIgniter.php(457): CodeIgniter\CodeIgniter->runController(Object(App\Controllers\EventController))
 3 SYSTEMPATH\CodeIgniter.php(340): CodeIgniter\CodeIgniter->handleRequest(null, Object(Config\Cache), false)
 4 FCPATH\index.php(67): CodeIgniter\CodeIgniter->run()
 5 SYSTEMPATH\Commands\Server\rewrite.php(46): require_once('FCPATH\\index.php')
ERROR - 2022-11-13 22:29:27 --> mysqli_sql_exception: Duplicate entry '2147483647' for key 'PRIMARY' in C:\xampp\htdocs\imprtdata\vendor\codeigniter4\framework\system\Database\MySQLi\Connection.php:292
Stack trace:
#0 C:\xampp\htdocs\imprtdata\vendor\codeigniter4\framework\system\Database\MySQLi\Connection.php(292): mysqli->query('INSERT INTO `ev...', 0)
#1 C:\xampp\htdocs\imprtdata\vendor\codeigniter4\framework\system\Database\BaseConnection.php(693): CodeIgniter\Database\MySQLi\Connection->execute('INSERT INTO `ev...')
#2 C:\xampp\htdocs\imprtdata\vendor\codeigniter4\framework\system\Database\BaseConnection.php(620): CodeIgniter\Database\BaseConnection->simpleQuery('INSERT INTO `ev...')
#3 C:\xampp\htdocs\imprtdata\vendor\codeigniter4\framework\system\Database\BaseBuilder.php(1916): CodeIgniter\Database\BaseConnection->query('INSERT INTO `ev...', Array, false)
#4 C:\xampp\htdocs\imprtdata\app\Controllers\EventController.php(48): CodeIgniter\Database\BaseBuilder->insert(Array)
#5 C:\xampp\htdocs\imprtdata\vendor\codeigniter4\framework\system\CodeIgniter.php(902): App\Controllers\EventController->upload()
#6 C:\xampp\htdocs\imprtdata\vendor\codeigniter4\framework\system\CodeIgniter.php(457): CodeIgniter\CodeIgniter->runController(Object(App\Controllers\EventController))
#7 C:\xampp\htdocs\imprtdata\vendor\codeigniter4\framework\system\CodeIgniter.php(340): CodeIgniter\CodeIgniter->handleRequest(NULL, Object(Config\Cache), false)
#8 C:\xampp\htdocs\imprtdata\public\index.php(67): CodeIgniter\CodeIgniter->run()
#9 C:\xampp\htdocs\imprtdata\vendor\codeigniter4\framework\system\Commands\Server\rewrite.php(46): require_once('C:\\xampp\\htdocs...')
#10 {main}
CRITICAL - 2022-11-13 22:29:27 --> Duplicate entry '2147483647' for key 'PRIMARY'
in SYSTEMPATH\Database\MySQLi\Connection.php on line 292.
 1 SYSTEMPATH\Database\MySQLi\Connection.php(292): mysqli->query('INSERT INTO `event` (`id_event`, `nama`, `cat_event`, `speaker`, `tgl`, `jam`) VALUES (\'16684001676371c42756f370.99645657\', \'DWP\', \'leader talk value\', \'Fahri\', \'2022-11-14\', \'11:29\')', 0)
 2 SYSTEMPATH\Database\BaseConnection.php(693): CodeIgniter\Database\MySQLi\Connection->execute('INSERT INTO `event` (`id_event`, `nama`, `cat_event`, `speaker`, `tgl`, `jam`) VALUES (\'16684001676371c42756f370.99645657\', \'DWP\', \'leader talk value\', \'Fahri\', \'2022-11-14\', \'11:29\')')
 3 SYSTEMPATH\Database\BaseConnection.php(620): CodeIgniter\Database\BaseConnection->simpleQuery('INSERT INTO `event` (`id_event`, `nama`, `cat_event`, `speaker`, `tgl`, `jam`) VALUES (\'16684001676371c42756f370.99645657\', \'DWP\', \'leader talk value\', \'Fahri\', \'2022-11-14\', \'11:29\')')
 4 SYSTEMPATH\Database\BaseBuilder.php(1916): CodeIgniter\Database\BaseConnection->query('INSERT INTO `event` (`id_event`, `nama`, `cat_event`, `speaker`, `tgl`, `jam`) VALUES (:id_event:, :nama:, :cat_event:, :speaker:, :tgl:, :jam:)', [...], false)
 5 APPPATH\Controllers\EventController.php(48): CodeIgniter\Database\BaseBuilder->insert([...])
 6 SYSTEMPATH\CodeIgniter.php(902): App\Controllers\EventController->upload()
 7 SYSTEMPATH\CodeIgniter.php(457): CodeIgniter\CodeIgniter->runController(Object(App\Controllers\EventController))
 8 SYSTEMPATH\CodeIgniter.php(340): CodeIgniter\CodeIgniter->handleRequest(null, Object(Config\Cache), false)
 9 FCPATH\index.php(67): CodeIgniter\CodeIgniter->run()
10 SYSTEMPATH\Commands\Server\rewrite.php(46): require_once('FCPATH\\index.php')
ERROR - 2022-11-13 22:30:10 --> mysqli_sql_exception: Duplicate entry '2147483647' for key 'PRIMARY' in C:\xampp\htdocs\imprtdata\vendor\codeigniter4\framework\system\Database\MySQLi\Connection.php:292
Stack trace:
#0 C:\xampp\htdocs\imprtdata\vendor\codeigniter4\framework\system\Database\MySQLi\Connection.php(292): mysqli->query('INSERT INTO `ev...', 0)
#1 C:\xampp\htdocs\imprtdata\vendor\codeigniter4\framework\system\Database\BaseConnection.php(693): CodeIgniter\Database\MySQLi\Connection->execute('INSERT INTO `ev...')
#2 C:\xampp\htdocs\imprtdata\vendor\codeigniter4\framework\system\Database\BaseConnection.php(620): CodeIgniter\Database\BaseConnection->simpleQuery('INSERT INTO `ev...')
#3 C:\xampp\htdocs\imprtdata\vendor\codeigniter4\framework\system\Database\BaseBuilder.php(1916): CodeIgniter\Database\BaseConnection->query('INSERT INTO `ev...', Array, false)
#4 C:\xampp\htdocs\imprtdata\app\Controllers\EventController.php(48): CodeIgniter\Database\BaseBuilder->insert(Array)
#5 C:\xampp\htdocs\imprtdata\vendor\codeigniter4\framework\system\CodeIgniter.php(902): App\Controllers\EventController->upload()
#6 C:\xampp\htdocs\imprtdata\vendor\codeigniter4\framework\system\CodeIgniter.php(457): CodeIgniter\CodeIgniter->runController(Object(App\Controllers\EventController))
#7 C:\xampp\htdocs\imprtdata\vendor\codeigniter4\framework\system\CodeIgniter.php(340): CodeIgniter\CodeIgniter->handleRequest(NULL, Object(Config\Cache), false)
#8 C:\xampp\htdocs\imprtdata\public\index.php(67): CodeIgniter\CodeIgniter->run()
#9 C:\xampp\htdocs\imprtdata\vendor\codeigniter4\framework\system\Commands\Server\rewrite.php(46): require_once('C:\\xampp\\htdocs...')
#10 {main}
CRITICAL - 2022-11-13 22:30:10 --> Duplicate entry '2147483647' for key 'PRIMARY'
in SYSTEMPATH\Database\MySQLi\Connection.php on line 292.
 1 SYSTEMPATH\Database\MySQLi\Connection.php(292): mysqli->query('INSERT INTO `event` (`id_event`, `nama`, `cat_event`, `speaker`, `tgl`, `jam`) VALUES (\'16684002106371c452dad0d\', \'DWP\', \'leader talk value\', \'Fahri\', \'2022-11-14\', \'11:29\')', 0)
 2 SYSTEMPATH\Database\BaseConnection.php(693): CodeIgniter\Database\MySQLi\Connection->execute('INSERT INTO `event` (`id_event`, `nama`, `cat_event`, `speaker`, `tgl`, `jam`) VALUES (\'16684002106371c452dad0d\', \'DWP\', \'leader talk value\', \'Fahri\', \'2022-11-14\', \'11:29\')')
 3 SYSTEMPATH\Database\BaseConnection.php(620): CodeIgniter\Database\BaseConnection->simpleQuery('INSERT INTO `event` (`id_event`, `nama`, `cat_event`, `speaker`, `tgl`, `jam`) VALUES (\'16684002106371c452dad0d\', \'DWP\', \'leader talk value\', \'Fahri\', \'2022-11-14\', \'11:29\')')
 4 SYSTEMPATH\Database\BaseBuilder.php(1916): CodeIgniter\Database\BaseConnection->query('INSERT INTO `event` (`id_event`, `nama`, `cat_event`, `speaker`, `tgl`, `jam`) VALUES (:id_event:, :nama:, :cat_event:, :speaker:, :tgl:, :jam:)', [...], false)
 5 APPPATH\Controllers\EventController.php(48): CodeIgniter\Database\BaseBuilder->insert([...])
 6 SYSTEMPATH\CodeIgniter.php(902): App\Controllers\EventController->upload()
 7 SYSTEMPATH\CodeIgniter.php(457): CodeIgniter\CodeIgniter->runController(Object(App\Controllers\EventController))
 8 SYSTEMPATH\CodeIgniter.php(340): CodeIgniter\CodeIgniter->handleRequest(null, Object(Config\Cache), false)
 9 FCPATH\index.php(67): CodeIgniter\CodeIgniter->run()
10 SYSTEMPATH\Commands\Server\rewrite.php(46): require_once('FCPATH\\index.php')
