CRITICAL - 2022-11-29 12:36:27 --> Class 'App\Models\Dataprogramakhlak' not found
in APPPATH\Controllers\DynamicController.php on line 12.
 1 SYSTEMPATH\CodeIgniter.php(902): App\Controllers\DynamicController->index()
 2 SYSTEMPATH\CodeIgniter.php(457): CodeIgniter\CodeIgniter->runController(Object(App\Controllers\DynamicController))
 3 SYSTEMPATH\CodeIgniter.php(340): CodeIgniter\CodeIgniter->handleRequest(null, Object(Config\Cache), false)
 4 FCPATH\index.php(67): CodeIgniter\CodeIgniter->run()
 5 SYSTEMPATH\Commands\Server\rewrite.php(46): require_once('FCPATH\\index.php')
CRITICAL - 2022-11-29 12:38:55 --> Class 'App\Models\Dataprogramakhlak' not found
in APPPATH\Controllers\DynamicController.php on line 12.
 1 SYSTEMPATH\CodeIgniter.php(902): App\Controllers\DynamicController->index()
 2 SYSTEMPATH\CodeIgniter.php(457): CodeIgniter\CodeIgniter->runController(Object(App\Controllers\DynamicController))
 3 SYSTEMPATH\CodeIgniter.php(340): CodeIgniter\CodeIgniter->handleRequest(null, Object(Config\Cache), false)
 4 FCPATH\index.php(67): CodeIgniter\CodeIgniter->run()
 5 SYSTEMPATH\Commands\Server\rewrite.php(46): require_once('FCPATH\\index.php')
CRITICAL - 2022-11-29 12:43:49 --> Class 'App\Models\Dataprogramakhlak' not found
in APPPATH\Controllers\DynamicController.php on line 12.
 1 SYSTEMPATH\CodeIgniter.php(902): App\Controllers\DynamicController->index()
 2 SYSTEMPATH\CodeIgniter.php(457): CodeIgniter\CodeIgniter->runController(Object(App\Controllers\DynamicController))
 3 SYSTEMPATH\CodeIgniter.php(340): CodeIgniter\CodeIgniter->handleRequest(null, Object(Config\Cache), false)
 4 FCPATH\index.php(67): CodeIgniter\CodeIgniter->run()
 5 SYSTEMPATH\Commands\Server\rewrite.php(46): require_once('FCPATH\\index.php')
CRITICAL - 2022-11-29 12:45:35 --> Class 'App\Models\Dataprogramakhlak' not found
in APPPATH\Controllers\DynamicController.php on line 12.
 1 SYSTEMPATH\CodeIgniter.php(902): App\Controllers\DynamicController->index()
 2 SYSTEMPATH\CodeIgniter.php(457): CodeIgniter\CodeIgniter->runController(Object(App\Controllers\DynamicController))
 3 SYSTEMPATH\CodeIgniter.php(340): CodeIgniter\CodeIgniter->handleRequest(null, Object(Config\Cache), false)
 4 FCPATH\index.php(67): CodeIgniter\CodeIgniter->run()
 5 SYSTEMPATH\Commands\Server\rewrite.php(46): require_once('FCPATH\\index.php')
CRITICAL - 2022-11-29 12:45:38 --> Class 'App\Models\Dataprogramakhlak' not found
in APPPATH\Controllers\DynamicController.php on line 12.
 1 SYSTEMPATH\CodeIgniter.php(902): App\Controllers\DynamicController->index()
 2 SYSTEMPATH\CodeIgniter.php(457): CodeIgniter\CodeIgniter->runController(Object(App\Controllers\DynamicController))
 3 SYSTEMPATH\CodeIgniter.php(340): CodeIgniter\CodeIgniter->handleRequest(null, Object(Config\Cache), false)
 4 FCPATH\index.php(67): CodeIgniter\CodeIgniter->run()
 5 SYSTEMPATH\Commands\Server\rewrite.php(46): require_once('FCPATH\\index.php')
CRITICAL - 2022-11-29 12:47:43 --> Class 'App\Models\Dataprogramakhlak' not found
in APPPATH\Controllers\DynamicController.php on line 12.
 1 SYSTEMPATH\CodeIgniter.php(902): App\Controllers\DynamicController->index()
 2 SYSTEMPATH\CodeIgniter.php(457): CodeIgniter\CodeIgniter->runController(Object(App\Controllers\DynamicController))
 3 SYSTEMPATH\CodeIgniter.php(340): CodeIgniter\CodeIgniter->handleRequest(null, Object(Config\Cache), false)
 4 FCPATH\index.php(67): CodeIgniter\CodeIgniter->run()
 5 SYSTEMPATH\Commands\Server\rewrite.php(46): require_once('FCPATH\\index.php')
CRITICAL - 2022-11-29 12:48:51 --> Class 'App\Models\Dataprogramakhlak' not found
in APPPATH\Controllers\DynamicController.php on line 12.
 1 SYSTEMPATH\CodeIgniter.php(902): App\Controllers\DynamicController->index()
 2 SYSTEMPATH\CodeIgniter.php(457): CodeIgniter\CodeIgniter->runController(Object(App\Controllers\DynamicController))
 3 SYSTEMPATH\CodeIgniter.php(340): CodeIgniter\CodeIgniter->handleRequest(null, Object(Config\Cache), false)
 4 FCPATH\index.php(67): CodeIgniter\CodeIgniter->run()
 5 SYSTEMPATH\Commands\Server\rewrite.php(46): require_once('FCPATH\\index.php')
CRITICAL - 2022-11-29 12:50:07 --> Class 'App\Models\Dataprogramakhlak' not found
in APPPATH\Controllers\DynamicController.php on line 12.
 1 SYSTEMPATH\CodeIgniter.php(902): App\Controllers\DynamicController->index()
 2 SYSTEMPATH\CodeIgniter.php(457): CodeIgniter\CodeIgniter->runController(Object(App\Controllers\DynamicController))
 3 SYSTEMPATH\CodeIgniter.php(340): CodeIgniter\CodeIgniter->handleRequest(null, Object(Config\Cache), false)
 4 FCPATH\index.php(67): CodeIgniter\CodeIgniter->run()
 5 SYSTEMPATH\Commands\Server\rewrite.php(46): require_once('FCPATH\\index.php')
CRITICAL - 2022-11-29 12:50:12 --> Class 'App\Models\Dataprogramakhlak' not found
in APPPATH\Controllers\DynamicController.php on line 12.
 1 SYSTEMPATH\CodeIgniter.php(902): App\Controllers\DynamicController->index()
 2 SYSTEMPATH\CodeIgniter.php(457): CodeIgniter\CodeIgniter->runController(Object(App\Controllers\DynamicController))
 3 SYSTEMPATH\CodeIgniter.php(340): CodeIgniter\CodeIgniter->handleRequest(null, Object(Config\Cache), false)
 4 FCPATH\index.php(67): CodeIgniter\CodeIgniter->run()
 5 SYSTEMPATH\Commands\Server\rewrite.php(46): require_once('FCPATH\\index.php')
CRITICAL - 2022-11-29 13:44:40 --> Class 'App\Models\Dataprogramakhlak' not found
in APPPATH\Controllers\DynamicController.php on line 12.
 1 SYSTEMPATH\CodeIgniter.php(902): App\Controllers\DynamicController->index()
 2 SYSTEMPATH\CodeIgniter.php(457): CodeIgniter\CodeIgniter->runController(Object(App\Controllers\DynamicController))
 3 SYSTEMPATH\CodeIgniter.php(340): CodeIgniter\CodeIgniter->handleRequest(null, Object(Config\Cache), false)
 4 FCPATH\index.php(67): CodeIgniter\CodeIgniter->run()
 5 SYSTEMPATH\Commands\Server\rewrite.php(46): require_once('FCPATH\\index.php')
CRITICAL - 2022-11-29 13:47:07 --> Class 'App\Models\Dataprogramakhlak' not found
in APPPATH\Controllers\DynamicController.php on line 12.
 1 SYSTEMPATH\CodeIgniter.php(902): App\Controllers\DynamicController->index()
 2 SYSTEMPATH\CodeIgniter.php(457): CodeIgniter\CodeIgniter->runController(Object(App\Controllers\DynamicController))
 3 SYSTEMPATH\CodeIgniter.php(340): CodeIgniter\CodeIgniter->handleRequest(null, Object(Config\Cache), false)
 4 FCPATH\index.php(67): CodeIgniter\CodeIgniter->run()
 5 SYSTEMPATH\Commands\Server\rewrite.php(46): require_once('FCPATH\\index.php')
CRITICAL - 2022-11-29 13:48:24 --> Class 'App\Models\Dataprogramakhlak' not found
in APPPATH\Controllers\DynamicController.php on line 12.
 1 SYSTEMPATH\CodeIgniter.php(902): App\Controllers\DynamicController->index()
 2 SYSTEMPATH\CodeIgniter.php(457): CodeIgniter\CodeIgniter->runController(Object(App\Controllers\DynamicController))
 3 SYSTEMPATH\CodeIgniter.php(340): CodeIgniter\CodeIgniter->handleRequest(null, Object(Config\Cache), false)
 4 FCPATH\index.php(67): CodeIgniter\CodeIgniter->run()
 5 SYSTEMPATH\Commands\Server\rewrite.php(46): require_once('FCPATH\\index.php')
CRITICAL - 2022-11-29 13:48:26 --> Class 'App\Models\Dataprogramakhlak' not found
in APPPATH\Controllers\DynamicController.php on line 12.
 1 SYSTEMPATH\CodeIgniter.php(902): App\Controllers\DynamicController->index()
 2 SYSTEMPATH\CodeIgniter.php(457): CodeIgniter\CodeIgniter->runController(Object(App\Controllers\DynamicController))
 3 SYSTEMPATH\CodeIgniter.php(340): CodeIgniter\CodeIgniter->handleRequest(null, Object(Config\Cache), false)
 4 FCPATH\index.php(67): CodeIgniter\CodeIgniter->run()
 5 SYSTEMPATH\Commands\Server\rewrite.php(46): require_once('FCPATH\\index.php')
CRITICAL - 2022-11-29 13:48:26 --> Class 'App\Models\Dataprogramakhlak' not found
in APPPATH\Controllers\DynamicController.php on line 12.
 1 SYSTEMPATH\CodeIgniter.php(902): App\Controllers\DynamicController->index()
 2 SYSTEMPATH\CodeIgniter.php(457): CodeIgniter\CodeIgniter->runController(Object(App\Controllers\DynamicController))
 3 SYSTEMPATH\CodeIgniter.php(340): CodeIgniter\CodeIgniter->handleRequest(null, Object(Config\Cache), false)
 4 FCPATH\index.php(67): CodeIgniter\CodeIgniter->run()
 5 SYSTEMPATH\Commands\Server\rewrite.php(46): require_once('FCPATH\\index.php')
CRITICAL - 2022-11-29 13:48:27 --> Class 'App\Models\Dataprogramakhlak' not found
in APPPATH\Controllers\DynamicController.php on line 12.
 1 SYSTEMPATH\CodeIgniter.php(902): App\Controllers\DynamicController->index()
 2 SYSTEMPATH\CodeIgniter.php(457): CodeIgniter\CodeIgniter->runController(Object(App\Controllers\DynamicController))
 3 SYSTEMPATH\CodeIgniter.php(340): CodeIgniter\CodeIgniter->handleRequest(null, Object(Config\Cache), false)
 4 FCPATH\index.php(67): CodeIgniter\CodeIgniter->run()
 5 SYSTEMPATH\Commands\Server\rewrite.php(46): require_once('FCPATH\\index.php')
CRITICAL - 2022-11-29 13:48:28 --> Class 'App\Models\Dataprogramakhlak' not found
in APPPATH\Controllers\DynamicController.php on line 12.
 1 SYSTEMPATH\CodeIgniter.php(902): App\Controllers\DynamicController->index()
 2 SYSTEMPATH\CodeIgniter.php(457): CodeIgniter\CodeIgniter->runController(Object(App\Controllers\DynamicController))
 3 SYSTEMPATH\CodeIgniter.php(340): CodeIgniter\CodeIgniter->handleRequest(null, Object(Config\Cache), false)
 4 FCPATH\index.php(67): CodeIgniter\CodeIgniter->run()
 5 SYSTEMPATH\Commands\Server\rewrite.php(46): require_once('FCPATH\\index.php')
CRITICAL - 2022-11-29 13:48:28 --> Class 'App\Models\Dataprogramakhlak' not found
in APPPATH\Controllers\DynamicController.php on line 12.
 1 SYSTEMPATH\CodeIgniter.php(902): App\Controllers\DynamicController->index()
 2 SYSTEMPATH\CodeIgniter.php(457): CodeIgniter\CodeIgniter->runController(Object(App\Controllers\DynamicController))
 3 SYSTEMPATH\CodeIgniter.php(340): CodeIgniter\CodeIgniter->handleRequest(null, Object(Config\Cache), false)
 4 FCPATH\index.php(67): CodeIgniter\CodeIgniter->run()
 5 SYSTEMPATH\Commands\Server\rewrite.php(46): require_once('FCPATH\\index.php')
CRITICAL - 2022-11-29 13:48:29 --> Class 'App\Models\Dataprogramakhlak' not found
in APPPATH\Controllers\DynamicController.php on line 12.
 1 SYSTEMPATH\CodeIgniter.php(902): App\Controllers\DynamicController->index()
 2 SYSTEMPATH\CodeIgniter.php(457): CodeIgniter\CodeIgniter->runController(Object(App\Controllers\DynamicController))
 3 SYSTEMPATH\CodeIgniter.php(340): CodeIgniter\CodeIgniter->handleRequest(null, Object(Config\Cache), false)
 4 FCPATH\index.php(67): CodeIgniter\CodeIgniter->run()
 5 SYSTEMPATH\Commands\Server\rewrite.php(46): require_once('FCPATH\\index.php')
CRITICAL - 2022-11-29 13:48:29 --> Class 'App\Models\Dataprogramakhlak' not found
in APPPATH\Controllers\DynamicController.php on line 12.
 1 SYSTEMPATH\CodeIgniter.php(902): App\Controllers\DynamicController->index()
 2 SYSTEMPATH\CodeIgniter.php(457): CodeIgniter\CodeIgniter->runController(Object(App\Controllers\DynamicController))
 3 SYSTEMPATH\CodeIgniter.php(340): CodeIgniter\CodeIgniter->handleRequest(null, Object(Config\Cache), false)
 4 FCPATH\index.php(67): CodeIgniter\CodeIgniter->run()
 5 SYSTEMPATH\Commands\Server\rewrite.php(46): require_once('FCPATH\\index.php')
CRITICAL - 2022-11-29 13:50:20 --> Class 'App\Models\Dataprogramakhlak' not found
in APPPATH\Controllers\DynamicController.php on line 12.
 1 SYSTEMPATH\CodeIgniter.php(902): App\Controllers\DynamicController->index()
 2 SYSTEMPATH\CodeIgniter.php(457): CodeIgniter\CodeIgniter->runController(Object(App\Controllers\DynamicController))
 3 SYSTEMPATH\CodeIgniter.php(340): CodeIgniter\CodeIgniter->handleRequest(null, Object(Config\Cache), false)
 4 FCPATH\index.php(67): CodeIgniter\CodeIgniter->run()
 5 SYSTEMPATH\Commands\Server\rewrite.php(46): require_once('FCPATH\\index.php')
CRITICAL - 2022-11-29 13:51:24 --> Class 'App\Models\DataProgramAkhlak' not found
in APPPATH\Controllers\DynamicController.php on line 12.
 1 SYSTEMPATH\CodeIgniter.php(902): App\Controllers\DynamicController->index()
 2 SYSTEMPATH\CodeIgniter.php(457): CodeIgniter\CodeIgniter->runController(Object(App\Controllers\DynamicController))
 3 SYSTEMPATH\CodeIgniter.php(340): CodeIgniter\CodeIgniter->handleRequest(null, Object(Config\Cache), false)
 4 FCPATH\index.php(67): CodeIgniter\CodeIgniter->run()
 5 SYSTEMPATH\Commands\Server\rewrite.php(46): require_once('FCPATH\\index.php')
CRITICAL - 2022-11-29 13:51:26 --> Class 'App\Models\DataProgramAkhlak' not found
in APPPATH\Controllers\DynamicController.php on line 12.
 1 SYSTEMPATH\CodeIgniter.php(902): App\Controllers\DynamicController->index()
 2 SYSTEMPATH\CodeIgniter.php(457): CodeIgniter\CodeIgniter->runController(Object(App\Controllers\DynamicController))
 3 SYSTEMPATH\CodeIgniter.php(340): CodeIgniter\CodeIgniter->handleRequest(null, Object(Config\Cache), false)
 4 FCPATH\index.php(67): CodeIgniter\CodeIgniter->run()
 5 SYSTEMPATH\Commands\Server\rewrite.php(46): require_once('FCPATH\\index.php')
CRITICAL - 2022-11-29 13:51:26 --> Class 'App\Models\DataProgramAkhlak' not found
in APPPATH\Controllers\DynamicController.php on line 12.
 1 SYSTEMPATH\CodeIgniter.php(902): App\Controllers\DynamicController->index()
 2 SYSTEMPATH\CodeIgniter.php(457): CodeIgniter\CodeIgniter->runController(Object(App\Controllers\DynamicController))
 3 SYSTEMPATH\CodeIgniter.php(340): CodeIgniter\CodeIgniter->handleRequest(null, Object(Config\Cache), false)
 4 FCPATH\index.php(67): CodeIgniter\CodeIgniter->run()
 5 SYSTEMPATH\Commands\Server\rewrite.php(46): require_once('FCPATH\\index.php')
ERROR - 2022-11-29 13:53:31 --> mysqli_sql_exception: Unknown column 'nama' in 'order clause' in C:\xampp\htdocs\imprtdata\vendor\codeigniter4\framework\system\Database\MySQLi\Connection.php:292
Stack trace:
#0 C:\xampp\htdocs\imprtdata\vendor\codeigniter4\framework\system\Database\MySQLi\Connection.php(292): mysqli->query('SELECT *\nFROM `...', 0)
#1 C:\xampp\htdocs\imprtdata\vendor\codeigniter4\framework\system\Database\BaseConnection.php(693): CodeIgniter\Database\MySQLi\Connection->execute('SELECT *\nFROM `...')
#2 C:\xampp\htdocs\imprtdata\vendor\codeigniter4\framework\system\Database\BaseConnection.php(620): CodeIgniter\Database\BaseConnection->simpleQuery('SELECT *\nFROM `...')
#3 C:\xampp\htdocs\imprtdata\vendor\codeigniter4\framework\system\Database\BaseBuilder.php(1585): CodeIgniter\Database\BaseConnection->query('SELECT *\nFROM `...', Array, false)
#4 C:\xampp\htdocs\imprtdata\vendor\codeigniter4\framework\system\Model.php(223): CodeIgniter\Database\BaseBuilder->get()
#5 C:\xampp\htdocs\imprtdata\vendor\codeigniter4\framework\system\BaseModel.php(584): CodeIgniter\Model->doFindAll(0, 0)
#6 C:\xampp\htdocs\imprtdata\app\Models\DataProgramAkhlak.php(13): CodeIgniter\BaseModel->findAll()
#7 C:\xampp\htdocs\imprtdata\app\Controllers\DynamicController.php(13): App\Models\DataProgramAkhlak->getAllData()
#8 C:\xampp\htdocs\imprtdata\vendor\codeigniter4\framework\system\CodeIgniter.php(902): App\Controllers\DynamicController->index()
#9 C:\xampp\htdocs\imprtdata\vendor\codeigniter4\framework\system\CodeIgniter.php(457): CodeIgniter\CodeIgniter->runController(Object(App\Controllers\DynamicController))
#10 C:\xampp\htdocs\imprtdata\vendor\codeigniter4\framework\system\CodeIgniter.php(340): CodeIgniter\CodeIgniter->handleRequest(NULL, Object(Config\Cache), false)
#11 C:\xampp\htdocs\imprtdata\public\index.php(67): CodeIgniter\CodeIgniter->run()
#12 C:\xampp\htdocs\imprtdata\vendor\codeigniter4\framework\system\Commands\Server\rewrite.php(46): require_once('C:\\xampp\\htdocs...')
#13 {main}
CRITICAL - 2022-11-29 13:53:31 --> Unknown column 'nama' in 'order clause'
in SYSTEMPATH\Database\MySQLi\Connection.php on line 292.
 1 SYSTEMPATH\Database\MySQLi\Connection.php(292): mysqli->query('SELECT *
FROM `programakhlak`
ORDER BY `nama` ASC', 0)
 2 SYSTEMPATH\Database\BaseConnection.php(693): CodeIgniter\Database\MySQLi\Connection->execute('SELECT *
FROM `programakhlak`
ORDER BY `nama` ASC')
 3 SYSTEMPATH\Database\BaseConnection.php(620): CodeIgniter\Database\BaseConnection->simpleQuery('SELECT *
FROM `programakhlak`
ORDER BY `nama` ASC')
 4 SYSTEMPATH\Database\BaseBuilder.php(1585): CodeIgniter\Database\BaseConnection->query('SELECT *
FROM `programakhlak`
ORDER BY `nama` ASC', [], false)
 5 SYSTEMPATH\Model.php(223): CodeIgniter\Database\BaseBuilder->get()
 6 SYSTEMPATH\BaseModel.php(584): CodeIgniter\Model->doFindAll(0, 0)
 7 APPPATH\Models\DataProgramAkhlak.php(13): CodeIgniter\BaseModel->findAll()
 8 APPPATH\Controllers\DynamicController.php(13): App\Models\DataProgramAkhlak->getAllData()
 9 SYSTEMPATH\CodeIgniter.php(902): App\Controllers\DynamicController->index()
10 SYSTEMPATH\CodeIgniter.php(457): CodeIgniter\CodeIgniter->runController(Object(App\Controllers\DynamicController))
11 SYSTEMPATH\CodeIgniter.php(340): CodeIgniter\CodeIgniter->handleRequest(null, Object(Config\Cache), false)
12 FCPATH\index.php(67): CodeIgniter\CodeIgniter->run()
13 SYSTEMPATH\Commands\Server\rewrite.php(46): require_once('FCPATH\\index.php')
CRITICAL - 2022-11-29 13:56:46 --> Call to undefined method App\Models\DataProgramAkhlak::getByAkhlak
in SYSTEMPATH\Model.php on line 774.
 1 APPPATH\Controllers\DynamicController.php(13): CodeIgniter\Model->__call('getByAkhlak', [...])
 2 SYSTEMPATH\CodeIgniter.php(902): App\Controllers\DynamicController->index()
 3 SYSTEMPATH\CodeIgniter.php(457): CodeIgniter\CodeIgniter->runController(Object(App\Controllers\DynamicController))
 4 SYSTEMPATH\CodeIgniter.php(340): CodeIgniter\CodeIgniter->handleRequest(null, Object(Config\Cache), false)
 5 FCPATH\index.php(67): CodeIgniter\CodeIgniter->run()
 6 SYSTEMPATH\Commands\Server\rewrite.php(46): require_once('FCPATH\\index.php')
CRITICAL - 2022-11-29 13:56:56 --> Call to undefined method App\Models\DataProgramAkhlak::getByAkhlak
in SYSTEMPATH\Model.php on line 774.
 1 APPPATH\Controllers\DynamicController.php(13): CodeIgniter\Model->__call('getByAkhlak', [...])
 2 SYSTEMPATH\CodeIgniter.php(902): App\Controllers\DynamicController->index()
 3 SYSTEMPATH\CodeIgniter.php(457): CodeIgniter\CodeIgniter->runController(Object(App\Controllers\DynamicController))
 4 SYSTEMPATH\CodeIgniter.php(340): CodeIgniter\CodeIgniter->handleRequest(null, Object(Config\Cache), false)
 5 FCPATH\index.php(67): CodeIgniter\CodeIgniter->run()
 6 SYSTEMPATH\Commands\Server\rewrite.php(46): require_once('FCPATH\\index.php')
CRITICAL - 2022-11-29 13:57:21 --> Call to undefined method App\Models\DataProgramAkhlak::getByAkhlak
in SYSTEMPATH\Model.php on line 774.
 1 APPPATH\Controllers\DynamicController.php(14): CodeIgniter\Model->__call('getByAkhlak', [...])
 2 SYSTEMPATH\CodeIgniter.php(902): App\Controllers\DynamicController->index()
 3 SYSTEMPATH\CodeIgniter.php(457): CodeIgniter\CodeIgniter->runController(Object(App\Controllers\DynamicController))
 4 SYSTEMPATH\CodeIgniter.php(340): CodeIgniter\CodeIgniter->handleRequest(null, Object(Config\Cache), false)
 5 FCPATH\index.php(67): CodeIgniter\CodeIgniter->run()
 6 SYSTEMPATH\Commands\Server\rewrite.php(46): require_once('FCPATH\\index.php')
CRITICAL - 2022-11-29 13:57:24 --> Call to undefined method App\Models\DataProgramAkhlak::getByAkhlak
in SYSTEMPATH\Model.php on line 774.
 1 APPPATH\Controllers\DynamicController.php(14): CodeIgniter\Model->__call('getByAkhlak', [...])
 2 SYSTEMPATH\CodeIgniter.php(902): App\Controllers\DynamicController->index()
 3 SYSTEMPATH\CodeIgniter.php(457): CodeIgniter\CodeIgniter->runController(Object(App\Controllers\DynamicController))
 4 SYSTEMPATH\CodeIgniter.php(340): CodeIgniter\CodeIgniter->handleRequest(null, Object(Config\Cache), false)
 5 FCPATH\index.php(67): CodeIgniter\CodeIgniter->run()
 6 SYSTEMPATH\Commands\Server\rewrite.php(46): require_once('FCPATH\\index.php')
CRITICAL - 2022-11-29 13:57:24 --> Call to undefined method App\Models\DataProgramAkhlak::getByAkhlak
in SYSTEMPATH\Model.php on line 774.
 1 APPPATH\Controllers\DynamicController.php(14): CodeIgniter\Model->__call('getByAkhlak', [...])
 2 SYSTEMPATH\CodeIgniter.php(902): App\Controllers\DynamicController->index()
 3 SYSTEMPATH\CodeIgniter.php(457): CodeIgniter\CodeIgniter->runController(Object(App\Controllers\DynamicController))
 4 SYSTEMPATH\CodeIgniter.php(340): CodeIgniter\CodeIgniter->handleRequest(null, Object(Config\Cache), false)
 5 FCPATH\index.php(67): CodeIgniter\CodeIgniter->run()
 6 SYSTEMPATH\Commands\Server\rewrite.php(46): require_once('FCPATH\\index.php')
CRITICAL - 2022-11-29 13:57:25 --> Call to undefined method App\Models\DataProgramAkhlak::getByAkhlak
in SYSTEMPATH\Model.php on line 774.
 1 APPPATH\Controllers\DynamicController.php(14): CodeIgniter\Model->__call('getByAkhlak', [...])
 2 SYSTEMPATH\CodeIgniter.php(902): App\Controllers\DynamicController->index()
 3 SYSTEMPATH\CodeIgniter.php(457): CodeIgniter\CodeIgniter->runController(Object(App\Controllers\DynamicController))
 4 SYSTEMPATH\CodeIgniter.php(340): CodeIgniter\CodeIgniter->handleRequest(null, Object(Config\Cache), false)
 5 FCPATH\index.php(67): CodeIgniter\CodeIgniter->run()
 6 SYSTEMPATH\Commands\Server\rewrite.php(46): require_once('FCPATH\\index.php')
CRITICAL - 2022-11-29 15:57:08 --> Trying to access array offset on value of type null
in APPPATH\Controllers\EventController.php on line 44.
 1 APPPATH\Controllers\EventController.php(44): CodeIgniter\Debug\Exceptions->errorHandler(8, 'Trying to access array offset on value of type null', 'APPPATH\\Controllers\\EventController.php', 44, [...])
 2 SYSTEMPATH\CodeIgniter.php(902): App\Controllers\EventController->dataevent('js', 'demo', 'datatables-demo.js')
 3 SYSTEMPATH\CodeIgniter.php(457): CodeIgniter\CodeIgniter->runController(Object(App\Controllers\EventController))
 4 SYSTEMPATH\CodeIgniter.php(340): CodeIgniter\CodeIgniter->handleRequest(null, Object(Config\Cache), false)
 5 FCPATH\index.php(67): CodeIgniter\CodeIgniter->run()
 6 SYSTEMPATH\Commands\Server\rewrite.php(46): require_once('FCPATH\\index.php')
CRITICAL - 2022-11-29 15:58:11 --> Trying to access array offset on value of type null
in APPPATH\Controllers\EventController.php on line 44.
 1 APPPATH\Controllers\EventController.php(44): CodeIgniter\Debug\Exceptions->errorHandler(8, 'Trying to access array offset on value of type null', 'APPPATH\\Controllers\\EventController.php', 44, [...])
 2 SYSTEMPATH\CodeIgniter.php(902): App\Controllers\EventController->dataevent('js', 'demo', 'datatables-demo.js')
 3 SYSTEMPATH\CodeIgniter.php(457): CodeIgniter\CodeIgniter->runController(Object(App\Controllers\EventController))
 4 SYSTEMPATH\CodeIgniter.php(340): CodeIgniter\CodeIgniter->handleRequest(null, Object(Config\Cache), false)
 5 FCPATH\index.php(67): CodeIgniter\CodeIgniter->run()
 6 SYSTEMPATH\Commands\Server\rewrite.php(46): require_once('FCPATH\\index.php')
CRITICAL - 2022-11-29 16:25:11 --> Trying to access array offset on value of type null
in APPPATH\Controllers\EventController.php on line 44.
 1 APPPATH\Controllers\EventController.php(44): CodeIgniter\Debug\Exceptions->errorHandler(8, 'Trying to access array offset on value of type null', 'APPPATH\\Controllers\\EventController.php', 44, [...])
 2 SYSTEMPATH\CodeIgniter.php(902): App\Controllers\EventController->dataevent('js', 'demo', 'datatables-demo.js')
 3 SYSTEMPATH\CodeIgniter.php(457): CodeIgniter\CodeIgniter->runController(Object(App\Controllers\EventController))
 4 SYSTEMPATH\CodeIgniter.php(340): CodeIgniter\CodeIgniter->handleRequest(null, Object(Config\Cache), false)
 5 FCPATH\index.php(67): CodeIgniter\CodeIgniter->run()
 6 SYSTEMPATH\Commands\Server\rewrite.php(46): require_once('FCPATH\\index.php')
CRITICAL - 2022-11-29 17:03:16 --> Undefined variable: cat_akhlak
in APPPATH\Controllers\EventController.php on line 87.
 1 APPPATH\Controllers\EventController.php(87): CodeIgniter\Debug\Exceptions->errorHandler(8, 'Undefined variable: cat_akhlak', 'APPPATH\\Controllers\\EventController.php', 87, [...])
 2 SYSTEMPATH\CodeIgniter.php(902): App\Controllers\EventController->upload()
 3 SYSTEMPATH\CodeIgniter.php(457): CodeIgniter\CodeIgniter->runController(Object(App\Controllers\EventController))
 4 SYSTEMPATH\CodeIgniter.php(340): CodeIgniter\CodeIgniter->handleRequest(null, Object(Config\Cache), false)
 5 FCPATH\index.php(67): CodeIgniter\CodeIgniter->run()
 6 SYSTEMPATH\Commands\Server\rewrite.php(46): require_once('FCPATH\\index.php')
CRITICAL - 2022-11-29 17:10:27 --> Trying to access array offset on value of type null
in APPPATH\Controllers\EventController.php on line 44.
 1 APPPATH\Controllers\EventController.php(44): CodeIgniter\Debug\Exceptions->errorHandler(8, 'Trying to access array offset on value of type null', 'APPPATH\\Controllers\\EventController.php', 44, [...])
 2 SYSTEMPATH\CodeIgniter.php(902): App\Controllers\EventController->dataevent('js', 'demo', 'datatables-demo.js')
 3 SYSTEMPATH\CodeIgniter.php(457): CodeIgniter\CodeIgniter->runController(Object(App\Controllers\EventController))
 4 SYSTEMPATH\CodeIgniter.php(340): CodeIgniter\CodeIgniter->handleRequest(null, Object(Config\Cache), false)
 5 FCPATH\index.php(67): CodeIgniter\CodeIgniter->run()
 6 SYSTEMPATH\Commands\Server\rewrite.php(46): require_once('FCPATH\\index.php')
