CRITICAL - 2023-01-17 09:21:57 --> Trying to access array offset on value of type null
in APPPATH\Controllers\EventController.php on line 48.
 1 APPPATH\Controllers\EventController.php(48): CodeIgniter\Debug\Exceptions->errorHandler(8, 'Trying to access array offset on value of type null', 'APPPATH\\Controllers\\EventController.php', 48, [...])
 2 SYSTEMPATH\CodeIgniter.php(902): App\Controllers\EventController->dataevent('js', 'demo', 'datatables-demo.js')
 3 SYSTEMPATH\CodeIgniter.php(457): CodeIgniter\CodeIgniter->runController(Object(App\Controllers\EventController))
 4 SYSTEMPATH\CodeIgniter.php(340): CodeIgniter\CodeIgniter->handleRequest(null, Object(Config\Cache), false)
 5 FCPATH\index.php(67): CodeIgniter\CodeIgniter->run()
 6 SYSTEMPATH\Commands\Server\rewrite.php(46): require_once('FCPATH\\index.php')
CRITICAL - 2023-01-17 09:25:17 --> Trying to access array offset on value of type null
in APPPATH\Views\themplatesuratpage\editthemplate.php on line 77.
 1 APPPATH\Views\themplatesuratpage\editthemplate.php(77): CodeIgniter\Debug\Exceptions->errorHandler(8, 'Trying to access array offset on value of type null', 'APPPATH\\Views\\themplatesuratpage\\editthemplate.php', 77, [...])
 2 SYSTEMPATH\View\View.php(213): include('APPPATH\\Views\\themplatesuratpage\\editthemplate.php')
 3 SYSTEMPATH\View\View.php(216): CodeIgniter\View\View->CodeIgniter\View\{closure}()
 4 SYSTEMPATH\Common.php(1142): CodeIgniter\View\View->render('themplatesuratpage/editthemplate', [], true)
 5 APPPATH\Controllers\ThemplateController.php(76): view('themplatesuratpage/editthemplate', [...])
 6 SYSTEMPATH\CodeIgniter.php(902): App\Controllers\ThemplateController->editthemplate('js', 'demo', 'datatables-demo.js')
 7 SYSTEMPATH\CodeIgniter.php(457): CodeIgniter\CodeIgniter->runController(Object(App\Controllers\ThemplateController))
 8 SYSTEMPATH\CodeIgniter.php(340): CodeIgniter\CodeIgniter->handleRequest(null, Object(Config\Cache), false)
 9 FCPATH\index.php(67): CodeIgniter\CodeIgniter->run()
10 SYSTEMPATH\Commands\Server\rewrite.php(46): require_once('FCPATH\\index.php')
CRITICAL - 2023-01-17 09:25:56 --> Trying to access array offset on value of type null
in APPPATH\Views\themplatesuratpage\editthemplate.php on line 77.
 1 APPPATH\Views\themplatesuratpage\editthemplate.php(77): CodeIgniter\Debug\Exceptions->errorHandler(8, 'Trying to access array offset on value of type null', 'APPPATH\\Views\\themplatesuratpage\\editthemplate.php', 77, [...])
 2 SYSTEMPATH\View\View.php(213): include('APPPATH\\Views\\themplatesuratpage\\editthemplate.php')
 3 SYSTEMPATH\View\View.php(216): CodeIgniter\View\View->CodeIgniter\View\{closure}()
 4 SYSTEMPATH\Common.php(1142): CodeIgniter\View\View->render('themplatesuratpage/editthemplate', [], true)
 5 APPPATH\Controllers\ThemplateController.php(76): view('themplatesuratpage/editthemplate', [...])
 6 SYSTEMPATH\CodeIgniter.php(902): App\Controllers\ThemplateController->editthemplate('js', 'demo', 'datatables-demo.js')
 7 SYSTEMPATH\CodeIgniter.php(457): CodeIgniter\CodeIgniter->runController(Object(App\Controllers\ThemplateController))
 8 SYSTEMPATH\CodeIgniter.php(340): CodeIgniter\CodeIgniter->handleRequest(null, Object(Config\Cache), false)
 9 FCPATH\index.php(67): CodeIgniter\CodeIgniter->run()
10 SYSTEMPATH\Commands\Server\rewrite.php(46): require_once('FCPATH\\index.php')
CRITICAL - 2023-01-17 09:40:58 --> Trying to access array offset on value of type null
in APPPATH\Views\themplatesuratpage\editthemplate.php on line 73.
 1 APPPATH\Views\themplatesuratpage\editthemplate.php(73): CodeIgniter\Debug\Exceptions->errorHandler(8, 'Trying to access array offset on value of type null', 'APPPATH\\Views\\themplatesuratpage\\editthemplate.php', 73, [...])
 2 SYSTEMPATH\View\View.php(213): include('APPPATH\\Views\\themplatesuratpage\\editthemplate.php')
 3 SYSTEMPATH\View\View.php(216): CodeIgniter\View\View->CodeIgniter\View\{closure}()
 4 SYSTEMPATH\Common.php(1142): CodeIgniter\View\View->render('themplatesuratpage/editthemplate', [], true)
 5 APPPATH\Controllers\ThemplateController.php(76): view('themplatesuratpage/editthemplate', [...])
 6 SYSTEMPATH\CodeIgniter.php(902): App\Controllers\ThemplateController->editthemplate('js', 'demo', 'datatables-demo.js')
 7 SYSTEMPATH\CodeIgniter.php(457): CodeIgniter\CodeIgniter->runController(Object(App\Controllers\ThemplateController))
 8 SYSTEMPATH\CodeIgniter.php(340): CodeIgniter\CodeIgniter->handleRequest(null, Object(Config\Cache), false)
 9 FCPATH\index.php(67): CodeIgniter\CodeIgniter->run()
10 SYSTEMPATH\Commands\Server\rewrite.php(46): require_once('FCPATH\\index.php')
CRITICAL - 2023-01-17 09:43:01 --> Trying to access array offset on value of type null
in APPPATH\Views\themplatesuratpage\editthemplate.php on line 73.
 1 APPPATH\Views\themplatesuratpage\editthemplate.php(73): CodeIgniter\Debug\Exceptions->errorHandler(8, 'Trying to access array offset on value of type null', 'APPPATH\\Views\\themplatesuratpage\\editthemplate.php', 73, [...])
 2 SYSTEMPATH\View\View.php(213): include('APPPATH\\Views\\themplatesuratpage\\editthemplate.php')
 3 SYSTEMPATH\View\View.php(216): CodeIgniter\View\View->CodeIgniter\View\{closure}()
 4 SYSTEMPATH\Common.php(1142): CodeIgniter\View\View->render('themplatesuratpage/editthemplate', [], true)
 5 APPPATH\Controllers\ThemplateController.php(76): view('themplatesuratpage/editthemplate', [...])
 6 SYSTEMPATH\CodeIgniter.php(902): App\Controllers\ThemplateController->editthemplate('js', 'demo', 'datatables-demo.js')
 7 SYSTEMPATH\CodeIgniter.php(457): CodeIgniter\CodeIgniter->runController(Object(App\Controllers\ThemplateController))
 8 SYSTEMPATH\CodeIgniter.php(340): CodeIgniter\CodeIgniter->handleRequest(null, Object(Config\Cache), false)
 9 FCPATH\index.php(67): CodeIgniter\CodeIgniter->run()
10 SYSTEMPATH\Commands\Server\rewrite.php(46): require_once('FCPATH\\index.php')
CRITICAL - 2023-01-17 09:45:39 --> Trying to access array offset on value of type null
in APPPATH\Views\themplatesuratpage\editthemplate.php on line 73.
 1 APPPATH\Views\themplatesuratpage\editthemplate.php(73): CodeIgniter\Debug\Exceptions->errorHandler(8, 'Trying to access array offset on value of type null', 'APPPATH\\Views\\themplatesuratpage\\editthemplate.php', 73, [...])
 2 SYSTEMPATH\View\View.php(213): include('APPPATH\\Views\\themplatesuratpage\\editthemplate.php')
 3 SYSTEMPATH\View\View.php(216): CodeIgniter\View\View->CodeIgniter\View\{closure}()
 4 SYSTEMPATH\Common.php(1142): CodeIgniter\View\View->render('themplatesuratpage/editthemplate', [], true)
 5 APPPATH\Controllers\ThemplateController.php(76): view('themplatesuratpage/editthemplate', [...])
 6 SYSTEMPATH\CodeIgniter.php(902): App\Controllers\ThemplateController->editthemplate('js', 'demo', 'datatables-demo.js')
 7 SYSTEMPATH\CodeIgniter.php(457): CodeIgniter\CodeIgniter->runController(Object(App\Controllers\ThemplateController))
 8 SYSTEMPATH\CodeIgniter.php(340): CodeIgniter\CodeIgniter->handleRequest(null, Object(Config\Cache), false)
 9 FCPATH\index.php(67): CodeIgniter\CodeIgniter->run()
10 SYSTEMPATH\Commands\Server\rewrite.php(46): require_once('FCPATH\\index.php')
CRITICAL - 2023-01-17 09:47:49 --> Trying to access array offset on value of type null
in APPPATH\Views\themplatesuratpage\editthemplate.php on line 73.
 1 APPPATH\Views\themplatesuratpage\editthemplate.php(73): CodeIgniter\Debug\Exceptions->errorHandler(8, 'Trying to access array offset on value of type null', 'APPPATH\\Views\\themplatesuratpage\\editthemplate.php', 73, [...])
 2 SYSTEMPATH\View\View.php(213): include('APPPATH\\Views\\themplatesuratpage\\editthemplate.php')
 3 SYSTEMPATH\View\View.php(216): CodeIgniter\View\View->CodeIgniter\View\{closure}()
 4 SYSTEMPATH\Common.php(1142): CodeIgniter\View\View->render('themplatesuratpage/editthemplate', [], true)
 5 APPPATH\Controllers\ThemplateController.php(76): view('themplatesuratpage/editthemplate', [...])
 6 SYSTEMPATH\CodeIgniter.php(902): App\Controllers\ThemplateController->editthemplate('js', 'demo', 'datatables-demo.js')
 7 SYSTEMPATH\CodeIgniter.php(457): CodeIgniter\CodeIgniter->runController(Object(App\Controllers\ThemplateController))
 8 SYSTEMPATH\CodeIgniter.php(340): CodeIgniter\CodeIgniter->handleRequest(null, Object(Config\Cache), false)
 9 FCPATH\index.php(67): CodeIgniter\CodeIgniter->run()
10 SYSTEMPATH\Commands\Server\rewrite.php(46): require_once('FCPATH\\index.php')
CRITICAL - 2023-01-17 09:52:59 --> Trying to access array offset on value of type null
in APPPATH\Views\themplatesuratpage\editthemplate.php on line 73.
 1 APPPATH\Views\themplatesuratpage\editthemplate.php(73): CodeIgniter\Debug\Exceptions->errorHandler(8, 'Trying to access array offset on value of type null', 'APPPATH\\Views\\themplatesuratpage\\editthemplate.php', 73, [...])
 2 SYSTEMPATH\View\View.php(213): include('APPPATH\\Views\\themplatesuratpage\\editthemplate.php')
 3 SYSTEMPATH\View\View.php(216): CodeIgniter\View\View->CodeIgniter\View\{closure}()
 4 SYSTEMPATH\Common.php(1142): CodeIgniter\View\View->render('themplatesuratpage/editthemplate', [], true)
 5 APPPATH\Controllers\ThemplateController.php(76): view('themplatesuratpage/editthemplate', [...])
 6 SYSTEMPATH\CodeIgniter.php(902): App\Controllers\ThemplateController->editthemplate('js', 'demo', 'datatables-demo.js')
 7 SYSTEMPATH\CodeIgniter.php(457): CodeIgniter\CodeIgniter->runController(Object(App\Controllers\ThemplateController))
 8 SYSTEMPATH\CodeIgniter.php(340): CodeIgniter\CodeIgniter->handleRequest(null, Object(Config\Cache), false)
 9 FCPATH\index.php(67): CodeIgniter\CodeIgniter->run()
10 SYSTEMPATH\Commands\Server\rewrite.php(46): require_once('FCPATH\\index.php')
CRITICAL - 2023-01-17 09:53:40 --> Trying to access array offset on value of type null
in APPPATH\Views\themplatesuratpage\editthemplate.php on line 73.
 1 APPPATH\Views\themplatesuratpage\editthemplate.php(73): CodeIgniter\Debug\Exceptions->errorHandler(8, 'Trying to access array offset on value of type null', 'APPPATH\\Views\\themplatesuratpage\\editthemplate.php', 73, [...])
 2 SYSTEMPATH\View\View.php(213): include('APPPATH\\Views\\themplatesuratpage\\editthemplate.php')
 3 SYSTEMPATH\View\View.php(216): CodeIgniter\View\View->CodeIgniter\View\{closure}()
 4 SYSTEMPATH\Common.php(1142): CodeIgniter\View\View->render('themplatesuratpage/editthemplate', [], true)
 5 APPPATH\Controllers\ThemplateController.php(76): view('themplatesuratpage/editthemplate', [...])
 6 SYSTEMPATH\CodeIgniter.php(902): App\Controllers\ThemplateController->editthemplate('js', 'demo', 'datatables-demo.js')
 7 SYSTEMPATH\CodeIgniter.php(457): CodeIgniter\CodeIgniter->runController(Object(App\Controllers\ThemplateController))
 8 SYSTEMPATH\CodeIgniter.php(340): CodeIgniter\CodeIgniter->handleRequest(null, Object(Config\Cache), false)
 9 FCPATH\index.php(67): CodeIgniter\CodeIgniter->run()
10 SYSTEMPATH\Commands\Server\rewrite.php(46): require_once('FCPATH\\index.php')
CRITICAL - 2023-01-17 11:33:07 --> Trying to access array offset on value of type null
in APPPATH\Views\themplatesuratpage\editthemplate.php on line 73.
 1 APPPATH\Views\themplatesuratpage\editthemplate.php(73): CodeIgniter\Debug\Exceptions->errorHandler(8, 'Trying to access array offset on value of type null', 'APPPATH\\Views\\themplatesuratpage\\editthemplate.php', 73, [...])
 2 SYSTEMPATH\View\View.php(213): include('APPPATH\\Views\\themplatesuratpage\\editthemplate.php')
 3 SYSTEMPATH\View\View.php(216): CodeIgniter\View\View->CodeIgniter\View\{closure}()
 4 SYSTEMPATH\Common.php(1142): CodeIgniter\View\View->render('themplatesuratpage/editthemplate', [], true)
 5 APPPATH\Controllers\ThemplateController.php(76): view('themplatesuratpage/editthemplate', [...])
 6 SYSTEMPATH\CodeIgniter.php(902): App\Controllers\ThemplateController->editthemplate('js', 'demo', 'datatables-demo.js')
 7 SYSTEMPATH\CodeIgniter.php(457): CodeIgniter\CodeIgniter->runController(Object(App\Controllers\ThemplateController))
 8 SYSTEMPATH\CodeIgniter.php(340): CodeIgniter\CodeIgniter->handleRequest(null, Object(Config\Cache), false)
 9 FCPATH\index.php(67): CodeIgniter\CodeIgniter->run()
10 SYSTEMPATH\Commands\Server\rewrite.php(46): require_once('FCPATH\\index.php')
CRITICAL - 2023-01-17 11:41:30 --> Trying to access array offset on value of type null
in APPPATH\Views\themplatesuratpage\editthemplate.php on line 73.
 1 APPPATH\Views\themplatesuratpage\editthemplate.php(73): CodeIgniter\Debug\Exceptions->errorHandler(8, 'Trying to access array offset on value of type null', 'APPPATH\\Views\\themplatesuratpage\\editthemplate.php', 73, [...])
 2 SYSTEMPATH\View\View.php(213): include('APPPATH\\Views\\themplatesuratpage\\editthemplate.php')
 3 SYSTEMPATH\View\View.php(216): CodeIgniter\View\View->CodeIgniter\View\{closure}()
 4 SYSTEMPATH\Common.php(1142): CodeIgniter\View\View->render('themplatesuratpage/editthemplate', [], true)
 5 APPPATH\Controllers\ThemplateController.php(76): view('themplatesuratpage/editthemplate', [...])
 6 SYSTEMPATH\CodeIgniter.php(902): App\Controllers\ThemplateController->editthemplate('js', 'demo', 'datatables-demo.js')
 7 SYSTEMPATH\CodeIgniter.php(457): CodeIgniter\CodeIgniter->runController(Object(App\Controllers\ThemplateController))
 8 SYSTEMPATH\CodeIgniter.php(340): CodeIgniter\CodeIgniter->handleRequest(null, Object(Config\Cache), false)
 9 FCPATH\index.php(67): CodeIgniter\CodeIgniter->run()
10 SYSTEMPATH\Commands\Server\rewrite.php(46): require_once('FCPATH\\index.php')
CRITICAL - 2023-01-17 11:43:39 --> Trying to access array offset on value of type null
in APPPATH\Views\themplatesuratpage\editthemplate.php on line 73.
 1 APPPATH\Views\themplatesuratpage\editthemplate.php(73): CodeIgniter\Debug\Exceptions->errorHandler(8, 'Trying to access array offset on value of type null', 'APPPATH\\Views\\themplatesuratpage\\editthemplate.php', 73, [...])
 2 SYSTEMPATH\View\View.php(213): include('APPPATH\\Views\\themplatesuratpage\\editthemplate.php')
 3 SYSTEMPATH\View\View.php(216): CodeIgniter\View\View->CodeIgniter\View\{closure}()
 4 SYSTEMPATH\Common.php(1142): CodeIgniter\View\View->render('themplatesuratpage/editthemplate', [], true)
 5 APPPATH\Controllers\ThemplateController.php(76): view('themplatesuratpage/editthemplate', [...])
 6 SYSTEMPATH\CodeIgniter.php(902): App\Controllers\ThemplateController->editthemplate('js', 'demo', 'datatables-demo.js')
 7 SYSTEMPATH\CodeIgniter.php(457): CodeIgniter\CodeIgniter->runController(Object(App\Controllers\ThemplateController))
 8 SYSTEMPATH\CodeIgniter.php(340): CodeIgniter\CodeIgniter->handleRequest(null, Object(Config\Cache), false)
 9 FCPATH\index.php(67): CodeIgniter\CodeIgniter->run()
10 SYSTEMPATH\Commands\Server\rewrite.php(46): require_once('FCPATH\\index.php')
CRITICAL - 2023-01-17 11:53:11 --> Trying to access array offset on value of type null
in APPPATH\Views\themplatesuratpage\editthemplate.php on line 73.
 1 APPPATH\Views\themplatesuratpage\editthemplate.php(73): CodeIgniter\Debug\Exceptions->errorHandler(8, 'Trying to access array offset on value of type null', 'APPPATH\\Views\\themplatesuratpage\\editthemplate.php', 73, [...])
 2 SYSTEMPATH\View\View.php(213): include('APPPATH\\Views\\themplatesuratpage\\editthemplate.php')
 3 SYSTEMPATH\View\View.php(216): CodeIgniter\View\View->CodeIgniter\View\{closure}()
 4 SYSTEMPATH\Common.php(1142): CodeIgniter\View\View->render('themplatesuratpage/editthemplate', [], true)
 5 APPPATH\Controllers\ThemplateController.php(76): view('themplatesuratpage/editthemplate', [...])
 6 SYSTEMPATH\CodeIgniter.php(902): App\Controllers\ThemplateController->editthemplate('js', 'demo', 'datatables-demo.js')
 7 SYSTEMPATH\CodeIgniter.php(457): CodeIgniter\CodeIgniter->runController(Object(App\Controllers\ThemplateController))
 8 SYSTEMPATH\CodeIgniter.php(340): CodeIgniter\CodeIgniter->handleRequest(null, Object(Config\Cache), false)
 9 FCPATH\index.php(67): CodeIgniter\CodeIgniter->run()
10 SYSTEMPATH\Commands\Server\rewrite.php(46): require_once('FCPATH\\index.php')
CRITICAL - 2023-01-17 11:58:40 --> Trying to access array offset on value of type null
in APPPATH\Views\themplatesuratpage\editthemplate.php on line 73.
 1 APPPATH\Views\themplatesuratpage\editthemplate.php(73): CodeIgniter\Debug\Exceptions->errorHandler(8, 'Trying to access array offset on value of type null', 'APPPATH\\Views\\themplatesuratpage\\editthemplate.php', 73, [...])
 2 SYSTEMPATH\View\View.php(213): include('APPPATH\\Views\\themplatesuratpage\\editthemplate.php')
 3 SYSTEMPATH\View\View.php(216): CodeIgniter\View\View->CodeIgniter\View\{closure}()
 4 SYSTEMPATH\Common.php(1142): CodeIgniter\View\View->render('themplatesuratpage/editthemplate', [], true)
 5 APPPATH\Controllers\ThemplateController.php(76): view('themplatesuratpage/editthemplate', [...])
 6 SYSTEMPATH\CodeIgniter.php(902): App\Controllers\ThemplateController->editthemplate('js', 'demo', 'datatables-demo.js')
 7 SYSTEMPATH\CodeIgniter.php(457): CodeIgniter\CodeIgniter->runController(Object(App\Controllers\ThemplateController))
 8 SYSTEMPATH\CodeIgniter.php(340): CodeIgniter\CodeIgniter->handleRequest(null, Object(Config\Cache), false)
 9 FCPATH\index.php(67): CodeIgniter\CodeIgniter->run()
10 SYSTEMPATH\Commands\Server\rewrite.php(46): require_once('FCPATH\\index.php')
CRITICAL - 2023-01-17 12:01:39 --> Trying to access array offset on value of type null
in APPPATH\Views\themplatesuratpage\editthemplate.php on line 73.
 1 APPPATH\Views\themplatesuratpage\editthemplate.php(73): CodeIgniter\Debug\Exceptions->errorHandler(8, 'Trying to access array offset on value of type null', 'APPPATH\\Views\\themplatesuratpage\\editthemplate.php', 73, [...])
 2 SYSTEMPATH\View\View.php(213): include('APPPATH\\Views\\themplatesuratpage\\editthemplate.php')
 3 SYSTEMPATH\View\View.php(216): CodeIgniter\View\View->CodeIgniter\View\{closure}()
 4 SYSTEMPATH\Common.php(1142): CodeIgniter\View\View->render('themplatesuratpage/editthemplate', [], true)
 5 APPPATH\Controllers\ThemplateController.php(76): view('themplatesuratpage/editthemplate', [...])
 6 SYSTEMPATH\CodeIgniter.php(902): App\Controllers\ThemplateController->editthemplate('js', 'demo', 'datatables-demo.js')
 7 SYSTEMPATH\CodeIgniter.php(457): CodeIgniter\CodeIgniter->runController(Object(App\Controllers\ThemplateController))
 8 SYSTEMPATH\CodeIgniter.php(340): CodeIgniter\CodeIgniter->handleRequest(null, Object(Config\Cache), false)
 9 FCPATH\index.php(67): CodeIgniter\CodeIgniter->run()
10 SYSTEMPATH\Commands\Server\rewrite.php(46): require_once('FCPATH\\index.php')
CRITICAL - 2023-01-17 12:05:19 --> Trying to access array offset on value of type null
in APPPATH\Views\themplatesuratpage\editthemplate.php on line 73.
 1 APPPATH\Views\themplatesuratpage\editthemplate.php(73): CodeIgniter\Debug\Exceptions->errorHandler(8, 'Trying to access array offset on value of type null', 'APPPATH\\Views\\themplatesuratpage\\editthemplate.php', 73, [...])
 2 SYSTEMPATH\View\View.php(213): include('APPPATH\\Views\\themplatesuratpage\\editthemplate.php')
 3 SYSTEMPATH\View\View.php(216): CodeIgniter\View\View->CodeIgniter\View\{closure}()
 4 SYSTEMPATH\Common.php(1142): CodeIgniter\View\View->render('themplatesuratpage/editthemplate', [], true)
 5 APPPATH\Controllers\ThemplateController.php(76): view('themplatesuratpage/editthemplate', [...])
 6 SYSTEMPATH\CodeIgniter.php(902): App\Controllers\ThemplateController->editthemplate('js', 'demo', 'datatables-demo.js')
 7 SYSTEMPATH\CodeIgniter.php(457): CodeIgniter\CodeIgniter->runController(Object(App\Controllers\ThemplateController))
 8 SYSTEMPATH\CodeIgniter.php(340): CodeIgniter\CodeIgniter->handleRequest(null, Object(Config\Cache), false)
 9 FCPATH\index.php(67): CodeIgniter\CodeIgniter->run()
10 SYSTEMPATH\Commands\Server\rewrite.php(46): require_once('FCPATH\\index.php')
CRITICAL - 2023-01-17 12:07:01 --> Trying to access array offset on value of type null
in APPPATH\Views\themplatesuratpage\editthemplate.php on line 73.
 1 APPPATH\Views\themplatesuratpage\editthemplate.php(73): CodeIgniter\Debug\Exceptions->errorHandler(8, 'Trying to access array offset on value of type null', 'APPPATH\\Views\\themplatesuratpage\\editthemplate.php', 73, [...])
 2 SYSTEMPATH\View\View.php(213): include('APPPATH\\Views\\themplatesuratpage\\editthemplate.php')
 3 SYSTEMPATH\View\View.php(216): CodeIgniter\View\View->CodeIgniter\View\{closure}()
 4 SYSTEMPATH\Common.php(1142): CodeIgniter\View\View->render('themplatesuratpage/editthemplate', [], true)
 5 APPPATH\Controllers\ThemplateController.php(76): view('themplatesuratpage/editthemplate', [...])
 6 SYSTEMPATH\CodeIgniter.php(902): App\Controllers\ThemplateController->editthemplate('js', 'demo', 'datatables-demo.js')
 7 SYSTEMPATH\CodeIgniter.php(457): CodeIgniter\CodeIgniter->runController(Object(App\Controllers\ThemplateController))
 8 SYSTEMPATH\CodeIgniter.php(340): CodeIgniter\CodeIgniter->handleRequest(null, Object(Config\Cache), false)
 9 FCPATH\index.php(67): CodeIgniter\CodeIgniter->run()
10 SYSTEMPATH\Commands\Server\rewrite.php(46): require_once('FCPATH\\index.php')
CRITICAL - 2023-01-17 12:46:33 --> Undefined variable: idencrypt
in APPPATH\Views\requestpage\tandatangan.php on line 26.
 1 APPPATH\Views\requestpage\tandatangan.php(26): CodeIgniter\Debug\Exceptions->errorHandler(8, 'Undefined variable: idencrypt', 'APPPATH\\Views\\requestpage\\tandatangan.php', 26, [])
 2 SYSTEMPATH\View\View.php(213): include('APPPATH\\Views\\requestpage\\tandatangan.php')
 3 SYSTEMPATH\View\View.php(216): CodeIgniter\View\View->CodeIgniter\View\{closure}()
 4 SYSTEMPATH\Common.php(1142): CodeIgniter\View\View->render('requestpage/tandatangan', [], true)
 5 APPPATH\Controllers\RequestController.php(17): view('requestpage/tandatangan')
 6 SYSTEMPATH\CodeIgniter.php(902): App\Controllers\RequestController->tandatangan()
 7 SYSTEMPATH\CodeIgniter.php(457): CodeIgniter\CodeIgniter->runController(Object(App\Controllers\RequestController))
 8 SYSTEMPATH\CodeIgniter.php(340): CodeIgniter\CodeIgniter->handleRequest(null, Object(Config\Cache), false)
 9 FCPATH\index.php(67): CodeIgniter\CodeIgniter->run()
10 SYSTEMPATH\Commands\Server\rewrite.php(46): require_once('FCPATH\\index.php')
CRITICAL - 2023-01-17 12:47:42 --> Undefined index: foto
in APPPATH\Controllers\RequestController.php on line 21.
 1 APPPATH\Controllers\RequestController.php(21): CodeIgniter\Debug\Exceptions->errorHandler(8, 'Undefined index: foto', 'APPPATH\\Controllers\\RequestController.php', 21, [])
 2 SYSTEMPATH\CodeIgniter.php(902): App\Controllers\RequestController->addttd()
 3 SYSTEMPATH\CodeIgniter.php(457): CodeIgniter\CodeIgniter->runController(Object(App\Controllers\RequestController))
 4 SYSTEMPATH\CodeIgniter.php(340): CodeIgniter\CodeIgniter->handleRequest(null, Object(Config\Cache), false)
 5 FCPATH\index.php(67): CodeIgniter\CodeIgniter->run()
 6 SYSTEMPATH\Commands\Server\rewrite.php(46): require_once('FCPATH\\index.php')
CRITICAL - 2023-01-17 12:48:04 --> Undefined index: foto
in APPPATH\Controllers\RequestController.php on line 21.
 1 APPPATH\Controllers\RequestController.php(21): CodeIgniter\Debug\Exceptions->errorHandler(8, 'Undefined index: foto', 'APPPATH\\Controllers\\RequestController.php', 21, [])
 2 SYSTEMPATH\CodeIgniter.php(902): App\Controllers\RequestController->addttd()
 3 SYSTEMPATH\CodeIgniter.php(457): CodeIgniter\CodeIgniter->runController(Object(App\Controllers\RequestController))
 4 SYSTEMPATH\CodeIgniter.php(340): CodeIgniter\CodeIgniter->handleRequest(null, Object(Config\Cache), false)
 5 FCPATH\index.php(67): CodeIgniter\CodeIgniter->run()
 6 SYSTEMPATH\Commands\Server\rewrite.php(46): require_once('FCPATH\\index.php')
CRITICAL - 2023-01-17 12:58:32 --> Trying to access array offset on value of type null
in APPPATH\Controllers\EventController.php on line 48.
 1 APPPATH\Controllers\EventController.php(48): CodeIgniter\Debug\Exceptions->errorHandler(8, 'Trying to access array offset on value of type null', 'APPPATH\\Controllers\\EventController.php', 48, [...])
 2 SYSTEMPATH\CodeIgniter.php(902): App\Controllers\EventController->dataevent('js', 'demo', 'datatables-demo.js')
 3 SYSTEMPATH\CodeIgniter.php(457): CodeIgniter\CodeIgniter->runController(Object(App\Controllers\EventController))
 4 SYSTEMPATH\CodeIgniter.php(340): CodeIgniter\CodeIgniter->handleRequest(null, Object(Config\Cache), false)
 5 FCPATH\index.php(67): CodeIgniter\CodeIgniter->run()
 6 SYSTEMPATH\Commands\Server\rewrite.php(46): require_once('FCPATH\\index.php')
CRITICAL - 2023-01-17 13:34:55 --> syntax error, unexpected '}'
in APPPATH\Controllers\RequestController.php on line 75.
 1 SYSTEMPATH\Autoloader\Autoloader.php(259): CodeIgniter\Autoloader\Autoloader->includeFile('APPPATH\\Controllers\\RequestController.php')
 2 SYSTEMPATH\Autoloader\Autoloader.php(237): CodeIgniter\Autoloader\Autoloader->loadInNamespace('App\\Controllers\\RequestController')
 3 [internal function]: CodeIgniter\Autoloader\Autoloader->loadClass('App\\Controllers\\RequestController')
 4 [internal function]: spl_autoload_call('App\\Controllers\\RequestController')
 5 SYSTEMPATH\CodeIgniter.php(852): class_exists('\\App\\Controllers\\RequestController', true)
 6 SYSTEMPATH\CodeIgniter.php(444): CodeIgniter\CodeIgniter->startController()
 7 SYSTEMPATH\CodeIgniter.php(340): CodeIgniter\CodeIgniter->handleRequest(null, Object(Config\Cache), false)
 8 FCPATH\index.php(67): CodeIgniter\CodeIgniter->run()
 9 SYSTEMPATH\Commands\Server\rewrite.php(46): require_once('FCPATH\\index.php')
CRITICAL - 2023-01-17 14:59:28 --> Undefined variable: toutes
in APPPATH\Config\Routes.php on line 92.
 1 APPPATH\Config\Routes.php(92): CodeIgniter\Debug\Exceptions->errorHandler(8, 'Undefined variable: toutes', 'APPPATH\\Config\\Routes.php', 92, [...])
 2 SYSTEMPATH\CodeIgniter.php(764): require('APPPATH\\Config\\Routes.php')
 3 SYSTEMPATH\CodeIgniter.php(406): CodeIgniter\CodeIgniter->tryToRouteIt(Object(CodeIgniter\Router\RouteCollection))
 4 SYSTEMPATH\CodeIgniter.php(340): CodeIgniter\CodeIgniter->handleRequest(null, Object(Config\Cache), false)
 5 FCPATH\index.php(67): CodeIgniter\CodeIgniter->run()
 6 SYSTEMPATH\Commands\Server\rewrite.php(46): require_once('FCPATH\\index.php')
