CRITICAL - 2023-01-05 08:47:20 --> Trying to access array offset on value of type null
in APPPATH\Controllers\EventController.php on line 47.
 1 APPPATH\Controllers\EventController.php(47): CodeIgniter\Debug\Exceptions->errorHandler(8, 'Trying to access array offset on value of type null', 'APPPATH\\Controllers\\EventController.php', 47, [...])
 2 SYSTEMPATH\CodeIgniter.php(902): App\Controllers\EventController->dataevent('js', 'demo', 'datatables-demo.js')
 3 SYSTEMPATH\CodeIgniter.php(457): CodeIgniter\CodeIgniter->runController(Object(App\Controllers\EventController))
 4 SYSTEMPATH\CodeIgniter.php(340): CodeIgniter\CodeIgniter->handleRequest(null, Object(Config\Cache), false)
 5 FCPATH\index.php(67): CodeIgniter\CodeIgniter->run()
 6 SYSTEMPATH\Commands\Server\rewrite.php(46): require_once('FCPATH\\index.php')
CRITICAL - 2023-01-05 08:48:16 --> Trying to access array offset on value of type null
in APPPATH\Controllers\EventController.php on line 47.
 1 APPPATH\Controllers\EventController.php(47): CodeIgniter\Debug\Exceptions->errorHandler(8, 'Trying to access array offset on value of type null', 'APPPATH\\Controllers\\EventController.php', 47, [...])
 2 SYSTEMPATH\CodeIgniter.php(902): App\Controllers\EventController->dataevent('js', 'demo', 'datatables-demo.js')
 3 SYSTEMPATH\CodeIgniter.php(457): CodeIgniter\CodeIgniter->runController(Object(App\Controllers\EventController))
 4 SYSTEMPATH\CodeIgniter.php(340): CodeIgniter\CodeIgniter->handleRequest(null, Object(Config\Cache), false)
 5 FCPATH\index.php(67): CodeIgniter\CodeIgniter->run()
 6 SYSTEMPATH\Commands\Server\rewrite.php(46): require_once('FCPATH\\index.php')
CRITICAL - 2023-01-05 09:00:17 --> Trying to access array offset on value of type null
in APPPATH\Controllers\EventController.php on line 47.
 1 APPPATH\Controllers\EventController.php(47): CodeIgniter\Debug\Exceptions->errorHandler(8, 'Trying to access array offset on value of type null', 'APPPATH\\Controllers\\EventController.php', 47, [...])
 2 SYSTEMPATH\CodeIgniter.php(902): App\Controllers\EventController->dataevent('js', 'demo', 'datatables-demo.js')
 3 SYSTEMPATH\CodeIgniter.php(457): CodeIgniter\CodeIgniter->runController(Object(App\Controllers\EventController))
 4 SYSTEMPATH\CodeIgniter.php(340): CodeIgniter\CodeIgniter->handleRequest(null, Object(Config\Cache), false)
 5 FCPATH\index.php(67): CodeIgniter\CodeIgniter->run()
 6 SYSTEMPATH\Commands\Server\rewrite.php(46): require_once('FCPATH\\index.php')
CRITICAL - 2023-01-05 09:00:22 --> hex2bin(): Input string must be hexadecimal string
in APPPATH\Controllers\EventController.php on line 154.
 1 [internal function]: CodeIgniter\Debug\Exceptions->errorHandler(2, 'hex2bin(): Input string must be hexadecimal string', 'APPPATH\\Controllers\\EventController.php', 154, [...])
 2 APPPATH\Controllers\EventController.php(154): hex2bin('js')
 3 SYSTEMPATH\CodeIgniter.php(902): App\Controllers\EventController->cektime('js', 'demo', 'datatables-demo.js')
 4 SYSTEMPATH\CodeIgniter.php(457): CodeIgniter\CodeIgniter->runController(Object(App\Controllers\EventController))
 5 SYSTEMPATH\CodeIgniter.php(340): CodeIgniter\CodeIgniter->handleRequest(null, Object(Config\Cache), false)
 6 FCPATH\index.php(67): CodeIgniter\CodeIgniter->run()
 7 SYSTEMPATH\Commands\Server\rewrite.php(46): require_once('FCPATH\\index.php')
CRITICAL - 2023-01-05 09:01:22 --> hex2bin(): Hexadecimal input string must have an even length
in APPPATH\Controllers\EventController.php on line 154.
 1 [internal function]: CodeIgniter\Debug\Exceptions->errorHandler(2, 'hex2bin(): Hexadecimal input string must have an even length', 'APPPATH\\Controllers\\EventController.php', 154, [...])
 2 APPPATH\Controllers\EventController.php(154): hex2bin('3b176aee3340df5c9f514ad2cb8ab49363608b8ccdce6dd8ed16bbaf617a5c8d6255263ad17c8ab9ad96601b086a5f60af63597c74859c396339cc116689f18c48870613f4023174dfff8f9dc8016ecca0fd37a43e4efd267')
 3 SYSTEMPATH\CodeIgniter.php(902): App\Controllers\EventController->cektime('3b176aee3340df5c9f514ad2cb8ab49363608b8ccdce6dd8ed16bbaf617a5c8d6255263ad17c8ab9ad96601b086a5f60af63597c74859c396339cc116689f18c48870613f4023174dfff8f9dc8016ecca0fd37a43e4efd267')
 4 SYSTEMPATH\CodeIgniter.php(457): CodeIgniter\CodeIgniter->runController(Object(App\Controllers\EventController))
 5 SYSTEMPATH\CodeIgniter.php(340): CodeIgniter\CodeIgniter->handleRequest(null, Object(Config\Cache), false)
 6 FCPATH\index.php(67): CodeIgniter\CodeIgniter->run()
 7 SYSTEMPATH\Commands\Server\rewrite.php(46): require_once('FCPATH\\index.php')
CRITICAL - 2023-01-05 09:01:31 --> hex2bin(): Input string must be hexadecimal string
in APPPATH\Controllers\EventController.php on line 154.
 1 [internal function]: CodeIgniter\Debug\Exceptions->errorHandler(2, 'hex2bin(): Input string must be hexadecimal string', 'APPPATH\\Controllers\\EventController.php', 154, [...])
 2 APPPATH\Controllers\EventController.php(154): hex2bin('js')
 3 SYSTEMPATH\CodeIgniter.php(902): App\Controllers\EventController->cektime('js', 'demo', 'datatables-demo.js')
 4 SYSTEMPATH\CodeIgniter.php(457): CodeIgniter\CodeIgniter->runController(Object(App\Controllers\EventController))
 5 SYSTEMPATH\CodeIgniter.php(340): CodeIgniter\CodeIgniter->handleRequest(null, Object(Config\Cache), false)
 6 FCPATH\index.php(67): CodeIgniter\CodeIgniter->run()
 7 SYSTEMPATH\Commands\Server\rewrite.php(46): require_once('FCPATH\\index.php')
CRITICAL - 2023-01-05 10:31:30 --> hex2bin(): Input string must be hexadecimal string
in APPPATH\Controllers\EventController.php on line 154.
 1 [internal function]: CodeIgniter\Debug\Exceptions->errorHandler(2, 'hex2bin(): Input string must be hexadecimal string', 'APPPATH\\Controllers\\EventController.php', 154, [...])
 2 APPPATH\Controllers\EventController.php(154): hex2bin('js')
 3 SYSTEMPATH\CodeIgniter.php(902): App\Controllers\EventController->cektime('js', 'demo', 'datatables-demo.js')
 4 SYSTEMPATH\CodeIgniter.php(457): CodeIgniter\CodeIgniter->runController(Object(App\Controllers\EventController))
 5 SYSTEMPATH\CodeIgniter.php(340): CodeIgniter\CodeIgniter->handleRequest(null, Object(Config\Cache), false)
 6 FCPATH\index.php(67): CodeIgniter\CodeIgniter->run()
 7 SYSTEMPATH\Commands\Server\rewrite.php(46): require_once('FCPATH\\index.php')
CRITICAL - 2023-01-05 10:31:48 --> hex2bin(): Input string must be hexadecimal string
in APPPATH\Controllers\EventController.php on line 154.
 1 [internal function]: CodeIgniter\Debug\Exceptions->errorHandler(2, 'hex2bin(): Input string must be hexadecimal string', 'APPPATH\\Controllers\\EventController.php', 154, [...])
 2 APPPATH\Controllers\EventController.php(154): hex2bin('js')
 3 SYSTEMPATH\CodeIgniter.php(902): App\Controllers\EventController->cektime('js', 'demo', 'datatables-demo.js')
 4 SYSTEMPATH\CodeIgniter.php(457): CodeIgniter\CodeIgniter->runController(Object(App\Controllers\EventController))
 5 SYSTEMPATH\CodeIgniter.php(340): CodeIgniter\CodeIgniter->handleRequest(null, Object(Config\Cache), false)
 6 FCPATH\index.php(67): CodeIgniter\CodeIgniter->run()
 7 SYSTEMPATH\Commands\Server\rewrite.php(46): require_once('FCPATH\\index.php')
CRITICAL - 2023-01-05 10:46:20 --> hex2bin(): Input string must be hexadecimal string
in APPPATH\Controllers\EventController.php on line 154.
 1 [internal function]: CodeIgniter\Debug\Exceptions->errorHandler(2, 'hex2bin(): Input string must be hexadecimal string', 'APPPATH\\Controllers\\EventController.php', 154, [...])
 2 APPPATH\Controllers\EventController.php(154): hex2bin('js')
 3 SYSTEMPATH\CodeIgniter.php(902): App\Controllers\EventController->cektime('js', 'demo', 'datatables-demo.js')
 4 SYSTEMPATH\CodeIgniter.php(457): CodeIgniter\CodeIgniter->runController(Object(App\Controllers\EventController))
 5 SYSTEMPATH\CodeIgniter.php(340): CodeIgniter\CodeIgniter->handleRequest(null, Object(Config\Cache), false)
 6 FCPATH\index.php(67): CodeIgniter\CodeIgniter->run()
 7 SYSTEMPATH\Commands\Server\rewrite.php(46): require_once('FCPATH\\index.php')
CRITICAL - 2023-01-05 10:50:13 --> hex2bin(): Input string must be hexadecimal string
in APPPATH\Controllers\EventController.php on line 154.
 1 [internal function]: CodeIgniter\Debug\Exceptions->errorHandler(2, 'hex2bin(): Input string must be hexadecimal string', 'APPPATH\\Controllers\\EventController.php', 154, [...])
 2 APPPATH\Controllers\EventController.php(154): hex2bin('js')
 3 SYSTEMPATH\CodeIgniter.php(902): App\Controllers\EventController->cektime('js', 'demo', 'datatables-demo.js')
 4 SYSTEMPATH\CodeIgniter.php(457): CodeIgniter\CodeIgniter->runController(Object(App\Controllers\EventController))
 5 SYSTEMPATH\CodeIgniter.php(340): CodeIgniter\CodeIgniter->handleRequest(null, Object(Config\Cache), false)
 6 FCPATH\index.php(67): CodeIgniter\CodeIgniter->run()
 7 SYSTEMPATH\Commands\Server\rewrite.php(46): require_once('FCPATH\\index.php')
CRITICAL - 2023-01-05 15:03:02 --> hex2bin(): Input string must be hexadecimal string
in APPPATH\Controllers\EventController.php on line 154.
 1 [internal function]: CodeIgniter\Debug\Exceptions->errorHandler(2, 'hex2bin(): Input string must be hexadecimal string', 'APPPATH\\Controllers\\EventController.php', 154, [...])
 2 APPPATH\Controllers\EventController.php(154): hex2bin('js')
 3 SYSTEMPATH\CodeIgniter.php(902): App\Controllers\EventController->cektime('js', 'demo', 'datatables-demo.js')
 4 SYSTEMPATH\CodeIgniter.php(457): CodeIgniter\CodeIgniter->runController(Object(App\Controllers\EventController))
 5 SYSTEMPATH\CodeIgniter.php(340): CodeIgniter\CodeIgniter->handleRequest(null, Object(Config\Cache), false)
 6 FCPATH\index.php(67): CodeIgniter\CodeIgniter->run()
 7 SYSTEMPATH\Commands\Server\rewrite.php(46): require_once('FCPATH\\index.php')
CRITICAL - 2023-01-05 15:03:14 --> Trying to access array offset on value of type null
in APPPATH\Controllers\EventController.php on line 47.
 1 APPPATH\Controllers\EventController.php(47): CodeIgniter\Debug\Exceptions->errorHandler(8, 'Trying to access array offset on value of type null', 'APPPATH\\Controllers\\EventController.php', 47, [...])
 2 SYSTEMPATH\CodeIgniter.php(902): App\Controllers\EventController->dataevent('js', 'demo', 'datatables-demo.js')
 3 SYSTEMPATH\CodeIgniter.php(457): CodeIgniter\CodeIgniter->runController(Object(App\Controllers\EventController))
 4 SYSTEMPATH\CodeIgniter.php(340): CodeIgniter\CodeIgniter->handleRequest(null, Object(Config\Cache), false)
 5 FCPATH\index.php(67): CodeIgniter\CodeIgniter->run()
 6 SYSTEMPATH\Commands\Server\rewrite.php(46): require_once('FCPATH\\index.php')
CRITICAL - 2023-01-05 16:56:05 --> Invalid file: requestpage/tandatangan.php
in SYSTEMPATH\Exceptions\FrameworkException.php on line 33.
 1 SYSTEMPATH\View\View.php(201): CodeIgniter\Exceptions\FrameworkException::forInvalidFile('requestpage/tandatangan.php')
 2 SYSTEMPATH\Common.php(1142): CodeIgniter\View\View->render('requestpage/tandatangan', [], true)
 3 APPPATH\Controllers\RequestController.php(19): view('requestpage/tandatangan')
 4 SYSTEMPATH\CodeIgniter.php(902): App\Controllers\RequestController->tandatangan()
 5 SYSTEMPATH\CodeIgniter.php(457): CodeIgniter\CodeIgniter->runController(Object(App\Controllers\RequestController))
 6 SYSTEMPATH\CodeIgniter.php(340): CodeIgniter\CodeIgniter->handleRequest(null, Object(Config\Cache), false)
 7 FCPATH\index.php(67): CodeIgniter\CodeIgniter->run()
 8 SYSTEMPATH\Commands\Server\rewrite.php(46): require_once('FCPATH\\index.php')
CRITICAL - 2023-01-05 17:22:42 --> Trying to access array offset on value of type null
in APPPATH\Controllers\EventController.php on line 47.
 1 APPPATH\Controllers\EventController.php(47): CodeIgniter\Debug\Exceptions->errorHandler(8, 'Trying to access array offset on value of type null', 'APPPATH\\Controllers\\EventController.php', 47, [...])
 2 SYSTEMPATH\CodeIgniter.php(902): App\Controllers\EventController->dataevent('js', 'demo', 'datatables-demo.js')
 3 SYSTEMPATH\CodeIgniter.php(457): CodeIgniter\CodeIgniter->runController(Object(App\Controllers\EventController))
 4 SYSTEMPATH\CodeIgniter.php(340): CodeIgniter\CodeIgniter->handleRequest(null, Object(Config\Cache), false)
 5 FCPATH\index.php(67): CodeIgniter\CodeIgniter->run()
 6 SYSTEMPATH\Commands\Server\rewrite.php(46): require_once('FCPATH\\index.php')
CRITICAL - 2023-01-05 17:28:16 --> Trying to access array offset on value of type null
in APPPATH\Controllers\EventController.php on line 47.
 1 APPPATH\Controllers\EventController.php(47): CodeIgniter\Debug\Exceptions->errorHandler(8, 'Trying to access array offset on value of type null', 'APPPATH\\Controllers\\EventController.php', 47, [...])
 2 SYSTEMPATH\CodeIgniter.php(902): App\Controllers\EventController->dataevent('js', 'demo', 'datatables-demo.js')
 3 SYSTEMPATH\CodeIgniter.php(457): CodeIgniter\CodeIgniter->runController(Object(App\Controllers\EventController))
 4 SYSTEMPATH\CodeIgniter.php(340): CodeIgniter\CodeIgniter->handleRequest(null, Object(Config\Cache), false)
 5 FCPATH\index.php(67): CodeIgniter\CodeIgniter->run()
 6 SYSTEMPATH\Commands\Server\rewrite.php(46): require_once('FCPATH\\index.php')
