CRITICAL - 2022-11-07 20:36:27 --> The route for "employee131510" cannot be found.
in SYSTEMPATH\HTTP\RedirectResponse.php on line 60.
 1 SYSTEMPATH\HTTP\RedirectResponse.php(60): CodeIgniter\HTTP\Exceptions\HTTPException::forInvalidRedirectRoute('employee131510')
 2 APPPATH\Controllers\Import.php(526): CodeIgniter\HTTP\RedirectResponse->route(false)
 3 SYSTEMPATH\CodeIgniter.php(902): App\Controllers\Import->upload()
 4 SYSTEMPATH\CodeIgniter.php(457): CodeIgniter\CodeIgniter->runController(Object(App\Controllers\Import))
 5 SYSTEMPATH\CodeIgniter.php(340): CodeIgniter\CodeIgniter->handleRequest(null, Object(Config\Cache), false)
 6 FCPATH\index.php(67): CodeIgniter\CodeIgniter->run()
 7 SYSTEMPATH\Commands\Server\rewrite.php(46): require_once('FCPATH\\index.php')
CRITICAL - 2022-11-07 20:38:48 --> Argument 2 passed to CodeIgniter\HTTP\RedirectResponse::route() must be of the type array, string given, called in C:\xampp\htdocs\imprtdata\app\Controllers\Import.php on line 526
in SYSTEMPATH\HTTP\RedirectResponse.php on line 53.
 1 APPPATH\Controllers\Import.php(526): CodeIgniter\HTTP\RedirectResponse->route('datapegawai', '161705')
 2 SYSTEMPATH\CodeIgniter.php(902): App\Controllers\Import->upload()
 3 SYSTEMPATH\CodeIgniter.php(457): CodeIgniter\CodeIgniter->runController(Object(App\Controllers\Import))
 4 SYSTEMPATH\CodeIgniter.php(340): CodeIgniter\CodeIgniter->handleRequest(null, Object(Config\Cache), false)
 5 FCPATH\index.php(67): CodeIgniter\CodeIgniter->run()
 6 SYSTEMPATH\Commands\Server\rewrite.php(46): require_once('FCPATH\\index.php')
CRITICAL - 2022-11-07 20:39:48 --> The route for "datapegawai/211958" cannot be found.
in SYSTEMPATH\HTTP\RedirectResponse.php on line 60.
 1 SYSTEMPATH\HTTP\RedirectResponse.php(60): CodeIgniter\HTTP\Exceptions\HTTPException::forInvalidRedirectRoute('datapegawai/211958')
 2 APPPATH\Controllers\Import.php(526): CodeIgniter\HTTP\RedirectResponse->route(false)
 3 SYSTEMPATH\CodeIgniter.php(902): App\Controllers\Import->upload()
 4 SYSTEMPATH\CodeIgniter.php(457): CodeIgniter\CodeIgniter->runController(Object(App\Controllers\Import))
 5 SYSTEMPATH\CodeIgniter.php(340): CodeIgniter\CodeIgniter->handleRequest(null, Object(Config\Cache), false)
 6 FCPATH\index.php(67): CodeIgniter\CodeIgniter->run()
 7 SYSTEMPATH\Commands\Server\rewrite.php(46): require_once('FCPATH\\index.php')
CRITICAL - 2022-11-07 20:42:32 --> The route for "http://localhost:8080/datapegawai/211958" cannot be found.
in SYSTEMPATH\HTTP\RedirectResponse.php on line 60.
 1 SYSTEMPATH\HTTP\RedirectResponse.php(60): CodeIgniter\HTTP\Exceptions\HTTPException::forInvalidRedirectRoute('http://localhost:8080/datapegawai/211958')
 2 SYSTEMPATH\Common.php(869): CodeIgniter\HTTP\RedirectResponse->route(false)
 3 APPPATH\Controllers\Import.php(526): redirect('http://localhost:8080/datapegawai/211958')
 4 SYSTEMPATH\CodeIgniter.php(902): App\Controllers\Import->upload()
 5 SYSTEMPATH\CodeIgniter.php(457): CodeIgniter\CodeIgniter->runController(Object(App\Controllers\Import))
 6 SYSTEMPATH\CodeIgniter.php(340): CodeIgniter\CodeIgniter->handleRequest(null, Object(Config\Cache), false)
 7 FCPATH\index.php(67): CodeIgniter\CodeIgniter->run()
 8 SYSTEMPATH\Commands\Server\rewrite.php(46): require_once('FCPATH\\index.php')
CRITICAL - 2022-11-07 22:48:04 --> Undefined index: ltv
in APPPATH\Views\eventlist.php on line 154.
 1 APPPATH\Views\eventlist.php(154): CodeIgniter\Debug\Exceptions->errorHandler(8, 'Undefined index: ltv', 'APPPATH\\Views\\eventlist.php', 154, [...])
 2 SYSTEMPATH\View\View.php(213): include('APPPATH\\Views\\eventlist.php')
 3 SYSTEMPATH\View\View.php(216): CodeIgniter\View\View->CodeIgniter\View\{closure}()
 4 SYSTEMPATH\Common.php(1142): CodeIgniter\View\View->render('eventlist', [], true)
 5 APPPATH\Controllers\EventController.php(14): view('eventlist', [...])
 6 SYSTEMPATH\CodeIgniter.php(902): App\Controllers\EventController->index()
 7 SYSTEMPATH\CodeIgniter.php(457): CodeIgniter\CodeIgniter->runController(Object(App\Controllers\EventController))
 8 SYSTEMPATH\CodeIgniter.php(340): CodeIgniter\CodeIgniter->handleRequest(null, Object(Config\Cache), false)
 9 FCPATH\index.php(67): CodeIgniter\CodeIgniter->run()
10 SYSTEMPATH\Commands\Server\rewrite.php(46): require_once('FCPATH\\index.php')
