CRITICAL - 2022-12-09 11:37:25 --> Trying to access array offset on value of type null
in APPPATH\Controllers\StorageController.php on line 80.
 1 APPPATH\Controllers\StorageController.php(80): CodeIgniter\Debug\Exceptions->errorHandler(8, 'Trying to access array offset on value of type null', 'APPPATH\\Controllers\\StorageController.php', 80, [...])
 2 SYSTEMPATH\CodeIgniter.php(902): App\Controllers\StorageController->myPdfPage('writable', 'uploads', 'storage', '712082022042648.pdf')
 3 SYSTEMPATH\CodeIgniter.php(457): CodeIgniter\CodeIgniter->runController(Object(App\Controllers\StorageController))
 4 SYSTEMPATH\CodeIgniter.php(340): CodeIgniter\CodeIgniter->handleRequest(null, Object(Config\Cache), false)
 5 FCPATH\index.php(67): CodeIgniter\CodeIgniter->run()
 6 SYSTEMPATH\Commands\Server\rewrite.php(46): require_once('FCPATH\\index.php')
CRITICAL - 2022-12-09 11:37:29 --> Trying to access array offset on value of type null
in APPPATH\Controllers\StorageController.php on line 80.
 1 APPPATH\Controllers\StorageController.php(80): CodeIgniter\Debug\Exceptions->errorHandler(8, 'Trying to access array offset on value of type null', 'APPPATH\\Controllers\\StorageController.php', 80, [...])
 2 SYSTEMPATH\CodeIgniter.php(902): App\Controllers\StorageController->myPdfPage('writable', 'uploads', 'storage', '712082022042648.pdf')
 3 SYSTEMPATH\CodeIgniter.php(457): CodeIgniter\CodeIgniter->runController(Object(App\Controllers\StorageController))
 4 SYSTEMPATH\CodeIgniter.php(340): CodeIgniter\CodeIgniter->handleRequest(null, Object(Config\Cache), false)
 5 FCPATH\index.php(67): CodeIgniter\CodeIgniter->run()
 6 SYSTEMPATH\Commands\Server\rewrite.php(46): require_once('FCPATH\\index.php')
CRITICAL - 2022-12-09 11:46:01 --> syntax error, unexpected ''uploads\storage\'.$path;' (T_ENCAPSED_AND_WHITESPACE)
in APPPATH\Controllers\StorageController.php on line 84.
 1 SYSTEMPATH\Autoloader\Autoloader.php(259): CodeIgniter\Autoloader\Autoloader->includeFile('APPPATH\\Controllers\\StorageController.php')
 2 SYSTEMPATH\Autoloader\Autoloader.php(237): CodeIgniter\Autoloader\Autoloader->loadInNamespace('App\\Controllers\\StorageController')
 3 [internal function]: CodeIgniter\Autoloader\Autoloader->loadClass('App\\Controllers\\StorageController')
 4 [internal function]: spl_autoload_call('App\\Controllers\\StorageController')
 5 SYSTEMPATH\CodeIgniter.php(852): class_exists('\\App\\Controllers\\StorageController', true)
 6 SYSTEMPATH\CodeIgniter.php(444): CodeIgniter\CodeIgniter->startController()
 7 SYSTEMPATH\CodeIgniter.php(340): CodeIgniter\CodeIgniter->handleRequest(null, Object(Config\Cache), false)
 8 FCPATH\index.php(67): CodeIgniter\CodeIgniter->run()
 9 SYSTEMPATH\Commands\Server\rewrite.php(46): require_once('FCPATH\\index.php')
