CRITICAL - 2022-11-01 01:23:14 --> Call to a member function limit() on array
in APPPATH\Models\Dataemployee.php on line 17.
 1 APPPATH\Controllers\Import.php(115): App\Models\Dataemployee->getByNik('1231322143431')
 2 SYSTEMPATH\CodeIgniter.php(902): App\Controllers\Import->datapegawai('1231322143431')
 3 SYSTEMPATH\CodeIgniter.php(457): CodeIgniter\CodeIgniter->runController(Object(App\Controllers\Import))
 4 SYSTEMPATH\CodeIgniter.php(340): CodeIgniter\CodeIgniter->handleRequest(null, Object(Config\Cache), false)
 5 FCPATH\index.php(67): CodeIgniter\CodeIgniter->run()
 6 SYSTEMPATH\Commands\Server\rewrite.php(46): require_once('FCPATH\\index.php')
CRITICAL - 2022-11-01 01:23:29 --> Call to undefined method App\Models\Dataemployee::findOne
in SYSTEMPATH\Model.php on line 774.
 1 APPPATH\Models\Dataemployee.php(17): CodeIgniter\Model->__call('findOne', [])
 2 APPPATH\Controllers\Import.php(115): App\Models\Dataemployee->getByNik('1231322143431')
 3 SYSTEMPATH\CodeIgniter.php(902): App\Controllers\Import->datapegawai('1231322143431')
 4 SYSTEMPATH\CodeIgniter.php(457): CodeIgniter\CodeIgniter->runController(Object(App\Controllers\Import))
 5 SYSTEMPATH\CodeIgniter.php(340): CodeIgniter\CodeIgniter->handleRequest(null, Object(Config\Cache), false)
 6 FCPATH\index.php(67): CodeIgniter\CodeIgniter->run()
 7 SYSTEMPATH\Commands\Server\rewrite.php(46): require_once('FCPATH\\index.php')
CRITICAL - 2022-11-01 01:27:20 --> Undefined index: nama
in APPPATH\Views\homepage.php on line 44.
 1 APPPATH\Views\homepage.php(44): CodeIgniter\Debug\Exceptions->errorHandler(8, 'Undefined index: nama', 'APPPATH\\Views\\homepage.php', 44, [...])
 2 SYSTEMPATH\View\View.php(213): include('APPPATH\\Views\\homepage.php')
 3 SYSTEMPATH\View\View.php(216): CodeIgniter\View\View->CodeIgniter\View\{closure}()
 4 SYSTEMPATH\Common.php(1142): CodeIgniter\View\View->render('homepage', [], true)
 5 APPPATH\Controllers\Import.php(116): view('homepage', [...])
 6 SYSTEMPATH\CodeIgniter.php(902): App\Controllers\Import->datapegawai('1231322143431')
 7 SYSTEMPATH\CodeIgniter.php(457): CodeIgniter\CodeIgniter->runController(Object(App\Controllers\Import))
 8 SYSTEMPATH\CodeIgniter.php(340): CodeIgniter\CodeIgniter->handleRequest(null, Object(Config\Cache), false)
 9 FCPATH\index.php(67): CodeIgniter\CodeIgniter->run()
10 SYSTEMPATH\Commands\Server\rewrite.php(46): require_once('FCPATH\\index.php')
CRITICAL - 2022-11-01 01:28:21 --> Array to string conversion
in APPPATH\Controllers\Import.php on line 116.
 1 APPPATH\Controllers\Import.php(116): CodeIgniter\Debug\Exceptions->errorHandler(8, 'Array to string conversion', 'APPPATH\\Controllers\\Import.php', 116, [...])
 2 SYSTEMPATH\CodeIgniter.php(902): App\Controllers\Import->datapegawai('1231322143431')
 3 SYSTEMPATH\CodeIgniter.php(457): CodeIgniter\CodeIgniter->runController(Object(App\Controllers\Import))
 4 SYSTEMPATH\CodeIgniter.php(340): CodeIgniter\CodeIgniter->handleRequest(null, Object(Config\Cache), false)
 5 FCPATH\index.php(67): CodeIgniter\CodeIgniter->run()
 6 SYSTEMPATH\Commands\Server\rewrite.php(46): require_once('FCPATH\\index.php')
CRITICAL - 2022-11-01 01:28:33 --> Undefined index: nik
in APPPATH\Controllers\Import.php on line 116.
 1 APPPATH\Controllers\Import.php(116): CodeIgniter\Debug\Exceptions->errorHandler(8, 'Undefined index: nik', 'APPPATH\\Controllers\\Import.php', 116, [...])
 2 SYSTEMPATH\CodeIgniter.php(902): App\Controllers\Import->datapegawai('1231322143431')
 3 SYSTEMPATH\CodeIgniter.php(457): CodeIgniter\CodeIgniter->runController(Object(App\Controllers\Import))
 4 SYSTEMPATH\CodeIgniter.php(340): CodeIgniter\CodeIgniter->handleRequest(null, Object(Config\Cache), false)
 5 FCPATH\index.php(67): CodeIgniter\CodeIgniter->run()
 6 SYSTEMPATH\Commands\Server\rewrite.php(46): require_once('FCPATH\\index.php')
CRITICAL - 2022-11-01 01:29:18 --> Array to string conversion
in APPPATH\Controllers\Import.php on line 117.
 1 APPPATH\Controllers\Import.php(117): CodeIgniter\Debug\Exceptions->errorHandler(8, 'Array to string conversion', 'APPPATH\\Controllers\\Import.php', 117, [...])
 2 SYSTEMPATH\CodeIgniter.php(902): App\Controllers\Import->datapegawai('1231322143431')
 3 SYSTEMPATH\CodeIgniter.php(457): CodeIgniter\CodeIgniter->runController(Object(App\Controllers\Import))
 4 SYSTEMPATH\CodeIgniter.php(340): CodeIgniter\CodeIgniter->handleRequest(null, Object(Config\Cache), false)
 5 FCPATH\index.php(67): CodeIgniter\CodeIgniter->run()
 6 SYSTEMPATH\Commands\Server\rewrite.php(46): require_once('FCPATH\\index.php')
CRITICAL - 2022-11-01 02:55:34 --> Undefined index: primary
in APPPATH\Views\homepage.php on line 77.
 1 APPPATH\Views\homepage.php(77): CodeIgniter\Debug\Exceptions->errorHandler(8, 'Undefined index: primary', 'APPPATH\\Views\\homepage.php', 77, [...])
 2 SYSTEMPATH\View\View.php(213): include('APPPATH\\Views\\homepage.php')
 3 SYSTEMPATH\View\View.php(216): CodeIgniter\View\View->CodeIgniter\View\{closure}()
 4 SYSTEMPATH\Common.php(1142): CodeIgniter\View\View->render('homepage', [], true)
 5 APPPATH\Controllers\Import.php(428): view('homepage', [...])
 6 SYSTEMPATH\CodeIgniter.php(902): App\Controllers\Import->datapegawai('1231322143431')
 7 SYSTEMPATH\CodeIgniter.php(457): CodeIgniter\CodeIgniter->runController(Object(App\Controllers\Import))
 8 SYSTEMPATH\CodeIgniter.php(340): CodeIgniter\CodeIgniter->handleRequest(null, Object(Config\Cache), false)
 9 FCPATH\index.php(67): CodeIgniter\CodeIgniter->run()
10 SYSTEMPATH\Commands\Server\rewrite.php(46): require_once('FCPATH\\index.php')
CRITICAL - 2022-11-01 03:02:15 --> Undefined variable: counting
in APPPATH\Views\homepage.php on line 97.
 1 APPPATH\Views\homepage.php(97): CodeIgniter\Debug\Exceptions->errorHandler(8, 'Undefined variable: counting', 'APPPATH\\Views\\homepage.php', 97, [...])
 2 SYSTEMPATH\View\View.php(213): include('APPPATH\\Views\\homepage.php')
 3 SYSTEMPATH\View\View.php(216): CodeIgniter\View\View->CodeIgniter\View\{closure}()
 4 SYSTEMPATH\Common.php(1142): CodeIgniter\View\View->render('homepage', [], true)
 5 APPPATH\Controllers\Import.php(429): view('homepage', [...])
 6 SYSTEMPATH\CodeIgniter.php(902): App\Controllers\Import->datapegawai('1231322143431')
 7 SYSTEMPATH\CodeIgniter.php(457): CodeIgniter\CodeIgniter->runController(Object(App\Controllers\Import))
 8 SYSTEMPATH\CodeIgniter.php(340): CodeIgniter\CodeIgniter->handleRequest(null, Object(Config\Cache), false)
 9 FCPATH\index.php(67): CodeIgniter\CodeIgniter->run()
10 SYSTEMPATH\Commands\Server\rewrite.php(46): require_once('FCPATH\\index.php')
CRITICAL - 2022-11-01 03:03:43 --> Undefined index: bksdaily
in APPPATH\Views\homepage.php on line 98.
 1 APPPATH\Views\homepage.php(98): CodeIgniter\Debug\Exceptions->errorHandler(8, 'Undefined index: bksdaily', 'APPPATH\\Views\\homepage.php', 98, [...])
 2 SYSTEMPATH\View\View.php(213): include('APPPATH\\Views\\homepage.php')
 3 SYSTEMPATH\View\View.php(216): CodeIgniter\View\View->CodeIgniter\View\{closure}()
 4 SYSTEMPATH\Common.php(1142): CodeIgniter\View\View->render('homepage', [], true)
 5 APPPATH\Controllers\Import.php(429): view('homepage', [...])
 6 SYSTEMPATH\CodeIgniter.php(902): App\Controllers\Import->datapegawai('1231322143431')
 7 SYSTEMPATH\CodeIgniter.php(457): CodeIgniter\CodeIgniter->runController(Object(App\Controllers\Import))
 8 SYSTEMPATH\CodeIgniter.php(340): CodeIgniter\CodeIgniter->handleRequest(null, Object(Config\Cache), false)
 9 FCPATH\index.php(67): CodeIgniter\CodeIgniter->run()
10 SYSTEMPATH\Commands\Server\rewrite.php(46): require_once('FCPATH\\index.php')
CRITICAL - 2022-11-01 03:03:48 --> Undefined index: bksdaily
in APPPATH\Views\homepage.php on line 98.
 1 APPPATH\Views\homepage.php(98): CodeIgniter\Debug\Exceptions->errorHandler(8, 'Undefined index: bksdaily', 'APPPATH\\Views\\homepage.php', 98, [...])
 2 SYSTEMPATH\View\View.php(213): include('APPPATH\\Views\\homepage.php')
 3 SYSTEMPATH\View\View.php(216): CodeIgniter\View\View->CodeIgniter\View\{closure}()
 4 SYSTEMPATH\Common.php(1142): CodeIgniter\View\View->render('homepage', [], true)
 5 APPPATH\Controllers\Import.php(429): view('homepage', [...])
 6 SYSTEMPATH\CodeIgniter.php(902): App\Controllers\Import->datapegawai('1231322143431')
 7 SYSTEMPATH\CodeIgniter.php(457): CodeIgniter\CodeIgniter->runController(Object(App\Controllers\Import))
 8 SYSTEMPATH\CodeIgniter.php(340): CodeIgniter\CodeIgniter->handleRequest(null, Object(Config\Cache), false)
 9 FCPATH\index.php(67): CodeIgniter\CodeIgniter->run()
10 SYSTEMPATH\Commands\Server\rewrite.php(46): require_once('FCPATH\\index.php')
CRITICAL - 2022-11-01 03:04:28 --> Undefined index: bksdaily
in APPPATH\Views\homepage.php on line 98.
 1 APPPATH\Views\homepage.php(98): CodeIgniter\Debug\Exceptions->errorHandler(8, 'Undefined index: bksdaily', 'APPPATH\\Views\\homepage.php', 98, [...])
 2 SYSTEMPATH\View\View.php(213): include('APPPATH\\Views\\homepage.php')
 3 SYSTEMPATH\View\View.php(216): CodeIgniter\View\View->CodeIgniter\View\{closure}()
 4 SYSTEMPATH\Common.php(1142): CodeIgniter\View\View->render('homepage', [], true)
 5 APPPATH\Controllers\Import.php(429): view('homepage', [...])
 6 SYSTEMPATH\CodeIgniter.php(902): App\Controllers\Import->datapegawai('1231322143431')
 7 SYSTEMPATH\CodeIgniter.php(457): CodeIgniter\CodeIgniter->runController(Object(App\Controllers\Import))
 8 SYSTEMPATH\CodeIgniter.php(340): CodeIgniter\CodeIgniter->handleRequest(null, Object(Config\Cache), false)
 9 FCPATH\index.php(67): CodeIgniter\CodeIgniter->run()
10 SYSTEMPATH\Commands\Server\rewrite.php(46): require_once('FCPATH\\index.php')
CRITICAL - 2022-11-01 03:04:29 --> Undefined index: bksdaily
in APPPATH\Views\homepage.php on line 98.
 1 APPPATH\Views\homepage.php(98): CodeIgniter\Debug\Exceptions->errorHandler(8, 'Undefined index: bksdaily', 'APPPATH\\Views\\homepage.php', 98, [...])
 2 SYSTEMPATH\View\View.php(213): include('APPPATH\\Views\\homepage.php')
 3 SYSTEMPATH\View\View.php(216): CodeIgniter\View\View->CodeIgniter\View\{closure}()
 4 SYSTEMPATH\Common.php(1142): CodeIgniter\View\View->render('homepage', [], true)
 5 APPPATH\Controllers\Import.php(429): view('homepage', [...])
 6 SYSTEMPATH\CodeIgniter.php(902): App\Controllers\Import->datapegawai('1231322143431')
 7 SYSTEMPATH\CodeIgniter.php(457): CodeIgniter\CodeIgniter->runController(Object(App\Controllers\Import))
 8 SYSTEMPATH\CodeIgniter.php(340): CodeIgniter\CodeIgniter->handleRequest(null, Object(Config\Cache), false)
 9 FCPATH\index.php(67): CodeIgniter\CodeIgniter->run()
10 SYSTEMPATH\Commands\Server\rewrite.php(46): require_once('FCPATH\\index.php')
CRITICAL - 2022-11-01 03:09:30 --> Undefined index: bksdaily
in APPPATH\Controllers\Import.php on line 429.
 1 APPPATH\Controllers\Import.php(429): CodeIgniter\Debug\Exceptions->errorHandler(8, 'Undefined index: bksdaily', 'APPPATH\\Controllers\\Import.php', 429, [...])
 2 SYSTEMPATH\CodeIgniter.php(902): App\Controllers\Import->datapegawai('1231322143431')
 3 SYSTEMPATH\CodeIgniter.php(457): CodeIgniter\CodeIgniter->runController(Object(App\Controllers\Import))
 4 SYSTEMPATH\CodeIgniter.php(340): CodeIgniter\CodeIgniter->handleRequest(null, Object(Config\Cache), false)
 5 FCPATH\index.php(67): CodeIgniter\CodeIgniter->run()
 6 SYSTEMPATH\Commands\Server\rewrite.php(46): require_once('FCPATH\\index.php')
CRITICAL - 2022-11-01 03:15:24 --> Undefined index: bkpyearlyp
in APPPATH\Controllers\Import.php on line 390.
 1 APPPATH\Controllers\Import.php(390): CodeIgniter\Debug\Exceptions->errorHandler(8, 'Undefined index: bkpyearlyp', 'APPPATH\\Controllers\\Import.php', 390, [...])
 2 SYSTEMPATH\CodeIgniter.php(902): App\Controllers\Import->datapegawai('1231322143431')
 3 SYSTEMPATH\CodeIgniter.php(457): CodeIgniter\CodeIgniter->runController(Object(App\Controllers\Import))
 4 SYSTEMPATH\CodeIgniter.php(340): CodeIgniter\CodeIgniter->handleRequest(null, Object(Config\Cache), false)
 5 FCPATH\index.php(67): CodeIgniter\CodeIgniter->run()
 6 SYSTEMPATH\Commands\Server\rewrite.php(46): require_once('FCPATH\\index.php')
ERROR - 2022-11-01 21:45:13 --> mysqli_sql_exception: Unknown column 'fte' in 'field list' in C:\xampp\htdocs\imprtdata\vendor\codeigniter4\framework\system\Database\MySQLi\Connection.php:292
Stack trace:
#0 C:\xampp\htdocs\imprtdata\vendor\codeigniter4\framework\system\Database\MySQLi\Connection.php(292): mysqli->query('UPDATE `wla` SE...', 0)
#1 C:\xampp\htdocs\imprtdata\vendor\codeigniter4\framework\system\Database\BaseConnection.php(693): CodeIgniter\Database\MySQLi\Connection->execute('UPDATE `wla` SE...')
#2 C:\xampp\htdocs\imprtdata\vendor\codeigniter4\framework\system\Database\BaseConnection.php(620): CodeIgniter\Database\BaseConnection->simpleQuery('UPDATE `wla` SE...')
#3 C:\xampp\htdocs\imprtdata\vendor\codeigniter4\framework\system\Database\BaseBuilder.php(2079): CodeIgniter\Database\BaseConnection->query('UPDATE `wla` SE...', Array, false)
#4 C:\xampp\htdocs\imprtdata\app\Controllers\Import.php(433): CodeIgniter\Database\BaseBuilder->update()
#5 C:\xampp\htdocs\imprtdata\vendor\codeigniter4\framework\system\CodeIgniter.php(902): App\Controllers\Import->datapegawai('1231322143431')
#6 C:\xampp\htdocs\imprtdata\vendor\codeigniter4\framework\system\CodeIgniter.php(457): CodeIgniter\CodeIgniter->runController(Object(App\Controllers\Import))
#7 C:\xampp\htdocs\imprtdata\vendor\codeigniter4\framework\system\CodeIgniter.php(340): CodeIgniter\CodeIgniter->handleRequest(NULL, Object(Config\Cache), false)
#8 C:\xampp\htdocs\imprtdata\public\index.php(67): CodeIgniter\CodeIgniter->run()
#9 C:\xampp\htdocs\imprtdata\vendor\codeigniter4\framework\system\Commands\Server\rewrite.php(46): require_once('C:\\xampp\\htdocs...')
#10 {main}
CRITICAL - 2022-11-01 21:45:13 --> Unknown column 'fte' in 'field list'
in SYSTEMPATH\Database\MySQLi\Connection.php on line 292.
 1 SYSTEMPATH\Database\MySQLi\Connection.php(292): mysqli->query('UPDATE `wla` SET `fte` = 0.73869219119385
WHERE `nik` = \'1231322143431\'', 0)
 2 SYSTEMPATH\Database\BaseConnection.php(693): CodeIgniter\Database\MySQLi\Connection->execute('UPDATE `wla` SET `fte` = 0.73869219119385
WHERE `nik` = \'1231322143431\'')
 3 SYSTEMPATH\Database\BaseConnection.php(620): CodeIgniter\Database\BaseConnection->simpleQuery('UPDATE `wla` SET `fte` = 0.73869219119385
WHERE `nik` = \'1231322143431\'')
 4 SYSTEMPATH\Database\BaseBuilder.php(2079): CodeIgniter\Database\BaseConnection->query('UPDATE `wla` SET `fte` = :fte:
WHERE `nik` = :nik:', [...], false)
 5 APPPATH\Controllers\Import.php(433): CodeIgniter\Database\BaseBuilder->update()
 6 SYSTEMPATH\CodeIgniter.php(902): App\Controllers\Import->datapegawai('1231322143431')
 7 SYSTEMPATH\CodeIgniter.php(457): CodeIgniter\CodeIgniter->runController(Object(App\Controllers\Import))
 8 SYSTEMPATH\CodeIgniter.php(340): CodeIgniter\CodeIgniter->handleRequest(null, Object(Config\Cache), false)
 9 FCPATH\index.php(67): CodeIgniter\CodeIgniter->run()
10 SYSTEMPATH\Commands\Server\rewrite.php(46): require_once('FCPATH\\index.php')
