CRITICAL - 2022-11-14 10:21:23 --> Undefined variable: dataevent
in APPPATH\Views\eventspage\formabsen.php on line 40.
 1 APPPATH\Views\eventspage\formabsen.php(40): CodeIgniter\Debug\Exceptions->errorHandler(8, 'Undefined variable: dataevent', 'APPPATH\\Views\\eventspage\\formabsen.php', 40, [...])
 2 SYSTEMPATH\View\View.php(213): include('APPPATH\\Views\\eventspage\\formabsen.php')
 3 SYSTEMPATH\View\View.php(216): CodeIgniter\View\View->CodeIgniter\View\{closure}()
 4 SYSTEMPATH\Common.php(1142): CodeIgniter\View\View->render('eventspage/formabsen', [], true)
 5 APPPATH\Controllers\EventController.php(70): view('eventspage/formabsen', [...])
 6 SYSTEMPATH\CodeIgniter.php(902): App\Controllers\EventController->cektime('2147483647')
 7 SYSTEMPATH\CodeIgniter.php(457): CodeIgniter\CodeIgniter->runController(Object(App\Controllers\EventController))
 8 SYSTEMPATH\CodeIgniter.php(340): CodeIgniter\CodeIgniter->handleRequest(null, Object(Config\Cache), false)
 9 FCPATH\index.php(67): CodeIgniter\CodeIgniter->run()
10 SYSTEMPATH\Commands\Server\rewrite.php(46): require_once('FCPATH\\index.php')
CRITICAL - 2022-11-14 21:07:45 --> Invalid file: formabsensi.php
in SYSTEMPATH\Exceptions\FrameworkException.php on line 33.
 1 SYSTEMPATH\View\View.php(201): CodeIgniter\Exceptions\FrameworkException::forInvalidFile('formabsensi.php')
 2 SYSTEMPATH\Common.php(1142): CodeIgniter\View\View->render('formabsensi', [], true)
 3 APPPATH\Controllers\EventController.php(65): view('formabsensi', [...])
 4 SYSTEMPATH\CodeIgniter.php(902): App\Controllers\EventController->cektime('6371')
 5 SYSTEMPATH\CodeIgniter.php(457): CodeIgniter\CodeIgniter->runController(Object(App\Controllers\EventController))
 6 SYSTEMPATH\CodeIgniter.php(340): CodeIgniter\CodeIgniter->handleRequest(null, Object(Config\Cache), false)
 7 FCPATH\index.php(67): CodeIgniter\CodeIgniter->run()
 8 SYSTEMPATH\Commands\Server\rewrite.php(46): require_once('FCPATH\\index.php')
CRITICAL - 2022-11-14 21:17:38 --> Invalid file: pilihanawal.php
in SYSTEMPATH\Exceptions\FrameworkException.php on line 33.
 1 SYSTEMPATH\View\View.php(201): CodeIgniter\Exceptions\FrameworkException::forInvalidFile('pilihanawal.php')
 2 SYSTEMPATH\Common.php(1142): CodeIgniter\View\View->render('pilihanawal', [], true)
 3 APPPATH\Controllers\EventController.php(65): view('pilihanawal', [...])
 4 SYSTEMPATH\CodeIgniter.php(902): App\Controllers\EventController->cektime('6371')
 5 SYSTEMPATH\CodeIgniter.php(457): CodeIgniter\CodeIgniter->runController(Object(App\Controllers\EventController))
 6 SYSTEMPATH\CodeIgniter.php(340): CodeIgniter\CodeIgniter->handleRequest(null, Object(Config\Cache), false)
 7 FCPATH\index.php(67): CodeIgniter\CodeIgniter->run()
 8 SYSTEMPATH\Commands\Server\rewrite.php(46): require_once('FCPATH\\index.php')
