CRITICAL - 2022-10-31 03:58:05 --> Undefined index: primary
in APPPATH\Views\homepage.php on line 70.
 1 APPPATH\Views\homepage.php(70): CodeIgniter\Debug\Exceptions->errorHandler(8, 'Undefined index: primary', 'APPPATH\\Views\\homepage.php', 70, [...])
 2 SYSTEMPATH\View\View.php(213): include('APPPATH\\Views\\homepage.php')
 3 SYSTEMPATH\View\View.php(216): CodeIgniter\View\View->CodeIgniter\View\{closure}()
 4 SYSTEMPATH\Common.php(1142): CodeIgniter\View\View->render('homepage', [], true)
 5 APPPATH\Controllers\Import.php(40): view('homepage', [...])
 6 SYSTEMPATH\CodeIgniter.php(902): App\Controllers\Import->datapegawai('1231322143431')
 7 SYSTEMPATH\CodeIgniter.php(457): CodeIgniter\CodeIgniter->runController(Object(App\Controllers\Import))
 8 SYSTEMPATH\CodeIgniter.php(340): CodeIgniter\CodeIgniter->handleRequest(null, Object(Config\Cache), false)
 9 FCPATH\index.php(67): CodeIgniter\CodeIgniter->run()
10 SYSTEMPATH\Commands\Server\rewrite.php(46): require_once('FCPATH\\index.php')
CRITICAL - 2022-10-31 04:21:25 --> Undefined index: primary
in APPPATH\Views\homepage.php on line 70.
 1 APPPATH\Views\homepage.php(70): CodeIgniter\Debug\Exceptions->errorHandler(8, 'Undefined index: primary', 'APPPATH\\Views\\homepage.php', 70, [...])
 2 SYSTEMPATH\View\View.php(213): include('APPPATH\\Views\\homepage.php')
 3 SYSTEMPATH\View\View.php(216): CodeIgniter\View\View->CodeIgniter\View\{closure}()
 4 SYSTEMPATH\Common.php(1142): CodeIgniter\View\View->render('homepage', [], true)
 5 APPPATH\Controllers\Import.php(56): view('homepage', [...])
 6 SYSTEMPATH\CodeIgniter.php(902): App\Controllers\Import->datapegawai('1231322143431')
 7 SYSTEMPATH\CodeIgniter.php(457): CodeIgniter\CodeIgniter->runController(Object(App\Controllers\Import))
 8 SYSTEMPATH\CodeIgniter.php(340): CodeIgniter\CodeIgniter->handleRequest(null, Object(Config\Cache), false)
 9 FCPATH\index.php(67): CodeIgniter\CodeIgniter->run()
10 SYSTEMPATH\Commands\Server\rewrite.php(46): require_once('FCPATH\\index.php')
CRITICAL - 2022-10-31 04:21:29 --> Undefined index: primary
in APPPATH\Views\homepage.php on line 70.
 1 APPPATH\Views\homepage.php(70): CodeIgniter\Debug\Exceptions->errorHandler(8, 'Undefined index: primary', 'APPPATH\\Views\\homepage.php', 70, [...])
 2 SYSTEMPATH\View\View.php(213): include('APPPATH\\Views\\homepage.php')
 3 SYSTEMPATH\View\View.php(216): CodeIgniter\View\View->CodeIgniter\View\{closure}()
 4 SYSTEMPATH\Common.php(1142): CodeIgniter\View\View->render('homepage', [], true)
 5 APPPATH\Controllers\Import.php(56): view('homepage', [...])
 6 SYSTEMPATH\CodeIgniter.php(902): App\Controllers\Import->datapegawai('1231322143431')
 7 SYSTEMPATH\CodeIgniter.php(457): CodeIgniter\CodeIgniter->runController(Object(App\Controllers\Import))
 8 SYSTEMPATH\CodeIgniter.php(340): CodeIgniter\CodeIgniter->handleRequest(null, Object(Config\Cache), false)
 9 FCPATH\index.php(67): CodeIgniter\CodeIgniter->run()
10 SYSTEMPATH\Commands\Server\rewrite.php(46): require_once('FCPATH\\index.php')
CRITICAL - 2022-10-31 04:27:27 --> Trying to access array offset on value of type float
in APPPATH\Views\homepage.php on line 63.
 1 APPPATH\Views\homepage.php(63): CodeIgniter\Debug\Exceptions->errorHandler(8, 'Trying to access array offset on value of type float', 'APPPATH\\Views\\homepage.php', 63, [...])
 2 SYSTEMPATH\View\View.php(213): include('APPPATH\\Views\\homepage.php')
 3 SYSTEMPATH\View\View.php(216): CodeIgniter\View\View->CodeIgniter\View\{closure}()
 4 SYSTEMPATH\Common.php(1142): CodeIgniter\View\View->render('homepage', [], true)
 5 APPPATH\Controllers\Import.php(57): view('homepage', [...])
 6 SYSTEMPATH\CodeIgniter.php(902): App\Controllers\Import->datapegawai('1231322143431')
 7 SYSTEMPATH\CodeIgniter.php(457): CodeIgniter\CodeIgniter->runController(Object(App\Controllers\Import))
 8 SYSTEMPATH\CodeIgniter.php(340): CodeIgniter\CodeIgniter->handleRequest(null, Object(Config\Cache), false)
 9 FCPATH\index.php(67): CodeIgniter\CodeIgniter->run()
10 SYSTEMPATH\Commands\Server\rewrite.php(46): require_once('FCPATH\\index.php')
CRITICAL - 2022-10-31 05:20:02 --> Division by zero
in APPPATH\Views\homepage.php on line 98.
 1 APPPATH\Views\homepage.php(98): CodeIgniter\Debug\Exceptions->errorHandler(2, 'Division by zero', 'APPPATH\\Views\\homepage.php', 98, [...])
 2 SYSTEMPATH\View\View.php(213): include('APPPATH\\Views\\homepage.php')
 3 SYSTEMPATH\View\View.php(216): CodeIgniter\View\View->CodeIgniter\View\{closure}()
 4 SYSTEMPATH\Common.php(1142): CodeIgniter\View\View->render('homepage', [], true)
 5 APPPATH\Controllers\Import.php(65): view('homepage', [...])
 6 SYSTEMPATH\CodeIgniter.php(902): App\Controllers\Import->datapegawai('FCPATH\\library', 'dselect.js')
 7 SYSTEMPATH\CodeIgniter.php(457): CodeIgniter\CodeIgniter->runController(Object(App\Controllers\Import))
 8 SYSTEMPATH\CodeIgniter.php(340): CodeIgniter\CodeIgniter->handleRequest(null, Object(Config\Cache), false)
 9 FCPATH\index.php(67): CodeIgniter\CodeIgniter->run()
10 SYSTEMPATH\Commands\Server\rewrite.php(46): require_once('FCPATH\\index.php')
CRITICAL - 2022-10-31 05:20:30 --> Division by zero
in APPPATH\Views\homepage.php on line 98.
 1 APPPATH\Views\homepage.php(98): CodeIgniter\Debug\Exceptions->errorHandler(2, 'Division by zero', 'APPPATH\\Views\\homepage.php', 98, [...])
 2 SYSTEMPATH\View\View.php(213): include('APPPATH\\Views\\homepage.php')
 3 SYSTEMPATH\View\View.php(216): CodeIgniter\View\View->CodeIgniter\View\{closure}()
 4 SYSTEMPATH\Common.php(1142): CodeIgniter\View\View->render('homepage', [], true)
 5 APPPATH\Controllers\Import.php(65): view('homepage', [...])
 6 SYSTEMPATH\CodeIgniter.php(902): App\Controllers\Import->datapegawai('FCPATH\\library', 'dselect.js')
 7 SYSTEMPATH\CodeIgniter.php(457): CodeIgniter\CodeIgniter->runController(Object(App\Controllers\Import))
 8 SYSTEMPATH\CodeIgniter.php(340): CodeIgniter\CodeIgniter->handleRequest(null, Object(Config\Cache), false)
 9 FCPATH\index.php(67): CodeIgniter\CodeIgniter->run()
10 SYSTEMPATH\Commands\Server\rewrite.php(46): require_once('FCPATH\\index.php')
CRITICAL - 2022-10-31 05:21:04 --> Division by zero
in APPPATH\Views\homepage.php on line 98.
 1 APPPATH\Views\homepage.php(98): CodeIgniter\Debug\Exceptions->errorHandler(2, 'Division by zero', 'APPPATH\\Views\\homepage.php', 98, [...])
 2 SYSTEMPATH\View\View.php(213): include('APPPATH\\Views\\homepage.php')
 3 SYSTEMPATH\View\View.php(216): CodeIgniter\View\View->CodeIgniter\View\{closure}()
 4 SYSTEMPATH\Common.php(1142): CodeIgniter\View\View->render('homepage', [], true)
 5 APPPATH\Controllers\Import.php(65): view('homepage', [...])
 6 SYSTEMPATH\CodeIgniter.php(902): App\Controllers\Import->datapegawai('FCPATH\\library', 'dselect.js')
 7 SYSTEMPATH\CodeIgniter.php(457): CodeIgniter\CodeIgniter->runController(Object(App\Controllers\Import))
 8 SYSTEMPATH\CodeIgniter.php(340): CodeIgniter\CodeIgniter->handleRequest(null, Object(Config\Cache), false)
 9 FCPATH\index.php(67): CodeIgniter\CodeIgniter->run()
10 SYSTEMPATH\Commands\Server\rewrite.php(46): require_once('FCPATH\\index.php')
CRITICAL - 2022-10-31 05:24:42 --> Division by zero
in APPPATH\Views\homepage.php on line 98.
 1 APPPATH\Views\homepage.php(98): CodeIgniter\Debug\Exceptions->errorHandler(2, 'Division by zero', 'APPPATH\\Views\\homepage.php', 98, [...])
 2 SYSTEMPATH\View\View.php(213): include('APPPATH\\Views\\homepage.php')
 3 SYSTEMPATH\View\View.php(216): CodeIgniter\View\View->CodeIgniter\View\{closure}()
 4 SYSTEMPATH\Common.php(1142): CodeIgniter\View\View->render('homepage', [], true)
 5 APPPATH\Controllers\Import.php(65): view('homepage', [...])
 6 SYSTEMPATH\CodeIgniter.php(902): App\Controllers\Import->datapegawai('FCPATH\\library', 'dselect.js')
 7 SYSTEMPATH\CodeIgniter.php(457): CodeIgniter\CodeIgniter->runController(Object(App\Controllers\Import))
 8 SYSTEMPATH\CodeIgniter.php(340): CodeIgniter\CodeIgniter->handleRequest(null, Object(Config\Cache), false)
 9 FCPATH\index.php(67): CodeIgniter\CodeIgniter->run()
10 SYSTEMPATH\Commands\Server\rewrite.php(46): require_once('FCPATH\\index.php')
CRITICAL - 2022-10-31 05:25:10 --> Division by zero
in APPPATH\Views\homepage.php on line 98.
 1 APPPATH\Views\homepage.php(98): CodeIgniter\Debug\Exceptions->errorHandler(2, 'Division by zero', 'APPPATH\\Views\\homepage.php', 98, [...])
 2 SYSTEMPATH\View\View.php(213): include('APPPATH\\Views\\homepage.php')
 3 SYSTEMPATH\View\View.php(216): CodeIgniter\View\View->CodeIgniter\View\{closure}()
 4 SYSTEMPATH\Common.php(1142): CodeIgniter\View\View->render('homepage', [], true)
 5 APPPATH\Controllers\Import.php(65): view('homepage', [...])
 6 SYSTEMPATH\CodeIgniter.php(902): App\Controllers\Import->datapegawai('FCPATH\\library', 'dselect.js')
 7 SYSTEMPATH\CodeIgniter.php(457): CodeIgniter\CodeIgniter->runController(Object(App\Controllers\Import))
 8 SYSTEMPATH\CodeIgniter.php(340): CodeIgniter\CodeIgniter->handleRequest(null, Object(Config\Cache), false)
 9 FCPATH\index.php(67): CodeIgniter\CodeIgniter->run()
10 SYSTEMPATH\Commands\Server\rewrite.php(46): require_once('FCPATH\\index.php')
CRITICAL - 2022-10-31 05:25:57 --> Division by zero
in APPPATH\Views\homepage.php on line 98.
 1 APPPATH\Views\homepage.php(98): CodeIgniter\Debug\Exceptions->errorHandler(2, 'Division by zero', 'APPPATH\\Views\\homepage.php', 98, [...])
 2 SYSTEMPATH\View\View.php(213): include('APPPATH\\Views\\homepage.php')
 3 SYSTEMPATH\View\View.php(216): CodeIgniter\View\View->CodeIgniter\View\{closure}()
 4 SYSTEMPATH\Common.php(1142): CodeIgniter\View\View->render('homepage', [], true)
 5 APPPATH\Controllers\Import.php(65): view('homepage', [...])
 6 SYSTEMPATH\CodeIgniter.php(902): App\Controllers\Import->datapegawai('FCPATH\\library', 'dselect.js')
 7 SYSTEMPATH\CodeIgniter.php(457): CodeIgniter\CodeIgniter->runController(Object(App\Controllers\Import))
 8 SYSTEMPATH\CodeIgniter.php(340): CodeIgniter\CodeIgniter->handleRequest(null, Object(Config\Cache), false)
 9 FCPATH\index.php(67): CodeIgniter\CodeIgniter->run()
10 SYSTEMPATH\Commands\Server\rewrite.php(46): require_once('FCPATH\\index.php')
CRITICAL - 2022-10-31 05:27:44 --> Division by zero
in APPPATH\Views\homepage.php on line 98.
 1 APPPATH\Views\homepage.php(98): CodeIgniter\Debug\Exceptions->errorHandler(2, 'Division by zero', 'APPPATH\\Views\\homepage.php', 98, [...])
 2 SYSTEMPATH\View\View.php(213): include('APPPATH\\Views\\homepage.php')
 3 SYSTEMPATH\View\View.php(216): CodeIgniter\View\View->CodeIgniter\View\{closure}()
 4 SYSTEMPATH\Common.php(1142): CodeIgniter\View\View->render('homepage', [], true)
 5 APPPATH\Controllers\Import.php(65): view('homepage', [...])
 6 SYSTEMPATH\CodeIgniter.php(902): App\Controllers\Import->datapegawai('FCPATH\\library', 'dselect.js')
 7 SYSTEMPATH\CodeIgniter.php(457): CodeIgniter\CodeIgniter->runController(Object(App\Controllers\Import))
 8 SYSTEMPATH\CodeIgniter.php(340): CodeIgniter\CodeIgniter->handleRequest(null, Object(Config\Cache), false)
 9 FCPATH\index.php(67): CodeIgniter\CodeIgniter->run()
10 SYSTEMPATH\Commands\Server\rewrite.php(46): require_once('FCPATH\\index.php')
CRITICAL - 2022-10-31 05:27:52 --> Division by zero
in APPPATH\Views\homepage.php on line 98.
 1 APPPATH\Views\homepage.php(98): CodeIgniter\Debug\Exceptions->errorHandler(2, 'Division by zero', 'APPPATH\\Views\\homepage.php', 98, [...])
 2 SYSTEMPATH\View\View.php(213): include('APPPATH\\Views\\homepage.php')
 3 SYSTEMPATH\View\View.php(216): CodeIgniter\View\View->CodeIgniter\View\{closure}()
 4 SYSTEMPATH\Common.php(1142): CodeIgniter\View\View->render('homepage', [], true)
 5 APPPATH\Controllers\Import.php(65): view('homepage', [...])
 6 SYSTEMPATH\CodeIgniter.php(902): App\Controllers\Import->datapegawai('FCPATH\\library', 'dselect.js')
 7 SYSTEMPATH\CodeIgniter.php(457): CodeIgniter\CodeIgniter->runController(Object(App\Controllers\Import))
 8 SYSTEMPATH\CodeIgniter.php(340): CodeIgniter\CodeIgniter->handleRequest(null, Object(Config\Cache), false)
 9 FCPATH\index.php(67): CodeIgniter\CodeIgniter->run()
10 SYSTEMPATH\Commands\Server\rewrite.php(46): require_once('FCPATH\\index.php')
CRITICAL - 2022-10-31 05:28:07 --> Division by zero
in APPPATH\Views\homepage.php on line 98.
 1 APPPATH\Views\homepage.php(98): CodeIgniter\Debug\Exceptions->errorHandler(2, 'Division by zero', 'APPPATH\\Views\\homepage.php', 98, [...])
 2 SYSTEMPATH\View\View.php(213): include('APPPATH\\Views\\homepage.php')
 3 SYSTEMPATH\View\View.php(216): CodeIgniter\View\View->CodeIgniter\View\{closure}()
 4 SYSTEMPATH\Common.php(1142): CodeIgniter\View\View->render('homepage', [], true)
 5 APPPATH\Controllers\Import.php(65): view('homepage', [...])
 6 SYSTEMPATH\CodeIgniter.php(902): App\Controllers\Import->datapegawai('FCPATH\\library', 'dselect.js')
 7 SYSTEMPATH\CodeIgniter.php(457): CodeIgniter\CodeIgniter->runController(Object(App\Controllers\Import))
 8 SYSTEMPATH\CodeIgniter.php(340): CodeIgniter\CodeIgniter->handleRequest(null, Object(Config\Cache), false)
 9 FCPATH\index.php(67): CodeIgniter\CodeIgniter->run()
10 SYSTEMPATH\Commands\Server\rewrite.php(46): require_once('FCPATH\\index.php')
CRITICAL - 2022-10-31 05:28:30 --> Division by zero
in APPPATH\Views\homepage.php on line 98.
 1 APPPATH\Views\homepage.php(98): CodeIgniter\Debug\Exceptions->errorHandler(2, 'Division by zero', 'APPPATH\\Views\\homepage.php', 98, [...])
 2 SYSTEMPATH\View\View.php(213): include('APPPATH\\Views\\homepage.php')
 3 SYSTEMPATH\View\View.php(216): CodeIgniter\View\View->CodeIgniter\View\{closure}()
 4 SYSTEMPATH\Common.php(1142): CodeIgniter\View\View->render('homepage', [], true)
 5 APPPATH\Controllers\Import.php(65): view('homepage', [...])
 6 SYSTEMPATH\CodeIgniter.php(902): App\Controllers\Import->datapegawai('FCPATH\\library', 'dselect.js')
 7 SYSTEMPATH\CodeIgniter.php(457): CodeIgniter\CodeIgniter->runController(Object(App\Controllers\Import))
 8 SYSTEMPATH\CodeIgniter.php(340): CodeIgniter\CodeIgniter->handleRequest(null, Object(Config\Cache), false)
 9 FCPATH\index.php(67): CodeIgniter\CodeIgniter->run()
10 SYSTEMPATH\Commands\Server\rewrite.php(46): require_once('FCPATH\\index.php')
CRITICAL - 2022-10-31 05:31:07 --> Division by zero
in APPPATH\Views\homepage.php on line 98.
 1 APPPATH\Views\homepage.php(98): CodeIgniter\Debug\Exceptions->errorHandler(2, 'Division by zero', 'APPPATH\\Views\\homepage.php', 98, [...])
 2 SYSTEMPATH\View\View.php(213): include('APPPATH\\Views\\homepage.php')
 3 SYSTEMPATH\View\View.php(216): CodeIgniter\View\View->CodeIgniter\View\{closure}()
 4 SYSTEMPATH\Common.php(1142): CodeIgniter\View\View->render('homepage', [], true)
 5 APPPATH\Controllers\Import.php(65): view('homepage', [...])
 6 SYSTEMPATH\CodeIgniter.php(902): App\Controllers\Import->datapegawai('FCPATH\\library', 'dselect.js')
 7 SYSTEMPATH\CodeIgniter.php(457): CodeIgniter\CodeIgniter->runController(Object(App\Controllers\Import))
 8 SYSTEMPATH\CodeIgniter.php(340): CodeIgniter\CodeIgniter->handleRequest(null, Object(Config\Cache), false)
 9 FCPATH\index.php(67): CodeIgniter\CodeIgniter->run()
10 SYSTEMPATH\Commands\Server\rewrite.php(46): require_once('FCPATH\\index.php')
CRITICAL - 2022-10-31 05:32:57 --> Division by zero
in APPPATH\Views\homepage.php on line 98.
 1 APPPATH\Views\homepage.php(98): CodeIgniter\Debug\Exceptions->errorHandler(2, 'Division by zero', 'APPPATH\\Views\\homepage.php', 98, [...])
 2 SYSTEMPATH\View\View.php(213): include('APPPATH\\Views\\homepage.php')
 3 SYSTEMPATH\View\View.php(216): CodeIgniter\View\View->CodeIgniter\View\{closure}()
 4 SYSTEMPATH\Common.php(1142): CodeIgniter\View\View->render('homepage', [], true)
 5 APPPATH\Controllers\Import.php(65): view('homepage', [...])
 6 SYSTEMPATH\CodeIgniter.php(902): App\Controllers\Import->datapegawai('FCPATH\\library', 'dselect.js')
 7 SYSTEMPATH\CodeIgniter.php(457): CodeIgniter\CodeIgniter->runController(Object(App\Controllers\Import))
 8 SYSTEMPATH\CodeIgniter.php(340): CodeIgniter\CodeIgniter->handleRequest(null, Object(Config\Cache), false)
 9 FCPATH\index.php(67): CodeIgniter\CodeIgniter->run()
10 SYSTEMPATH\Commands\Server\rewrite.php(46): require_once('FCPATH\\index.php')
CRITICAL - 2022-10-31 05:46:20 --> Division by zero
in APPPATH\Views\homepage.php on line 98.
 1 APPPATH\Views\homepage.php(98): CodeIgniter\Debug\Exceptions->errorHandler(2, 'Division by zero', 'APPPATH\\Views\\homepage.php', 98, [...])
 2 SYSTEMPATH\View\View.php(213): include('APPPATH\\Views\\homepage.php')
 3 SYSTEMPATH\View\View.php(216): CodeIgniter\View\View->CodeIgniter\View\{closure}()
 4 SYSTEMPATH\Common.php(1142): CodeIgniter\View\View->render('homepage', [], true)
 5 APPPATH\Controllers\Import.php(65): view('homepage', [...])
 6 SYSTEMPATH\CodeIgniter.php(902): App\Controllers\Import->datapegawai('1231322143437')
 7 SYSTEMPATH\CodeIgniter.php(457): CodeIgniter\CodeIgniter->runController(Object(App\Controllers\Import))
 8 SYSTEMPATH\CodeIgniter.php(340): CodeIgniter\CodeIgniter->handleRequest(null, Object(Config\Cache), false)
 9 FCPATH\index.php(67): CodeIgniter\CodeIgniter->run()
10 SYSTEMPATH\Commands\Server\rewrite.php(46): require_once('FCPATH\\index.php')
CRITICAL - 2022-10-31 05:46:29 --> Division by zero
in APPPATH\Views\homepage.php on line 98.
 1 APPPATH\Views\homepage.php(98): CodeIgniter\Debug\Exceptions->errorHandler(2, 'Division by zero', 'APPPATH\\Views\\homepage.php', 98, [...])
 2 SYSTEMPATH\View\View.php(213): include('APPPATH\\Views\\homepage.php')
 3 SYSTEMPATH\View\View.php(216): CodeIgniter\View\View->CodeIgniter\View\{closure}()
 4 SYSTEMPATH\Common.php(1142): CodeIgniter\View\View->render('homepage', [], true)
 5 APPPATH\Controllers\Import.php(65): view('homepage', [...])
 6 SYSTEMPATH\CodeIgniter.php(902): App\Controllers\Import->datapegawai('FCPATH\\library', 'dselect.js')
 7 SYSTEMPATH\CodeIgniter.php(457): CodeIgniter\CodeIgniter->runController(Object(App\Controllers\Import))
 8 SYSTEMPATH\CodeIgniter.php(340): CodeIgniter\CodeIgniter->handleRequest(null, Object(Config\Cache), false)
 9 FCPATH\index.php(67): CodeIgniter\CodeIgniter->run()
10 SYSTEMPATH\Commands\Server\rewrite.php(46): require_once('FCPATH\\index.php')
CRITICAL - 2022-10-31 05:46:56 --> Division by zero
in APPPATH\Views\homepage.php on line 98.
 1 APPPATH\Views\homepage.php(98): CodeIgniter\Debug\Exceptions->errorHandler(2, 'Division by zero', 'APPPATH\\Views\\homepage.php', 98, [...])
 2 SYSTEMPATH\View\View.php(213): include('APPPATH\\Views\\homepage.php')
 3 SYSTEMPATH\View\View.php(216): CodeIgniter\View\View->CodeIgniter\View\{closure}()
 4 SYSTEMPATH\Common.php(1142): CodeIgniter\View\View->render('homepage', [], true)
 5 APPPATH\Controllers\Import.php(65): view('homepage', [...])
 6 SYSTEMPATH\CodeIgniter.php(902): App\Controllers\Import->datapegawai('FCPATH\\library', 'dselect.js')
 7 SYSTEMPATH\CodeIgniter.php(457): CodeIgniter\CodeIgniter->runController(Object(App\Controllers\Import))
 8 SYSTEMPATH\CodeIgniter.php(340): CodeIgniter\CodeIgniter->handleRequest(null, Object(Config\Cache), false)
 9 FCPATH\index.php(67): CodeIgniter\CodeIgniter->run()
10 SYSTEMPATH\Commands\Server\rewrite.php(46): require_once('FCPATH\\index.php')
CRITICAL - 2022-10-31 05:49:42 --> Division by zero
in APPPATH\Views\homepage.php on line 98.
 1 APPPATH\Views\homepage.php(98): CodeIgniter\Debug\Exceptions->errorHandler(2, 'Division by zero', 'APPPATH\\Views\\homepage.php', 98, [...])
 2 SYSTEMPATH\View\View.php(213): include('APPPATH\\Views\\homepage.php')
 3 SYSTEMPATH\View\View.php(216): CodeIgniter\View\View->CodeIgniter\View\{closure}()
 4 SYSTEMPATH\Common.php(1142): CodeIgniter\View\View->render('homepage', [], true)
 5 APPPATH\Controllers\Import.php(68): view('homepage', [...])
 6 SYSTEMPATH\CodeIgniter.php(902): App\Controllers\Import->datapegawai('123132213437')
 7 SYSTEMPATH\CodeIgniter.php(457): CodeIgniter\CodeIgniter->runController(Object(App\Controllers\Import))
 8 SYSTEMPATH\CodeIgniter.php(340): CodeIgniter\CodeIgniter->handleRequest(null, Object(Config\Cache), false)
 9 FCPATH\index.php(67): CodeIgniter\CodeIgniter->run()
10 SYSTEMPATH\Commands\Server\rewrite.php(46): require_once('FCPATH\\index.php')
CRITICAL - 2022-10-31 05:52:45 --> Division by zero
in APPPATH\Views\homepage.php on line 103.
 1 APPPATH\Views\homepage.php(103): CodeIgniter\Debug\Exceptions->errorHandler(2, 'Division by zero', 'APPPATH\\Views\\homepage.php', 103, [...])
 2 SYSTEMPATH\View\View.php(213): include('APPPATH\\Views\\homepage.php')
 3 SYSTEMPATH\View\View.php(216): CodeIgniter\View\View->CodeIgniter\View\{closure}()
 4 SYSTEMPATH\Common.php(1142): CodeIgniter\View\View->render('homepage', [], true)
 5 APPPATH\Controllers\Import.php(68): view('homepage', [...])
 6 SYSTEMPATH\CodeIgniter.php(902): App\Controllers\Import->datapegawai('123132213437')
 7 SYSTEMPATH\CodeIgniter.php(457): CodeIgniter\CodeIgniter->runController(Object(App\Controllers\Import))
 8 SYSTEMPATH\CodeIgniter.php(340): CodeIgniter\CodeIgniter->handleRequest(null, Object(Config\Cache), false)
 9 FCPATH\index.php(67): CodeIgniter\CodeIgniter->run()
10 SYSTEMPATH\Commands\Server\rewrite.php(46): require_once('FCPATH\\index.php')
CRITICAL - 2022-10-31 05:52:48 --> Division by zero
in APPPATH\Views\homepage.php on line 103.
 1 APPPATH\Views\homepage.php(103): CodeIgniter\Debug\Exceptions->errorHandler(2, 'Division by zero', 'APPPATH\\Views\\homepage.php', 103, [...])
 2 SYSTEMPATH\View\View.php(213): include('APPPATH\\Views\\homepage.php')
 3 SYSTEMPATH\View\View.php(216): CodeIgniter\View\View->CodeIgniter\View\{closure}()
 4 SYSTEMPATH\Common.php(1142): CodeIgniter\View\View->render('homepage', [], true)
 5 APPPATH\Controllers\Import.php(68): view('homepage', [...])
 6 SYSTEMPATH\CodeIgniter.php(902): App\Controllers\Import->datapegawai('123132213437')
 7 SYSTEMPATH\CodeIgniter.php(457): CodeIgniter\CodeIgniter->runController(Object(App\Controllers\Import))
 8 SYSTEMPATH\CodeIgniter.php(340): CodeIgniter\CodeIgniter->handleRequest(null, Object(Config\Cache), false)
 9 FCPATH\index.php(67): CodeIgniter\CodeIgniter->run()
10 SYSTEMPATH\Commands\Server\rewrite.php(46): require_once('FCPATH\\index.php')
CRITICAL - 2022-10-31 05:53:39 --> Division by zero
in APPPATH\Views\homepage.php on line 103.
 1 APPPATH\Views\homepage.php(103): CodeIgniter\Debug\Exceptions->errorHandler(2, 'Division by zero', 'APPPATH\\Views\\homepage.php', 103, [...])
 2 SYSTEMPATH\View\View.php(213): include('APPPATH\\Views\\homepage.php')
 3 SYSTEMPATH\View\View.php(216): CodeIgniter\View\View->CodeIgniter\View\{closure}()
 4 SYSTEMPATH\Common.php(1142): CodeIgniter\View\View->render('homepage', [], true)
 5 APPPATH\Controllers\Import.php(68): view('homepage', [...])
 6 SYSTEMPATH\CodeIgniter.php(902): App\Controllers\Import->datapegawai('123132213437')
 7 SYSTEMPATH\CodeIgniter.php(457): CodeIgniter\CodeIgniter->runController(Object(App\Controllers\Import))
 8 SYSTEMPATH\CodeIgniter.php(340): CodeIgniter\CodeIgniter->handleRequest(null, Object(Config\Cache), false)
 9 FCPATH\index.php(67): CodeIgniter\CodeIgniter->run()
10 SYSTEMPATH\Commands\Server\rewrite.php(46): require_once('FCPATH\\index.php')
CRITICAL - 2022-10-31 05:53:45 --> Division by zero
in APPPATH\Views\homepage.php on line 103.
 1 APPPATH\Views\homepage.php(103): CodeIgniter\Debug\Exceptions->errorHandler(2, 'Division by zero', 'APPPATH\\Views\\homepage.php', 103, [...])
 2 SYSTEMPATH\View\View.php(213): include('APPPATH\\Views\\homepage.php')
 3 SYSTEMPATH\View\View.php(216): CodeIgniter\View\View->CodeIgniter\View\{closure}()
 4 SYSTEMPATH\Common.php(1142): CodeIgniter\View\View->render('homepage', [], true)
 5 APPPATH\Controllers\Import.php(68): view('homepage', [...])
 6 SYSTEMPATH\CodeIgniter.php(902): App\Controllers\Import->datapegawai('123132213437')
 7 SYSTEMPATH\CodeIgniter.php(457): CodeIgniter\CodeIgniter->runController(Object(App\Controllers\Import))
 8 SYSTEMPATH\CodeIgniter.php(340): CodeIgniter\CodeIgniter->handleRequest(null, Object(Config\Cache), false)
 9 FCPATH\index.php(67): CodeIgniter\CodeIgniter->run()
10 SYSTEMPATH\Commands\Server\rewrite.php(46): require_once('FCPATH\\index.php')
CRITICAL - 2022-10-31 05:54:15 --> Undefined variable: dataemployee
in APPPATH\Views\importpage.php on line 29.
 1 APPPATH\Views\importpage.php(29): CodeIgniter\Debug\Exceptions->errorHandler(8, 'Undefined variable: dataemployee', 'APPPATH\\Views\\importpage.php', 29, [...])
 2 SYSTEMPATH\View\View.php(213): include('APPPATH\\Views\\importpage.php')
 3 SYSTEMPATH\View\View.php(216): CodeIgniter\View\View->CodeIgniter\View\{closure}()
 4 SYSTEMPATH\Common.php(1142): CodeIgniter\View\View->render('importpage', [], true)
 5 APPPATH\Controllers\Import.php(30): view('importpage')
 6 SYSTEMPATH\CodeIgniter.php(902): App\Controllers\Import->datapegawai('123132213437')
 7 SYSTEMPATH\CodeIgniter.php(457): CodeIgniter\CodeIgniter->runController(Object(App\Controllers\Import))
 8 SYSTEMPATH\CodeIgniter.php(340): CodeIgniter\CodeIgniter->handleRequest(null, Object(Config\Cache), false)
 9 FCPATH\index.php(67): CodeIgniter\CodeIgniter->run()
10 SYSTEMPATH\Commands\Server\rewrite.php(46): require_once('FCPATH\\index.php')
CRITICAL - 2022-10-31 05:54:51 --> Undefined variable: datalaporan
in APPPATH\Views\homepage.php on line 65.
 1 APPPATH\Views\homepage.php(65): CodeIgniter\Debug\Exceptions->errorHandler(8, 'Undefined variable: datalaporan', 'APPPATH\\Views\\homepage.php', 65, [])
 2 SYSTEMPATH\View\View.php(213): include('APPPATH\\Views\\homepage.php')
 3 SYSTEMPATH\View\View.php(216): CodeIgniter\View\View->CodeIgniter\View\{closure}()
 4 SYSTEMPATH\Common.php(1142): CodeIgniter\View\View->render('homepage', [], true)
 5 APPPATH\Controllers\Import.php(30): view('homepage')
 6 SYSTEMPATH\CodeIgniter.php(902): App\Controllers\Import->datapegawai('123132213437')
 7 SYSTEMPATH\CodeIgniter.php(457): CodeIgniter\CodeIgniter->runController(Object(App\Controllers\Import))
 8 SYSTEMPATH\CodeIgniter.php(340): CodeIgniter\CodeIgniter->handleRequest(null, Object(Config\Cache), false)
 9 FCPATH\index.php(67): CodeIgniter\CodeIgniter->run()
10 SYSTEMPATH\Commands\Server\rewrite.php(46): require_once('FCPATH\\index.php')
CRITICAL - 2022-10-31 22:04:03 --> Trying to access array offset on value of type int
in APPPATH\Controllers\Import.php on line 118.
 1 APPPATH\Controllers\Import.php(118): CodeIgniter\Debug\Exceptions->errorHandler(8, 'Trying to access array offset on value of type int', 'APPPATH\\Controllers\\Import.php', 118, [...])
 2 SYSTEMPATH\CodeIgniter.php(902): App\Controllers\Import->upload()
 3 SYSTEMPATH\CodeIgniter.php(457): CodeIgniter\CodeIgniter->runController(Object(App\Controllers\Import))
 4 SYSTEMPATH\CodeIgniter.php(340): CodeIgniter\CodeIgniter->handleRequest(null, Object(Config\Cache), false)
 5 FCPATH\index.php(67): CodeIgniter\CodeIgniter->run()
 6 SYSTEMPATH\Commands\Server\rewrite.php(46): require_once('FCPATH\\index.php')
ERROR - 2022-10-31 22:08:03 --> mysqli_sql_exception: Column 'average_time' cannot be null in C:\xampp\htdocs\imprtdata\vendor\codeigniter4\framework\system\Database\MySQLi\Connection.php:292
Stack trace:
#0 C:\xampp\htdocs\imprtdata\vendor\codeigniter4\framework\system\Database\MySQLi\Connection.php(292): mysqli->query('INSERT INTO `wl...', 0)
#1 C:\xampp\htdocs\imprtdata\vendor\codeigniter4\framework\system\Database\BaseConnection.php(693): CodeIgniter\Database\MySQLi\Connection->execute('INSERT INTO `wl...')
#2 C:\xampp\htdocs\imprtdata\vendor\codeigniter4\framework\system\Database\BaseConnection.php(620): CodeIgniter\Database\BaseConnection->simpleQuery('INSERT INTO `wl...')
#3 C:\xampp\htdocs\imprtdata\vendor\codeigniter4\framework\system\Database\BaseBuilder.php(1916): CodeIgniter\Database\BaseConnection->query('INSERT INTO `wl...', Array, false)
#4 C:\xampp\htdocs\imprtdata\app\Controllers\Import.php(150): CodeIgniter\Database\BaseBuilder->insert(Array)
#5 C:\xampp\htdocs\imprtdata\vendor\codeigniter4\framework\system\CodeIgniter.php(902): App\Controllers\Import->upload()
#6 C:\xampp\htdocs\imprtdata\vendor\codeigniter4\framework\system\CodeIgniter.php(457): CodeIgniter\CodeIgniter->runController(Object(App\Controllers\Import))
#7 C:\xampp\htdocs\imprtdata\vendor\codeigniter4\framework\system\CodeIgniter.php(340): CodeIgniter\CodeIgniter->handleRequest(NULL, Object(Config\Cache), false)
#8 C:\xampp\htdocs\imprtdata\public\index.php(67): CodeIgniter\CodeIgniter->run()
#9 C:\xampp\htdocs\imprtdata\vendor\codeigniter4\framework\system\Commands\Server\rewrite.php(46): require_once('C:\\xampp\\htdocs...')
#10 {main}
CRITICAL - 2022-10-31 22:08:03 --> Column 'average_time' cannot be null
in SYSTEMPATH\Database\MySQLi\Connection.php on line 292.
 1 SYSTEMPATH\Database\MySQLi\Connection.php(292): mysqli->query('INSERT INTO `wla` (`nik`, `activity`, `detail`, `average_time`, `cat_wla`, `type_wla`, `durasi`, `periode`, `quantity`, `keterangan`) VALUES (\'1231322143431\', \'Organization Development - Distinct Job Manual Document\', \'Drafting, Review, Revisi & Maintenance document DJM\', NULL, 2, \'Primary\', \'Non Project\', NULL, \'Daily\', 3)', 0)
 2 SYSTEMPATH\Database\BaseConnection.php(693): CodeIgniter\Database\MySQLi\Connection->execute('INSERT INTO `wla` (`nik`, `activity`, `detail`, `average_time`, `cat_wla`, `type_wla`, `durasi`, `periode`, `quantity`, `keterangan`) VALUES (\'1231322143431\', \'Organization Development - Distinct Job Manual Document\', \'Drafting, Review, Revisi & Maintenance document DJM\', NULL, 2, \'Primary\', \'Non Project\', NULL, \'Daily\', 3)')
 3 SYSTEMPATH\Database\BaseConnection.php(620): CodeIgniter\Database\BaseConnection->simpleQuery('INSERT INTO `wla` (`nik`, `activity`, `detail`, `average_time`, `cat_wla`, `type_wla`, `durasi`, `periode`, `quantity`, `keterangan`) VALUES (\'1231322143431\', \'Organization Development - Distinct Job Manual Document\', \'Drafting, Review, Revisi & Maintenance document DJM\', NULL, 2, \'Primary\', \'Non Project\', NULL, \'Daily\', 3)')
 4 SYSTEMPATH\Database\BaseBuilder.php(1916): CodeIgniter\Database\BaseConnection->query('INSERT INTO `wla` (`nik`, `activity`, `detail`, `average_time`, `cat_wla`, `type_wla`, `durasi`, `periode`, `quantity`, `keterangan`) VALUES (:nik:, :activity:, :detail:, :average_time:, :cat_wla:, :type_wla:, :durasi:, :periode:, :quantity:, :keterangan:)', [...], false)
 5 APPPATH\Controllers\Import.php(150): CodeIgniter\Database\BaseBuilder->insert([...])
 6 SYSTEMPATH\CodeIgniter.php(902): App\Controllers\Import->upload()
 7 SYSTEMPATH\CodeIgniter.php(457): CodeIgniter\CodeIgniter->runController(Object(App\Controllers\Import))
 8 SYSTEMPATH\CodeIgniter.php(340): CodeIgniter\CodeIgniter->handleRequest(null, Object(Config\Cache), false)
 9 FCPATH\index.php(67): CodeIgniter\CodeIgniter->run()
10 SYSTEMPATH\Commands\Server\rewrite.php(46): require_once('FCPATH\\index.php')
ERROR - 2022-10-31 22:12:25 --> mysqli_sql_exception: Column 'cat_wla' cannot be null in C:\xampp\htdocs\imprtdata\vendor\codeigniter4\framework\system\Database\MySQLi\Connection.php:292
Stack trace:
#0 C:\xampp\htdocs\imprtdata\vendor\codeigniter4\framework\system\Database\MySQLi\Connection.php(292): mysqli->query('INSERT INTO `wl...', 0)
#1 C:\xampp\htdocs\imprtdata\vendor\codeigniter4\framework\system\Database\BaseConnection.php(693): CodeIgniter\Database\MySQLi\Connection->execute('INSERT INTO `wl...')
#2 C:\xampp\htdocs\imprtdata\vendor\codeigniter4\framework\system\Database\BaseConnection.php(620): CodeIgniter\Database\BaseConnection->simpleQuery('INSERT INTO `wl...')
#3 C:\xampp\htdocs\imprtdata\vendor\codeigniter4\framework\system\Database\BaseBuilder.php(1916): CodeIgniter\Database\BaseConnection->query('INSERT INTO `wl...', Array, false)
#4 C:\xampp\htdocs\imprtdata\app\Controllers\Import.php(141): CodeIgniter\Database\BaseBuilder->insert(Array)
#5 C:\xampp\htdocs\imprtdata\vendor\codeigniter4\framework\system\CodeIgniter.php(902): App\Controllers\Import->upload()
#6 C:\xampp\htdocs\imprtdata\vendor\codeigniter4\framework\system\CodeIgniter.php(457): CodeIgniter\CodeIgniter->runController(Object(App\Controllers\Import))
#7 C:\xampp\htdocs\imprtdata\vendor\codeigniter4\framework\system\CodeIgniter.php(340): CodeIgniter\CodeIgniter->handleRequest(NULL, Object(Config\Cache), false)
#8 C:\xampp\htdocs\imprtdata\public\index.php(67): CodeIgniter\CodeIgniter->run()
#9 C:\xampp\htdocs\imprtdata\vendor\codeigniter4\framework\system\Commands\Server\rewrite.php(46): require_once('C:\\xampp\\htdocs...')
#10 {main}
CRITICAL - 2022-10-31 22:12:25 --> Column 'cat_wla' cannot be null
in SYSTEMPATH\Database\MySQLi\Connection.php on line 292.
 1 SYSTEMPATH\Database\MySQLi\Connection.php(292): mysqli->query('INSERT INTO `wla` (`nik`, `activity`, `detail`, `average_time`, `cat_wla`, `type_wla`, `durasi`, `periode`, `quantity`, `keterangan`) VALUES (\'1231322143431\', \'NAMA\', \':\', \'Rafi Raihan Primadi\', NULL, NULL, NULL, NULL, NULL, NULL)', 0)
 2 SYSTEMPATH\Database\BaseConnection.php(693): CodeIgniter\Database\MySQLi\Connection->execute('INSERT INTO `wla` (`nik`, `activity`, `detail`, `average_time`, `cat_wla`, `type_wla`, `durasi`, `periode`, `quantity`, `keterangan`) VALUES (\'1231322143431\', \'NAMA\', \':\', \'Rafi Raihan Primadi\', NULL, NULL, NULL, NULL, NULL, NULL)')
 3 SYSTEMPATH\Database\BaseConnection.php(620): CodeIgniter\Database\BaseConnection->simpleQuery('INSERT INTO `wla` (`nik`, `activity`, `detail`, `average_time`, `cat_wla`, `type_wla`, `durasi`, `periode`, `quantity`, `keterangan`) VALUES (\'1231322143431\', \'NAMA\', \':\', \'Rafi Raihan Primadi\', NULL, NULL, NULL, NULL, NULL, NULL)')
 4 SYSTEMPATH\Database\BaseBuilder.php(1916): CodeIgniter\Database\BaseConnection->query('INSERT INTO `wla` (`nik`, `activity`, `detail`, `average_time`, `cat_wla`, `type_wla`, `durasi`, `periode`, `quantity`, `keterangan`) VALUES (:nik:, :activity:, :detail:, :average_time:, :cat_wla:, :type_wla:, :durasi:, :periode:, :quantity:, :keterangan:)', [...], false)
 5 APPPATH\Controllers\Import.php(141): CodeIgniter\Database\BaseBuilder->insert([...])
 6 SYSTEMPATH\CodeIgniter.php(902): App\Controllers\Import->upload()
 7 SYSTEMPATH\CodeIgniter.php(457): CodeIgniter\CodeIgniter->runController(Object(App\Controllers\Import))
 8 SYSTEMPATH\CodeIgniter.php(340): CodeIgniter\CodeIgniter->handleRequest(null, Object(Config\Cache), false)
 9 FCPATH\index.php(67): CodeIgniter\CodeIgniter->run()
10 SYSTEMPATH\Commands\Server\rewrite.php(46): require_once('FCPATH\\index.php')
ERROR - 2022-10-31 22:16:40 --> mysqli_sql_exception: Column 'average_time' cannot be null in C:\xampp\htdocs\imprtdata\vendor\codeigniter4\framework\system\Database\MySQLi\Connection.php:292
Stack trace:
#0 C:\xampp\htdocs\imprtdata\vendor\codeigniter4\framework\system\Database\MySQLi\Connection.php(292): mysqli->query('INSERT INTO `wl...', 0)
#1 C:\xampp\htdocs\imprtdata\vendor\codeigniter4\framework\system\Database\BaseConnection.php(693): CodeIgniter\Database\MySQLi\Connection->execute('INSERT INTO `wl...')
#2 C:\xampp\htdocs\imprtdata\vendor\codeigniter4\framework\system\Database\BaseConnection.php(620): CodeIgniter\Database\BaseConnection->simpleQuery('INSERT INTO `wl...')
#3 C:\xampp\htdocs\imprtdata\vendor\codeigniter4\framework\system\Database\BaseBuilder.php(1916): CodeIgniter\Database\BaseConnection->query('INSERT INTO `wl...', Array, false)
#4 C:\xampp\htdocs\imprtdata\app\Controllers\Import.php(150): CodeIgniter\Database\BaseBuilder->insert(Array)
#5 C:\xampp\htdocs\imprtdata\vendor\codeigniter4\framework\system\CodeIgniter.php(902): App\Controllers\Import->upload()
#6 C:\xampp\htdocs\imprtdata\vendor\codeigniter4\framework\system\CodeIgniter.php(457): CodeIgniter\CodeIgniter->runController(Object(App\Controllers\Import))
#7 C:\xampp\htdocs\imprtdata\vendor\codeigniter4\framework\system\CodeIgniter.php(340): CodeIgniter\CodeIgniter->handleRequest(NULL, Object(Config\Cache), false)
#8 C:\xampp\htdocs\imprtdata\public\index.php(67): CodeIgniter\CodeIgniter->run()
#9 C:\xampp\htdocs\imprtdata\vendor\codeigniter4\framework\system\Commands\Server\rewrite.php(46): require_once('C:\\xampp\\htdocs...')
#10 {main}
CRITICAL - 2022-10-31 22:16:40 --> Column 'average_time' cannot be null
in SYSTEMPATH\Database\MySQLi\Connection.php on line 292.
 1 SYSTEMPATH\Database\MySQLi\Connection.php(292): mysqli->query('INSERT INTO `wla` (`nik`, `activity`, `detail`, `average_time`, `cat_wla`, `type_wla`, `durasi`, `periode`, `quantity`, `keterangan`) VALUES (\'1231322143431\', \'Organization Development - Distinct Job Manual Document\', \'Drafting, Review, Revisi & Maintenance document DJM\', NULL, 2, \'Primary\', \'Non Project\', NULL, \'Daily\', 3)', 0)
 2 SYSTEMPATH\Database\BaseConnection.php(693): CodeIgniter\Database\MySQLi\Connection->execute('INSERT INTO `wla` (`nik`, `activity`, `detail`, `average_time`, `cat_wla`, `type_wla`, `durasi`, `periode`, `quantity`, `keterangan`) VALUES (\'1231322143431\', \'Organization Development - Distinct Job Manual Document\', \'Drafting, Review, Revisi & Maintenance document DJM\', NULL, 2, \'Primary\', \'Non Project\', NULL, \'Daily\', 3)')
 3 SYSTEMPATH\Database\BaseConnection.php(620): CodeIgniter\Database\BaseConnection->simpleQuery('INSERT INTO `wla` (`nik`, `activity`, `detail`, `average_time`, `cat_wla`, `type_wla`, `durasi`, `periode`, `quantity`, `keterangan`) VALUES (\'1231322143431\', \'Organization Development - Distinct Job Manual Document\', \'Drafting, Review, Revisi & Maintenance document DJM\', NULL, 2, \'Primary\', \'Non Project\', NULL, \'Daily\', 3)')
 4 SYSTEMPATH\Database\BaseBuilder.php(1916): CodeIgniter\Database\BaseConnection->query('INSERT INTO `wla` (`nik`, `activity`, `detail`, `average_time`, `cat_wla`, `type_wla`, `durasi`, `periode`, `quantity`, `keterangan`) VALUES (:nik:, :activity:, :detail:, :average_time:, :cat_wla:, :type_wla:, :durasi:, :periode:, :quantity:, :keterangan:)', [...], false)
 5 APPPATH\Controllers\Import.php(150): CodeIgniter\Database\BaseBuilder->insert([...])
 6 SYSTEMPATH\CodeIgniter.php(902): App\Controllers\Import->upload()
 7 SYSTEMPATH\CodeIgniter.php(457): CodeIgniter\CodeIgniter->runController(Object(App\Controllers\Import))
 8 SYSTEMPATH\CodeIgniter.php(340): CodeIgniter\CodeIgniter->handleRequest(null, Object(Config\Cache), false)
 9 FCPATH\index.php(67): CodeIgniter\CodeIgniter->run()
10 SYSTEMPATH\Commands\Server\rewrite.php(46): require_once('FCPATH\\index.php')
CRITICAL - 2022-10-31 22:31:30 --> Undefined index: daily
in APPPATH\Views\homepage.php on line 70.
 1 APPPATH\Views\homepage.php(70): CodeIgniter\Debug\Exceptions->errorHandler(8, 'Undefined index: daily', 'APPPATH\\Views\\homepage.php', 70, [...])
 2 SYSTEMPATH\View\View.php(213): include('APPPATH\\Views\\homepage.php')
 3 SYSTEMPATH\View\View.php(216): CodeIgniter\View\View->CodeIgniter\View\{closure}()
 4 SYSTEMPATH\Common.php(1142): CodeIgniter\View\View->render('homepage', [], true)
 5 APPPATH\Controllers\Import.php(68): view('homepage', [...])
 6 SYSTEMPATH\CodeIgniter.php(902): App\Controllers\Import->datapegawai('1231322143431')
 7 SYSTEMPATH\CodeIgniter.php(457): CodeIgniter\CodeIgniter->runController(Object(App\Controllers\Import))
 8 SYSTEMPATH\CodeIgniter.php(340): CodeIgniter\CodeIgniter->handleRequest(null, Object(Config\Cache), false)
 9 FCPATH\index.php(67): CodeIgniter\CodeIgniter->run()
10 SYSTEMPATH\Commands\Server\rewrite.php(46): require_once('FCPATH\\index.php')
CRITICAL - 2022-10-31 22:34:33 --> Undefined index: primary
in APPPATH\Views\homepage.php on line 75.
 1 APPPATH\Views\homepage.php(75): CodeIgniter\Debug\Exceptions->errorHandler(8, 'Undefined index: primary', 'APPPATH\\Views\\homepage.php', 75, [...])
 2 SYSTEMPATH\View\View.php(213): include('APPPATH\\Views\\homepage.php')
 3 SYSTEMPATH\View\View.php(216): CodeIgniter\View\View->CodeIgniter\View\{closure}()
 4 SYSTEMPATH\Common.php(1142): CodeIgniter\View\View->render('homepage', [], true)
 5 APPPATH\Controllers\Import.php(68): view('homepage', [...])
 6 SYSTEMPATH\CodeIgniter.php(902): App\Controllers\Import->datapegawai('1231322143431')
 7 SYSTEMPATH\CodeIgniter.php(457): CodeIgniter\CodeIgniter->runController(Object(App\Controllers\Import))
 8 SYSTEMPATH\CodeIgniter.php(340): CodeIgniter\CodeIgniter->handleRequest(null, Object(Config\Cache), false)
 9 FCPATH\index.php(67): CodeIgniter\CodeIgniter->run()
10 SYSTEMPATH\Commands\Server\rewrite.php(46): require_once('FCPATH\\index.php')
CRITICAL - 2022-10-31 22:37:34 --> Undefined index: primary
in APPPATH\Views\homepage.php on line 75.
 1 APPPATH\Views\homepage.php(75): CodeIgniter\Debug\Exceptions->errorHandler(8, 'Undefined index: primary', 'APPPATH\\Views\\homepage.php', 75, [...])
 2 SYSTEMPATH\View\View.php(213): include('APPPATH\\Views\\homepage.php')
 3 SYSTEMPATH\View\View.php(216): CodeIgniter\View\View->CodeIgniter\View\{closure}()
 4 SYSTEMPATH\Common.php(1142): CodeIgniter\View\View->render('homepage', [], true)
 5 APPPATH\Controllers\Import.php(68): view('homepage', [...])
 6 SYSTEMPATH\CodeIgniter.php(902): App\Controllers\Import->datapegawai('1231322143431')
 7 SYSTEMPATH\CodeIgniter.php(457): CodeIgniter\CodeIgniter->runController(Object(App\Controllers\Import))
 8 SYSTEMPATH\CodeIgniter.php(340): CodeIgniter\CodeIgniter->handleRequest(null, Object(Config\Cache), false)
 9 FCPATH\index.php(67): CodeIgniter\CodeIgniter->run()
10 SYSTEMPATH\Commands\Server\rewrite.php(46): require_once('FCPATH\\index.php')
CRITICAL - 2022-10-31 22:40:13 --> Undefined index: primary
in APPPATH\Views\homepage.php on line 75.
 1 APPPATH\Views\homepage.php(75): CodeIgniter\Debug\Exceptions->errorHandler(8, 'Undefined index: primary', 'APPPATH\\Views\\homepage.php', 75, [...])
 2 SYSTEMPATH\View\View.php(213): include('APPPATH\\Views\\homepage.php')
 3 SYSTEMPATH\View\View.php(216): CodeIgniter\View\View->CodeIgniter\View\{closure}()
 4 SYSTEMPATH\Common.php(1142): CodeIgniter\View\View->render('homepage', [], true)
 5 APPPATH\Controllers\Import.php(68): view('homepage', [...])
 6 SYSTEMPATH\CodeIgniter.php(902): App\Controllers\Import->datapegawai('1231322143431')
 7 SYSTEMPATH\CodeIgniter.php(457): CodeIgniter\CodeIgniter->runController(Object(App\Controllers\Import))
 8 SYSTEMPATH\CodeIgniter.php(340): CodeIgniter\CodeIgniter->handleRequest(null, Object(Config\Cache), false)
 9 FCPATH\index.php(67): CodeIgniter\CodeIgniter->run()
10 SYSTEMPATH\Commands\Server\rewrite.php(46): require_once('FCPATH\\index.php')
CRITICAL - 2022-10-31 22:40:38 --> Undefined index: primary
in APPPATH\Views\homepage.php on line 75.
 1 APPPATH\Views\homepage.php(75): CodeIgniter\Debug\Exceptions->errorHandler(8, 'Undefined index: primary', 'APPPATH\\Views\\homepage.php', 75, [...])
 2 SYSTEMPATH\View\View.php(213): include('APPPATH\\Views\\homepage.php')
 3 SYSTEMPATH\View\View.php(216): CodeIgniter\View\View->CodeIgniter\View\{closure}()
 4 SYSTEMPATH\Common.php(1142): CodeIgniter\View\View->render('homepage', [], true)
 5 APPPATH\Controllers\Import.php(68): view('homepage', [...])
 6 SYSTEMPATH\CodeIgniter.php(902): App\Controllers\Import->datapegawai('1231322143431')
 7 SYSTEMPATH\CodeIgniter.php(457): CodeIgniter\CodeIgniter->runController(Object(App\Controllers\Import))
 8 SYSTEMPATH\CodeIgniter.php(340): CodeIgniter\CodeIgniter->handleRequest(null, Object(Config\Cache), false)
 9 FCPATH\index.php(67): CodeIgniter\CodeIgniter->run()
10 SYSTEMPATH\Commands\Server\rewrite.php(46): require_once('FCPATH\\index.php')
CRITICAL - 2022-10-31 23:07:45 --> Undefined offset: 0
in APPPATH\Views\homepage.php on line 77.
 1 APPPATH\Views\homepage.php(77): CodeIgniter\Debug\Exceptions->errorHandler(8, 'Undefined offset: 0', 'APPPATH\\Views\\homepage.php', 77, [...])
 2 SYSTEMPATH\View\View.php(213): include('APPPATH\\Views\\homepage.php')
 3 SYSTEMPATH\View\View.php(216): CodeIgniter\View\View->CodeIgniter\View\{closure}()
 4 SYSTEMPATH\Common.php(1142): CodeIgniter\View\View->render('homepage', [], true)
 5 APPPATH\Controllers\Import.php(68): view('homepage', [...])
 6 SYSTEMPATH\CodeIgniter.php(902): App\Controllers\Import->datapegawai('1231322143431')
 7 SYSTEMPATH\CodeIgniter.php(457): CodeIgniter\CodeIgniter->runController(Object(App\Controllers\Import))
 8 SYSTEMPATH\CodeIgniter.php(340): CodeIgniter\CodeIgniter->handleRequest(null, Object(Config\Cache), false)
 9 FCPATH\index.php(67): CodeIgniter\CodeIgniter->run()
10 SYSTEMPATH\Commands\Server\rewrite.php(46): require_once('FCPATH\\index.php')
CRITICAL - 2022-10-31 23:21:22 --> Undefined index: primary
in APPPATH\Views\homepage.php on line 94.
 1 APPPATH\Views\homepage.php(94): CodeIgniter\Debug\Exceptions->errorHandler(8, 'Undefined index: primary', 'APPPATH\\Views\\homepage.php', 94, [...])
 2 SYSTEMPATH\View\View.php(213): include('APPPATH\\Views\\homepage.php')
 3 SYSTEMPATH\View\View.php(216): CodeIgniter\View\View->CodeIgniter\View\{closure}()
 4 SYSTEMPATH\Common.php(1142): CodeIgniter\View\View->render('homepage', [], true)
 5 APPPATH\Controllers\Import.php(113): view('homepage', [...])
 6 SYSTEMPATH\CodeIgniter.php(902): App\Controllers\Import->datapegawai('1231322143431')
 7 SYSTEMPATH\CodeIgniter.php(457): CodeIgniter\CodeIgniter->runController(Object(App\Controllers\Import))
 8 SYSTEMPATH\CodeIgniter.php(340): CodeIgniter\CodeIgniter->handleRequest(null, Object(Config\Cache), false)
 9 FCPATH\index.php(67): CodeIgniter\CodeIgniter->run()
10 SYSTEMPATH\Commands\Server\rewrite.php(46): require_once('FCPATH\\index.php')
CRITICAL - 2022-10-31 23:25:46 --> Undefined index: primary
in APPPATH\Views\homepage.php on line 92.
 1 APPPATH\Views\homepage.php(92): CodeIgniter\Debug\Exceptions->errorHandler(8, 'Undefined index: primary', 'APPPATH\\Views\\homepage.php', 92, [...])
 2 SYSTEMPATH\View\View.php(213): include('APPPATH\\Views\\homepage.php')
 3 SYSTEMPATH\View\View.php(216): CodeIgniter\View\View->CodeIgniter\View\{closure}()
 4 SYSTEMPATH\Common.php(1142): CodeIgniter\View\View->render('homepage', [], true)
 5 APPPATH\Controllers\Import.php(113): view('homepage', [...])
 6 SYSTEMPATH\CodeIgniter.php(902): App\Controllers\Import->datapegawai('1231322143431')
 7 SYSTEMPATH\CodeIgniter.php(457): CodeIgniter\CodeIgniter->runController(Object(App\Controllers\Import))
 8 SYSTEMPATH\CodeIgniter.php(340): CodeIgniter\CodeIgniter->handleRequest(null, Object(Config\Cache), false)
 9 FCPATH\index.php(67): CodeIgniter\CodeIgniter->run()
10 SYSTEMPATH\Commands\Server\rewrite.php(46): require_once('FCPATH\\index.php')
CRITICAL - 2022-10-31 23:31:12 --> Undefined index: primary
in APPPATH\Views\homepage.php on line 92.
 1 APPPATH\Views\homepage.php(92): CodeIgniter\Debug\Exceptions->errorHandler(8, 'Undefined index: primary', 'APPPATH\\Views\\homepage.php', 92, [...])
 2 SYSTEMPATH\View\View.php(213): include('APPPATH\\Views\\homepage.php')
 3 SYSTEMPATH\View\View.php(216): CodeIgniter\View\View->CodeIgniter\View\{closure}()
 4 SYSTEMPATH\Common.php(1142): CodeIgniter\View\View->render('homepage', [], true)
 5 APPPATH\Controllers\Import.php(114): view('homepage', [...])
 6 SYSTEMPATH\CodeIgniter.php(902): App\Controllers\Import->datapegawai('1231322143431')
 7 SYSTEMPATH\CodeIgniter.php(457): CodeIgniter\CodeIgniter->runController(Object(App\Controllers\Import))
 8 SYSTEMPATH\CodeIgniter.php(340): CodeIgniter\CodeIgniter->handleRequest(null, Object(Config\Cache), false)
 9 FCPATH\index.php(67): CodeIgniter\CodeIgniter->run()
10 SYSTEMPATH\Commands\Server\rewrite.php(46): require_once('FCPATH\\index.php')
CRITICAL - 2022-10-31 23:45:49 --> Call to undefined method App\Models\Dataemployee::findOne
in SYSTEMPATH\Model.php on line 774.
 1 APPPATH\Models\Dataemployee.php(17): CodeIgniter\Model->__call('findOne', [])
 2 APPPATH\Controllers\Import.php(115): App\Models\Dataemployee->getByNik('1231322143431')
 3 SYSTEMPATH\CodeIgniter.php(902): App\Controllers\Import->datapegawai('1231322143431')
 4 SYSTEMPATH\CodeIgniter.php(457): CodeIgniter\CodeIgniter->runController(Object(App\Controllers\Import))
 5 SYSTEMPATH\CodeIgniter.php(340): CodeIgniter\CodeIgniter->handleRequest(null, Object(Config\Cache), false)
 6 FCPATH\index.php(67): CodeIgniter\CodeIgniter->run()
 7 SYSTEMPATH\Commands\Server\rewrite.php(46): require_once('FCPATH\\index.php')
CRITICAL - 2022-10-31 23:47:04 --> Call to undefined method App\Models\Dataemployee::findOne
in SYSTEMPATH\Model.php on line 774.
 1 APPPATH\Models\Dataemployee.php(17): CodeIgniter\Model->__call('findOne', [...])
 2 APPPATH\Controllers\Import.php(115): App\Models\Dataemployee->getByNik('1231322143431')
 3 SYSTEMPATH\CodeIgniter.php(902): App\Controllers\Import->datapegawai('1231322143431')
 4 SYSTEMPATH\CodeIgniter.php(457): CodeIgniter\CodeIgniter->runController(Object(App\Controllers\Import))
 5 SYSTEMPATH\CodeIgniter.php(340): CodeIgniter\CodeIgniter->handleRequest(null, Object(Config\Cache), false)
 6 FCPATH\index.php(67): CodeIgniter\CodeIgniter->run()
 7 SYSTEMPATH\Commands\Server\rewrite.php(46): require_once('FCPATH\\index.php')
CRITICAL - 2022-10-31 23:47:06 --> Call to undefined method App\Models\Dataemployee::findOne
in SYSTEMPATH\Model.php on line 774.
 1 APPPATH\Models\Dataemployee.php(17): CodeIgniter\Model->__call('findOne', [...])
 2 APPPATH\Controllers\Import.php(115): App\Models\Dataemployee->getByNik('1231322143431')
 3 SYSTEMPATH\CodeIgniter.php(902): App\Controllers\Import->datapegawai('1231322143431')
 4 SYSTEMPATH\CodeIgniter.php(457): CodeIgniter\CodeIgniter->runController(Object(App\Controllers\Import))
 5 SYSTEMPATH\CodeIgniter.php(340): CodeIgniter\CodeIgniter->handleRequest(null, Object(Config\Cache), false)
 6 FCPATH\index.php(67): CodeIgniter\CodeIgniter->run()
 7 SYSTEMPATH\Commands\Server\rewrite.php(46): require_once('FCPATH\\index.php')
CRITICAL - 2022-10-31 23:47:11 --> Call to undefined method App\Models\Dataemployee::findOne
in SYSTEMPATH\Model.php on line 774.
 1 APPPATH\Models\Dataemployee.php(17): CodeIgniter\Model->__call('findOne', [...])
 2 APPPATH\Controllers\Import.php(115): App\Models\Dataemployee->getByNik('1231322143431')
 3 SYSTEMPATH\CodeIgniter.php(902): App\Controllers\Import->datapegawai('1231322143431')
 4 SYSTEMPATH\CodeIgniter.php(457): CodeIgniter\CodeIgniter->runController(Object(App\Controllers\Import))
 5 SYSTEMPATH\CodeIgniter.php(340): CodeIgniter\CodeIgniter->handleRequest(null, Object(Config\Cache), false)
 6 FCPATH\index.php(67): CodeIgniter\CodeIgniter->run()
 7 SYSTEMPATH\Commands\Server\rewrite.php(46): require_once('FCPATH\\index.php')
CRITICAL - 2022-10-31 23:48:21 --> Undefined index: nama
in APPPATH\Views\homepage.php on line 44.
 1 APPPATH\Views\homepage.php(44): CodeIgniter\Debug\Exceptions->errorHandler(8, 'Undefined index: nama', 'APPPATH\\Views\\homepage.php', 44, [...])
 2 SYSTEMPATH\View\View.php(213): include('APPPATH\\Views\\homepage.php')
 3 SYSTEMPATH\View\View.php(216): CodeIgniter\View\View->CodeIgniter\View\{closure}()
 4 SYSTEMPATH\Common.php(1142): CodeIgniter\View\View->render('homepage', [], true)
 5 APPPATH\Controllers\Import.php(116): view('homepage', [...])
 6 SYSTEMPATH\CodeIgniter.php(902): App\Controllers\Import->datapegawai('1231322143431')
 7 SYSTEMPATH\CodeIgniter.php(457): CodeIgniter\CodeIgniter->runController(Object(App\Controllers\Import))
 8 SYSTEMPATH\CodeIgniter.php(340): CodeIgniter\CodeIgniter->handleRequest(null, Object(Config\Cache), false)
 9 FCPATH\index.php(67): CodeIgniter\CodeIgniter->run()
10 SYSTEMPATH\Commands\Server\rewrite.php(46): require_once('FCPATH\\index.php')
CRITICAL - 2022-10-31 23:53:46 --> Call to undefined method App\Models\Dataemployee::get_where
in SYSTEMPATH\Model.php on line 774.
 1 APPPATH\Models\Dataemployee.php(17): CodeIgniter\Model->__call('get_where', [...])
 2 APPPATH\Controllers\Import.php(115): App\Models\Dataemployee->getByNik('1231322143431')
 3 SYSTEMPATH\CodeIgniter.php(902): App\Controllers\Import->datapegawai('1231322143431')
 4 SYSTEMPATH\CodeIgniter.php(457): CodeIgniter\CodeIgniter->runController(Object(App\Controllers\Import))
 5 SYSTEMPATH\CodeIgniter.php(340): CodeIgniter\CodeIgniter->handleRequest(null, Object(Config\Cache), false)
 6 FCPATH\index.php(67): CodeIgniter\CodeIgniter->run()
 7 SYSTEMPATH\Commands\Server\rewrite.php(46): require_once('FCPATH\\index.php')
