CRITICAL - 2023-01-03 10:48:56 --> Call to undefined method Myth\Auth\Authorization\FlatAuthorization::id()
in APPPATH\Controllers\Import.php on line 18.
 1 SYSTEMPATH\CodeIgniter.php(902): App\Controllers\Import->index()
 2 SYSTEMPATH\CodeIgniter.php(457): CodeIgniter\CodeIgniter->runController(Object(App\Controllers\Import))
 3 SYSTEMPATH\CodeIgniter.php(340): CodeIgniter\CodeIgniter->handleRequest(null, Object(Config\Cache), false)
 4 FCPATH\index.php(67): CodeIgniter\CodeIgniter->run()
 5 SYSTEMPATH\Commands\Server\rewrite.php(46): require_once('FCPATH\\index.php')
CRITICAL - 2023-01-03 10:49:23 --> Argument 2 passed to Myth\Auth\Authorization\FlatAuthorization::inGroup() must be of the type int, null given, called in C:\xampp\htdocs\imprtdata\app\Controllers\Import.php on line 20
in VENDORPATH\myth\auth\src\Authorization\FlatAuthorization.php on line 98.
 1 APPPATH\Controllers\Import.php(20): Myth\Auth\Authorization\FlatAuthorization->inGroup('hcsod', null)
 2 SYSTEMPATH\CodeIgniter.php(902): App\Controllers\Import->index()
 3 SYSTEMPATH\CodeIgniter.php(457): CodeIgniter\CodeIgniter->runController(Object(App\Controllers\Import))
 4 SYSTEMPATH\CodeIgniter.php(340): CodeIgniter\CodeIgniter->handleRequest(null, Object(Config\Cache), false)
 5 FCPATH\index.php(67): CodeIgniter\CodeIgniter->run()
 6 SYSTEMPATH\Commands\Server\rewrite.php(46): require_once('FCPATH\\index.php')
CRITICAL - 2023-01-03 10:57:18 --> Argument 2 passed to Myth\Auth\Authorization\FlatAuthorization::inGroup() must be of the type int, null given, called in C:\xampp\htdocs\imprtdata\app\Controllers\Import.php on line 20
in VENDORPATH\myth\auth\src\Authorization\FlatAuthorization.php on line 98.
 1 APPPATH\Controllers\Import.php(20): Myth\Auth\Authorization\FlatAuthorization->inGroup('hcsod', null)
 2 SYSTEMPATH\CodeIgniter.php(902): App\Controllers\Import->index()
 3 SYSTEMPATH\CodeIgniter.php(457): CodeIgniter\CodeIgniter->runController(Object(App\Controllers\Import))
 4 SYSTEMPATH\CodeIgniter.php(340): CodeIgniter\CodeIgniter->handleRequest(null, Object(Config\Cache), false)
 5 FCPATH\index.php(67): CodeIgniter\CodeIgniter->run()
 6 SYSTEMPATH\Commands\Server\rewrite.php(46): require_once('FCPATH\\index.php')
CRITICAL - 2023-01-03 11:02:08 --> Trying to access array offset on value of type null
in APPPATH\Controllers\EventController.php on line 44.
 1 APPPATH\Controllers\EventController.php(44): CodeIgniter\Debug\Exceptions->errorHandler(8, 'Trying to access array offset on value of type null', 'APPPATH\\Controllers\\EventController.php', 44, [...])
 2 SYSTEMPATH\CodeIgniter.php(902): App\Controllers\EventController->dataevent('js', 'demo', 'datatables-demo.js')
 3 SYSTEMPATH\CodeIgniter.php(457): CodeIgniter\CodeIgniter->runController(Object(App\Controllers\EventController))
 4 SYSTEMPATH\CodeIgniter.php(340): CodeIgniter\CodeIgniter->handleRequest(null, Object(Config\Cache), false)
 5 FCPATH\index.php(67): CodeIgniter\CodeIgniter->run()
 6 SYSTEMPATH\Commands\Server\rewrite.php(46): require_once('FCPATH\\index.php')
CRITICAL - 2023-01-03 11:42:41 --> Call to undefined function App\Controllers\user()
in APPPATH\Controllers\Import.php on line 22.
 1 SYSTEMPATH\CodeIgniter.php(902): App\Controllers\Import->index()
 2 SYSTEMPATH\CodeIgniter.php(457): CodeIgniter\CodeIgniter->runController(Object(App\Controllers\Import))
 3 SYSTEMPATH\CodeIgniter.php(340): CodeIgniter\CodeIgniter->handleRequest(null, Object(Config\Cache), false)
 4 FCPATH\index.php(67): CodeIgniter\CodeIgniter->run()
 5 SYSTEMPATH\Commands\Server\rewrite.php(46): require_once('FCPATH\\index.php')
CRITICAL - 2023-01-03 11:48:14 --> Call to undefined function App\Controllers\User()
in APPPATH\Controllers\Import.php on line 23.
 1 SYSTEMPATH\CodeIgniter.php(902): App\Controllers\Import->index()
 2 SYSTEMPATH\CodeIgniter.php(457): CodeIgniter\CodeIgniter->runController(Object(App\Controllers\Import))
 3 SYSTEMPATH\CodeIgniter.php(340): CodeIgniter\CodeIgniter->handleRequest(null, Object(Config\Cache), false)
 4 FCPATH\index.php(67): CodeIgniter\CodeIgniter->run()
 5 SYSTEMPATH\Commands\Server\rewrite.php(46): require_once('FCPATH\\index.php')
CRITICAL - 2023-01-03 11:48:46 --> Call to undefined function App\Controllers\User()
in APPPATH\Controllers\Import.php on line 23.
 1 SYSTEMPATH\CodeIgniter.php(902): App\Controllers\Import->index()
 2 SYSTEMPATH\CodeIgniter.php(457): CodeIgniter\CodeIgniter->runController(Object(App\Controllers\Import))
 3 SYSTEMPATH\CodeIgniter.php(340): CodeIgniter\CodeIgniter->handleRequest(null, Object(Config\Cache), false)
 4 FCPATH\index.php(67): CodeIgniter\CodeIgniter->run()
 5 SYSTEMPATH\Commands\Server\rewrite.php(46): require_once('FCPATH\\index.php')
CRITICAL - 2023-01-03 11:48:47 --> Call to undefined function App\Controllers\User()
in APPPATH\Controllers\Import.php on line 23.
 1 SYSTEMPATH\CodeIgniter.php(902): App\Controllers\Import->index()
 2 SYSTEMPATH\CodeIgniter.php(457): CodeIgniter\CodeIgniter->runController(Object(App\Controllers\Import))
 3 SYSTEMPATH\CodeIgniter.php(340): CodeIgniter\CodeIgniter->handleRequest(null, Object(Config\Cache), false)
 4 FCPATH\index.php(67): CodeIgniter\CodeIgniter->run()
 5 SYSTEMPATH\Commands\Server\rewrite.php(46): require_once('FCPATH\\index.php')
CRITICAL - 2023-01-03 11:55:58 --> Undefined index: id
in VENDORPATH\myth\auth\src\Entities\User.php on line 299.
 1 VENDORPATH\myth\auth\src\Entities\User.php(299): CodeIgniter\Debug\Exceptions->errorHandler(8, 'Undefined index: id', 'VENDORPATH\\myth\\auth\\src\\Entities\\User.php', 299, [])
 2 APPPATH\Controllers\Import.php(24): Myth\Auth\Entities\User->getId()
 3 SYSTEMPATH\CodeIgniter.php(902): App\Controllers\Import->index()
 4 SYSTEMPATH\CodeIgniter.php(457): CodeIgniter\CodeIgniter->runController(Object(App\Controllers\Import))
 5 SYSTEMPATH\CodeIgniter.php(340): CodeIgniter\CodeIgniter->handleRequest(null, Object(Config\Cache), false)
 6 FCPATH\index.php(67): CodeIgniter\CodeIgniter->run()
 7 SYSTEMPATH\Commands\Server\rewrite.php(46): require_once('FCPATH\\index.php')
CRITICAL - 2023-01-03 11:58:04 --> Undefined index: email
in VENDORPATH\myth\auth\src\Entities\User.php on line 299.
 1 VENDORPATH\myth\auth\src\Entities\User.php(299): CodeIgniter\Debug\Exceptions->errorHandler(8, 'Undefined index: email', 'VENDORPATH\\myth\\auth\\src\\Entities\\User.php', 299, [])
 2 APPPATH\Controllers\Import.php(24): Myth\Auth\Entities\User->getId()
 3 SYSTEMPATH\CodeIgniter.php(902): App\Controllers\Import->index()
 4 SYSTEMPATH\CodeIgniter.php(457): CodeIgniter\CodeIgniter->runController(Object(App\Controllers\Import))
 5 SYSTEMPATH\CodeIgniter.php(340): CodeIgniter\CodeIgniter->handleRequest(null, Object(Config\Cache), false)
 6 FCPATH\index.php(67): CodeIgniter\CodeIgniter->run()
 7 SYSTEMPATH\Commands\Server\rewrite.php(46): require_once('FCPATH\\index.php')
