CRITICAL - 2023-01-16 12:09:13 --> Undefined variable: datathemplate
in APPPATH\Views\themplatesuratpage\listthemplate.php on line 86.
 1 APPPATH\Views\themplatesuratpage\listthemplate.php(86): CodeIgniter\Debug\Exceptions->errorHandler(8, 'Undefined variable: datathemplate', 'APPPATH\\Views\\themplatesuratpage\\listthemplate.php', 86, [...])
 2 SYSTEMPATH\View\View.php(213): include('APPPATH\\Views\\themplatesuratpage\\listthemplate.php')
 3 SYSTEMPATH\View\View.php(216): CodeIgniter\View\View->CodeIgniter\View\{closure}()
 4 SYSTEMPATH\Common.php(1142): CodeIgniter\View\View->render('themplatesuratpage/listthemplate', [], true)
 5 APPPATH\Controllers\ThemplateController.php(19): view('themplatesuratpage/listthemplate')
 6 SYSTEMPATH\CodeIgniter.php(902): App\Controllers\ThemplateController->listthemplate()
 7 SYSTEMPATH\CodeIgniter.php(457): CodeIgniter\CodeIgniter->runController(Object(App\Controllers\ThemplateController))
 8 SYSTEMPATH\CodeIgniter.php(340): CodeIgniter\CodeIgniter->handleRequest(null, Object(Config\Cache), false)
 9 FCPATH\index.php(67): CodeIgniter\CodeIgniter->run()
10 SYSTEMPATH\Commands\Server\rewrite.php(46): require_once('FCPATH\\index.php')
CRITICAL - 2023-01-16 12:11:36 --> Trying to access array offset on value of type null
in APPPATH\Controllers\ThemplateController.php on line 75.
 1 APPPATH\Controllers\ThemplateController.php(75): CodeIgniter\Debug\Exceptions->errorHandler(8, 'Trying to access array offset on value of type null', 'APPPATH\\Controllers\\ThemplateController.php', 75, [...])
 2 APPPATH\Controllers\ThemplateController.php(51): App\Controllers\ThemplateController->seepdf('7011620231112')
 3 SYSTEMPATH\CodeIgniter.php(902): App\Controllers\ThemplateController->savetext()
 4 SYSTEMPATH\CodeIgniter.php(457): CodeIgniter\CodeIgniter->runController(Object(App\Controllers\ThemplateController))
 5 SYSTEMPATH\CodeIgniter.php(340): CodeIgniter\CodeIgniter->handleRequest(null, Object(Config\Cache), false)
 6 FCPATH\index.php(67): CodeIgniter\CodeIgniter->run()
 7 SYSTEMPATH\Commands\Server\rewrite.php(46): require_once('FCPATH\\index.php')
CRITICAL - 2023-01-16 12:13:59 --> The route for "themplate/seepdf/7011620231312" cannot be found.
in SYSTEMPATH\HTTP\RedirectResponse.php on line 60.
 1 SYSTEMPATH\HTTP\RedirectResponse.php(60): CodeIgniter\HTTP\Exceptions\HTTPException::forInvalidRedirectRoute('themplate/seepdf/7011620231312')
 2 APPPATH\Controllers\ThemplateController.php(52): CodeIgniter\HTTP\RedirectResponse->route(false)
 3 SYSTEMPATH\CodeIgniter.php(902): App\Controllers\ThemplateController->savetext()
 4 SYSTEMPATH\CodeIgniter.php(457): CodeIgniter\CodeIgniter->runController(Object(App\Controllers\ThemplateController))
 5 SYSTEMPATH\CodeIgniter.php(340): CodeIgniter\CodeIgniter->handleRequest(null, Object(Config\Cache), false)
 6 FCPATH\index.php(67): CodeIgniter\CodeIgniter->run()
 7 SYSTEMPATH\Commands\Server\rewrite.php(46): require_once('FCPATH\\index.php')
CRITICAL - 2023-01-16 12:15:18 --> Trying to access array offset on value of type null
in APPPATH\Controllers\ThemplateController.php on line 76.
 1 APPPATH\Controllers\ThemplateController.php(76): CodeIgniter\Debug\Exceptions->errorHandler(8, 'Trying to access array offset on value of type null', 'APPPATH\\Controllers\\ThemplateController.php', 76, [...])
 2 SYSTEMPATH\CodeIgniter.php(902): App\Controllers\ThemplateController->seepdf('7011620231312')
 3 SYSTEMPATH\CodeIgniter.php(457): CodeIgniter\CodeIgniter->runController(Object(App\Controllers\ThemplateController))
 4 SYSTEMPATH\CodeIgniter.php(340): CodeIgniter\CodeIgniter->handleRequest(null, Object(Config\Cache), false)
 5 FCPATH\index.php(67): CodeIgniter\CodeIgniter->run()
 6 SYSTEMPATH\Commands\Server\rewrite.php(46): require_once('FCPATH\\index.php')
CRITICAL - 2023-01-16 12:15:27 --> Trying to access array offset on value of type null
in APPPATH\Controllers\ThemplateController.php on line 76.
 1 APPPATH\Controllers\ThemplateController.php(76): CodeIgniter\Debug\Exceptions->errorHandler(8, 'Trying to access array offset on value of type null', 'APPPATH\\Controllers\\ThemplateController.php', 76, [...])
 2 SYSTEMPATH\CodeIgniter.php(902): App\Controllers\ThemplateController->seepdf('7011620231312')
 3 SYSTEMPATH\CodeIgniter.php(457): CodeIgniter\CodeIgniter->runController(Object(App\Controllers\ThemplateController))
 4 SYSTEMPATH\CodeIgniter.php(340): CodeIgniter\CodeIgniter->handleRequest(null, Object(Config\Cache), false)
 5 FCPATH\index.php(67): CodeIgniter\CodeIgniter->run()
 6 SYSTEMPATH\Commands\Server\rewrite.php(46): require_once('FCPATH\\index.php')
ERROR - 2023-01-16 12:17:08 --> mysqli_sql_exception: Duplicate entry '2147483647' for key 'PRIMARY' in C:\xampp\htdocs\HCApp\hcm-apps\vendor\codeigniter4\framework\system\Database\MySQLi\Connection.php:292
Stack trace:
#0 C:\xampp\htdocs\HCApp\hcm-apps\vendor\codeigniter4\framework\system\Database\MySQLi\Connection.php(292): mysqli->query('INSERT INTO `th...', 0)
#1 C:\xampp\htdocs\HCApp\hcm-apps\vendor\codeigniter4\framework\system\Database\BaseConnection.php(693): CodeIgniter\Database\MySQLi\Connection->execute('INSERT INTO `th...')
#2 C:\xampp\htdocs\HCApp\hcm-apps\vendor\codeigniter4\framework\system\Database\BaseConnection.php(620): CodeIgniter\Database\BaseConnection->simpleQuery('INSERT INTO `th...')
#3 C:\xampp\htdocs\HCApp\hcm-apps\vendor\codeigniter4\framework\system\Database\BaseBuilder.php(1916): CodeIgniter\Database\BaseConnection->query('INSERT INTO `th...', Array, false)
#4 C:\xampp\htdocs\HCApp\hcm-apps\vendor\codeigniter4\framework\system\Model.php(279): CodeIgniter\Database\BaseBuilder->insert()
#5 C:\xampp\htdocs\HCApp\hcm-apps\vendor\codeigniter4\framework\system\BaseModel.php(748): CodeIgniter\Model->doInsert(Array)
#6 C:\xampp\htdocs\HCApp\hcm-apps\vendor\codeigniter4\framework\system\Model.php(667): CodeIgniter\BaseModel->insert(Array, true)
#7 C:\xampp\htdocs\HCApp\hcm-apps\app\Models\DataThemplate.php(24): CodeIgniter\Model->insert(Array)
#8 C:\xampp\htdocs\HCApp\hcm-apps\app\Controllers\ThemplateController.php(50): App\Models\DataThemplate->insertData(Array)
#9 C:\xampp\htdocs\HCApp\hcm-apps\vendor\codeigniter4\framework\system\CodeIgniter.php(902): App\Controllers\ThemplateController->savetext()
#10 C:\xampp\htdocs\HCApp\hcm-apps\vendor\codeigniter4\framework\system\CodeIgniter.php(457): CodeIgniter\CodeIgniter->runController(Object(App\Controllers\ThemplateController))
#11 C:\xampp\htdocs\HCApp\hcm-apps\vendor\codeigniter4\framework\system\CodeIgniter.php(340): CodeIgniter\CodeIgniter->handleRequest(NULL, Object(Config\Cache), false)
#12 C:\xampp\htdocs\HCApp\hcm-apps\public\index.php(67): CodeIgniter\CodeIgniter->run()
#13 C:\xampp\htdocs\HCApp\hcm-apps\vendor\codeigniter4\framework\system\Commands\Server\rewrite.php(46): require_once('C:\\xampp\\htdocs...')
#14 {main}
CRITICAL - 2023-01-16 12:17:08 --> Duplicate entry '2147483647' for key 'PRIMARY'
in SYSTEMPATH\Database\MySQLi\Connection.php on line 292.
 1 SYSTEMPATH\Database\MySQLi\Connection.php(292): mysqli->query('INSERT INTO `themplate` (`id`, `nama`, `kategori`, `deskripsi`, `judul`, `isi`, `tandatangan`, `created_at`, `updated_at`) VALUES (\'7011620231712\', \'testingsdd\', \'pkwtjib\', \'Manis dan lembut banget jugasdasdsad\', \'<p>testinggaasd</p>\', \'<p>sdfasdfasdasdas</p>\', \'<p>sdfsdfasdfasfasfdasdfas<b>asfdasdasdasd</b></p>\', \'2023-01-16 12:17:08\', \'2023-01-16 12:17:08\')', 0)
 2 SYSTEMPATH\Database\BaseConnection.php(693): CodeIgniter\Database\MySQLi\Connection->execute('INSERT INTO `themplate` (`id`, `nama`, `kategori`, `deskripsi`, `judul`, `isi`, `tandatangan`, `created_at`, `updated_at`) VALUES (\'7011620231712\', \'testingsdd\', \'pkwtjib\', \'Manis dan lembut banget jugasdasdsad\', \'<p>testinggaasd</p>\', \'<p>sdfasdfasdasdas</p>\', \'<p>sdfsdfasdfasfasfdasdfas<b>asfdasdasdasd</b></p>\', \'2023-01-16 12:17:08\', \'2023-01-16 12:17:08\')')
 3 SYSTEMPATH\Database\BaseConnection.php(620): CodeIgniter\Database\BaseConnection->simpleQuery('INSERT INTO `themplate` (`id`, `nama`, `kategori`, `deskripsi`, `judul`, `isi`, `tandatangan`, `created_at`, `updated_at`) VALUES (\'7011620231712\', \'testingsdd\', \'pkwtjib\', \'Manis dan lembut banget jugasdasdsad\', \'<p>testinggaasd</p>\', \'<p>sdfasdfasdasdas</p>\', \'<p>sdfsdfasdfasfasfdasdfas<b>asfdasdasdasd</b></p>\', \'2023-01-16 12:17:08\', \'2023-01-16 12:17:08\')')
 4 SYSTEMPATH\Database\BaseBuilder.php(1916): CodeIgniter\Database\BaseConnection->query('INSERT INTO `themplate` (`id`, `nama`, `kategori`, `deskripsi`, `judul`, `isi`, `tandatangan`, `created_at`, `updated_at`) VALUES (:id:, :nama:, :kategori:, :deskripsi:, :judul:, :isi:, :tandatangan:, :created_at:, :updated_at:)', [...], false)
 5 SYSTEMPATH\Model.php(279): CodeIgniter\Database\BaseBuilder->insert()
 6 SYSTEMPATH\BaseModel.php(748): CodeIgniter\Model->doInsert([...])
 7 SYSTEMPATH\Model.php(667): CodeIgniter\BaseModel->insert([...], true)
 8 APPPATH\Models\DataThemplate.php(24): CodeIgniter\Model->insert([...])
 9 APPPATH\Controllers\ThemplateController.php(50): App\Models\DataThemplate->insertData([...])
10 SYSTEMPATH\CodeIgniter.php(902): App\Controllers\ThemplateController->savetext()
11 SYSTEMPATH\CodeIgniter.php(457): CodeIgniter\CodeIgniter->runController(Object(App\Controllers\ThemplateController))
12 SYSTEMPATH\CodeIgniter.php(340): CodeIgniter\CodeIgniter->handleRequest(null, Object(Config\Cache), false)
13 FCPATH\index.php(67): CodeIgniter\CodeIgniter->run()
14 SYSTEMPATH\Commands\Server\rewrite.php(46): require_once('FCPATH\\index.php')
ERROR - 2023-01-16 12:17:37 --> mysqli_sql_exception: Duplicate entry '2147483647' for key 'PRIMARY' in C:\xampp\htdocs\HCApp\hcm-apps\vendor\codeigniter4\framework\system\Database\MySQLi\Connection.php:292
Stack trace:
#0 C:\xampp\htdocs\HCApp\hcm-apps\vendor\codeigniter4\framework\system\Database\MySQLi\Connection.php(292): mysqli->query('INSERT INTO `th...', 0)
#1 C:\xampp\htdocs\HCApp\hcm-apps\vendor\codeigniter4\framework\system\Database\BaseConnection.php(693): CodeIgniter\Database\MySQLi\Connection->execute('INSERT INTO `th...')
#2 C:\xampp\htdocs\HCApp\hcm-apps\vendor\codeigniter4\framework\system\Database\BaseConnection.php(620): CodeIgniter\Database\BaseConnection->simpleQuery('INSERT INTO `th...')
#3 C:\xampp\htdocs\HCApp\hcm-apps\vendor\codeigniter4\framework\system\Database\BaseBuilder.php(1916): CodeIgniter\Database\BaseConnection->query('INSERT INTO `th...', Array, false)
#4 C:\xampp\htdocs\HCApp\hcm-apps\vendor\codeigniter4\framework\system\Model.php(279): CodeIgniter\Database\BaseBuilder->insert()
#5 C:\xampp\htdocs\HCApp\hcm-apps\vendor\codeigniter4\framework\system\BaseModel.php(748): CodeIgniter\Model->doInsert(Array)
#6 C:\xampp\htdocs\HCApp\hcm-apps\vendor\codeigniter4\framework\system\Model.php(667): CodeIgniter\BaseModel->insert(Array, true)
#7 C:\xampp\htdocs\HCApp\hcm-apps\app\Models\DataThemplate.php(24): CodeIgniter\Model->insert(Array)
#8 C:\xampp\htdocs\HCApp\hcm-apps\app\Controllers\ThemplateController.php(50): App\Models\DataThemplate->insertData(Array)
#9 C:\xampp\htdocs\HCApp\hcm-apps\vendor\codeigniter4\framework\system\CodeIgniter.php(902): App\Controllers\ThemplateController->savetext()
#10 C:\xampp\htdocs\HCApp\hcm-apps\vendor\codeigniter4\framework\system\CodeIgniter.php(457): CodeIgniter\CodeIgniter->runController(Object(App\Controllers\ThemplateController))
#11 C:\xampp\htdocs\HCApp\hcm-apps\vendor\codeigniter4\framework\system\CodeIgniter.php(340): CodeIgniter\CodeIgniter->handleRequest(NULL, Object(Config\Cache), false)
#12 C:\xampp\htdocs\HCApp\hcm-apps\public\index.php(67): CodeIgniter\CodeIgniter->run()
#13 C:\xampp\htdocs\HCApp\hcm-apps\vendor\codeigniter4\framework\system\Commands\Server\rewrite.php(46): require_once('C:\\xampp\\htdocs...')
#14 {main}
CRITICAL - 2023-01-16 12:17:37 --> Duplicate entry '2147483647' for key 'PRIMARY'
in SYSTEMPATH\Database\MySQLi\Connection.php on line 292.
 1 SYSTEMPATH\Database\MySQLi\Connection.php(292): mysqli->query('INSERT INTO `themplate` (`id`, `nama`, `kategori`, `deskripsi`, `judul`, `isi`, `tandatangan`, `created_at`, `updated_at`) VALUES (\'7011620231712\', \'testingsdd\', \'pkwtjib\', \'Manis dan lembut banget jugasdasdsad\', \'<p>testinggaasd</p>\', \'<p>sdfasdfasdasdas</p>\', \'<p>sdfsdfasdfasfasfdasdfas<b>asfdasdasdasd</b></p>\', \'2023-01-16 12:17:37\', \'2023-01-16 12:17:37\')', 0)
 2 SYSTEMPATH\Database\BaseConnection.php(693): CodeIgniter\Database\MySQLi\Connection->execute('INSERT INTO `themplate` (`id`, `nama`, `kategori`, `deskripsi`, `judul`, `isi`, `tandatangan`, `created_at`, `updated_at`) VALUES (\'7011620231712\', \'testingsdd\', \'pkwtjib\', \'Manis dan lembut banget jugasdasdsad\', \'<p>testinggaasd</p>\', \'<p>sdfasdfasdasdas</p>\', \'<p>sdfsdfasdfasfasfdasdfas<b>asfdasdasdasd</b></p>\', \'2023-01-16 12:17:37\', \'2023-01-16 12:17:37\')')
 3 SYSTEMPATH\Database\BaseConnection.php(620): CodeIgniter\Database\BaseConnection->simpleQuery('INSERT INTO `themplate` (`id`, `nama`, `kategori`, `deskripsi`, `judul`, `isi`, `tandatangan`, `created_at`, `updated_at`) VALUES (\'7011620231712\', \'testingsdd\', \'pkwtjib\', \'Manis dan lembut banget jugasdasdsad\', \'<p>testinggaasd</p>\', \'<p>sdfasdfasdasdas</p>\', \'<p>sdfsdfasdfasfasfdasdfas<b>asfdasdasdasd</b></p>\', \'2023-01-16 12:17:37\', \'2023-01-16 12:17:37\')')
 4 SYSTEMPATH\Database\BaseBuilder.php(1916): CodeIgniter\Database\BaseConnection->query('INSERT INTO `themplate` (`id`, `nama`, `kategori`, `deskripsi`, `judul`, `isi`, `tandatangan`, `created_at`, `updated_at`) VALUES (:id:, :nama:, :kategori:, :deskripsi:, :judul:, :isi:, :tandatangan:, :created_at:, :updated_at:)', [...], false)
 5 SYSTEMPATH\Model.php(279): CodeIgniter\Database\BaseBuilder->insert()
 6 SYSTEMPATH\BaseModel.php(748): CodeIgniter\Model->doInsert([...])
 7 SYSTEMPATH\Model.php(667): CodeIgniter\BaseModel->insert([...], true)
 8 APPPATH\Models\DataThemplate.php(24): CodeIgniter\Model->insert([...])
 9 APPPATH\Controllers\ThemplateController.php(50): App\Models\DataThemplate->insertData([...])
10 SYSTEMPATH\CodeIgniter.php(902): App\Controllers\ThemplateController->savetext()
11 SYSTEMPATH\CodeIgniter.php(457): CodeIgniter\CodeIgniter->runController(Object(App\Controllers\ThemplateController))
12 SYSTEMPATH\CodeIgniter.php(340): CodeIgniter\CodeIgniter->handleRequest(null, Object(Config\Cache), false)
13 FCPATH\index.php(67): CodeIgniter\CodeIgniter->run()
14 SYSTEMPATH\Commands\Server\rewrite.php(46): require_once('FCPATH\\index.php')
ERROR - 2023-01-16 12:19:20 --> mysqli_sql_exception: Duplicate entry '2147483647' for key 'PRIMARY' in C:\xampp\htdocs\HCApp\hcm-apps\vendor\codeigniter4\framework\system\Database\MySQLi\Connection.php:292
Stack trace:
#0 C:\xampp\htdocs\HCApp\hcm-apps\vendor\codeigniter4\framework\system\Database\MySQLi\Connection.php(292): mysqli->query('INSERT INTO `th...', 0)
#1 C:\xampp\htdocs\HCApp\hcm-apps\vendor\codeigniter4\framework\system\Database\BaseConnection.php(693): CodeIgniter\Database\MySQLi\Connection->execute('INSERT INTO `th...')
#2 C:\xampp\htdocs\HCApp\hcm-apps\vendor\codeigniter4\framework\system\Database\BaseConnection.php(620): CodeIgniter\Database\BaseConnection->simpleQuery('INSERT INTO `th...')
#3 C:\xampp\htdocs\HCApp\hcm-apps\vendor\codeigniter4\framework\system\Database\BaseBuilder.php(1916): CodeIgniter\Database\BaseConnection->query('INSERT INTO `th...', Array, false)
#4 C:\xampp\htdocs\HCApp\hcm-apps\vendor\codeigniter4\framework\system\Model.php(279): CodeIgniter\Database\BaseBuilder->insert()
#5 C:\xampp\htdocs\HCApp\hcm-apps\vendor\codeigniter4\framework\system\BaseModel.php(748): CodeIgniter\Model->doInsert(Array)
#6 C:\xampp\htdocs\HCApp\hcm-apps\vendor\codeigniter4\framework\system\Model.php(667): CodeIgniter\BaseModel->insert(Array, true)
#7 C:\xampp\htdocs\HCApp\hcm-apps\app\Models\DataThemplate.php(24): CodeIgniter\Model->insert(Array)
#8 C:\xampp\htdocs\HCApp\hcm-apps\app\Controllers\ThemplateController.php(50): App\Models\DataThemplate->insertData(Array)
#9 C:\xampp\htdocs\HCApp\hcm-apps\vendor\codeigniter4\framework\system\CodeIgniter.php(902): App\Controllers\ThemplateController->savetext()
#10 C:\xampp\htdocs\HCApp\hcm-apps\vendor\codeigniter4\framework\system\CodeIgniter.php(457): CodeIgniter\CodeIgniter->runController(Object(App\Controllers\ThemplateController))
#11 C:\xampp\htdocs\HCApp\hcm-apps\vendor\codeigniter4\framework\system\CodeIgniter.php(340): CodeIgniter\CodeIgniter->handleRequest(NULL, Object(Config\Cache), false)
#12 C:\xampp\htdocs\HCApp\hcm-apps\public\index.php(67): CodeIgniter\CodeIgniter->run()
#13 C:\xampp\htdocs\HCApp\hcm-apps\vendor\codeigniter4\framework\system\Commands\Server\rewrite.php(46): require_once('C:\\xampp\\htdocs...')
#14 {main}
CRITICAL - 2023-01-16 12:19:20 --> Duplicate entry '2147483647' for key 'PRIMARY'
in SYSTEMPATH\Database\MySQLi\Connection.php on line 292.
 1 SYSTEMPATH\Database\MySQLi\Connection.php(292): mysqli->query('INSERT INTO `themplate` (`id`, `nama`, `kategori`, `deskripsi`, `judul`, `isi`, `tandatangan`, `created_at`, `updated_at`) VALUES (\'701162023121920\', \'testingsdd\', \'pkwtjib\', \'Manis dan lembut banget jugasdasdsad\', \'<p>testinggaasd</p>\', \'<p>sdfasdfasdasdas</p>\', \'<p>sdfsdfasdfasfasfdasdfas<b>asfdasdasdasd</b></p>\', \'2023-01-16 12:19:20\', \'2023-01-16 12:19:20\')', 0)
 2 SYSTEMPATH\Database\BaseConnection.php(693): CodeIgniter\Database\MySQLi\Connection->execute('INSERT INTO `themplate` (`id`, `nama`, `kategori`, `deskripsi`, `judul`, `isi`, `tandatangan`, `created_at`, `updated_at`) VALUES (\'701162023121920\', \'testingsdd\', \'pkwtjib\', \'Manis dan lembut banget jugasdasdsad\', \'<p>testinggaasd</p>\', \'<p>sdfasdfasdasdas</p>\', \'<p>sdfsdfasdfasfasfdasdfas<b>asfdasdasdasd</b></p>\', \'2023-01-16 12:19:20\', \'2023-01-16 12:19:20\')')
 3 SYSTEMPATH\Database\BaseConnection.php(620): CodeIgniter\Database\BaseConnection->simpleQuery('INSERT INTO `themplate` (`id`, `nama`, `kategori`, `deskripsi`, `judul`, `isi`, `tandatangan`, `created_at`, `updated_at`) VALUES (\'701162023121920\', \'testingsdd\', \'pkwtjib\', \'Manis dan lembut banget jugasdasdsad\', \'<p>testinggaasd</p>\', \'<p>sdfasdfasdasdas</p>\', \'<p>sdfsdfasdfasfasfdasdfas<b>asfdasdasdasd</b></p>\', \'2023-01-16 12:19:20\', \'2023-01-16 12:19:20\')')
 4 SYSTEMPATH\Database\BaseBuilder.php(1916): CodeIgniter\Database\BaseConnection->query('INSERT INTO `themplate` (`id`, `nama`, `kategori`, `deskripsi`, `judul`, `isi`, `tandatangan`, `created_at`, `updated_at`) VALUES (:id:, :nama:, :kategori:, :deskripsi:, :judul:, :isi:, :tandatangan:, :created_at:, :updated_at:)', [...], false)
 5 SYSTEMPATH\Model.php(279): CodeIgniter\Database\BaseBuilder->insert()
 6 SYSTEMPATH\BaseModel.php(748): CodeIgniter\Model->doInsert([...])
 7 SYSTEMPATH\Model.php(667): CodeIgniter\BaseModel->insert([...], true)
 8 APPPATH\Models\DataThemplate.php(24): CodeIgniter\Model->insert([...])
 9 APPPATH\Controllers\ThemplateController.php(50): App\Models\DataThemplate->insertData([...])
10 SYSTEMPATH\CodeIgniter.php(902): App\Controllers\ThemplateController->savetext()
11 SYSTEMPATH\CodeIgniter.php(457): CodeIgniter\CodeIgniter->runController(Object(App\Controllers\ThemplateController))
12 SYSTEMPATH\CodeIgniter.php(340): CodeIgniter\CodeIgniter->handleRequest(null, Object(Config\Cache), false)
13 FCPATH\index.php(67): CodeIgniter\CodeIgniter->run()
14 SYSTEMPATH\Commands\Server\rewrite.php(46): require_once('FCPATH\\index.php')
ERROR - 2023-01-16 12:19:35 --> mysqli_sql_exception: Duplicate entry '2147483647' for key 'PRIMARY' in C:\xampp\htdocs\HCApp\hcm-apps\vendor\codeigniter4\framework\system\Database\MySQLi\Connection.php:292
Stack trace:
#0 C:\xampp\htdocs\HCApp\hcm-apps\vendor\codeigniter4\framework\system\Database\MySQLi\Connection.php(292): mysqli->query('INSERT INTO `th...', 0)
#1 C:\xampp\htdocs\HCApp\hcm-apps\vendor\codeigniter4\framework\system\Database\BaseConnection.php(693): CodeIgniter\Database\MySQLi\Connection->execute('INSERT INTO `th...')
#2 C:\xampp\htdocs\HCApp\hcm-apps\vendor\codeigniter4\framework\system\Database\BaseConnection.php(620): CodeIgniter\Database\BaseConnection->simpleQuery('INSERT INTO `th...')
#3 C:\xampp\htdocs\HCApp\hcm-apps\vendor\codeigniter4\framework\system\Database\BaseBuilder.php(1916): CodeIgniter\Database\BaseConnection->query('INSERT INTO `th...', Array, false)
#4 C:\xampp\htdocs\HCApp\hcm-apps\vendor\codeigniter4\framework\system\Model.php(279): CodeIgniter\Database\BaseBuilder->insert()
#5 C:\xampp\htdocs\HCApp\hcm-apps\vendor\codeigniter4\framework\system\BaseModel.php(748): CodeIgniter\Model->doInsert(Array)
#6 C:\xampp\htdocs\HCApp\hcm-apps\vendor\codeigniter4\framework\system\Model.php(667): CodeIgniter\BaseModel->insert(Array, true)
#7 C:\xampp\htdocs\HCApp\hcm-apps\app\Models\DataThemplate.php(24): CodeIgniter\Model->insert(Array)
#8 C:\xampp\htdocs\HCApp\hcm-apps\app\Controllers\ThemplateController.php(50): App\Models\DataThemplate->insertData(Array)
#9 C:\xampp\htdocs\HCApp\hcm-apps\vendor\codeigniter4\framework\system\CodeIgniter.php(902): App\Controllers\ThemplateController->savetext()
#10 C:\xampp\htdocs\HCApp\hcm-apps\vendor\codeigniter4\framework\system\CodeIgniter.php(457): CodeIgniter\CodeIgniter->runController(Object(App\Controllers\ThemplateController))
#11 C:\xampp\htdocs\HCApp\hcm-apps\vendor\codeigniter4\framework\system\CodeIgniter.php(340): CodeIgniter\CodeIgniter->handleRequest(NULL, Object(Config\Cache), false)
#12 C:\xampp\htdocs\HCApp\hcm-apps\public\index.php(67): CodeIgniter\CodeIgniter->run()
#13 C:\xampp\htdocs\HCApp\hcm-apps\vendor\codeigniter4\framework\system\Commands\Server\rewrite.php(46): require_once('C:\\xampp\\htdocs...')
#14 {main}
CRITICAL - 2023-01-16 12:19:35 --> Duplicate entry '2147483647' for key 'PRIMARY'
in SYSTEMPATH\Database\MySQLi\Connection.php on line 292.
 1 SYSTEMPATH\Database\MySQLi\Connection.php(292): mysqli->query('INSERT INTO `themplate` (`id`, `nama`, `kategori`, `deskripsi`, `judul`, `isi`, `tandatangan`, `created_at`, `updated_at`) VALUES (\'701162023121935\', \'testing\', \'pkwtjib\', \'Manis dan lembut banget\', \'<p>sadasdasdas</p>\', \'<p>asdasdasdasfadfasd</p>\', \'<p><b>asdasdasdasd</b></p>\', \'2023-01-16 12:19:35\', \'2023-01-16 12:19:35\')', 0)
 2 SYSTEMPATH\Database\BaseConnection.php(693): CodeIgniter\Database\MySQLi\Connection->execute('INSERT INTO `themplate` (`id`, `nama`, `kategori`, `deskripsi`, `judul`, `isi`, `tandatangan`, `created_at`, `updated_at`) VALUES (\'701162023121935\', \'testing\', \'pkwtjib\', \'Manis dan lembut banget\', \'<p>sadasdasdas</p>\', \'<p>asdasdasdasfadfasd</p>\', \'<p><b>asdasdasdasd</b></p>\', \'2023-01-16 12:19:35\', \'2023-01-16 12:19:35\')')
 3 SYSTEMPATH\Database\BaseConnection.php(620): CodeIgniter\Database\BaseConnection->simpleQuery('INSERT INTO `themplate` (`id`, `nama`, `kategori`, `deskripsi`, `judul`, `isi`, `tandatangan`, `created_at`, `updated_at`) VALUES (\'701162023121935\', \'testing\', \'pkwtjib\', \'Manis dan lembut banget\', \'<p>sadasdasdas</p>\', \'<p>asdasdasdasfadfasd</p>\', \'<p><b>asdasdasdasd</b></p>\', \'2023-01-16 12:19:35\', \'2023-01-16 12:19:35\')')
 4 SYSTEMPATH\Database\BaseBuilder.php(1916): CodeIgniter\Database\BaseConnection->query('INSERT INTO `themplate` (`id`, `nama`, `kategori`, `deskripsi`, `judul`, `isi`, `tandatangan`, `created_at`, `updated_at`) VALUES (:id:, :nama:, :kategori:, :deskripsi:, :judul:, :isi:, :tandatangan:, :created_at:, :updated_at:)', [...], false)
 5 SYSTEMPATH\Model.php(279): CodeIgniter\Database\BaseBuilder->insert()
 6 SYSTEMPATH\BaseModel.php(748): CodeIgniter\Model->doInsert([...])
 7 SYSTEMPATH\Model.php(667): CodeIgniter\BaseModel->insert([...], true)
 8 APPPATH\Models\DataThemplate.php(24): CodeIgniter\Model->insert([...])
 9 APPPATH\Controllers\ThemplateController.php(50): App\Models\DataThemplate->insertData([...])
10 SYSTEMPATH\CodeIgniter.php(902): App\Controllers\ThemplateController->savetext()
11 SYSTEMPATH\CodeIgniter.php(457): CodeIgniter\CodeIgniter->runController(Object(App\Controllers\ThemplateController))
12 SYSTEMPATH\CodeIgniter.php(340): CodeIgniter\CodeIgniter->handleRequest(null, Object(Config\Cache), false)
13 FCPATH\index.php(67): CodeIgniter\CodeIgniter->run()
14 SYSTEMPATH\Commands\Server\rewrite.php(46): require_once('FCPATH\\index.php')
ERROR - 2023-01-16 12:20:45 --> mysqli_sql_exception: Duplicate entry '2147483647' for key 'PRIMARY' in C:\xampp\htdocs\HCApp\hcm-apps\vendor\codeigniter4\framework\system\Database\MySQLi\Connection.php:292
Stack trace:
#0 C:\xampp\htdocs\HCApp\hcm-apps\vendor\codeigniter4\framework\system\Database\MySQLi\Connection.php(292): mysqli->query('INSERT INTO `th...', 0)
#1 C:\xampp\htdocs\HCApp\hcm-apps\vendor\codeigniter4\framework\system\Database\BaseConnection.php(693): CodeIgniter\Database\MySQLi\Connection->execute('INSERT INTO `th...')
#2 C:\xampp\htdocs\HCApp\hcm-apps\vendor\codeigniter4\framework\system\Database\BaseConnection.php(620): CodeIgniter\Database\BaseConnection->simpleQuery('INSERT INTO `th...')
#3 C:\xampp\htdocs\HCApp\hcm-apps\vendor\codeigniter4\framework\system\Database\BaseBuilder.php(1916): CodeIgniter\Database\BaseConnection->query('INSERT INTO `th...', Array, false)
#4 C:\xampp\htdocs\HCApp\hcm-apps\vendor\codeigniter4\framework\system\Model.php(279): CodeIgniter\Database\BaseBuilder->insert()
#5 C:\xampp\htdocs\HCApp\hcm-apps\vendor\codeigniter4\framework\system\BaseModel.php(748): CodeIgniter\Model->doInsert(Array)
#6 C:\xampp\htdocs\HCApp\hcm-apps\vendor\codeigniter4\framework\system\Model.php(667): CodeIgniter\BaseModel->insert(Array, true)
#7 C:\xampp\htdocs\HCApp\hcm-apps\app\Models\DataThemplate.php(24): CodeIgniter\Model->insert(Array)
#8 C:\xampp\htdocs\HCApp\hcm-apps\app\Controllers\ThemplateController.php(50): App\Models\DataThemplate->insertData(Array)
#9 C:\xampp\htdocs\HCApp\hcm-apps\vendor\codeigniter4\framework\system\CodeIgniter.php(902): App\Controllers\ThemplateController->savetext()
#10 C:\xampp\htdocs\HCApp\hcm-apps\vendor\codeigniter4\framework\system\CodeIgniter.php(457): CodeIgniter\CodeIgniter->runController(Object(App\Controllers\ThemplateController))
#11 C:\xampp\htdocs\HCApp\hcm-apps\vendor\codeigniter4\framework\system\CodeIgniter.php(340): CodeIgniter\CodeIgniter->handleRequest(NULL, Object(Config\Cache), false)
#12 C:\xampp\htdocs\HCApp\hcm-apps\public\index.php(67): CodeIgniter\CodeIgniter->run()
#13 C:\xampp\htdocs\HCApp\hcm-apps\vendor\codeigniter4\framework\system\Commands\Server\rewrite.php(46): require_once('C:\\xampp\\htdocs...')
#14 {main}
CRITICAL - 2023-01-16 12:20:45 --> Duplicate entry '2147483647' for key 'PRIMARY'
in SYSTEMPATH\Database\MySQLi\Connection.php on line 292.
 1 SYSTEMPATH\Database\MySQLi\Connection.php(292): mysqli->query('INSERT INTO `themplate` (`id`, `nama`, `kategori`, `deskripsi`, `judul`, `isi`, `tandatangan`, `created_at`, `updated_at`) VALUES (\'70116202312204563c4dead47f5a0.03345701\', \'testing\', \'pkwtjib\', \'asdasd\', \'<p>asdasdasdas</p>\', \'<p><br></p>sadasdasdasdasd\', \'<p>asfadczxaasdas</p>\', \'2023-01-16 12:20:45\', \'2023-01-16 12:20:45\')', 0)
 2 SYSTEMPATH\Database\BaseConnection.php(693): CodeIgniter\Database\MySQLi\Connection->execute('INSERT INTO `themplate` (`id`, `nama`, `kategori`, `deskripsi`, `judul`, `isi`, `tandatangan`, `created_at`, `updated_at`) VALUES (\'70116202312204563c4dead47f5a0.03345701\', \'testing\', \'pkwtjib\', \'asdasd\', \'<p>asdasdasdas</p>\', \'<p><br></p>sadasdasdasdasd\', \'<p>asfadczxaasdas</p>\', \'2023-01-16 12:20:45\', \'2023-01-16 12:20:45\')')
 3 SYSTEMPATH\Database\BaseConnection.php(620): CodeIgniter\Database\BaseConnection->simpleQuery('INSERT INTO `themplate` (`id`, `nama`, `kategori`, `deskripsi`, `judul`, `isi`, `tandatangan`, `created_at`, `updated_at`) VALUES (\'70116202312204563c4dead47f5a0.03345701\', \'testing\', \'pkwtjib\', \'asdasd\', \'<p>asdasdasdas</p>\', \'<p><br></p>sadasdasdasdasd\', \'<p>asfadczxaasdas</p>\', \'2023-01-16 12:20:45\', \'2023-01-16 12:20:45\')')
 4 SYSTEMPATH\Database\BaseBuilder.php(1916): CodeIgniter\Database\BaseConnection->query('INSERT INTO `themplate` (`id`, `nama`, `kategori`, `deskripsi`, `judul`, `isi`, `tandatangan`, `created_at`, `updated_at`) VALUES (:id:, :nama:, :kategori:, :deskripsi:, :judul:, :isi:, :tandatangan:, :created_at:, :updated_at:)', [...], false)
 5 SYSTEMPATH\Model.php(279): CodeIgniter\Database\BaseBuilder->insert()
 6 SYSTEMPATH\BaseModel.php(748): CodeIgniter\Model->doInsert([...])
 7 SYSTEMPATH\Model.php(667): CodeIgniter\BaseModel->insert([...], true)
 8 APPPATH\Models\DataThemplate.php(24): CodeIgniter\Model->insert([...])
 9 APPPATH\Controllers\ThemplateController.php(50): App\Models\DataThemplate->insertData([...])
10 SYSTEMPATH\CodeIgniter.php(902): App\Controllers\ThemplateController->savetext()
11 SYSTEMPATH\CodeIgniter.php(457): CodeIgniter\CodeIgniter->runController(Object(App\Controllers\ThemplateController))
12 SYSTEMPATH\CodeIgniter.php(340): CodeIgniter\CodeIgniter->handleRequest(null, Object(Config\Cache), false)
13 FCPATH\index.php(67): CodeIgniter\CodeIgniter->run()
14 SYSTEMPATH\Commands\Server\rewrite.php(46): require_once('FCPATH\\index.php')
ERROR - 2023-01-16 12:22:41 --> mysqli_sql_exception: Duplicate entry '2147483647' for key 'PRIMARY' in C:\xampp\htdocs\HCApp\hcm-apps\vendor\codeigniter4\framework\system\Database\MySQLi\Connection.php:292
Stack trace:
#0 C:\xampp\htdocs\HCApp\hcm-apps\vendor\codeigniter4\framework\system\Database\MySQLi\Connection.php(292): mysqli->query('INSERT INTO `th...', 0)
#1 C:\xampp\htdocs\HCApp\hcm-apps\vendor\codeigniter4\framework\system\Database\BaseConnection.php(693): CodeIgniter\Database\MySQLi\Connection->execute('INSERT INTO `th...')
#2 C:\xampp\htdocs\HCApp\hcm-apps\vendor\codeigniter4\framework\system\Database\BaseConnection.php(620): CodeIgniter\Database\BaseConnection->simpleQuery('INSERT INTO `th...')
#3 C:\xampp\htdocs\HCApp\hcm-apps\vendor\codeigniter4\framework\system\Database\BaseBuilder.php(1916): CodeIgniter\Database\BaseConnection->query('INSERT INTO `th...', Array, false)
#4 C:\xampp\htdocs\HCApp\hcm-apps\vendor\codeigniter4\framework\system\Model.php(279): CodeIgniter\Database\BaseBuilder->insert()
#5 C:\xampp\htdocs\HCApp\hcm-apps\vendor\codeigniter4\framework\system\BaseModel.php(748): CodeIgniter\Model->doInsert(Array)
#6 C:\xampp\htdocs\HCApp\hcm-apps\vendor\codeigniter4\framework\system\Model.php(667): CodeIgniter\BaseModel->insert(Array, true)
#7 C:\xampp\htdocs\HCApp\hcm-apps\app\Models\DataThemplate.php(24): CodeIgniter\Model->insert(Array)
#8 C:\xampp\htdocs\HCApp\hcm-apps\app\Controllers\ThemplateController.php(51): App\Models\DataThemplate->insertData(Array)
#9 C:\xampp\htdocs\HCApp\hcm-apps\vendor\codeigniter4\framework\system\CodeIgniter.php(902): App\Controllers\ThemplateController->savetext()
#10 C:\xampp\htdocs\HCApp\hcm-apps\vendor\codeigniter4\framework\system\CodeIgniter.php(457): CodeIgniter\CodeIgniter->runController(Object(App\Controllers\ThemplateController))
#11 C:\xampp\htdocs\HCApp\hcm-apps\vendor\codeigniter4\framework\system\CodeIgniter.php(340): CodeIgniter\CodeIgniter->handleRequest(NULL, Object(Config\Cache), false)
#12 C:\xampp\htdocs\HCApp\hcm-apps\public\index.php(67): CodeIgniter\CodeIgniter->run()
#13 C:\xampp\htdocs\HCApp\hcm-apps\vendor\codeigniter4\framework\system\Commands\Server\rewrite.php(46): require_once('C:\\xampp\\htdocs...')
#14 {main}
CRITICAL - 2023-01-16 12:22:41 --> Duplicate entry '2147483647' for key 'PRIMARY'
in SYSTEMPATH\Database\MySQLi\Connection.php on line 292.
 1 SYSTEMPATH\Database\MySQLi\Connection.php(292): mysqli->query('INSERT INTO `themplate` (`id`, `nama`, `kategori`, `deskripsi`, `judul`, `isi`, `tandatangan`, `created_at`, `updated_at`) VALUES (\'701162023122241\', \'testing\', \'pkwtjib\', \'sdasdasdasd\', \'<p>Testung</p><p>begini aja dah</p>\', \'<p>terus coba</p><p>apapun yang etsfasdasd</p>\', \'<p>asdasdasdasdasd</p><p>asdasdasdasd</p><p>asdasd</p>\', \'2023-01-16 12:22:41\', \'2023-01-16 12:22:41\')', 0)
 2 SYSTEMPATH\Database\BaseConnection.php(693): CodeIgniter\Database\MySQLi\Connection->execute('INSERT INTO `themplate` (`id`, `nama`, `kategori`, `deskripsi`, `judul`, `isi`, `tandatangan`, `created_at`, `updated_at`) VALUES (\'701162023122241\', \'testing\', \'pkwtjib\', \'sdasdasdasd\', \'<p>Testung</p><p>begini aja dah</p>\', \'<p>terus coba</p><p>apapun yang etsfasdasd</p>\', \'<p>asdasdasdasdasd</p><p>asdasdasdasd</p><p>asdasd</p>\', \'2023-01-16 12:22:41\', \'2023-01-16 12:22:41\')')
 3 SYSTEMPATH\Database\BaseConnection.php(620): CodeIgniter\Database\BaseConnection->simpleQuery('INSERT INTO `themplate` (`id`, `nama`, `kategori`, `deskripsi`, `judul`, `isi`, `tandatangan`, `created_at`, `updated_at`) VALUES (\'701162023122241\', \'testing\', \'pkwtjib\', \'sdasdasdasd\', \'<p>Testung</p><p>begini aja dah</p>\', \'<p>terus coba</p><p>apapun yang etsfasdasd</p>\', \'<p>asdasdasdasdasd</p><p>asdasdasdasd</p><p>asdasd</p>\', \'2023-01-16 12:22:41\', \'2023-01-16 12:22:41\')')
 4 SYSTEMPATH\Database\BaseBuilder.php(1916): CodeIgniter\Database\BaseConnection->query('INSERT INTO `themplate` (`id`, `nama`, `kategori`, `deskripsi`, `judul`, `isi`, `tandatangan`, `created_at`, `updated_at`) VALUES (:id:, :nama:, :kategori:, :deskripsi:, :judul:, :isi:, :tandatangan:, :created_at:, :updated_at:)', [...], false)
 5 SYSTEMPATH\Model.php(279): CodeIgniter\Database\BaseBuilder->insert()
 6 SYSTEMPATH\BaseModel.php(748): CodeIgniter\Model->doInsert([...])
 7 SYSTEMPATH\Model.php(667): CodeIgniter\BaseModel->insert([...], true)
 8 APPPATH\Models\DataThemplate.php(24): CodeIgniter\Model->insert([...])
 9 APPPATH\Controllers\ThemplateController.php(51): App\Models\DataThemplate->insertData([...])
10 SYSTEMPATH\CodeIgniter.php(902): App\Controllers\ThemplateController->savetext()
11 SYSTEMPATH\CodeIgniter.php(457): CodeIgniter\CodeIgniter->runController(Object(App\Controllers\ThemplateController))
12 SYSTEMPATH\CodeIgniter.php(340): CodeIgniter\CodeIgniter->handleRequest(null, Object(Config\Cache), false)
13 FCPATH\index.php(67): CodeIgniter\CodeIgniter->run()
14 SYSTEMPATH\Commands\Server\rewrite.php(46): require_once('FCPATH\\index.php')
CRITICAL - 2023-01-16 12:24:18 --> The route for "themplate/seepdf/701162023122418" cannot be found.
in SYSTEMPATH\HTTP\RedirectResponse.php on line 60.
 1 SYSTEMPATH\HTTP\RedirectResponse.php(60): CodeIgniter\HTTP\Exceptions\HTTPException::forInvalidRedirectRoute('themplate/seepdf/701162023122418')
 2 APPPATH\Controllers\ThemplateController.php(53): CodeIgniter\HTTP\RedirectResponse->route(false)
 3 SYSTEMPATH\CodeIgniter.php(902): App\Controllers\ThemplateController->savetext()
 4 SYSTEMPATH\CodeIgniter.php(457): CodeIgniter\CodeIgniter->runController(Object(App\Controllers\ThemplateController))
 5 SYSTEMPATH\CodeIgniter.php(340): CodeIgniter\CodeIgniter->handleRequest(null, Object(Config\Cache), false)
 6 FCPATH\index.php(67): CodeIgniter\CodeIgniter->run()
 7 SYSTEMPATH\Commands\Server\rewrite.php(46): require_once('FCPATH\\index.php')
ERROR - 2023-01-16 12:24:56 --> mysqli_sql_exception: Duplicate entry '2147483647' for key 'PRIMARY' in C:\xampp\htdocs\HCApp\hcm-apps\vendor\codeigniter4\framework\system\Database\MySQLi\Connection.php:292
Stack trace:
#0 C:\xampp\htdocs\HCApp\hcm-apps\vendor\codeigniter4\framework\system\Database\MySQLi\Connection.php(292): mysqli->query('INSERT INTO `th...', 0)
#1 C:\xampp\htdocs\HCApp\hcm-apps\vendor\codeigniter4\framework\system\Database\BaseConnection.php(693): CodeIgniter\Database\MySQLi\Connection->execute('INSERT INTO `th...')
#2 C:\xampp\htdocs\HCApp\hcm-apps\vendor\codeigniter4\framework\system\Database\BaseConnection.php(620): CodeIgniter\Database\BaseConnection->simpleQuery('INSERT INTO `th...')
#3 C:\xampp\htdocs\HCApp\hcm-apps\vendor\codeigniter4\framework\system\Database\BaseBuilder.php(1916): CodeIgniter\Database\BaseConnection->query('INSERT INTO `th...', Array, false)
#4 C:\xampp\htdocs\HCApp\hcm-apps\vendor\codeigniter4\framework\system\Model.php(279): CodeIgniter\Database\BaseBuilder->insert()
#5 C:\xampp\htdocs\HCApp\hcm-apps\vendor\codeigniter4\framework\system\BaseModel.php(748): CodeIgniter\Model->doInsert(Array)
#6 C:\xampp\htdocs\HCApp\hcm-apps\vendor\codeigniter4\framework\system\Model.php(667): CodeIgniter\BaseModel->insert(Array, true)
#7 C:\xampp\htdocs\HCApp\hcm-apps\app\Models\DataThemplate.php(24): CodeIgniter\Model->insert(Array)
#8 C:\xampp\htdocs\HCApp\hcm-apps\app\Controllers\ThemplateController.php(51): App\Models\DataThemplate->insertData(Array)
#9 C:\xampp\htdocs\HCApp\hcm-apps\vendor\codeigniter4\framework\system\CodeIgniter.php(902): App\Controllers\ThemplateController->savetext()
#10 C:\xampp\htdocs\HCApp\hcm-apps\vendor\codeigniter4\framework\system\CodeIgniter.php(457): CodeIgniter\CodeIgniter->runController(Object(App\Controllers\ThemplateController))
#11 C:\xampp\htdocs\HCApp\hcm-apps\vendor\codeigniter4\framework\system\CodeIgniter.php(340): CodeIgniter\CodeIgniter->handleRequest(NULL, Object(Config\Cache), false)
#12 C:\xampp\htdocs\HCApp\hcm-apps\public\index.php(67): CodeIgniter\CodeIgniter->run()
#13 C:\xampp\htdocs\HCApp\hcm-apps\vendor\codeigniter4\framework\system\Commands\Server\rewrite.php(46): require_once('C:\\xampp\\htdocs...')
#14 {main}
CRITICAL - 2023-01-16 12:24:56 --> Duplicate entry '2147483647' for key 'PRIMARY'
in SYSTEMPATH\Database\MySQLi\Connection.php on line 292.
 1 SYSTEMPATH\Database\MySQLi\Connection.php(292): mysqli->query('INSERT INTO `themplate` (`id`, `nama`, `kategori`, `deskripsi`, `judul`, `isi`, `tandatangan`, `created_at`, `updated_at`) VALUES (\'701162023122456\', \'testing\', \'pkwtjib\', \'asdasdasd\', \'<p>Teatingasdasd</p><p>asdasdasdasdasd</p><p>asdasdasdasd</p>\', \'<p>asdasdasdasd</p><p>asdasdasd</p><p>asdasdasdasd</p>\', \'<p><b>asdasd asdasdasdas</b></p><p><b>asdasdasdasd</b></p>\', \'2023-01-16 12:24:56\', \'2023-01-16 12:24:56\')', 0)
 2 SYSTEMPATH\Database\BaseConnection.php(693): CodeIgniter\Database\MySQLi\Connection->execute('INSERT INTO `themplate` (`id`, `nama`, `kategori`, `deskripsi`, `judul`, `isi`, `tandatangan`, `created_at`, `updated_at`) VALUES (\'701162023122456\', \'testing\', \'pkwtjib\', \'asdasdasd\', \'<p>Teatingasdasd</p><p>asdasdasdasdasd</p><p>asdasdasdasd</p>\', \'<p>asdasdasdasd</p><p>asdasdasd</p><p>asdasdasdasd</p>\', \'<p><b>asdasd asdasdasdas</b></p><p><b>asdasdasdasd</b></p>\', \'2023-01-16 12:24:56\', \'2023-01-16 12:24:56\')')
 3 SYSTEMPATH\Database\BaseConnection.php(620): CodeIgniter\Database\BaseConnection->simpleQuery('INSERT INTO `themplate` (`id`, `nama`, `kategori`, `deskripsi`, `judul`, `isi`, `tandatangan`, `created_at`, `updated_at`) VALUES (\'701162023122456\', \'testing\', \'pkwtjib\', \'asdasdasd\', \'<p>Teatingasdasd</p><p>asdasdasdasdasd</p><p>asdasdasdasd</p>\', \'<p>asdasdasdasd</p><p>asdasdasd</p><p>asdasdasdasd</p>\', \'<p><b>asdasd asdasdasdas</b></p><p><b>asdasdasdasd</b></p>\', \'2023-01-16 12:24:56\', \'2023-01-16 12:24:56\')')
 4 SYSTEMPATH\Database\BaseBuilder.php(1916): CodeIgniter\Database\BaseConnection->query('INSERT INTO `themplate` (`id`, `nama`, `kategori`, `deskripsi`, `judul`, `isi`, `tandatangan`, `created_at`, `updated_at`) VALUES (:id:, :nama:, :kategori:, :deskripsi:, :judul:, :isi:, :tandatangan:, :created_at:, :updated_at:)', [...], false)
 5 SYSTEMPATH\Model.php(279): CodeIgniter\Database\BaseBuilder->insert()
 6 SYSTEMPATH\BaseModel.php(748): CodeIgniter\Model->doInsert([...])
 7 SYSTEMPATH\Model.php(667): CodeIgniter\BaseModel->insert([...], true)
 8 APPPATH\Models\DataThemplate.php(24): CodeIgniter\Model->insert([...])
 9 APPPATH\Controllers\ThemplateController.php(51): App\Models\DataThemplate->insertData([...])
10 SYSTEMPATH\CodeIgniter.php(902): App\Controllers\ThemplateController->savetext()
11 SYSTEMPATH\CodeIgniter.php(457): CodeIgniter\CodeIgniter->runController(Object(App\Controllers\ThemplateController))
12 SYSTEMPATH\CodeIgniter.php(340): CodeIgniter\CodeIgniter->handleRequest(null, Object(Config\Cache), false)
13 FCPATH\index.php(67): CodeIgniter\CodeIgniter->run()
14 SYSTEMPATH\Commands\Server\rewrite.php(46): require_once('FCPATH\\index.php')
