CRITICAL - 2022-10-28 02:20:28 --> Undefined variable: dataemployee
in APPPATH\Views\homepage.php on line 6.
 1 APPPATH\Views\homepage.php(6): CodeIgniter\Debug\Exceptions->errorHandler(8, 'Undefined variable: dataemployee', 'APPPATH\\Views\\homepage.php', 6, [...])
 2 SYSTEMPATH\View\View.php(213): include('APPPATH\\Views\\homepage.php')
 3 SYSTEMPATH\View\View.php(216): CodeIgniter\View\View->CodeIgniter\View\{closure}()
 4 SYSTEMPATH\Common.php(1142): CodeIgniter\View\View->render('homepage', [], true)
 5 APPPATH\Controllers\Import.php(20): view('homepage', [...])
 6 SYSTEMPATH\CodeIgniter.php(902): App\Controllers\Import->index()
 7 SYSTEMPATH\CodeIgniter.php(457): CodeIgniter\CodeIgniter->runController(Object(App\Controllers\Import))
 8 SYSTEMPATH\CodeIgniter.php(340): CodeIgniter\CodeIgniter->handleRequest(null, Object(Config\Cache), false)
 9 FCPATH\index.php(67): CodeIgniter\CodeIgniter->run()
10 SYSTEMPATH\Commands\Server\rewrite.php(46): require_once('FCPATH\\index.php')
CRITICAL - 2022-10-28 02:28:43 --> Undefined variable: data
in APPPATH\Views\homepage.php on line 55.
 1 APPPATH\Views\homepage.php(55): CodeIgniter\Debug\Exceptions->errorHandler(8, 'Undefined variable: data', 'APPPATH\\Views\\homepage.php', 55, [...])
 2 SYSTEMPATH\View\View.php(213): include('APPPATH\\Views\\homepage.php')
 3 SYSTEMPATH\View\View.php(216): CodeIgniter\View\View->CodeIgniter\View\{closure}()
 4 SYSTEMPATH\Common.php(1142): CodeIgniter\View\View->render('homepage', [], true)
 5 APPPATH\Controllers\Import.php(34): view('homepage', [...])
 6 SYSTEMPATH\CodeIgniter.php(902): App\Controllers\Import->datapegawai()
 7 SYSTEMPATH\CodeIgniter.php(457): CodeIgniter\CodeIgniter->runController(Object(App\Controllers\Import))
 8 SYSTEMPATH\CodeIgniter.php(340): CodeIgniter\CodeIgniter->handleRequest(null, Object(Config\Cache), false)
 9 FCPATH\index.php(67): CodeIgniter\CodeIgniter->run()
10 SYSTEMPATH\Commands\Server\rewrite.php(46): require_once('FCPATH\\index.php')
CRITICAL - 2022-10-28 02:29:28 --> Undefined variable: data
in APPPATH\Views\homepage.php on line 55.
 1 APPPATH\Views\homepage.php(55): CodeIgniter\Debug\Exceptions->errorHandler(8, 'Undefined variable: data', 'APPPATH\\Views\\homepage.php', 55, [...])
 2 SYSTEMPATH\View\View.php(213): include('APPPATH\\Views\\homepage.php')
 3 SYSTEMPATH\View\View.php(216): CodeIgniter\View\View->CodeIgniter\View\{closure}()
 4 SYSTEMPATH\Common.php(1142): CodeIgniter\View\View->render('homepage', [], true)
 5 APPPATH\Controllers\Import.php(30): view('homepage', [...])
 6 SYSTEMPATH\CodeIgniter.php(902): App\Controllers\Import->datapegawai('1231322143431')
 7 SYSTEMPATH\CodeIgniter.php(457): CodeIgniter\CodeIgniter->runController(Object(App\Controllers\Import))
 8 SYSTEMPATH\CodeIgniter.php(340): CodeIgniter\CodeIgniter->handleRequest(null, Object(Config\Cache), false)
 9 FCPATH\index.php(67): CodeIgniter\CodeIgniter->run()
10 SYSTEMPATH\Commands\Server\rewrite.php(46): require_once('FCPATH\\index.php')
CRITICAL - 2022-10-28 02:44:09 --> Undefined property: App\Controllers\Import::$input
in APPPATH\Controllers\Import.php on line 74.
 1 APPPATH\Controllers\Import.php(74): CodeIgniter\Debug\Exceptions->errorHandler(8, 'Undefined property: App\\Controllers\\Import::$input', 'APPPATH\\Controllers\\Import.php', 74, [...])
 2 SYSTEMPATH\CodeIgniter.php(902): App\Controllers\Import->upload()
 3 SYSTEMPATH\CodeIgniter.php(457): CodeIgniter\CodeIgniter->runController(Object(App\Controllers\Import))
 4 SYSTEMPATH\CodeIgniter.php(340): CodeIgniter\CodeIgniter->handleRequest(null, Object(Config\Cache), false)
 5 FCPATH\index.php(67): CodeIgniter\CodeIgniter->run()
 6 SYSTEMPATH\Commands\Server\rewrite.php(46): require_once('FCPATH\\index.php')
CRITICAL - 2022-10-28 02:50:38 --> Undefined offset: 5
in APPPATH\Controllers\Import.php on line 83.
 1 APPPATH\Controllers\Import.php(83): CodeIgniter\Debug\Exceptions->errorHandler(8, 'Undefined offset: 5', 'APPPATH\\Controllers\\Import.php', 83, [...])
 2 SYSTEMPATH\CodeIgniter.php(902): App\Controllers\Import->upload()
 3 SYSTEMPATH\CodeIgniter.php(457): CodeIgniter\CodeIgniter->runController(Object(App\Controllers\Import))
 4 SYSTEMPATH\CodeIgniter.php(340): CodeIgniter\CodeIgniter->handleRequest(null, Object(Config\Cache), false)
 5 FCPATH\index.php(67): CodeIgniter\CodeIgniter->run()
 6 SYSTEMPATH\Commands\Server\rewrite.php(46): require_once('FCPATH\\index.php')
ERROR - 2022-10-28 02:51:13 --> mysqli_sql_exception: Table 'importdata.laporan' doesn't exist in C:\xampp\htdocs\imprtdata\vendor\codeigniter4\framework\system\Database\MySQLi\Connection.php:292
Stack trace:
#0 C:\xampp\htdocs\imprtdata\vendor\codeigniter4\framework\system\Database\MySQLi\Connection.php(292): mysqli->query('INSERT INTO `la...', 0)
#1 C:\xampp\htdocs\imprtdata\vendor\codeigniter4\framework\system\Database\BaseConnection.php(693): CodeIgniter\Database\MySQLi\Connection->execute('INSERT INTO `la...')
#2 C:\xampp\htdocs\imprtdata\vendor\codeigniter4\framework\system\Database\BaseConnection.php(620): CodeIgniter\Database\BaseConnection->simpleQuery('INSERT INTO `la...')
#3 C:\xampp\htdocs\imprtdata\vendor\codeigniter4\framework\system\Database\BaseBuilder.php(1916): CodeIgniter\Database\BaseConnection->query('INSERT INTO `la...', Array, false)
#4 C:\xampp\htdocs\imprtdata\app\Controllers\Import.php(94): CodeIgniter\Database\BaseBuilder->insert(Array)
#5 C:\xampp\htdocs\imprtdata\vendor\codeigniter4\framework\system\CodeIgniter.php(902): App\Controllers\Import->upload()
#6 C:\xampp\htdocs\imprtdata\vendor\codeigniter4\framework\system\CodeIgniter.php(457): CodeIgniter\CodeIgniter->runController(Object(App\Controllers\Import))
#7 C:\xampp\htdocs\imprtdata\vendor\codeigniter4\framework\system\CodeIgniter.php(340): CodeIgniter\CodeIgniter->handleRequest(NULL, Object(Config\Cache), false)
#8 C:\xampp\htdocs\imprtdata\public\index.php(67): CodeIgniter\CodeIgniter->run()
#9 C:\xampp\htdocs\imprtdata\vendor\codeigniter4\framework\system\Commands\Server\rewrite.php(46): require_once('C:\\xampp\\htdocs...')
#10 {main}
CRITICAL - 2022-10-28 02:51:13 --> Table 'importdata.laporan' doesn't exist
in SYSTEMPATH\Database\MySQLi\Connection.php on line 292.
 1 SYSTEMPATH\Database\MySQLi\Connection.php(292): mysqli->query('INSERT INTO `laporan` (`nik`, `daily`, `detail`, `durasi`, `quantity`, `cat_wla`) VALUES (\'1231322143431\', \'menggabut terus\', \'bingung ngerjain apa deh\', 600, 3, \'Organik\')', 0)
 2 SYSTEMPATH\Database\BaseConnection.php(693): CodeIgniter\Database\MySQLi\Connection->execute('INSERT INTO `laporan` (`nik`, `daily`, `detail`, `durasi`, `quantity`, `cat_wla`) VALUES (\'1231322143431\', \'menggabut terus\', \'bingung ngerjain apa deh\', 600, 3, \'Organik\')')
 3 SYSTEMPATH\Database\BaseConnection.php(620): CodeIgniter\Database\BaseConnection->simpleQuery('INSERT INTO `laporan` (`nik`, `daily`, `detail`, `durasi`, `quantity`, `cat_wla`) VALUES (\'1231322143431\', \'menggabut terus\', \'bingung ngerjain apa deh\', 600, 3, \'Organik\')')
 4 SYSTEMPATH\Database\BaseBuilder.php(1916): CodeIgniter\Database\BaseConnection->query('INSERT INTO `laporan` (`nik`, `daily`, `detail`, `durasi`, `quantity`, `cat_wla`) VALUES (:nik:, :daily:, :detail:, :durasi:, :quantity:, :cat_wla:)', [...], false)
 5 APPPATH\Controllers\Import.php(94): CodeIgniter\Database\BaseBuilder->insert([...])
 6 SYSTEMPATH\CodeIgniter.php(902): App\Controllers\Import->upload()
 7 SYSTEMPATH\CodeIgniter.php(457): CodeIgniter\CodeIgniter->runController(Object(App\Controllers\Import))
 8 SYSTEMPATH\CodeIgniter.php(340): CodeIgniter\CodeIgniter->handleRequest(null, Object(Config\Cache), false)
 9 FCPATH\index.php(67): CodeIgniter\CodeIgniter->run()
10 SYSTEMPATH\Commands\Server\rewrite.php(46): require_once('FCPATH\\index.php')
CRITICAL - 2022-10-28 02:51:53 --> Undefined index: NIK
in APPPATH\Views\homepage.php on line 58.
 1 APPPATH\Views\homepage.php(58): CodeIgniter\Debug\Exceptions->errorHandler(8, 'Undefined index: NIK', 'APPPATH\\Views\\homepage.php', 58, [...])
 2 SYSTEMPATH\View\View.php(213): include('APPPATH\\Views\\homepage.php')
 3 SYSTEMPATH\View\View.php(216): CodeIgniter\View\View->CodeIgniter\View\{closure}()
 4 SYSTEMPATH\Common.php(1142): CodeIgniter\View\View->render('homepage', [], true)
 5 APPPATH\Controllers\Import.php(29): view('homepage', [...])
 6 SYSTEMPATH\CodeIgniter.php(902): App\Controllers\Import->datapegawai('1231322143431')
 7 SYSTEMPATH\CodeIgniter.php(457): CodeIgniter\CodeIgniter->runController(Object(App\Controllers\Import))
 8 SYSTEMPATH\CodeIgniter.php(340): CodeIgniter\CodeIgniter->handleRequest(null, Object(Config\Cache), false)
 9 FCPATH\index.php(67): CodeIgniter\CodeIgniter->run()
10 SYSTEMPATH\Commands\Server\rewrite.php(46): require_once('FCPATH\\index.php')
CRITICAL - 2022-10-28 02:52:49 --> Undefined index: nama
in APPPATH\Views\homepage.php on line 59.
 1 APPPATH\Views\homepage.php(59): CodeIgniter\Debug\Exceptions->errorHandler(8, 'Undefined index: nama', 'APPPATH\\Views\\homepage.php', 59, [...])
 2 SYSTEMPATH\View\View.php(213): include('APPPATH\\Views\\homepage.php')
 3 SYSTEMPATH\View\View.php(216): CodeIgniter\View\View->CodeIgniter\View\{closure}()
 4 SYSTEMPATH\Common.php(1142): CodeIgniter\View\View->render('homepage', [], true)
 5 APPPATH\Controllers\Import.php(29): view('homepage', [...])
 6 SYSTEMPATH\CodeIgniter.php(902): App\Controllers\Import->datapegawai('1231322143431')
 7 SYSTEMPATH\CodeIgniter.php(457): CodeIgniter\CodeIgniter->runController(Object(App\Controllers\Import))
 8 SYSTEMPATH\CodeIgniter.php(340): CodeIgniter\CodeIgniter->handleRequest(null, Object(Config\Cache), false)
 9 FCPATH\index.php(67): CodeIgniter\CodeIgniter->run()
10 SYSTEMPATH\Commands\Server\rewrite.php(46): require_once('FCPATH\\index.php')
CRITICAL - 2022-10-28 02:52:53 --> Undefined index: nama
in APPPATH\Views\homepage.php on line 59.
 1 APPPATH\Views\homepage.php(59): CodeIgniter\Debug\Exceptions->errorHandler(8, 'Undefined index: nama', 'APPPATH\\Views\\homepage.php', 59, [...])
 2 SYSTEMPATH\View\View.php(213): include('APPPATH\\Views\\homepage.php')
 3 SYSTEMPATH\View\View.php(216): CodeIgniter\View\View->CodeIgniter\View\{closure}()
 4 SYSTEMPATH\Common.php(1142): CodeIgniter\View\View->render('homepage', [], true)
 5 APPPATH\Controllers\Import.php(29): view('homepage', [...])
 6 SYSTEMPATH\CodeIgniter.php(902): App\Controllers\Import->datapegawai('1231322143431')
 7 SYSTEMPATH\CodeIgniter.php(457): CodeIgniter\CodeIgniter->runController(Object(App\Controllers\Import))
 8 SYSTEMPATH\CodeIgniter.php(340): CodeIgniter\CodeIgniter->handleRequest(null, Object(Config\Cache), false)
 9 FCPATH\index.php(67): CodeIgniter\CodeIgniter->run()
10 SYSTEMPATH\Commands\Server\rewrite.php(46): require_once('FCPATH\\index.php')
CRITICAL - 2022-10-28 02:55:18 --> Undefined index: nama
in APPPATH\Views\homepage.php on line 59.
 1 APPPATH\Views\homepage.php(59): CodeIgniter\Debug\Exceptions->errorHandler(8, 'Undefined index: nama', 'APPPATH\\Views\\homepage.php', 59, [...])
 2 SYSTEMPATH\View\View.php(213): include('APPPATH\\Views\\homepage.php')
 3 SYSTEMPATH\View\View.php(216): CodeIgniter\View\View->CodeIgniter\View\{closure}()
 4 SYSTEMPATH\Common.php(1142): CodeIgniter\View\View->render('homepage', [], true)
 5 APPPATH\Controllers\Import.php(31): view('homepage', [...])
 6 SYSTEMPATH\CodeIgniter.php(902): App\Controllers\Import->datapegawai('1231322143431')
 7 SYSTEMPATH\CodeIgniter.php(457): CodeIgniter\CodeIgniter->runController(Object(App\Controllers\Import))
 8 SYSTEMPATH\CodeIgniter.php(340): CodeIgniter\CodeIgniter->handleRequest(null, Object(Config\Cache), false)
 9 FCPATH\index.php(67): CodeIgniter\CodeIgniter->run()
10 SYSTEMPATH\Commands\Server\rewrite.php(46): require_once('FCPATH\\index.php')
CRITICAL - 2022-10-28 02:56:27 --> Undefined index: nama
in APPPATH\Views\homepage.php on line 59.
 1 APPPATH\Views\homepage.php(59): CodeIgniter\Debug\Exceptions->errorHandler(8, 'Undefined index: nama', 'APPPATH\\Views\\homepage.php', 59, [...])
 2 SYSTEMPATH\View\View.php(213): include('APPPATH\\Views\\homepage.php')
 3 SYSTEMPATH\View\View.php(216): CodeIgniter\View\View->CodeIgniter\View\{closure}()
 4 SYSTEMPATH\Common.php(1142): CodeIgniter\View\View->render('homepage', [], true)
 5 APPPATH\Controllers\Import.php(31): view('homepage', [...])
 6 SYSTEMPATH\CodeIgniter.php(902): App\Controllers\Import->datapegawai('1231322143431')
 7 SYSTEMPATH\CodeIgniter.php(457): CodeIgniter\CodeIgniter->runController(Object(App\Controllers\Import))
 8 SYSTEMPATH\CodeIgniter.php(340): CodeIgniter\CodeIgniter->handleRequest(null, Object(Config\Cache), false)
 9 FCPATH\index.php(67): CodeIgniter\CodeIgniter->run()
10 SYSTEMPATH\Commands\Server\rewrite.php(46): require_once('FCPATH\\index.php')
CRITICAL - 2022-10-28 02:56:57 --> Undefined index: nama
in APPPATH\Views\homepage.php on line 39.
 1 APPPATH\Views\homepage.php(39): CodeIgniter\Debug\Exceptions->errorHandler(8, 'Undefined index: nama', 'APPPATH\\Views\\homepage.php', 39, [...])
 2 SYSTEMPATH\View\View.php(213): include('APPPATH\\Views\\homepage.php')
 3 SYSTEMPATH\View\View.php(216): CodeIgniter\View\View->CodeIgniter\View\{closure}()
 4 SYSTEMPATH\Common.php(1142): CodeIgniter\View\View->render('homepage', [], true)
 5 APPPATH\Controllers\Import.php(31): view('homepage', [...])
 6 SYSTEMPATH\CodeIgniter.php(902): App\Controllers\Import->datapegawai('1231322143431')
 7 SYSTEMPATH\CodeIgniter.php(457): CodeIgniter\CodeIgniter->runController(Object(App\Controllers\Import))
 8 SYSTEMPATH\CodeIgniter.php(340): CodeIgniter\CodeIgniter->handleRequest(null, Object(Config\Cache), false)
 9 FCPATH\index.php(67): CodeIgniter\CodeIgniter->run()
10 SYSTEMPATH\Commands\Server\rewrite.php(46): require_once('FCPATH\\index.php')
CRITICAL - 2022-10-28 02:59:07 --> Undefined index: nama
in APPPATH\Views\homepage.php on line 39.
 1 APPPATH\Views\homepage.php(39): CodeIgniter\Debug\Exceptions->errorHandler(8, 'Undefined index: nama', 'APPPATH\\Views\\homepage.php', 39, [...])
 2 SYSTEMPATH\View\View.php(213): include('APPPATH\\Views\\homepage.php')
 3 SYSTEMPATH\View\View.php(216): CodeIgniter\View\View->CodeIgniter\View\{closure}()
 4 SYSTEMPATH\Common.php(1142): CodeIgniter\View\View->render('homepage', [], true)
 5 APPPATH\Controllers\Import.php(31): view('homepage', [...])
 6 SYSTEMPATH\CodeIgniter.php(902): App\Controllers\Import->datapegawai('1231322143431')
 7 SYSTEMPATH\CodeIgniter.php(457): CodeIgniter\CodeIgniter->runController(Object(App\Controllers\Import))
 8 SYSTEMPATH\CodeIgniter.php(340): CodeIgniter\CodeIgniter->handleRequest(null, Object(Config\Cache), false)
 9 FCPATH\index.php(67): CodeIgniter\CodeIgniter->run()
10 SYSTEMPATH\Commands\Server\rewrite.php(46): require_once('FCPATH\\index.php')
CRITICAL - 2022-10-28 03:01:12 --> Undefined variable: oneemployee
in APPPATH\Views\homepage.php on line 39.
 1 APPPATH\Views\homepage.php(39): CodeIgniter\Debug\Exceptions->errorHandler(8, 'Undefined variable: oneemployee', 'APPPATH\\Views\\homepage.php', 39, [...])
 2 SYSTEMPATH\View\View.php(213): include('APPPATH\\Views\\homepage.php')
 3 SYSTEMPATH\View\View.php(216): CodeIgniter\View\View->CodeIgniter\View\{closure}()
 4 SYSTEMPATH\Common.php(1142): CodeIgniter\View\View->render('homepage', [...], true)
 5 APPPATH\Controllers\Import.php(31): view('homepage', [...], [...])
 6 SYSTEMPATH\CodeIgniter.php(902): App\Controllers\Import->datapegawai('1231322143431')
 7 SYSTEMPATH\CodeIgniter.php(457): CodeIgniter\CodeIgniter->runController(Object(App\Controllers\Import))
 8 SYSTEMPATH\CodeIgniter.php(340): CodeIgniter\CodeIgniter->handleRequest(null, Object(Config\Cache), false)
 9 FCPATH\index.php(67): CodeIgniter\CodeIgniter->run()
10 SYSTEMPATH\Commands\Server\rewrite.php(46): require_once('FCPATH\\index.php')
CRITICAL - 2022-10-28 03:04:19 --> Undefined variable: oneemployee
in APPPATH\Views\homepage.php on line 39.
 1 APPPATH\Views\homepage.php(39): CodeIgniter\Debug\Exceptions->errorHandler(8, 'Undefined variable: oneemployee', 'APPPATH\\Views\\homepage.php', 39, [...])
 2 SYSTEMPATH\View\View.php(213): include('APPPATH\\Views\\homepage.php')
 3 SYSTEMPATH\View\View.php(216): CodeIgniter\View\View->CodeIgniter\View\{closure}()
 4 SYSTEMPATH\Common.php(1142): CodeIgniter\View\View->render('homepage', [...], true)
 5 APPPATH\Controllers\Import.php(31): view('homepage', [...], [...])
 6 SYSTEMPATH\CodeIgniter.php(902): App\Controllers\Import->datapegawai('1231322143431')
 7 SYSTEMPATH\CodeIgniter.php(457): CodeIgniter\CodeIgniter->runController(Object(App\Controllers\Import))
 8 SYSTEMPATH\CodeIgniter.php(340): CodeIgniter\CodeIgniter->handleRequest(null, Object(Config\Cache), false)
 9 FCPATH\index.php(67): CodeIgniter\CodeIgniter->run()
10 SYSTEMPATH\Commands\Server\rewrite.php(46): require_once('FCPATH\\index.php')
CRITICAL - 2022-10-28 03:04:38 --> Undefined variable: oneemployee
in APPPATH\Views\homepage.php on line 39.
 1 APPPATH\Views\homepage.php(39): CodeIgniter\Debug\Exceptions->errorHandler(8, 'Undefined variable: oneemployee', 'APPPATH\\Views\\homepage.php', 39, [])
 2 SYSTEMPATH\View\View.php(213): include('APPPATH\\Views\\homepage.php')
 3 SYSTEMPATH\View\View.php(216): CodeIgniter\View\View->CodeIgniter\View\{closure}()
 4 SYSTEMPATH\Common.php(1142): CodeIgniter\View\View->render('homepage', [...], true)
 5 APPPATH\Controllers\Import.php(31): view('homepage', [...], [...], [...])
 6 SYSTEMPATH\CodeIgniter.php(902): App\Controllers\Import->datapegawai('1231322143431')
 7 SYSTEMPATH\CodeIgniter.php(457): CodeIgniter\CodeIgniter->runController(Object(App\Controllers\Import))
 8 SYSTEMPATH\CodeIgniter.php(340): CodeIgniter\CodeIgniter->handleRequest(null, Object(Config\Cache), false)
 9 FCPATH\index.php(67): CodeIgniter\CodeIgniter->run()
10 SYSTEMPATH\Commands\Server\rewrite.php(46): require_once('FCPATH\\index.php')
CRITICAL - 2022-10-28 03:04:39 --> Undefined variable: oneemployee
in APPPATH\Views\homepage.php on line 39.
 1 APPPATH\Views\homepage.php(39): CodeIgniter\Debug\Exceptions->errorHandler(8, 'Undefined variable: oneemployee', 'APPPATH\\Views\\homepage.php', 39, [])
 2 SYSTEMPATH\View\View.php(213): include('APPPATH\\Views\\homepage.php')
 3 SYSTEMPATH\View\View.php(216): CodeIgniter\View\View->CodeIgniter\View\{closure}()
 4 SYSTEMPATH\Common.php(1142): CodeIgniter\View\View->render('homepage', [...], true)
 5 APPPATH\Controllers\Import.php(31): view('homepage', [...], [...], [...])
 6 SYSTEMPATH\CodeIgniter.php(902): App\Controllers\Import->datapegawai('1231322143431')
 7 SYSTEMPATH\CodeIgniter.php(457): CodeIgniter\CodeIgniter->runController(Object(App\Controllers\Import))
 8 SYSTEMPATH\CodeIgniter.php(340): CodeIgniter\CodeIgniter->handleRequest(null, Object(Config\Cache), false)
 9 FCPATH\index.php(67): CodeIgniter\CodeIgniter->run()
10 SYSTEMPATH\Commands\Server\rewrite.php(46): require_once('FCPATH\\index.php')
CRITICAL - 2022-10-28 03:04:41 --> Undefined variable: oneemployee
in APPPATH\Views\homepage.php on line 39.
 1 APPPATH\Views\homepage.php(39): CodeIgniter\Debug\Exceptions->errorHandler(8, 'Undefined variable: oneemployee', 'APPPATH\\Views\\homepage.php', 39, [])
 2 SYSTEMPATH\View\View.php(213): include('APPPATH\\Views\\homepage.php')
 3 SYSTEMPATH\View\View.php(216): CodeIgniter\View\View->CodeIgniter\View\{closure}()
 4 SYSTEMPATH\Common.php(1142): CodeIgniter\View\View->render('homepage', [...], true)
 5 APPPATH\Controllers\Import.php(31): view('homepage', [...], [...], [...])
 6 SYSTEMPATH\CodeIgniter.php(902): App\Controllers\Import->datapegawai('1231322143431')
 7 SYSTEMPATH\CodeIgniter.php(457): CodeIgniter\CodeIgniter->runController(Object(App\Controllers\Import))
 8 SYSTEMPATH\CodeIgniter.php(340): CodeIgniter\CodeIgniter->handleRequest(null, Object(Config\Cache), false)
 9 FCPATH\index.php(67): CodeIgniter\CodeIgniter->run()
10 SYSTEMPATH\Commands\Server\rewrite.php(46): require_once('FCPATH\\index.php')
CRITICAL - 2022-10-28 03:07:00 --> Undefined index: nama
in APPPATH\Views\homepage.php on line 39.
 1 APPPATH\Views\homepage.php(39): CodeIgniter\Debug\Exceptions->errorHandler(8, 'Undefined index: nama', 'APPPATH\\Views\\homepage.php', 39, [...])
 2 SYSTEMPATH\View\View.php(213): include('APPPATH\\Views\\homepage.php')
 3 SYSTEMPATH\View\View.php(216): CodeIgniter\View\View->CodeIgniter\View\{closure}()
 4 SYSTEMPATH\Common.php(1142): CodeIgniter\View\View->render('homepage', [], true)
 5 APPPATH\Controllers\Import.php(31): view('homepage', [...])
 6 SYSTEMPATH\CodeIgniter.php(902): App\Controllers\Import->datapegawai('1231322143431')
 7 SYSTEMPATH\CodeIgniter.php(457): CodeIgniter\CodeIgniter->runController(Object(App\Controllers\Import))
 8 SYSTEMPATH\CodeIgniter.php(340): CodeIgniter\CodeIgniter->handleRequest(null, Object(Config\Cache), false)
 9 FCPATH\index.php(67): CodeIgniter\CodeIgniter->run()
10 SYSTEMPATH\Commands\Server\rewrite.php(46): require_once('FCPATH\\index.php')
CRITICAL - 2022-10-28 03:07:39 --> syntax error, unexpected '}', expecting ';' or ','
in APPPATH\Controllers\Import.php on line 33.
 1 SYSTEMPATH\Autoloader\Autoloader.php(259): CodeIgniter\Autoloader\Autoloader->includeFile('APPPATH\\Controllers\\Import.php')
 2 SYSTEMPATH\Autoloader\Autoloader.php(237): CodeIgniter\Autoloader\Autoloader->loadInNamespace('App\\Controllers\\Import')
 3 [internal function]: CodeIgniter\Autoloader\Autoloader->loadClass('App\\Controllers\\Import')
 4 [internal function]: spl_autoload_call('App\\Controllers\\Import')
 5 SYSTEMPATH\CodeIgniter.php(852): class_exists('\\App\\Controllers\\Import', true)
 6 SYSTEMPATH\CodeIgniter.php(444): CodeIgniter\CodeIgniter->startController()
 7 SYSTEMPATH\CodeIgniter.php(340): CodeIgniter\CodeIgniter->handleRequest(null, Object(Config\Cache), false)
 8 FCPATH\index.php(67): CodeIgniter\CodeIgniter->run()
 9 SYSTEMPATH\Commands\Server\rewrite.php(46): require_once('FCPATH\\index.php')
CRITICAL - 2022-10-28 03:07:40 --> syntax error, unexpected '}', expecting ';' or ','
in APPPATH\Controllers\Import.php on line 33.
 1 SYSTEMPATH\Autoloader\Autoloader.php(259): CodeIgniter\Autoloader\Autoloader->includeFile('APPPATH\\Controllers\\Import.php')
 2 SYSTEMPATH\Autoloader\Autoloader.php(237): CodeIgniter\Autoloader\Autoloader->loadInNamespace('App\\Controllers\\Import')
 3 [internal function]: CodeIgniter\Autoloader\Autoloader->loadClass('App\\Controllers\\Import')
 4 [internal function]: spl_autoload_call('App\\Controllers\\Import')
 5 SYSTEMPATH\CodeIgniter.php(852): class_exists('\\App\\Controllers\\Import', true)
 6 SYSTEMPATH\CodeIgniter.php(444): CodeIgniter\CodeIgniter->startController()
 7 SYSTEMPATH\CodeIgniter.php(340): CodeIgniter\CodeIgniter->handleRequest(null, Object(Config\Cache), false)
 8 FCPATH\index.php(67): CodeIgniter\CodeIgniter->run()
 9 SYSTEMPATH\Commands\Server\rewrite.php(46): require_once('FCPATH\\index.php')
CRITICAL - 2022-10-28 03:07:41 --> syntax error, unexpected '}', expecting ';' or ','
in APPPATH\Controllers\Import.php on line 33.
 1 SYSTEMPATH\Autoloader\Autoloader.php(259): CodeIgniter\Autoloader\Autoloader->includeFile('APPPATH\\Controllers\\Import.php')
 2 SYSTEMPATH\Autoloader\Autoloader.php(237): CodeIgniter\Autoloader\Autoloader->loadInNamespace('App\\Controllers\\Import')
 3 [internal function]: CodeIgniter\Autoloader\Autoloader->loadClass('App\\Controllers\\Import')
 4 [internal function]: spl_autoload_call('App\\Controllers\\Import')
 5 SYSTEMPATH\CodeIgniter.php(852): class_exists('\\App\\Controllers\\Import', true)
 6 SYSTEMPATH\CodeIgniter.php(444): CodeIgniter\CodeIgniter->startController()
 7 SYSTEMPATH\CodeIgniter.php(340): CodeIgniter\CodeIgniter->handleRequest(null, Object(Config\Cache), false)
 8 FCPATH\index.php(67): CodeIgniter\CodeIgniter->run()
 9 SYSTEMPATH\Commands\Server\rewrite.php(46): require_once('FCPATH\\index.php')
CRITICAL - 2022-10-28 03:07:43 --> syntax error, unexpected '}', expecting ';' or ','
in APPPATH\Controllers\Import.php on line 33.
 1 SYSTEMPATH\Autoloader\Autoloader.php(259): CodeIgniter\Autoloader\Autoloader->includeFile('APPPATH\\Controllers\\Import.php')
 2 SYSTEMPATH\Autoloader\Autoloader.php(237): CodeIgniter\Autoloader\Autoloader->loadInNamespace('App\\Controllers\\Import')
 3 [internal function]: CodeIgniter\Autoloader\Autoloader->loadClass('App\\Controllers\\Import')
 4 [internal function]: spl_autoload_call('App\\Controllers\\Import')
 5 SYSTEMPATH\CodeIgniter.php(852): class_exists('\\App\\Controllers\\Import', true)
 6 SYSTEMPATH\CodeIgniter.php(444): CodeIgniter\CodeIgniter->startController()
 7 SYSTEMPATH\CodeIgniter.php(340): CodeIgniter\CodeIgniter->handleRequest(null, Object(Config\Cache), false)
 8 FCPATH\index.php(67): CodeIgniter\CodeIgniter->run()
 9 SYSTEMPATH\Commands\Server\rewrite.php(46): require_once('FCPATH\\index.php')
CRITICAL - 2022-10-28 03:07:59 --> Undefined index: nama
in APPPATH\Controllers\Import.php on line 31.
 1 APPPATH\Controllers\Import.php(31): CodeIgniter\Debug\Exceptions->errorHandler(8, 'Undefined index: nama', 'APPPATH\\Controllers\\Import.php', 31, [...])
 2 SYSTEMPATH\CodeIgniter.php(902): App\Controllers\Import->datapegawai('1231322143431')
 3 SYSTEMPATH\CodeIgniter.php(457): CodeIgniter\CodeIgniter->runController(Object(App\Controllers\Import))
 4 SYSTEMPATH\CodeIgniter.php(340): CodeIgniter\CodeIgniter->handleRequest(null, Object(Config\Cache), false)
 5 FCPATH\index.php(67): CodeIgniter\CodeIgniter->run()
 6 SYSTEMPATH\Commands\Server\rewrite.php(46): require_once('FCPATH\\index.php')
CRITICAL - 2022-10-28 03:09:02 --> Call to undefined method App\Models\Dataemployee::findOne
in SYSTEMPATH\Model.php on line 774.
 1 APPPATH\Models\Dataemployee.php(17): CodeIgniter\Model->__call('findOne', [])
 2 APPPATH\Controllers\Import.php(30): App\Models\Dataemployee->getByNik('1231322143431')
 3 SYSTEMPATH\CodeIgniter.php(902): App\Controllers\Import->datapegawai('1231322143431')
 4 SYSTEMPATH\CodeIgniter.php(457): CodeIgniter\CodeIgniter->runController(Object(App\Controllers\Import))
 5 SYSTEMPATH\CodeIgniter.php(340): CodeIgniter\CodeIgniter->handleRequest(null, Object(Config\Cache), false)
 6 FCPATH\index.php(67): CodeIgniter\CodeIgniter->run()
 7 SYSTEMPATH\Commands\Server\rewrite.php(46): require_once('FCPATH\\index.php')
