CRITICAL - 2023-03-04 11:32:24 --> Decrypting: authentication failed.
in SYSTEMPATH\Encryption\Handlers\OpenSSLHandler.php on line 98.
 1 SYSTEMPATH\Encryption\Handlers\OpenSSLHandler.php(98): CodeIgniter\Encryption\Exceptions\EncryptionException::forAuthenticationFailed()
 2 APPPATH\Controllers\EventController.php(605): CodeIgniter\Encryption\Handlers\OpenSSLHandler->decrypt('$„e•ŸÕMG¬1ÂQ¸ªrˆ?É×¹ŒºÈÒò"')
 3 SYSTEMPATH\CodeIgniter.php(902): App\Controllers\EventController->listreward('1597fb4124579926ace7d5847ee16c194415b550421034ff5681374c3df68aecfe5708440ac7e62ecc2170154a170039340cee64c90dfa16b7236b1e2a8d99b824840265959fd54d47ac31c251b81613aa7218883fc9d7b98cbac8d21df222')
 4 SYSTEMPATH\CodeIgniter.php(457): CodeIgniter\CodeIgniter->runController(Object(App\Controllers\EventController))
 5 SYSTEMPATH\CodeIgniter.php(340): CodeIgniter\CodeIgniter->handleRequest(null, Object(Config\Cache), false)
 6 FCPATH\index.php(67): CodeIgniter\CodeIgniter->run()
 7 SYSTEMPATH\Commands\Server\rewrite.php(46): require_once('FCPATH\\index.php')
CRITICAL - 2023-03-04 11:38:27 --> Trying to access array offset on value of type null
in APPPATH\Controllers\EventController.php on line 83.
 1 APPPATH\Controllers\EventController.php(83): CodeIgniter\Debug\Exceptions->errorHandler(8, 'Trying to access array offset on value of type null', 'APPPATH\\Controllers\\EventController.php', 83, [...])
 2 SYSTEMPATH\CodeIgniter.php(902): App\Controllers\EventController->dataevent('js', 'demo', 'datatables-demo.js')
 3 SYSTEMPATH\CodeIgniter.php(457): CodeIgniter\CodeIgniter->runController(Object(App\Controllers\EventController))
 4 SYSTEMPATH\CodeIgniter.php(340): CodeIgniter\CodeIgniter->handleRequest(null, Object(Config\Cache), false)
 5 FCPATH\index.php(67): CodeIgniter\CodeIgniter->run()
 6 SYSTEMPATH\Commands\Server\rewrite.php(46): require_once('FCPATH\\index.php')
ERROR - 2023-03-04 12:41:38 --> mysqli_sql_exception: Duplicate entry '' for key 'PRIMARY' in C:\xampp\htdocs\HCApp\hcm-apps\vendor\codeigniter4\framework\system\Database\MySQLi\Connection.php:292
Stack trace:
#0 C:\xampp\htdocs\HCApp\hcm-apps\vendor\codeigniter4\framework\system\Database\MySQLi\Connection.php(292): mysqli->query('INSERT INTO `re...', 0)
#1 C:\xampp\htdocs\HCApp\hcm-apps\vendor\codeigniter4\framework\system\Database\BaseConnection.php(693): CodeIgniter\Database\MySQLi\Connection->execute('INSERT INTO `re...')
#2 C:\xampp\htdocs\HCApp\hcm-apps\vendor\codeigniter4\framework\system\Database\BaseConnection.php(620): CodeIgniter\Database\BaseConnection->simpleQuery('INSERT INTO `re...')
#3 C:\xampp\htdocs\HCApp\hcm-apps\vendor\codeigniter4\framework\system\Database\BaseBuilder.php(1916): CodeIgniter\Database\BaseConnection->query('INSERT INTO `re...', Array, false)
#4 C:\xampp\htdocs\HCApp\hcm-apps\vendor\codeigniter4\framework\system\Model.php(279): CodeIgniter\Database\BaseBuilder->insert()
#5 C:\xampp\htdocs\HCApp\hcm-apps\vendor\codeigniter4\framework\system\BaseModel.php(748): CodeIgniter\Model->doInsert(Array)
#6 C:\xampp\htdocs\HCApp\hcm-apps\vendor\codeigniter4\framework\system\Model.php(667): CodeIgniter\BaseModel->insert(Array, true)
#7 C:\xampp\htdocs\HCApp\hcm-apps\app\Models\DataReward.php(24): CodeIgniter\Model->insert(Array)
#8 C:\xampp\htdocs\HCApp\hcm-apps\app\Controllers\EventController.php(654): App\Models\DataReward->insertData(Array)
#9 C:\xampp\htdocs\HCApp\hcm-apps\vendor\codeigniter4\framework\system\CodeIgniter.php(902): App\Controllers\EventController->addreward()
#10 C:\xampp\htdocs\HCApp\hcm-apps\vendor\codeigniter4\framework\system\CodeIgniter.php(457): CodeIgniter\CodeIgniter->runController(Object(App\Controllers\EventController))
#11 C:\xampp\htdocs\HCApp\hcm-apps\vendor\codeigniter4\framework\system\CodeIgniter.php(340): CodeIgniter\CodeIgniter->handleRequest(NULL, Object(Config\Cache), false)
#12 C:\xampp\htdocs\HCApp\hcm-apps\public\index.php(67): CodeIgniter\CodeIgniter->run()
#13 C:\xampp\htdocs\HCApp\hcm-apps\vendor\codeigniter4\framework\system\Commands\Server\rewrite.php(46): require_once('C:\\xampp\\htdocs...')
#14 {main}
CRITICAL - 2023-03-04 12:41:38 --> Duplicate entry '' for key 'PRIMARY'
in SYSTEMPATH\Database\MySQLi\Connection.php on line 292.
 1 SYSTEMPATH\Database\MySQLi\Connection.php(292): mysqli->query('INSERT INTO `reward` (`nama`, `deskripsi`, `price`, `status`, `created_at`, `updated_at`) VALUES (\'kontol\', \'Manis dan lembut banget\', \'1\', \'claimable\', \'2023-03-04 12:41:38\', \'2023-03-04 12:41:38\')', 0)
 2 SYSTEMPATH\Database\BaseConnection.php(693): CodeIgniter\Database\MySQLi\Connection->execute('INSERT INTO `reward` (`nama`, `deskripsi`, `price`, `status`, `created_at`, `updated_at`) VALUES (\'kontol\', \'Manis dan lembut banget\', \'1\', \'claimable\', \'2023-03-04 12:41:38\', \'2023-03-04 12:41:38\')')
 3 SYSTEMPATH\Database\BaseConnection.php(620): CodeIgniter\Database\BaseConnection->simpleQuery('INSERT INTO `reward` (`nama`, `deskripsi`, `price`, `status`, `created_at`, `updated_at`) VALUES (\'kontol\', \'Manis dan lembut banget\', \'1\', \'claimable\', \'2023-03-04 12:41:38\', \'2023-03-04 12:41:38\')')
 4 SYSTEMPATH\Database\BaseBuilder.php(1916): CodeIgniter\Database\BaseConnection->query('INSERT INTO `reward` (`nama`, `deskripsi`, `price`, `status`, `created_at`, `updated_at`) VALUES (:nama:, :deskripsi:, :price:, :status:, :created_at:, :updated_at:)', [...], false)
 5 SYSTEMPATH\Model.php(279): CodeIgniter\Database\BaseBuilder->insert()
 6 SYSTEMPATH\BaseModel.php(748): CodeIgniter\Model->doInsert([...])
 7 SYSTEMPATH\Model.php(667): CodeIgniter\BaseModel->insert([...], true)
 8 APPPATH\Models\DataReward.php(24): CodeIgniter\Model->insert([...])
 9 APPPATH\Controllers\EventController.php(654): App\Models\DataReward->insertData([...])
10 SYSTEMPATH\CodeIgniter.php(902): App\Controllers\EventController->addreward()
11 SYSTEMPATH\CodeIgniter.php(457): CodeIgniter\CodeIgniter->runController(Object(App\Controllers\EventController))
12 SYSTEMPATH\CodeIgniter.php(340): CodeIgniter\CodeIgniter->handleRequest(null, Object(Config\Cache), false)
13 FCPATH\index.php(67): CodeIgniter\CodeIgniter->run()
14 SYSTEMPATH\Commands\Server\rewrite.php(46): require_once('FCPATH\\index.php')
ERROR - 2023-03-04 12:57:25 --> mysqli_sql_exception: Duplicate entry '1677909445' for key 'PRIMARY' in C:\xampp\htdocs\HCApp\hcm-apps\vendor\codeigniter4\framework\system\Database\MySQLi\Connection.php:292
Stack trace:
#0 C:\xampp\htdocs\HCApp\hcm-apps\vendor\codeigniter4\framework\system\Database\MySQLi\Connection.php(292): mysqli->query('INSERT INTO `re...', 0)
#1 C:\xampp\htdocs\HCApp\hcm-apps\vendor\codeigniter4\framework\system\Database\BaseConnection.php(693): CodeIgniter\Database\MySQLi\Connection->execute('INSERT INTO `re...')
#2 C:\xampp\htdocs\HCApp\hcm-apps\vendor\codeigniter4\framework\system\Database\BaseConnection.php(620): CodeIgniter\Database\BaseConnection->simpleQuery('INSERT INTO `re...')
#3 C:\xampp\htdocs\HCApp\hcm-apps\vendor\codeigniter4\framework\system\Database\BaseBuilder.php(1916): CodeIgniter\Database\BaseConnection->query('INSERT INTO `re...', Array, false)
#4 C:\xampp\htdocs\HCApp\hcm-apps\vendor\codeigniter4\framework\system\Model.php(279): CodeIgniter\Database\BaseBuilder->insert()
#5 C:\xampp\htdocs\HCApp\hcm-apps\vendor\codeigniter4\framework\system\BaseModel.php(748): CodeIgniter\Model->doInsert(Array)
#6 C:\xampp\htdocs\HCApp\hcm-apps\vendor\codeigniter4\framework\system\Model.php(667): CodeIgniter\BaseModel->insert(Array, true)
#7 C:\xampp\htdocs\HCApp\hcm-apps\app\Models\DataReward.php(24): CodeIgniter\Model->insert(Array)
#8 C:\xampp\htdocs\HCApp\hcm-apps\app\Controllers\EventController.php(658): App\Models\DataReward->insertData(Array)
#9 C:\xampp\htdocs\HCApp\hcm-apps\vendor\codeigniter4\framework\system\CodeIgniter.php(902): App\Controllers\EventController->addreward()
#10 C:\xampp\htdocs\HCApp\hcm-apps\vendor\codeigniter4\framework\system\CodeIgniter.php(457): CodeIgniter\CodeIgniter->runController(Object(App\Controllers\EventController))
#11 C:\xampp\htdocs\HCApp\hcm-apps\vendor\codeigniter4\framework\system\CodeIgniter.php(340): CodeIgniter\CodeIgniter->handleRequest(NULL, Object(Config\Cache), false)
#12 C:\xampp\htdocs\HCApp\hcm-apps\public\index.php(67): CodeIgniter\CodeIgniter->run()
#13 C:\xampp\htdocs\HCApp\hcm-apps\vendor\codeigniter4\framework\system\Commands\Server\rewrite.php(46): require_once('C:\\xampp\\htdocs...')
#14 {main}
CRITICAL - 2023-03-04 12:57:25 --> Duplicate entry '1677909445' for key 'PRIMARY'
in SYSTEMPATH\Database\MySQLi\Connection.php on line 292.
 1 SYSTEMPATH\Database\MySQLi\Connection.php(292): mysqli->query('INSERT INTO `reward` (`id`, `nama`, `deskripsi`, `price`, `status`, `created_at`, `updated_at`) VALUES (1677909445, \'testing\', \'Manis dan lembut banget\', \'2\', \'claimable\', \'2023-03-04 12:57:25\', \'2023-03-04 12:57:25\')', 0)
 2 SYSTEMPATH\Database\BaseConnection.php(693): CodeIgniter\Database\MySQLi\Connection->execute('INSERT INTO `reward` (`id`, `nama`, `deskripsi`, `price`, `status`, `created_at`, `updated_at`) VALUES (1677909445, \'testing\', \'Manis dan lembut banget\', \'2\', \'claimable\', \'2023-03-04 12:57:25\', \'2023-03-04 12:57:25\')')
 3 SYSTEMPATH\Database\BaseConnection.php(620): CodeIgniter\Database\BaseConnection->simpleQuery('INSERT INTO `reward` (`id`, `nama`, `deskripsi`, `price`, `status`, `created_at`, `updated_at`) VALUES (1677909445, \'testing\', \'Manis dan lembut banget\', \'2\', \'claimable\', \'2023-03-04 12:57:25\', \'2023-03-04 12:57:25\')')
 4 SYSTEMPATH\Database\BaseBuilder.php(1916): CodeIgniter\Database\BaseConnection->query('INSERT INTO `reward` (`id`, `nama`, `deskripsi`, `price`, `status`, `created_at`, `updated_at`) VALUES (:id:, :nama:, :deskripsi:, :price:, :status:, :created_at:, :updated_at:)', [...], false)
 5 SYSTEMPATH\Model.php(279): CodeIgniter\Database\BaseBuilder->insert()
 6 SYSTEMPATH\BaseModel.php(748): CodeIgniter\Model->doInsert([...])
 7 SYSTEMPATH\Model.php(667): CodeIgniter\BaseModel->insert([...], true)
 8 APPPATH\Models\DataReward.php(24): CodeIgniter\Model->insert([...])
 9 APPPATH\Controllers\EventController.php(658): App\Models\DataReward->insertData([...])
10 SYSTEMPATH\CodeIgniter.php(902): App\Controllers\EventController->addreward()
11 SYSTEMPATH\CodeIgniter.php(457): CodeIgniter\CodeIgniter->runController(Object(App\Controllers\EventController))
12 SYSTEMPATH\CodeIgniter.php(340): CodeIgniter\CodeIgniter->handleRequest(null, Object(Config\Cache), false)
13 FCPATH\index.php(67): CodeIgniter\CodeIgniter->run()
14 SYSTEMPATH\Commands\Server\rewrite.php(46): require_once('FCPATH\\index.php')
CRITICAL - 2023-03-04 13:00:56 --> Trying to access array offset on value of type null
in APPPATH\Controllers\EventController.php on line 83.
 1 APPPATH\Controllers\EventController.php(83): CodeIgniter\Debug\Exceptions->errorHandler(8, 'Trying to access array offset on value of type null', 'APPPATH\\Controllers\\EventController.php', 83, [...])
 2 SYSTEMPATH\CodeIgniter.php(902): App\Controllers\EventController->dataevent('js', 'demo', 'datatables-demo.js')
 3 SYSTEMPATH\CodeIgniter.php(457): CodeIgniter\CodeIgniter->runController(Object(App\Controllers\EventController))
 4 SYSTEMPATH\CodeIgniter.php(340): CodeIgniter\CodeIgniter->handleRequest(null, Object(Config\Cache), false)
 5 FCPATH\index.php(67): CodeIgniter\CodeIgniter->run()
 6 SYSTEMPATH\Commands\Server\rewrite.php(46): require_once('FCPATH\\index.php')
CRITICAL - 2023-03-04 13:01:13 --> Trying to access array offset on value of type null
in APPPATH\Controllers\EventController.php on line 83.
 1 APPPATH\Controllers\EventController.php(83): CodeIgniter\Debug\Exceptions->errorHandler(8, 'Trying to access array offset on value of type null', 'APPPATH\\Controllers\\EventController.php', 83, [...])
 2 SYSTEMPATH\CodeIgniter.php(902): App\Controllers\EventController->dataevent('js', 'demo', 'datatables-demo.js')
 3 SYSTEMPATH\CodeIgniter.php(457): CodeIgniter\CodeIgniter->runController(Object(App\Controllers\EventController))
 4 SYSTEMPATH\CodeIgniter.php(340): CodeIgniter\CodeIgniter->handleRequest(null, Object(Config\Cache), false)
 5 FCPATH\index.php(67): CodeIgniter\CodeIgniter->run()
 6 SYSTEMPATH\Commands\Server\rewrite.php(46): require_once('FCPATH\\index.php')
CRITICAL - 2023-03-04 13:01:32 --> Trying to access array offset on value of type null
in APPPATH\Controllers\EventController.php on line 83.
 1 APPPATH\Controllers\EventController.php(83): CodeIgniter\Debug\Exceptions->errorHandler(8, 'Trying to access array offset on value of type null', 'APPPATH\\Controllers\\EventController.php', 83, [...])
 2 SYSTEMPATH\CodeIgniter.php(902): App\Controllers\EventController->dataevent('js', 'demo', 'datatables-demo.js')
 3 SYSTEMPATH\CodeIgniter.php(457): CodeIgniter\CodeIgniter->runController(Object(App\Controllers\EventController))
 4 SYSTEMPATH\CodeIgniter.php(340): CodeIgniter\CodeIgniter->handleRequest(null, Object(Config\Cache), false)
 5 FCPATH\index.php(67): CodeIgniter\CodeIgniter->run()
 6 SYSTEMPATH\Commands\Server\rewrite.php(46): require_once('FCPATH\\index.php')
CRITICAL - 2023-03-04 13:01:33 --> Trying to access array offset on value of type null
in APPPATH\Views\eventspage\editeventpage.php on line 66.
 1 APPPATH\Views\eventspage\editeventpage.php(66): CodeIgniter\Debug\Exceptions->errorHandler(8, 'Trying to access array offset on value of type null', 'APPPATH\\Views\\eventspage\\editeventpage.php', 66, [...])
 2 SYSTEMPATH\View\View.php(213): include('APPPATH\\Views\\eventspage\\editeventpage.php')
 3 SYSTEMPATH\View\View.php(216): CodeIgniter\View\View->CodeIgniter\View\{closure}()
 4 SYSTEMPATH\Common.php(1142): CodeIgniter\View\View->render('eventspage/editeventpage', [], true)
 5 APPPATH\Controllers\EventController.php(210): view('eventspage/editeventpage', [...])
 6 SYSTEMPATH\CodeIgniter.php(902): App\Controllers\EventController->editpage('js', 'demo', 'datatables-demo.js')
 7 SYSTEMPATH\CodeIgniter.php(457): CodeIgniter\CodeIgniter->runController(Object(App\Controllers\EventController))
 8 SYSTEMPATH\CodeIgniter.php(340): CodeIgniter\CodeIgniter->handleRequest(null, Object(Config\Cache), false)
 9 FCPATH\index.php(67): CodeIgniter\CodeIgniter->run()
10 SYSTEMPATH\Commands\Server\rewrite.php(46): require_once('FCPATH\\index.php')
CRITICAL - 2023-03-04 13:01:40 --> Trying to access array offset on value of type null
in APPPATH\Views\eventspage\editeventpage.php on line 66.
 1 APPPATH\Views\eventspage\editeventpage.php(66): CodeIgniter\Debug\Exceptions->errorHandler(8, 'Trying to access array offset on value of type null', 'APPPATH\\Views\\eventspage\\editeventpage.php', 66, [...])
 2 SYSTEMPATH\View\View.php(213): include('APPPATH\\Views\\eventspage\\editeventpage.php')
 3 SYSTEMPATH\View\View.php(216): CodeIgniter\View\View->CodeIgniter\View\{closure}()
 4 SYSTEMPATH\Common.php(1142): CodeIgniter\View\View->render('eventspage/editeventpage', [], true)
 5 APPPATH\Controllers\EventController.php(210): view('eventspage/editeventpage', [...])
 6 SYSTEMPATH\CodeIgniter.php(902): App\Controllers\EventController->editpage('js', 'demo', 'datatables-demo.js')
 7 SYSTEMPATH\CodeIgniter.php(457): CodeIgniter\CodeIgniter->runController(Object(App\Controllers\EventController))
 8 SYSTEMPATH\CodeIgniter.php(340): CodeIgniter\CodeIgniter->handleRequest(null, Object(Config\Cache), false)
 9 FCPATH\index.php(67): CodeIgniter\CodeIgniter->run()
10 SYSTEMPATH\Commands\Server\rewrite.php(46): require_once('FCPATH\\index.php')
CRITICAL - 2023-03-04 13:08:02 --> Trying to access array offset on value of type null
in APPPATH\Views\eventspage\editeventpage.php on line 66.
 1 APPPATH\Views\eventspage\editeventpage.php(66): CodeIgniter\Debug\Exceptions->errorHandler(8, 'Trying to access array offset on value of type null', 'APPPATH\\Views\\eventspage\\editeventpage.php', 66, [...])
 2 SYSTEMPATH\View\View.php(213): include('APPPATH\\Views\\eventspage\\editeventpage.php')
 3 SYSTEMPATH\View\View.php(216): CodeIgniter\View\View->CodeIgniter\View\{closure}()
 4 SYSTEMPATH\Common.php(1142): CodeIgniter\View\View->render('eventspage/editeventpage', [], true)
 5 APPPATH\Controllers\EventController.php(210): view('eventspage/editeventpage', [...])
 6 SYSTEMPATH\CodeIgniter.php(902): App\Controllers\EventController->editpage('js', 'demo', 'datatables-demo.js')
 7 SYSTEMPATH\CodeIgniter.php(457): CodeIgniter\CodeIgniter->runController(Object(App\Controllers\EventController))
 8 SYSTEMPATH\CodeIgniter.php(340): CodeIgniter\CodeIgniter->handleRequest(null, Object(Config\Cache), false)
 9 FCPATH\index.php(67): CodeIgniter\CodeIgniter->run()
10 SYSTEMPATH\Commands\Server\rewrite.php(46): require_once('FCPATH\\index.php')
