CRITICAL - 2022-12-05 08:52:18 --> Undefined index: job_family
in APPPATH\Views\masteremployeepage\detailemployee.php on line 193.
 1 APPPATH\Views\masteremployeepage\detailemployee.php(193): CodeIgniter\Debug\Exceptions->errorHandler(8, 'Undefined index: job_family', 'APPPATH\\Views\\masteremployeepage\\detailemployee.php', 193, [...])
 2 SYSTEMPATH\View\View.php(213): include('APPPATH\\Views\\masteremployeepage\\detailemployee.php')
 3 SYSTEMPATH\View\View.php(216): CodeIgniter\View\View->CodeIgniter\View\{closure}()
 4 SYSTEMPATH\Common.php(1142): CodeIgniter\View\View->render('masteremployeepage/detailemployee', [], true)
 5 APPPATH\Controllers\MasterEmployeeController.php(22): view('masteremployeepage/detailemployee', [...])
 6 SYSTEMPATH\CodeIgniter.php(902): App\Controllers\MasterEmployeeController->detailemployee('123456')
 7 SYSTEMPATH\CodeIgniter.php(457): CodeIgniter\CodeIgniter->runController(Object(App\Controllers\MasterEmployeeController))
 8 SYSTEMPATH\CodeIgniter.php(340): CodeIgniter\CodeIgniter->handleRequest(null, Object(Config\Cache), false)
 9 FCPATH\index.php(67): CodeIgniter\CodeIgniter->run()
10 SYSTEMPATH\Commands\Server\rewrite.php(46): require_once('FCPATH\\index.php')
CRITICAL - 2022-12-05 08:53:18 --> Trying to access array offset on value of type null
in APPPATH\Views\eventspage\editeventpage.php on line 66.
 1 APPPATH\Views\eventspage\editeventpage.php(66): CodeIgniter\Debug\Exceptions->errorHandler(8, 'Trying to access array offset on value of type null', 'APPPATH\\Views\\eventspage\\editeventpage.php', 66, [...])
 2 SYSTEMPATH\View\View.php(213): include('APPPATH\\Views\\eventspage\\editeventpage.php')
 3 SYSTEMPATH\View\View.php(216): CodeIgniter\View\View->CodeIgniter\View\{closure}()
 4 SYSTEMPATH\Common.php(1142): CodeIgniter\View\View->render('eventspage/editeventpage', [], true)
 5 APPPATH\Controllers\EventController.php(122): view('eventspage/editeventpage', [...])
 6 SYSTEMPATH\CodeIgniter.php(902): App\Controllers\EventController->editpage('123456')
 7 SYSTEMPATH\CodeIgniter.php(457): CodeIgniter\CodeIgniter->runController(Object(App\Controllers\EventController))
 8 SYSTEMPATH\CodeIgniter.php(340): CodeIgniter\CodeIgniter->handleRequest(null, Object(Config\Cache), false)
 9 FCPATH\index.php(67): CodeIgniter\CodeIgniter->run()
10 SYSTEMPATH\Commands\Server\rewrite.php(46): require_once('FCPATH\\index.php')
CRITICAL - 2022-12-05 08:53:25 --> Trying to access array offset on value of type null
in APPPATH\Views\eventspage\editeventpage.php on line 66.
 1 APPPATH\Views\eventspage\editeventpage.php(66): CodeIgniter\Debug\Exceptions->errorHandler(8, 'Trying to access array offset on value of type null', 'APPPATH\\Views\\eventspage\\editeventpage.php', 66, [...])
 2 SYSTEMPATH\View\View.php(213): include('APPPATH\\Views\\eventspage\\editeventpage.php')
 3 SYSTEMPATH\View\View.php(216): CodeIgniter\View\View->CodeIgniter\View\{closure}()
 4 SYSTEMPATH\Common.php(1142): CodeIgniter\View\View->render('eventspage/editeventpage', [], true)
 5 APPPATH\Controllers\EventController.php(122): view('eventspage/editeventpage', [...])
 6 SYSTEMPATH\CodeIgniter.php(902): App\Controllers\EventController->editpage('123456')
 7 SYSTEMPATH\CodeIgniter.php(457): CodeIgniter\CodeIgniter->runController(Object(App\Controllers\EventController))
 8 SYSTEMPATH\CodeIgniter.php(340): CodeIgniter\CodeIgniter->handleRequest(null, Object(Config\Cache), false)
 9 FCPATH\index.php(67): CodeIgniter\CodeIgniter->run()
10 SYSTEMPATH\Commands\Server\rewrite.php(46): require_once('FCPATH\\index.php')
CRITICAL - 2022-12-05 16:55:45 --> Trying to access array offset on value of type null
in APPPATH\Controllers\EventController.php on line 44.
 1 APPPATH\Controllers\EventController.php(44): CodeIgniter\Debug\Exceptions->errorHandler(8, 'Trying to access array offset on value of type null', 'APPPATH\\Controllers\\EventController.php', 44, [...])
 2 SYSTEMPATH\CodeIgniter.php(902): App\Controllers\EventController->dataevent('js', 'demo', 'datatables-demo.js')
 3 SYSTEMPATH\CodeIgniter.php(457): CodeIgniter\CodeIgniter->runController(Object(App\Controllers\EventController))
 4 SYSTEMPATH\CodeIgniter.php(340): CodeIgniter\CodeIgniter->handleRequest(null, Object(Config\Cache), false)
 5 FCPATH\index.php(67): CodeIgniter\CodeIgniter->run()
 6 SYSTEMPATH\Commands\Server\rewrite.php(46): require_once('FCPATH\\index.php')
ERROR - 2022-12-05 16:57:42 --> mysqli_sql_exception: Illegal mix of collations (utf8mb4_general_ci,IMPLICIT) and (utf8_general_ci,COERCIBLE) for operation '=' in C:\xampp\htdocs\imprtdata\vendor\codeigniter4\framework\system\Database\MySQLi\Connection.php:292
Stack trace:
#0 C:\xampp\htdocs\imprtdata\vendor\codeigniter4\framework\system\Database\MySQLi\Connection.php(292): mysqli->query('SELECT *\nFROM `...', 0)
#1 C:\xampp\htdocs\imprtdata\vendor\codeigniter4\framework\system\Database\BaseConnection.php(693): CodeIgniter\Database\MySQLi\Connection->execute('SELECT *\nFROM `...')
#2 C:\xampp\htdocs\imprtdata\vendor\codeigniter4\framework\system\Database\BaseConnection.php(620): CodeIgniter\Database\BaseConnection->simpleQuery('SELECT *\nFROM `...')
#3 C:\xampp\htdocs\imprtdata\vendor\codeigniter4\framework\system\Database\BaseBuilder.php(1585): CodeIgniter\Database\BaseConnection->query('SELECT *\nFROM `...', Array, false)
#4 C:\xampp\htdocs\imprtdata\vendor\codeigniter4\framework\system\Model.php(185): CodeIgniter\Database\BaseBuilder->get()
#5 C:\xampp\htdocs\imprtdata\vendor\codeigniter4\framework\system\BaseModel.php(523): CodeIgniter\Model->doFind(false, NULL)
#6 C:\xampp\htdocs\imprtdata\app\Models\Dataevent.php(20): CodeIgniter\BaseModel->find()
#7 C:\xampp\htdocs\imprtdata\app\Controllers\EventController.php(154): App\Models\Dataevent->getById('1669>\f\xCE\x0E\f\x00')
#8 C:\xampp\htdocs\imprtdata\vendor\codeigniter4\framework\system\CodeIgniter.php(902): App\Controllers\EventController->cektime('*,38V.3X,S@X,``...')
#9 C:\xampp\htdocs\imprtdata\vendor\codeigniter4\framework\system\CodeIgniter.php(457): CodeIgniter\CodeIgniter->runController(Object(App\Controllers\EventController))
#10 C:\xampp\htdocs\imprtdata\vendor\codeigniter4\framework\system\CodeIgniter.php(340): CodeIgniter\CodeIgniter->handleRequest(NULL, Object(Config\Cache), false)
#11 C:\xampp\htdocs\imprtdata\public\index.php(67): CodeIgniter\CodeIgniter->run()
#12 C:\xampp\htdocs\imprtdata\vendor\codeigniter4\framework\system\Commands\Server\rewrite.php(46): require_once('C:\\xampp\\htdocs...')
#13 {main}
CRITICAL - 2022-12-05 16:57:42 --> Uncaught ErrorException: realpath() expects parameter 1 to be a valid path, string given in C:\xampp\htdocs\imprtdata\vendor\codeigniter4\framework\system\Common.php:90
Stack trace:
#0 [internal function]: CodeIgniter\Debug\Exceptions->errorHandler(2, 'realpath() expe...', 'C:\\xampp\\htdocs...', 90, Array)
#1 C:\xampp\htdocs\imprtdata\vendor\codeigniter4\framework\system\Common.php(90): realpath('1669>\f\xCE\x0E\f\x00')
#2 C:\xampp\htdocs\imprtdata\vendor\codeigniter4\framework\system\Debug\Exceptions.php(483): clean_path('1669>\f\xCE\x0E\f\x00')
#3 [internal function]: CodeIgniter\Debug\Exceptions::CodeIgniter\Debug\{closure}('1669>\f\xCE\x0E\f\x00')
#4 C:\xampp\htdocs\imprtdata\vendor\codeigniter4\framework\system\Debug\Exceptions.php(488): array_map(Object(Closure), Array)
#5 C:\xampp\htdocs\imprtdata\vendor\codeigniter4\framework\system\Debug\Exceptions.php(114): CodeIgniter\Debug\Exceptions::renderBacktrace(Array)
#6 [internal function]: CodeIgniter\Debug\Exceptions->exceptionHandler(Object(mysqli_sql_e
in SYSTEMPATH\Common.php on line 90.
 1 [internal function]: CodeIgniter\Debug\Exceptions->shutdownHandler()
ERROR - 2022-12-05 16:58:08 --> mysqli_sql_exception: Illegal mix of collations (utf8mb4_general_ci,IMPLICIT) and (utf8_general_ci,COERCIBLE) for operation '=' in C:\xampp\htdocs\imprtdata\vendor\codeigniter4\framework\system\Database\MySQLi\Connection.php:292
Stack trace:
#0 C:\xampp\htdocs\imprtdata\vendor\codeigniter4\framework\system\Database\MySQLi\Connection.php(292): mysqli->query('SELECT *\nFROM `...', 0)
#1 C:\xampp\htdocs\imprtdata\vendor\codeigniter4\framework\system\Database\BaseConnection.php(693): CodeIgniter\Database\MySQLi\Connection->execute('SELECT *\nFROM `...')
#2 C:\xampp\htdocs\imprtdata\vendor\codeigniter4\framework\system\Database\BaseConnection.php(620): CodeIgniter\Database\BaseConnection->simpleQuery('SELECT *\nFROM `...')
#3 C:\xampp\htdocs\imprtdata\vendor\codeigniter4\framework\system\Database\BaseBuilder.php(1585): CodeIgniter\Database\BaseConnection->query('SELECT *\nFROM `...', Array, false)
#4 C:\xampp\htdocs\imprtdata\vendor\codeigniter4\framework\system\Model.php(185): CodeIgniter\Database\BaseBuilder->get()
#5 C:\xampp\htdocs\imprtdata\vendor\codeigniter4\framework\system\BaseModel.php(523): CodeIgniter\Model->doFind(false, NULL)
#6 C:\xampp\htdocs\imprtdata\app\Models\Dataevent.php(20): CodeIgniter\BaseModel->find()
#7 C:\xampp\htdocs\imprtdata\app\Controllers\EventController.php(154): App\Models\Dataevent->getById('1669\xCE\f\xCE\x0E\f\x00')
#8 C:\xampp\htdocs\imprtdata\vendor\codeigniter4\framework\system\CodeIgniter.php(902): App\Controllers\EventController->cektime('*,38V.<X,S@X,``...')
#9 C:\xampp\htdocs\imprtdata\vendor\codeigniter4\framework\system\CodeIgniter.php(457): CodeIgniter\CodeIgniter->runController(Object(App\Controllers\EventController))
#10 C:\xampp\htdocs\imprtdata\vendor\codeigniter4\framework\system\CodeIgniter.php(340): CodeIgniter\CodeIgniter->handleRequest(NULL, Object(Config\Cache), false)
#11 C:\xampp\htdocs\imprtdata\public\index.php(67): CodeIgniter\CodeIgniter->run()
#12 C:\xampp\htdocs\imprtdata\vendor\codeigniter4\framework\system\Commands\Server\rewrite.php(46): require_once('C:\\xampp\\htdocs...')
#13 {main}
CRITICAL - 2022-12-05 16:58:08 --> Uncaught ErrorException: realpath() expects parameter 1 to be a valid path, string given in C:\xampp\htdocs\imprtdata\vendor\codeigniter4\framework\system\Common.php:90
Stack trace:
#0 [internal function]: CodeIgniter\Debug\Exceptions->errorHandler(2, 'realpath() expe...', 'C:\\xampp\\htdocs...', 90, Array)
#1 C:\xampp\htdocs\imprtdata\vendor\codeigniter4\framework\system\Common.php(90): realpath('1669\xCE\f\xCE\x0E\f\x00')
#2 C:\xampp\htdocs\imprtdata\vendor\codeigniter4\framework\system\Debug\Exceptions.php(483): clean_path('1669\xCE\f\xCE\x0E\f\x00')
#3 [internal function]: CodeIgniter\Debug\Exceptions::CodeIgniter\Debug\{closure}('1669\xCE\f\xCE\x0E\f\x00')
#4 C:\xampp\htdocs\imprtdata\vendor\codeigniter4\framework\system\Debug\Exceptions.php(488): array_map(Object(Closure), Array)
#5 C:\xampp\htdocs\imprtdata\vendor\codeigniter4\framework\system\Debug\Exceptions.php(114): CodeIgniter\Debug\Exceptions::renderBacktrace(Array)
#6 [internal function]: CodeIgniter\Debug\Exceptions->exceptionHandler(Object(mys
in SYSTEMPATH\Common.php on line 90.
 1 [internal function]: CodeIgniter\Debug\Exceptions->shutdownHandler()
ERROR - 2022-12-05 16:58:48 --> mysqli_sql_exception: Illegal mix of collations (utf8mb4_general_ci,IMPLICIT) and (utf8_general_ci,COERCIBLE) for operation '=' in C:\xampp\htdocs\imprtdata\vendor\codeigniter4\framework\system\Database\MySQLi\Connection.php:292
Stack trace:
#0 C:\xampp\htdocs\imprtdata\vendor\codeigniter4\framework\system\Database\MySQLi\Connection.php(292): mysqli->query('SELECT *\nFROM `...', 0)
#1 C:\xampp\htdocs\imprtdata\vendor\codeigniter4\framework\system\Database\BaseConnection.php(693): CodeIgniter\Database\MySQLi\Connection->execute('SELECT *\nFROM `...')
#2 C:\xampp\htdocs\imprtdata\vendor\codeigniter4\framework\system\Database\BaseConnection.php(620): CodeIgniter\Database\BaseConnection->simpleQuery('SELECT *\nFROM `...')
#3 C:\xampp\htdocs\imprtdata\vendor\codeigniter4\framework\system\Database\BaseBuilder.php(1585): CodeIgniter\Database\BaseConnection->query('SELECT *\nFROM `...', Array, false)
#4 C:\xampp\htdocs\imprtdata\vendor\codeigniter4\framework\system\Model.php(185): CodeIgniter\Database\BaseBuilder->get()
#5 C:\xampp\htdocs\imprtdata\vendor\codeigniter4\framework\system\BaseModel.php(523): CodeIgniter\Model->doFind(false, NULL)
#6 C:\xampp\htdocs\imprtdata\app\Models\Dataevent.php(20): CodeIgniter\BaseModel->find()
#7 C:\xampp\htdocs\imprtdata\app\Controllers\EventController.php(154): App\Models\Dataevent->getById('1\x8D\x8EM\xCE\f\xCE\x0E\f\x00')
#8 C:\xampp\htdocs\imprtdata\vendor\codeigniter4\framework\system\CodeIgniter.php(902): App\Controllers\EventController->cektime('*,8V.3<X,S@X,``...')
#9 C:\xampp\htdocs\imprtdata\vendor\codeigniter4\framework\system\CodeIgniter.php(457): CodeIgniter\CodeIgniter->runController(Object(App\Controllers\EventController))
#10 C:\xampp\htdocs\imprtdata\vendor\codeigniter4\framework\system\CodeIgniter.php(340): CodeIgniter\CodeIgniter->handleRequest(NULL, Object(Config\Cache), false)
#11 C:\xampp\htdocs\imprtdata\public\index.php(67): CodeIgniter\CodeIgniter->run()
#12 C:\xampp\htdocs\imprtdata\vendor\codeigniter4\framework\system\Commands\Server\rewrite.php(46): require_once('C:\\xampp\\htdocs...')
#13 {main}
CRITICAL - 2022-12-05 16:58:48 --> Uncaught ErrorException: realpath() expects parameter 1 to be a valid path, string given in C:\xampp\htdocs\imprtdata\vendor\codeigniter4\framework\system\Common.php:90
Stack trace:
#0 [internal function]: CodeIgniter\Debug\Exceptions->errorHandler(2, 'realpath() expe...', 'C:\\xampp\\htdocs...', 90, Array)
#1 C:\xampp\htdocs\imprtdata\vendor\codeigniter4\framework\system\Common.php(90): realpath('1\x8D\x8EM\xCE\f\xCE\x0E\f\x00')
#2 C:\xampp\htdocs\imprtdata\vendor\codeigniter4\framework\system\Debug\Exceptions.php(483): clean_path('1\x8D\x8EM\xCE\f\xCE\x0E\f\x00')
#3 [internal function]: CodeIgniter\Debug\Exceptions::CodeIgniter\Debug\{closure}('1\x8D\x8EM\xCE\f\xCE\x0E\f\x00')
#4 C:\xampp\htdocs\imprtdata\vendor\codeigniter4\framework\system\Debug\Exceptions.php(488): array_map(Object(Closure), Array)
#5 C:\xampp\htdocs\imprtdata\vendor\codeigniter4\framework\system\Debug\Exceptions.php(114): CodeIgniter\Debug\Exceptions::renderBacktrace(Array)
#6 [internal function]: CodeIgniter\Debug\Exceptions->exception
in SYSTEMPATH\Common.php on line 90.
 1 [internal function]: CodeIgniter\Debug\Exceptions->shutdownHandler()
