CRITICAL - 2023-02-14 10:30:10 --> Undefined index: nama
in APPPATH\Views\eventspage\eventlist.php on line 96.
 1 APPPATH\Views\eventspage\eventlist.php(96): CodeIgniter\Debug\Exceptions->errorHandler(8, 'Undefined index: nama', 'APPPATH\\Views\\eventspage\\eventlist.php', 96, [...])
 2 SYSTEMPATH\View\View.php(213): include('APPPATH\\Views\\eventspage\\eventlist.php')
 3 SYSTEMPATH\View\View.php(216): CodeIgniter\View\View->CodeIgniter\View\{closure}()
 4 SYSTEMPATH\Common.php(1142): CodeIgniter\View\View->render('eventspage/eventlist', [], true)
 5 APPPATH\Controllers\EventController.php(43): view('eventspage/eventlist', [...])
 6 SYSTEMPATH\CodeIgniter.php(902): App\Controllers\EventController->index()
 7 SYSTEMPATH\CodeIgniter.php(457): CodeIgniter\CodeIgniter->runController(Object(App\Controllers\EventController))
 8 SYSTEMPATH\CodeIgniter.php(340): CodeIgniter\CodeIgniter->handleRequest(null, Object(Config\Cache), false)
 9 FCPATH\index.php(67): CodeIgniter\CodeIgniter->run()
10 SYSTEMPATH\Commands\Server\rewrite.php(46): require_once('FCPATH\\index.php')
CRITICAL - 2023-02-14 10:32:10 --> Undefined index: nama
in APPPATH\Controllers\EventController.php on line 41.
 1 APPPATH\Controllers\EventController.php(41): CodeIgniter\Debug\Exceptions->errorHandler(8, 'Undefined index: nama', 'APPPATH\\Controllers\\EventController.php', 41, [...])
 2 SYSTEMPATH\CodeIgniter.php(902): App\Controllers\EventController->index()
 3 SYSTEMPATH\CodeIgniter.php(457): CodeIgniter\CodeIgniter->runController(Object(App\Controllers\EventController))
 4 SYSTEMPATH\CodeIgniter.php(340): CodeIgniter\CodeIgniter->handleRequest(null, Object(Config\Cache), false)
 5 FCPATH\index.php(67): CodeIgniter\CodeIgniter->run()
 6 SYSTEMPATH\Commands\Server\rewrite.php(46): require_once('FCPATH\\index.php')
CRITICAL - 2023-02-14 10:32:27 --> Undefined index: nama
in APPPATH\Controllers\EventController.php on line 41.
 1 APPPATH\Controllers\EventController.php(41): CodeIgniter\Debug\Exceptions->errorHandler(8, 'Undefined index: nama', 'APPPATH\\Controllers\\EventController.php', 41, [...])
 2 SYSTEMPATH\CodeIgniter.php(902): App\Controllers\EventController->index()
 3 SYSTEMPATH\CodeIgniter.php(457): CodeIgniter\CodeIgniter->runController(Object(App\Controllers\EventController))
 4 SYSTEMPATH\CodeIgniter.php(340): CodeIgniter\CodeIgniter->handleRequest(null, Object(Config\Cache), false)
 5 FCPATH\index.php(67): CodeIgniter\CodeIgniter->run()
 6 SYSTEMPATH\Commands\Server\rewrite.php(46): require_once('FCPATH\\index.php')
CRITICAL - 2023-02-14 10:33:40 --> Undefined index: nama
in APPPATH\Controllers\EventController.php on line 41.
 1 APPPATH\Controllers\EventController.php(41): CodeIgniter\Debug\Exceptions->errorHandler(8, 'Undefined index: nama', 'APPPATH\\Controllers\\EventController.php', 41, [...])
 2 SYSTEMPATH\CodeIgniter.php(902): App\Controllers\EventController->index()
 3 SYSTEMPATH\CodeIgniter.php(457): CodeIgniter\CodeIgniter->runController(Object(App\Controllers\EventController))
 4 SYSTEMPATH\CodeIgniter.php(340): CodeIgniter\CodeIgniter->handleRequest(null, Object(Config\Cache), false)
 5 FCPATH\index.php(67): CodeIgniter\CodeIgniter->run()
 6 SYSTEMPATH\Commands\Server\rewrite.php(46): require_once('FCPATH\\index.php')
CRITICAL - 2023-02-14 10:34:28 --> Undefined index: nama
in APPPATH\Controllers\EventController.php on line 42.
 1 APPPATH\Controllers\EventController.php(42): CodeIgniter\Debug\Exceptions->errorHandler(8, 'Undefined index: nama', 'APPPATH\\Controllers\\EventController.php', 42, [...])
 2 SYSTEMPATH\CodeIgniter.php(902): App\Controllers\EventController->index()
 3 SYSTEMPATH\CodeIgniter.php(457): CodeIgniter\CodeIgniter->runController(Object(App\Controllers\EventController))
 4 SYSTEMPATH\CodeIgniter.php(340): CodeIgniter\CodeIgniter->handleRequest(null, Object(Config\Cache), false)
 5 FCPATH\index.php(67): CodeIgniter\CodeIgniter->run()
 6 SYSTEMPATH\Commands\Server\rewrite.php(46): require_once('FCPATH\\index.php')
ERROR - 2023-02-14 22:33:08 --> mysqli_sql_exception: Unknown column 'updated_at' in 'field list' in C:\xampp\htdocs\HCApp\hcm-apps\vendor\codeigniter4\framework\system\Database\MySQLi\Connection.php:292
Stack trace:
#0 C:\xampp\htdocs\HCApp\hcm-apps\vendor\codeigniter4\framework\system\Database\MySQLi\Connection.php(292): mysqli->query('INSERT INTO `sp...', 0)
#1 C:\xampp\htdocs\HCApp\hcm-apps\vendor\codeigniter4\framework\system\Database\BaseConnection.php(693): CodeIgniter\Database\MySQLi\Connection->execute('INSERT INTO `sp...')
#2 C:\xampp\htdocs\HCApp\hcm-apps\vendor\codeigniter4\framework\system\Database\BaseConnection.php(620): CodeIgniter\Database\BaseConnection->simpleQuery('INSERT INTO `sp...')
#3 C:\xampp\htdocs\HCApp\hcm-apps\vendor\codeigniter4\framework\system\Database\BaseBuilder.php(1916): CodeIgniter\Database\BaseConnection->query('INSERT INTO `sp...', Array, false)
#4 C:\xampp\htdocs\HCApp\hcm-apps\vendor\codeigniter4\framework\system\Model.php(279): CodeIgniter\Database\BaseBuilder->insert()
#5 C:\xampp\htdocs\HCApp\hcm-apps\vendor\codeigniter4\framework\system\BaseModel.php(748): CodeIgniter\Model->doInsert(Array)
#6 C:\xampp\htdocs\HCApp\hcm-apps\vendor\codeigniter4\framework\system\Model.php(667): CodeIgniter\BaseModel->insert(Array, true)
#7 C:\xampp\htdocs\HCApp\hcm-apps\app\Models\DataSpeaker.php(28): CodeIgniter\Model->insert(Array)
#8 C:\xampp\htdocs\HCApp\hcm-apps\app\Controllers\EventController.php(168): App\Models\DataSpeaker->insertData(Array)
#9 C:\xampp\htdocs\HCApp\hcm-apps\vendor\codeigniter4\framework\system\CodeIgniter.php(902): App\Controllers\EventController->upload()
#10 C:\xampp\htdocs\HCApp\hcm-apps\vendor\codeigniter4\framework\system\CodeIgniter.php(457): CodeIgniter\CodeIgniter->runController(Object(App\Controllers\EventController))
#11 C:\xampp\htdocs\HCApp\hcm-apps\vendor\codeigniter4\framework\system\CodeIgniter.php(340): CodeIgniter\CodeIgniter->handleRequest(NULL, Object(Config\Cache), false)
#12 C:\xampp\htdocs\HCApp\hcm-apps\public\index.php(67): CodeIgniter\CodeIgniter->run()
#13 C:\xampp\htdocs\HCApp\hcm-apps\vendor\codeigniter4\framework\system\Commands\Server\rewrite.php(46): require_once('C:\\xampp\\htdocs...')
#14 {main}
CRITICAL - 2023-02-14 22:33:08 --> Unknown column 'updated_at' in 'field list'
in SYSTEMPATH\Database\MySQLi\Connection.php on line 292.
 1 SYSTEMPATH\Database\MySQLi\Connection.php(292): mysqli->query('INSERT INTO `speaker` (`id`, `id_event`, `nik`, `nama`, `created_at`, `updated_at`) VALUES (\'16763887881\', 1676388788, NULL, \'Tyko Zidane\', \'2023-02-14 22:33:08\', \'2023-02-14 22:33:08\')', 0)
 2 SYSTEMPATH\Database\BaseConnection.php(693): CodeIgniter\Database\MySQLi\Connection->execute('INSERT INTO `speaker` (`id`, `id_event`, `nik`, `nama`, `created_at`, `updated_at`) VALUES (\'16763887881\', 1676388788, NULL, \'Tyko Zidane\', \'2023-02-14 22:33:08\', \'2023-02-14 22:33:08\')')
 3 SYSTEMPATH\Database\BaseConnection.php(620): CodeIgniter\Database\BaseConnection->simpleQuery('INSERT INTO `speaker` (`id`, `id_event`, `nik`, `nama`, `created_at`, `updated_at`) VALUES (\'16763887881\', 1676388788, NULL, \'Tyko Zidane\', \'2023-02-14 22:33:08\', \'2023-02-14 22:33:08\')')
 4 SYSTEMPATH\Database\BaseBuilder.php(1916): CodeIgniter\Database\BaseConnection->query('INSERT INTO `speaker` (`id`, `id_event`, `nik`, `nama`, `created_at`, `updated_at`) VALUES (:id:, :id_event:, :nik:, :nama:, :created_at:, :updated_at:)', [...], false)
 5 SYSTEMPATH\Model.php(279): CodeIgniter\Database\BaseBuilder->insert()
 6 SYSTEMPATH\BaseModel.php(748): CodeIgniter\Model->doInsert([...])
 7 SYSTEMPATH\Model.php(667): CodeIgniter\BaseModel->insert([...], true)
 8 APPPATH\Models\DataSpeaker.php(28): CodeIgniter\Model->insert([...])
 9 APPPATH\Controllers\EventController.php(168): App\Models\DataSpeaker->insertData([...])
10 SYSTEMPATH\CodeIgniter.php(902): App\Controllers\EventController->upload()
11 SYSTEMPATH\CodeIgniter.php(457): CodeIgniter\CodeIgniter->runController(Object(App\Controllers\EventController))
12 SYSTEMPATH\CodeIgniter.php(340): CodeIgniter\CodeIgniter->handleRequest(null, Object(Config\Cache), false)
13 FCPATH\index.php(67): CodeIgniter\CodeIgniter->run()
14 SYSTEMPATH\Commands\Server\rewrite.php(46): require_once('FCPATH\\index.php')
ERROR - 2023-02-14 22:34:59 --> mysqli_sql_exception: Column 'nik' cannot be null in C:\xampp\htdocs\HCApp\hcm-apps\vendor\codeigniter4\framework\system\Database\MySQLi\Connection.php:292
Stack trace:
#0 C:\xampp\htdocs\HCApp\hcm-apps\vendor\codeigniter4\framework\system\Database\MySQLi\Connection.php(292): mysqli->query('INSERT INTO `sp...', 0)
#1 C:\xampp\htdocs\HCApp\hcm-apps\vendor\codeigniter4\framework\system\Database\BaseConnection.php(693): CodeIgniter\Database\MySQLi\Connection->execute('INSERT INTO `sp...')
#2 C:\xampp\htdocs\HCApp\hcm-apps\vendor\codeigniter4\framework\system\Database\BaseConnection.php(620): CodeIgniter\Database\BaseConnection->simpleQuery('INSERT INTO `sp...')
#3 C:\xampp\htdocs\HCApp\hcm-apps\vendor\codeigniter4\framework\system\Database\BaseBuilder.php(1916): CodeIgniter\Database\BaseConnection->query('INSERT INTO `sp...', Array, false)
#4 C:\xampp\htdocs\HCApp\hcm-apps\vendor\codeigniter4\framework\system\Model.php(279): CodeIgniter\Database\BaseBuilder->insert()
#5 C:\xampp\htdocs\HCApp\hcm-apps\vendor\codeigniter4\framework\system\BaseModel.php(748): CodeIgniter\Model->doInsert(Array)
#6 C:\xampp\htdocs\HCApp\hcm-apps\vendor\codeigniter4\framework\system\Model.php(667): CodeIgniter\BaseModel->insert(Array, true)
#7 C:\xampp\htdocs\HCApp\hcm-apps\app\Models\DataSpeaker.php(28): CodeIgniter\Model->insert(Array)
#8 C:\xampp\htdocs\HCApp\hcm-apps\app\Controllers\EventController.php(168): App\Models\DataSpeaker->insertData(Array)
#9 C:\xampp\htdocs\HCApp\hcm-apps\vendor\codeigniter4\framework\system\CodeIgniter.php(902): App\Controllers\EventController->upload()
#10 C:\xampp\htdocs\HCApp\hcm-apps\vendor\codeigniter4\framework\system\CodeIgniter.php(457): CodeIgniter\CodeIgniter->runController(Object(App\Controllers\EventController))
#11 C:\xampp\htdocs\HCApp\hcm-apps\vendor\codeigniter4\framework\system\CodeIgniter.php(340): CodeIgniter\CodeIgniter->handleRequest(NULL, Object(Config\Cache), false)
#12 C:\xampp\htdocs\HCApp\hcm-apps\public\index.php(67): CodeIgniter\CodeIgniter->run()
#13 C:\xampp\htdocs\HCApp\hcm-apps\vendor\codeigniter4\framework\system\Commands\Server\rewrite.php(46): require_once('C:\\xampp\\htdocs...')
#14 {main}
CRITICAL - 2023-02-14 22:34:59 --> Column 'nik' cannot be null
in SYSTEMPATH\Database\MySQLi\Connection.php on line 292.
 1 SYSTEMPATH\Database\MySQLi\Connection.php(292): mysqli->query('INSERT INTO `speaker` (`id`, `id_event`, `nik`, `nama`, `created_at`, `updated_at`) VALUES (\'16763888991\', 1676388899, NULL, \'Tyko Zidane\', \'2023-02-14 22:34:59\', \'2023-02-14 22:34:59\')', 0)
 2 SYSTEMPATH\Database\BaseConnection.php(693): CodeIgniter\Database\MySQLi\Connection->execute('INSERT INTO `speaker` (`id`, `id_event`, `nik`, `nama`, `created_at`, `updated_at`) VALUES (\'16763888991\', 1676388899, NULL, \'Tyko Zidane\', \'2023-02-14 22:34:59\', \'2023-02-14 22:34:59\')')
 3 SYSTEMPATH\Database\BaseConnection.php(620): CodeIgniter\Database\BaseConnection->simpleQuery('INSERT INTO `speaker` (`id`, `id_event`, `nik`, `nama`, `created_at`, `updated_at`) VALUES (\'16763888991\', 1676388899, NULL, \'Tyko Zidane\', \'2023-02-14 22:34:59\', \'2023-02-14 22:34:59\')')
 4 SYSTEMPATH\Database\BaseBuilder.php(1916): CodeIgniter\Database\BaseConnection->query('INSERT INTO `speaker` (`id`, `id_event`, `nik`, `nama`, `created_at`, `updated_at`) VALUES (:id:, :id_event:, :nik:, :nama:, :created_at:, :updated_at:)', [...], false)
 5 SYSTEMPATH\Model.php(279): CodeIgniter\Database\BaseBuilder->insert()
 6 SYSTEMPATH\BaseModel.php(748): CodeIgniter\Model->doInsert([...])
 7 SYSTEMPATH\Model.php(667): CodeIgniter\BaseModel->insert([...], true)
 8 APPPATH\Models\DataSpeaker.php(28): CodeIgniter\Model->insert([...])
 9 APPPATH\Controllers\EventController.php(168): App\Models\DataSpeaker->insertData([...])
10 SYSTEMPATH\CodeIgniter.php(902): App\Controllers\EventController->upload()
11 SYSTEMPATH\CodeIgniter.php(457): CodeIgniter\CodeIgniter->runController(Object(App\Controllers\EventController))
12 SYSTEMPATH\CodeIgniter.php(340): CodeIgniter\CodeIgniter->handleRequest(null, Object(Config\Cache), false)
13 FCPATH\index.php(67): CodeIgniter\CodeIgniter->run()
14 SYSTEMPATH\Commands\Server\rewrite.php(46): require_once('FCPATH\\index.php')
CRITICAL - 2023-02-14 22:39:56 --> Undefined variable: detailgroup
in APPPATH\Views\eventspage\createevent.php on line 112.
 1 APPPATH\Views\eventspage\createevent.php(112): CodeIgniter\Debug\Exceptions->errorHandler(8, 'Undefined variable: detailgroup', 'APPPATH\\Views\\eventspage\\createevent.php', 112, [...])
 2 SYSTEMPATH\View\View.php(213): include('APPPATH\\Views\\eventspage\\createevent.php')
 3 SYSTEMPATH\View\View.php(216): CodeIgniter\View\View->CodeIgniter\View\{closure}()
 4 SYSTEMPATH\Common.php(1142): CodeIgniter\View\View->render('eventspage/createevent', [], true)
 5 APPPATH\Controllers\EventController.php(176): view('eventspage/createevent', [...])
 6 SYSTEMPATH\CodeIgniter.php(902): App\Controllers\EventController->upload()
 7 SYSTEMPATH\CodeIgniter.php(457): CodeIgniter\CodeIgniter->runController(Object(App\Controllers\EventController))
 8 SYSTEMPATH\CodeIgniter.php(340): CodeIgniter\CodeIgniter->handleRequest(null, Object(Config\Cache), false)
 9 FCPATH\index.php(67): CodeIgniter\CodeIgniter->run()
10 SYSTEMPATH\Commands\Server\rewrite.php(46): require_once('FCPATH\\index.php')
CRITICAL - 2023-02-14 22:44:12 --> Undefined index: speaker
in APPPATH\Views\eventspage\detailevent.php on line 92.
 1 APPPATH\Views\eventspage\detailevent.php(92): CodeIgniter\Debug\Exceptions->errorHandler(8, 'Undefined index: speaker', 'APPPATH\\Views\\eventspage\\detailevent.php', 92, [...])
 2 SYSTEMPATH\View\View.php(213): include('APPPATH\\Views\\eventspage\\detailevent.php')
 3 SYSTEMPATH\View\View.php(216): CodeIgniter\View\View->CodeIgniter\View\{closure}()
 4 SYSTEMPATH\Common.php(1142): CodeIgniter\View\View->render('eventspage/detailevent', [], true)
 5 APPPATH\Controllers\EventController.php(88): view('eventspage/detailevent', [...])
 6 SYSTEMPATH\CodeIgniter.php(902): App\Controllers\EventController->dataevent('1676388967')
 7 SYSTEMPATH\CodeIgniter.php(457): CodeIgniter\CodeIgniter->runController(Object(App\Controllers\EventController))
 8 SYSTEMPATH\CodeIgniter.php(340): CodeIgniter\CodeIgniter->handleRequest(null, Object(Config\Cache), false)
 9 FCPATH\index.php(67): CodeIgniter\CodeIgniter->run()
10 SYSTEMPATH\Commands\Server\rewrite.php(46): require_once('FCPATH\\index.php')
CRITICAL - 2023-02-14 22:50:08 --> Trying to access array offset on value of type null
in APPPATH\Controllers\EventController.php on line 80.
 1 APPPATH\Controllers\EventController.php(80): CodeIgniter\Debug\Exceptions->errorHandler(8, 'Trying to access array offset on value of type null', 'APPPATH\\Controllers\\EventController.php', 80, [...])
 2 SYSTEMPATH\CodeIgniter.php(902): App\Controllers\EventController->dataevent('js', 'demo', 'datatables-demo.js')
 3 SYSTEMPATH\CodeIgniter.php(457): CodeIgniter\CodeIgniter->runController(Object(App\Controllers\EventController))
 4 SYSTEMPATH\CodeIgniter.php(340): CodeIgniter\CodeIgniter->handleRequest(null, Object(Config\Cache), false)
 5 FCPATH\index.php(67): CodeIgniter\CodeIgniter->run()
 6 SYSTEMPATH\Commands\Server\rewrite.php(46): require_once('FCPATH\\index.php')
CRITICAL - 2023-02-14 22:50:47 --> Trying to access array offset on value of type null
in APPPATH\Controllers\EventController.php on line 80.
 1 APPPATH\Controllers\EventController.php(80): CodeIgniter\Debug\Exceptions->errorHandler(8, 'Trying to access array offset on value of type null', 'APPPATH\\Controllers\\EventController.php', 80, [...])
 2 SYSTEMPATH\CodeIgniter.php(902): App\Controllers\EventController->dataevent('js', 'demo', 'datatables-demo.js')
 3 SYSTEMPATH\CodeIgniter.php(457): CodeIgniter\CodeIgniter->runController(Object(App\Controllers\EventController))
 4 SYSTEMPATH\CodeIgniter.php(340): CodeIgniter\CodeIgniter->handleRequest(null, Object(Config\Cache), false)
 5 FCPATH\index.php(67): CodeIgniter\CodeIgniter->run()
 6 SYSTEMPATH\Commands\Server\rewrite.php(46): require_once('FCPATH\\index.php')
CRITICAL - 2023-02-14 22:50:57 --> Undefined index: speaker
in APPPATH\Views\eventspage\editeventpage.php on line 80.
 1 APPPATH\Views\eventspage\editeventpage.php(80): CodeIgniter\Debug\Exceptions->errorHandler(8, 'Undefined index: speaker', 'APPPATH\\Views\\eventspage\\editeventpage.php', 80, [...])
 2 SYSTEMPATH\View\View.php(213): include('APPPATH\\Views\\eventspage\\editeventpage.php')
 3 SYSTEMPATH\View\View.php(216): CodeIgniter\View\View->CodeIgniter\View\{closure}()
 4 SYSTEMPATH\Common.php(1142): CodeIgniter\View\View->render('eventspage/editeventpage', [], true)
 5 APPPATH\Controllers\EventController.php(205): view('eventspage/editeventpage', [...])
 6 SYSTEMPATH\CodeIgniter.php(902): App\Controllers\EventController->editpage('1676388967')
 7 SYSTEMPATH\CodeIgniter.php(457): CodeIgniter\CodeIgniter->runController(Object(App\Controllers\EventController))
 8 SYSTEMPATH\CodeIgniter.php(340): CodeIgniter\CodeIgniter->handleRequest(null, Object(Config\Cache), false)
 9 FCPATH\index.php(67): CodeIgniter\CodeIgniter->run()
10 SYSTEMPATH\Commands\Server\rewrite.php(46): require_once('FCPATH\\index.php')
CRITICAL - 2023-02-14 22:51:02 --> Trying to access array offset on value of type null
in APPPATH\Controllers\EventController.php on line 80.
 1 APPPATH\Controllers\EventController.php(80): CodeIgniter\Debug\Exceptions->errorHandler(8, 'Trying to access array offset on value of type null', 'APPPATH\\Controllers\\EventController.php', 80, [...])
 2 SYSTEMPATH\CodeIgniter.php(902): App\Controllers\EventController->dataevent('js', 'demo', 'datatables-demo.js')
 3 SYSTEMPATH\CodeIgniter.php(457): CodeIgniter\CodeIgniter->runController(Object(App\Controllers\EventController))
 4 SYSTEMPATH\CodeIgniter.php(340): CodeIgniter\CodeIgniter->handleRequest(null, Object(Config\Cache), false)
 5 FCPATH\index.php(67): CodeIgniter\CodeIgniter->run()
 6 SYSTEMPATH\Commands\Server\rewrite.php(46): require_once('FCPATH\\index.php')
