ERROR - 2022-12-22 13:01:52 --> mysqli_sql_exception: Column 'deskripsi' cannot be null in C:\xampp\htdocs\imprtdata\vendor\codeigniter4\framework\system\Database\MySQLi\Connection.php:292
Stack trace:
#0 C:\xampp\htdocs\imprtdata\vendor\codeigniter4\framework\system\Database\MySQLi\Connection.php(292): mysqli->query('INSERT INTO `st...', 0)
#1 C:\xampp\htdocs\imprtdata\vendor\codeigniter4\framework\system\Database\BaseConnection.php(693): CodeIgniter\Database\MySQLi\Connection->execute('INSERT INTO `st...')
#2 C:\xampp\htdocs\imprtdata\vendor\codeigniter4\framework\system\Database\BaseConnection.php(620): CodeIgniter\Database\BaseConnection->simpleQuery('INSERT INTO `st...')
#3 C:\xampp\htdocs\imprtdata\vendor\codeigniter4\framework\system\Database\BaseBuilder.php(1916): CodeIgniter\Database\BaseConnection->query('INSERT INTO `st...', Array, false)
#4 C:\xampp\htdocs\imprtdata\vendor\codeigniter4\framework\system\Model.php(279): CodeIgniter\Database\BaseBuilder->insert()
#5 C:\xampp\htdocs\imprtdata\vendor\codeigniter4\framework\system\BaseModel.php(748): CodeIgniter\Model->doInsert(Array)
#6 C:\xampp\htdocs\imprtdata\vendor\codeigniter4\framework\system\Model.php(667): CodeIgniter\BaseModel->insert(Array, true)
#7 C:\xampp\htdocs\imprtdata\app\Models\DataStorage.php(34): CodeIgniter\Model->insert(Array)
#8 C:\xampp\htdocs\imprtdata\app\Controllers\StorageController.php(77): App\Models\DataStorage->insertData(Array)
#9 C:\xampp\htdocs\imprtdata\vendor\codeigniter4\framework\system\CodeIgniter.php(902): App\Controllers\StorageController->upload()
#10 C:\xampp\htdocs\imprtdata\vendor\codeigniter4\framework\system\CodeIgniter.php(457): CodeIgniter\CodeIgniter->runController(Object(App\Controllers\StorageController))
#11 C:\xampp\htdocs\imprtdata\vendor\codeigniter4\framework\system\CodeIgniter.php(340): CodeIgniter\CodeIgniter->handleRequest(NULL, Object(Config\Cache), false)
#12 C:\xampp\htdocs\imprtdata\public\index.php(67): CodeIgniter\CodeIgniter->run()
#13 C:\xampp\htdocs\imprtdata\vendor\codeigniter4\framework\system\Commands\Server\rewrite.php(46): require_once('C:\\xampp\\htdocs...')
#14 {main}
CRITICAL - 2022-12-22 13:01:52 --> Column 'deskripsi' cannot be null
in SYSTEMPATH\Database\MySQLi\Connection.php on line 292.
 1 SYSTEMPATH\Database\MySQLi\Connection.php(292): mysqli->query('INSERT INTO `storage` (`id`, `user_id`, `kategori`, `type`, `nomor_dokumen`, `nama_dokumen`, `deskripsi`, `nama_file`, `tipe_file`, `path`, `tanggal_berlaku`, `status`, `created_at`, `updated_at`) VALUES (\'712222022010152\', \'7\', \'sop\', \'Berlaku\', \'10\', \'Deskripsi sesuai isi dokumen\', NULL, \'UU Nomor 19 Tahun 2003.pdf\', \'pdf\', \'712222022010152.pdf\', NULL, NULL, \'2022-12-22 13:01:52\', \'2022-12-22 13:01:52\')', 0)
 2 SYSTEMPATH\Database\BaseConnection.php(693): CodeIgniter\Database\MySQLi\Connection->execute('INSERT INTO `storage` (`id`, `user_id`, `kategori`, `type`, `nomor_dokumen`, `nama_dokumen`, `deskripsi`, `nama_file`, `tipe_file`, `path`, `tanggal_berlaku`, `status`, `created_at`, `updated_at`) VALUES (\'712222022010152\', \'7\', \'sop\', \'Berlaku\', \'10\', \'Deskripsi sesuai isi dokumen\', NULL, \'UU Nomor 19 Tahun 2003.pdf\', \'pdf\', \'712222022010152.pdf\', NULL, NULL, \'2022-12-22 13:01:52\', \'2022-12-22 13:01:52\')')
 3 SYSTEMPATH\Database\BaseConnection.php(620): CodeIgniter\Database\BaseConnection->simpleQuery('INSERT INTO `storage` (`id`, `user_id`, `kategori`, `type`, `nomor_dokumen`, `nama_dokumen`, `deskripsi`, `nama_file`, `tipe_file`, `path`, `tanggal_berlaku`, `status`, `created_at`, `updated_at`) VALUES (\'712222022010152\', \'7\', \'sop\', \'Berlaku\', \'10\', \'Deskripsi sesuai isi dokumen\', NULL, \'UU Nomor 19 Tahun 2003.pdf\', \'pdf\', \'712222022010152.pdf\', NULL, NULL, \'2022-12-22 13:01:52\', \'2022-12-22 13:01:52\')')
 4 SYSTEMPATH\Database\BaseBuilder.php(1916): CodeIgniter\Database\BaseConnection->query('INSERT INTO `storage` (`id`, `user_id`, `kategori`, `type`, `nomor_dokumen`, `nama_dokumen`, `deskripsi`, `nama_file`, `tipe_file`, `path`, `tanggal_berlaku`, `status`, `created_at`, `updated_at`) VALUES (:id:, :user_id:, :kategori:, :type:, :nomor_dokumen:, :nama_dokumen:, :deskripsi:, :nama_file:, :tipe_file:, :path:, :tanggal_berlaku:, :status:, :created_at:, :updated_at:)', [...], false)
 5 SYSTEMPATH\Model.php(279): CodeIgniter\Database\BaseBuilder->insert()
 6 SYSTEMPATH\BaseModel.php(748): CodeIgniter\Model->doInsert([...])
 7 SYSTEMPATH\Model.php(667): CodeIgniter\BaseModel->insert([...], true)
 8 APPPATH\Models\DataStorage.php(34): CodeIgniter\Model->insert([...])
 9 APPPATH\Controllers\StorageController.php(77): App\Models\DataStorage->insertData([...])
10 SYSTEMPATH\CodeIgniter.php(902): App\Controllers\StorageController->upload()
11 SYSTEMPATH\CodeIgniter.php(457): CodeIgniter\CodeIgniter->runController(Object(App\Controllers\StorageController))
12 SYSTEMPATH\CodeIgniter.php(340): CodeIgniter\CodeIgniter->handleRequest(null, Object(Config\Cache), false)
13 FCPATH\index.php(67): CodeIgniter\CodeIgniter->run()
14 SYSTEMPATH\Commands\Server\rewrite.php(46): require_once('FCPATH\\index.php')
ERROR - 2022-12-22 13:02:04 --> mysqli_sql_exception: Column 'deskripsi' cannot be null in C:\xampp\htdocs\imprtdata\vendor\codeigniter4\framework\system\Database\MySQLi\Connection.php:292
Stack trace:
#0 C:\xampp\htdocs\imprtdata\vendor\codeigniter4\framework\system\Database\MySQLi\Connection.php(292): mysqli->query('INSERT INTO `st...', 0)
#1 C:\xampp\htdocs\imprtdata\vendor\codeigniter4\framework\system\Database\BaseConnection.php(693): CodeIgniter\Database\MySQLi\Connection->execute('INSERT INTO `st...')
#2 C:\xampp\htdocs\imprtdata\vendor\codeigniter4\framework\system\Database\BaseConnection.php(620): CodeIgniter\Database\BaseConnection->simpleQuery('INSERT INTO `st...')
#3 C:\xampp\htdocs\imprtdata\vendor\codeigniter4\framework\system\Database\BaseBuilder.php(1916): CodeIgniter\Database\BaseConnection->query('INSERT INTO `st...', Array, false)
#4 C:\xampp\htdocs\imprtdata\vendor\codeigniter4\framework\system\Model.php(279): CodeIgniter\Database\BaseBuilder->insert()
#5 C:\xampp\htdocs\imprtdata\vendor\codeigniter4\framework\system\BaseModel.php(748): CodeIgniter\Model->doInsert(Array)
#6 C:\xampp\htdocs\imprtdata\vendor\codeigniter4\framework\system\Model.php(667): CodeIgniter\BaseModel->insert(Array, true)
#7 C:\xampp\htdocs\imprtdata\app\Models\DataStorage.php(34): CodeIgniter\Model->insert(Array)
#8 C:\xampp\htdocs\imprtdata\app\Controllers\StorageController.php(77): App\Models\DataStorage->insertData(Array)
#9 C:\xampp\htdocs\imprtdata\vendor\codeigniter4\framework\system\CodeIgniter.php(902): App\Controllers\StorageController->upload()
#10 C:\xampp\htdocs\imprtdata\vendor\codeigniter4\framework\system\CodeIgniter.php(457): CodeIgniter\CodeIgniter->runController(Object(App\Controllers\StorageController))
#11 C:\xampp\htdocs\imprtdata\vendor\codeigniter4\framework\system\CodeIgniter.php(340): CodeIgniter\CodeIgniter->handleRequest(NULL, Object(Config\Cache), false)
#12 C:\xampp\htdocs\imprtdata\public\index.php(67): CodeIgniter\CodeIgniter->run()
#13 C:\xampp\htdocs\imprtdata\vendor\codeigniter4\framework\system\Commands\Server\rewrite.php(46): require_once('C:\\xampp\\htdocs...')
#14 {main}
CRITICAL - 2022-12-22 13:02:04 --> Column 'deskripsi' cannot be null
in SYSTEMPATH\Database\MySQLi\Connection.php on line 292.
 1 SYSTEMPATH\Database\MySQLi\Connection.php(292): mysqli->query('INSERT INTO `storage` (`id`, `user_id`, `kategori`, `type`, `nomor_dokumen`, `nama_dokumen`, `deskripsi`, `nama_file`, `tipe_file`, `path`, `tanggal_berlaku`, `status`, `created_at`, `updated_at`) VALUES (\'712222022010204\', \'7\', \'sop\', \'Berlaku\', \'10\', \'APA YAA\', NULL, \'UU Nomor 19 Tahun 2003.pdf\', \'pdf\', \'712222022010204.pdf\', NULL, NULL, \'2022-12-22 13:02:04\', \'2022-12-22 13:02:04\')', 0)
 2 SYSTEMPATH\Database\BaseConnection.php(693): CodeIgniter\Database\MySQLi\Connection->execute('INSERT INTO `storage` (`id`, `user_id`, `kategori`, `type`, `nomor_dokumen`, `nama_dokumen`, `deskripsi`, `nama_file`, `tipe_file`, `path`, `tanggal_berlaku`, `status`, `created_at`, `updated_at`) VALUES (\'712222022010204\', \'7\', \'sop\', \'Berlaku\', \'10\', \'APA YAA\', NULL, \'UU Nomor 19 Tahun 2003.pdf\', \'pdf\', \'712222022010204.pdf\', NULL, NULL, \'2022-12-22 13:02:04\', \'2022-12-22 13:02:04\')')
 3 SYSTEMPATH\Database\BaseConnection.php(620): CodeIgniter\Database\BaseConnection->simpleQuery('INSERT INTO `storage` (`id`, `user_id`, `kategori`, `type`, `nomor_dokumen`, `nama_dokumen`, `deskripsi`, `nama_file`, `tipe_file`, `path`, `tanggal_berlaku`, `status`, `created_at`, `updated_at`) VALUES (\'712222022010204\', \'7\', \'sop\', \'Berlaku\', \'10\', \'APA YAA\', NULL, \'UU Nomor 19 Tahun 2003.pdf\', \'pdf\', \'712222022010204.pdf\', NULL, NULL, \'2022-12-22 13:02:04\', \'2022-12-22 13:02:04\')')
 4 SYSTEMPATH\Database\BaseBuilder.php(1916): CodeIgniter\Database\BaseConnection->query('INSERT INTO `storage` (`id`, `user_id`, `kategori`, `type`, `nomor_dokumen`, `nama_dokumen`, `deskripsi`, `nama_file`, `tipe_file`, `path`, `tanggal_berlaku`, `status`, `created_at`, `updated_at`) VALUES (:id:, :user_id:, :kategori:, :type:, :nomor_dokumen:, :nama_dokumen:, :deskripsi:, :nama_file:, :tipe_file:, :path:, :tanggal_berlaku:, :status:, :created_at:, :updated_at:)', [...], false)
 5 SYSTEMPATH\Model.php(279): CodeIgniter\Database\BaseBuilder->insert()
 6 SYSTEMPATH\BaseModel.php(748): CodeIgniter\Model->doInsert([...])
 7 SYSTEMPATH\Model.php(667): CodeIgniter\BaseModel->insert([...], true)
 8 APPPATH\Models\DataStorage.php(34): CodeIgniter\Model->insert([...])
 9 APPPATH\Controllers\StorageController.php(77): App\Models\DataStorage->insertData([...])
10 SYSTEMPATH\CodeIgniter.php(902): App\Controllers\StorageController->upload()
11 SYSTEMPATH\CodeIgniter.php(457): CodeIgniter\CodeIgniter->runController(Object(App\Controllers\StorageController))
12 SYSTEMPATH\CodeIgniter.php(340): CodeIgniter\CodeIgniter->handleRequest(null, Object(Config\Cache), false)
13 FCPATH\index.php(67): CodeIgniter\CodeIgniter->run()
14 SYSTEMPATH\Commands\Server\rewrite.php(46): require_once('FCPATH\\index.php')
ERROR - 2022-12-22 13:02:31 --> mysqli_sql_exception: Column 'deskripsi' cannot be null in C:\xampp\htdocs\imprtdata\vendor\codeigniter4\framework\system\Database\MySQLi\Connection.php:292
Stack trace:
#0 C:\xampp\htdocs\imprtdata\vendor\codeigniter4\framework\system\Database\MySQLi\Connection.php(292): mysqli->query('INSERT INTO `st...', 0)
#1 C:\xampp\htdocs\imprtdata\vendor\codeigniter4\framework\system\Database\BaseConnection.php(693): CodeIgniter\Database\MySQLi\Connection->execute('INSERT INTO `st...')
#2 C:\xampp\htdocs\imprtdata\vendor\codeigniter4\framework\system\Database\BaseConnection.php(620): CodeIgniter\Database\BaseConnection->simpleQuery('INSERT INTO `st...')
#3 C:\xampp\htdocs\imprtdata\vendor\codeigniter4\framework\system\Database\BaseBuilder.php(1916): CodeIgniter\Database\BaseConnection->query('INSERT INTO `st...', Array, false)
#4 C:\xampp\htdocs\imprtdata\vendor\codeigniter4\framework\system\Model.php(279): CodeIgniter\Database\BaseBuilder->insert()
#5 C:\xampp\htdocs\imprtdata\vendor\codeigniter4\framework\system\BaseModel.php(748): CodeIgniter\Model->doInsert(Array)
#6 C:\xampp\htdocs\imprtdata\vendor\codeigniter4\framework\system\Model.php(667): CodeIgniter\BaseModel->insert(Array, true)
#7 C:\xampp\htdocs\imprtdata\app\Models\DataStorage.php(34): CodeIgniter\Model->insert(Array)
#8 C:\xampp\htdocs\imprtdata\app\Controllers\StorageController.php(77): App\Models\DataStorage->insertData(Array)
#9 C:\xampp\htdocs\imprtdata\vendor\codeigniter4\framework\system\CodeIgniter.php(902): App\Controllers\StorageController->upload()
#10 C:\xampp\htdocs\imprtdata\vendor\codeigniter4\framework\system\CodeIgniter.php(457): CodeIgniter\CodeIgniter->runController(Object(App\Controllers\StorageController))
#11 C:\xampp\htdocs\imprtdata\vendor\codeigniter4\framework\system\CodeIgniter.php(340): CodeIgniter\CodeIgniter->handleRequest(NULL, Object(Config\Cache), false)
#12 C:\xampp\htdocs\imprtdata\public\index.php(67): CodeIgniter\CodeIgniter->run()
#13 C:\xampp\htdocs\imprtdata\vendor\codeigniter4\framework\system\Commands\Server\rewrite.php(46): require_once('C:\\xampp\\htdocs...')
#14 {main}
CRITICAL - 2022-12-22 13:02:31 --> Column 'deskripsi' cannot be null
in SYSTEMPATH\Database\MySQLi\Connection.php on line 292.
 1 SYSTEMPATH\Database\MySQLi\Connection.php(292): mysqli->query('INSERT INTO `storage` (`id`, `user_id`, `kategori`, `type`, `nomor_dokumen`, `nama_dokumen`, `deskripsi`, `nama_file`, `tipe_file`, `path`, `tanggal_berlaku`, `status`, `created_at`, `updated_at`) VALUES (\'712222022010231\', \'7\', \'sop\', \'Berlaku\', \'10\', \'APA YAA\', NULL, \'UU Nomor 19 Tahun 2003.pdf\', \'pdf\', \'712222022010231.pdf\', NULL, NULL, \'2022-12-22 13:02:31\', \'2022-12-22 13:02:31\')', 0)
 2 SYSTEMPATH\Database\BaseConnection.php(693): CodeIgniter\Database\MySQLi\Connection->execute('INSERT INTO `storage` (`id`, `user_id`, `kategori`, `type`, `nomor_dokumen`, `nama_dokumen`, `deskripsi`, `nama_file`, `tipe_file`, `path`, `tanggal_berlaku`, `status`, `created_at`, `updated_at`) VALUES (\'712222022010231\', \'7\', \'sop\', \'Berlaku\', \'10\', \'APA YAA\', NULL, \'UU Nomor 19 Tahun 2003.pdf\', \'pdf\', \'712222022010231.pdf\', NULL, NULL, \'2022-12-22 13:02:31\', \'2022-12-22 13:02:31\')')
 3 SYSTEMPATH\Database\BaseConnection.php(620): CodeIgniter\Database\BaseConnection->simpleQuery('INSERT INTO `storage` (`id`, `user_id`, `kategori`, `type`, `nomor_dokumen`, `nama_dokumen`, `deskripsi`, `nama_file`, `tipe_file`, `path`, `tanggal_berlaku`, `status`, `created_at`, `updated_at`) VALUES (\'712222022010231\', \'7\', \'sop\', \'Berlaku\', \'10\', \'APA YAA\', NULL, \'UU Nomor 19 Tahun 2003.pdf\', \'pdf\', \'712222022010231.pdf\', NULL, NULL, \'2022-12-22 13:02:31\', \'2022-12-22 13:02:31\')')
 4 SYSTEMPATH\Database\BaseBuilder.php(1916): CodeIgniter\Database\BaseConnection->query('INSERT INTO `storage` (`id`, `user_id`, `kategori`, `type`, `nomor_dokumen`, `nama_dokumen`, `deskripsi`, `nama_file`, `tipe_file`, `path`, `tanggal_berlaku`, `status`, `created_at`, `updated_at`) VALUES (:id:, :user_id:, :kategori:, :type:, :nomor_dokumen:, :nama_dokumen:, :deskripsi:, :nama_file:, :tipe_file:, :path:, :tanggal_berlaku:, :status:, :created_at:, :updated_at:)', [...], false)
 5 SYSTEMPATH\Model.php(279): CodeIgniter\Database\BaseBuilder->insert()
 6 SYSTEMPATH\BaseModel.php(748): CodeIgniter\Model->doInsert([...])
 7 SYSTEMPATH\Model.php(667): CodeIgniter\BaseModel->insert([...], true)
 8 APPPATH\Models\DataStorage.php(34): CodeIgniter\Model->insert([...])
 9 APPPATH\Controllers\StorageController.php(77): App\Models\DataStorage->insertData([...])
10 SYSTEMPATH\CodeIgniter.php(902): App\Controllers\StorageController->upload()
11 SYSTEMPATH\CodeIgniter.php(457): CodeIgniter\CodeIgniter->runController(Object(App\Controllers\StorageController))
12 SYSTEMPATH\CodeIgniter.php(340): CodeIgniter\CodeIgniter->handleRequest(null, Object(Config\Cache), false)
13 FCPATH\index.php(67): CodeIgniter\CodeIgniter->run()
14 SYSTEMPATH\Commands\Server\rewrite.php(46): require_once('FCPATH\\index.php')
ERROR - 2022-12-22 13:02:38 --> mysqli_sql_exception: Column 'tanggal_berlaku' cannot be null in C:\xampp\htdocs\imprtdata\vendor\codeigniter4\framework\system\Database\MySQLi\Connection.php:292
Stack trace:
#0 C:\xampp\htdocs\imprtdata\vendor\codeigniter4\framework\system\Database\MySQLi\Connection.php(292): mysqli->query('INSERT INTO `st...', 0)
#1 C:\xampp\htdocs\imprtdata\vendor\codeigniter4\framework\system\Database\BaseConnection.php(693): CodeIgniter\Database\MySQLi\Connection->execute('INSERT INTO `st...')
#2 C:\xampp\htdocs\imprtdata\vendor\codeigniter4\framework\system\Database\BaseConnection.php(620): CodeIgniter\Database\BaseConnection->simpleQuery('INSERT INTO `st...')
#3 C:\xampp\htdocs\imprtdata\vendor\codeigniter4\framework\system\Database\BaseBuilder.php(1916): CodeIgniter\Database\BaseConnection->query('INSERT INTO `st...', Array, false)
#4 C:\xampp\htdocs\imprtdata\vendor\codeigniter4\framework\system\Model.php(279): CodeIgniter\Database\BaseBuilder->insert()
#5 C:\xampp\htdocs\imprtdata\vendor\codeigniter4\framework\system\BaseModel.php(748): CodeIgniter\Model->doInsert(Array)
#6 C:\xampp\htdocs\imprtdata\vendor\codeigniter4\framework\system\Model.php(667): CodeIgniter\BaseModel->insert(Array, true)
#7 C:\xampp\htdocs\imprtdata\app\Models\DataStorage.php(34): CodeIgniter\Model->insert(Array)
#8 C:\xampp\htdocs\imprtdata\app\Controllers\StorageController.php(77): App\Models\DataStorage->insertData(Array)
#9 C:\xampp\htdocs\imprtdata\vendor\codeigniter4\framework\system\CodeIgniter.php(902): App\Controllers\StorageController->upload()
#10 C:\xampp\htdocs\imprtdata\vendor\codeigniter4\framework\system\CodeIgniter.php(457): CodeIgniter\CodeIgniter->runController(Object(App\Controllers\StorageController))
#11 C:\xampp\htdocs\imprtdata\vendor\codeigniter4\framework\system\CodeIgniter.php(340): CodeIgniter\CodeIgniter->handleRequest(NULL, Object(Config\Cache), false)
#12 C:\xampp\htdocs\imprtdata\public\index.php(67): CodeIgniter\CodeIgniter->run()
#13 C:\xampp\htdocs\imprtdata\vendor\codeigniter4\framework\system\Commands\Server\rewrite.php(46): require_once('C:\\xampp\\htdocs...')
#14 {main}
CRITICAL - 2022-12-22 13:02:38 --> Column 'tanggal_berlaku' cannot be null
in SYSTEMPATH\Database\MySQLi\Connection.php on line 292.
 1 SYSTEMPATH\Database\MySQLi\Connection.php(292): mysqli->query('INSERT INTO `storage` (`id`, `user_id`, `kategori`, `type`, `nomor_dokumen`, `nama_dokumen`, `deskripsi`, `nama_file`, `tipe_file`, `path`, `tanggal_berlaku`, `status`, `created_at`, `updated_at`) VALUES (\'712222022010238\', \'7\', \'sop\', \'Berlaku\', \'10\', \'tESTING\', \'Deskripsi sesuai isi dokumen\', \'UU Nomor 19 Tahun 2003.pdf\', \'pdf\', \'712222022010238.pdf\', NULL, NULL, \'2022-12-22 13:02:38\', \'2022-12-22 13:02:38\')', 0)
 2 SYSTEMPATH\Database\BaseConnection.php(693): CodeIgniter\Database\MySQLi\Connection->execute('INSERT INTO `storage` (`id`, `user_id`, `kategori`, `type`, `nomor_dokumen`, `nama_dokumen`, `deskripsi`, `nama_file`, `tipe_file`, `path`, `tanggal_berlaku`, `status`, `created_at`, `updated_at`) VALUES (\'712222022010238\', \'7\', \'sop\', \'Berlaku\', \'10\', \'tESTING\', \'Deskripsi sesuai isi dokumen\', \'UU Nomor 19 Tahun 2003.pdf\', \'pdf\', \'712222022010238.pdf\', NULL, NULL, \'2022-12-22 13:02:38\', \'2022-12-22 13:02:38\')')
 3 SYSTEMPATH\Database\BaseConnection.php(620): CodeIgniter\Database\BaseConnection->simpleQuery('INSERT INTO `storage` (`id`, `user_id`, `kategori`, `type`, `nomor_dokumen`, `nama_dokumen`, `deskripsi`, `nama_file`, `tipe_file`, `path`, `tanggal_berlaku`, `status`, `created_at`, `updated_at`) VALUES (\'712222022010238\', \'7\', \'sop\', \'Berlaku\', \'10\', \'tESTING\', \'Deskripsi sesuai isi dokumen\', \'UU Nomor 19 Tahun 2003.pdf\', \'pdf\', \'712222022010238.pdf\', NULL, NULL, \'2022-12-22 13:02:38\', \'2022-12-22 13:02:38\')')
 4 SYSTEMPATH\Database\BaseBuilder.php(1916): CodeIgniter\Database\BaseConnection->query('INSERT INTO `storage` (`id`, `user_id`, `kategori`, `type`, `nomor_dokumen`, `nama_dokumen`, `deskripsi`, `nama_file`, `tipe_file`, `path`, `tanggal_berlaku`, `status`, `created_at`, `updated_at`) VALUES (:id:, :user_id:, :kategori:, :type:, :nomor_dokumen:, :nama_dokumen:, :deskripsi:, :nama_file:, :tipe_file:, :path:, :tanggal_berlaku:, :status:, :created_at:, :updated_at:)', [...], false)
 5 SYSTEMPATH\Model.php(279): CodeIgniter\Database\BaseBuilder->insert()
 6 SYSTEMPATH\BaseModel.php(748): CodeIgniter\Model->doInsert([...])
 7 SYSTEMPATH\Model.php(667): CodeIgniter\BaseModel->insert([...], true)
 8 APPPATH\Models\DataStorage.php(34): CodeIgniter\Model->insert([...])
 9 APPPATH\Controllers\StorageController.php(77): App\Models\DataStorage->insertData([...])
10 SYSTEMPATH\CodeIgniter.php(902): App\Controllers\StorageController->upload()
11 SYSTEMPATH\CodeIgniter.php(457): CodeIgniter\CodeIgniter->runController(Object(App\Controllers\StorageController))
12 SYSTEMPATH\CodeIgniter.php(340): CodeIgniter\CodeIgniter->handleRequest(null, Object(Config\Cache), false)
13 FCPATH\index.php(67): CodeIgniter\CodeIgniter->run()
14 SYSTEMPATH\Commands\Server\rewrite.php(46): require_once('FCPATH\\index.php')
ERROR - 2022-12-22 13:03:43 --> mysqli_sql_exception: Column 'tanggal_berlaku' cannot be null in C:\xampp\htdocs\imprtdata\vendor\codeigniter4\framework\system\Database\MySQLi\Connection.php:292
Stack trace:
#0 C:\xampp\htdocs\imprtdata\vendor\codeigniter4\framework\system\Database\MySQLi\Connection.php(292): mysqli->query('INSERT INTO `st...', 0)
#1 C:\xampp\htdocs\imprtdata\vendor\codeigniter4\framework\system\Database\BaseConnection.php(693): CodeIgniter\Database\MySQLi\Connection->execute('INSERT INTO `st...')
#2 C:\xampp\htdocs\imprtdata\vendor\codeigniter4\framework\system\Database\BaseConnection.php(620): CodeIgniter\Database\BaseConnection->simpleQuery('INSERT INTO `st...')
#3 C:\xampp\htdocs\imprtdata\vendor\codeigniter4\framework\system\Database\BaseBuilder.php(1916): CodeIgniter\Database\BaseConnection->query('INSERT INTO `st...', Array, false)
#4 C:\xampp\htdocs\imprtdata\vendor\codeigniter4\framework\system\Model.php(279): CodeIgniter\Database\BaseBuilder->insert()
#5 C:\xampp\htdocs\imprtdata\vendor\codeigniter4\framework\system\BaseModel.php(748): CodeIgniter\Model->doInsert(Array)
#6 C:\xampp\htdocs\imprtdata\vendor\codeigniter4\framework\system\Model.php(667): CodeIgniter\BaseModel->insert(Array, true)
#7 C:\xampp\htdocs\imprtdata\app\Models\DataStorage.php(34): CodeIgniter\Model->insert(Array)
#8 C:\xampp\htdocs\imprtdata\app\Controllers\StorageController.php(77): App\Models\DataStorage->insertData(Array)
#9 C:\xampp\htdocs\imprtdata\vendor\codeigniter4\framework\system\CodeIgniter.php(902): App\Controllers\StorageController->upload()
#10 C:\xampp\htdocs\imprtdata\vendor\codeigniter4\framework\system\CodeIgniter.php(457): CodeIgniter\CodeIgniter->runController(Object(App\Controllers\StorageController))
#11 C:\xampp\htdocs\imprtdata\vendor\codeigniter4\framework\system\CodeIgniter.php(340): CodeIgniter\CodeIgniter->handleRequest(NULL, Object(Config\Cache), false)
#12 C:\xampp\htdocs\imprtdata\public\index.php(67): CodeIgniter\CodeIgniter->run()
#13 C:\xampp\htdocs\imprtdata\vendor\codeigniter4\framework\system\Commands\Server\rewrite.php(46): require_once('C:\\xampp\\htdocs...')
#14 {main}
CRITICAL - 2022-12-22 13:03:43 --> Column 'tanggal_berlaku' cannot be null
in SYSTEMPATH\Database\MySQLi\Connection.php on line 292.
 1 SYSTEMPATH\Database\MySQLi\Connection.php(292): mysqli->query('INSERT INTO `storage` (`id`, `user_id`, `kategori`, `type`, `nomor_dokumen`, `nama_dokumen`, `deskripsi`, `nama_file`, `tipe_file`, `path`, `tanggal_berlaku`, `status`, `created_at`, `updated_at`) VALUES (\'712222022010343\', \'7\', \'sop\', \'Berlaku\', \'10\', \'tESTING\', \'Deskripsi sesuai isi dokumenasdas\', \'UU Nomor 19 Tahun 2003.pdf\', \'pdf\', \'712222022010343.pdf\', NULL, NULL, \'2022-12-22 13:03:43\', \'2022-12-22 13:03:43\')', 0)
 2 SYSTEMPATH\Database\BaseConnection.php(693): CodeIgniter\Database\MySQLi\Connection->execute('INSERT INTO `storage` (`id`, `user_id`, `kategori`, `type`, `nomor_dokumen`, `nama_dokumen`, `deskripsi`, `nama_file`, `tipe_file`, `path`, `tanggal_berlaku`, `status`, `created_at`, `updated_at`) VALUES (\'712222022010343\', \'7\', \'sop\', \'Berlaku\', \'10\', \'tESTING\', \'Deskripsi sesuai isi dokumenasdas\', \'UU Nomor 19 Tahun 2003.pdf\', \'pdf\', \'712222022010343.pdf\', NULL, NULL, \'2022-12-22 13:03:43\', \'2022-12-22 13:03:43\')')
 3 SYSTEMPATH\Database\BaseConnection.php(620): CodeIgniter\Database\BaseConnection->simpleQuery('INSERT INTO `storage` (`id`, `user_id`, `kategori`, `type`, `nomor_dokumen`, `nama_dokumen`, `deskripsi`, `nama_file`, `tipe_file`, `path`, `tanggal_berlaku`, `status`, `created_at`, `updated_at`) VALUES (\'712222022010343\', \'7\', \'sop\', \'Berlaku\', \'10\', \'tESTING\', \'Deskripsi sesuai isi dokumenasdas\', \'UU Nomor 19 Tahun 2003.pdf\', \'pdf\', \'712222022010343.pdf\', NULL, NULL, \'2022-12-22 13:03:43\', \'2022-12-22 13:03:43\')')
 4 SYSTEMPATH\Database\BaseBuilder.php(1916): CodeIgniter\Database\BaseConnection->query('INSERT INTO `storage` (`id`, `user_id`, `kategori`, `type`, `nomor_dokumen`, `nama_dokumen`, `deskripsi`, `nama_file`, `tipe_file`, `path`, `tanggal_berlaku`, `status`, `created_at`, `updated_at`) VALUES (:id:, :user_id:, :kategori:, :type:, :nomor_dokumen:, :nama_dokumen:, :deskripsi:, :nama_file:, :tipe_file:, :path:, :tanggal_berlaku:, :status:, :created_at:, :updated_at:)', [...], false)
 5 SYSTEMPATH\Model.php(279): CodeIgniter\Database\BaseBuilder->insert()
 6 SYSTEMPATH\BaseModel.php(748): CodeIgniter\Model->doInsert([...])
 7 SYSTEMPATH\Model.php(667): CodeIgniter\BaseModel->insert([...], true)
 8 APPPATH\Models\DataStorage.php(34): CodeIgniter\Model->insert([...])
 9 APPPATH\Controllers\StorageController.php(77): App\Models\DataStorage->insertData([...])
10 SYSTEMPATH\CodeIgniter.php(902): App\Controllers\StorageController->upload()
11 SYSTEMPATH\CodeIgniter.php(457): CodeIgniter\CodeIgniter->runController(Object(App\Controllers\StorageController))
12 SYSTEMPATH\CodeIgniter.php(340): CodeIgniter\CodeIgniter->handleRequest(null, Object(Config\Cache), false)
13 FCPATH\index.php(67): CodeIgniter\CodeIgniter->run()
14 SYSTEMPATH\Commands\Server\rewrite.php(46): require_once('FCPATH\\index.php')
ERROR - 2022-12-22 13:04:15 --> mysqli_sql_exception: Column 'status' cannot be null in C:\xampp\htdocs\imprtdata\vendor\codeigniter4\framework\system\Database\MySQLi\Connection.php:292
Stack trace:
#0 C:\xampp\htdocs\imprtdata\vendor\codeigniter4\framework\system\Database\MySQLi\Connection.php(292): mysqli->query('INSERT INTO `st...', 0)
#1 C:\xampp\htdocs\imprtdata\vendor\codeigniter4\framework\system\Database\BaseConnection.php(693): CodeIgniter\Database\MySQLi\Connection->execute('INSERT INTO `st...')
#2 C:\xampp\htdocs\imprtdata\vendor\codeigniter4\framework\system\Database\BaseConnection.php(620): CodeIgniter\Database\BaseConnection->simpleQuery('INSERT INTO `st...')
#3 C:\xampp\htdocs\imprtdata\vendor\codeigniter4\framework\system\Database\BaseBuilder.php(1916): CodeIgniter\Database\BaseConnection->query('INSERT INTO `st...', Array, false)
#4 C:\xampp\htdocs\imprtdata\vendor\codeigniter4\framework\system\Model.php(279): CodeIgniter\Database\BaseBuilder->insert()
#5 C:\xampp\htdocs\imprtdata\vendor\codeigniter4\framework\system\BaseModel.php(748): CodeIgniter\Model->doInsert(Array)
#6 C:\xampp\htdocs\imprtdata\vendor\codeigniter4\framework\system\Model.php(667): CodeIgniter\BaseModel->insert(Array, true)
#7 C:\xampp\htdocs\imprtdata\app\Models\DataStorage.php(34): CodeIgniter\Model->insert(Array)
#8 C:\xampp\htdocs\imprtdata\app\Controllers\StorageController.php(77): App\Models\DataStorage->insertData(Array)
#9 C:\xampp\htdocs\imprtdata\vendor\codeigniter4\framework\system\CodeIgniter.php(902): App\Controllers\StorageController->upload()
#10 C:\xampp\htdocs\imprtdata\vendor\codeigniter4\framework\system\CodeIgniter.php(457): CodeIgniter\CodeIgniter->runController(Object(App\Controllers\StorageController))
#11 C:\xampp\htdocs\imprtdata\vendor\codeigniter4\framework\system\CodeIgniter.php(340): CodeIgniter\CodeIgniter->handleRequest(NULL, Object(Config\Cache), false)
#12 C:\xampp\htdocs\imprtdata\public\index.php(67): CodeIgniter\CodeIgniter->run()
#13 C:\xampp\htdocs\imprtdata\vendor\codeigniter4\framework\system\Commands\Server\rewrite.php(46): require_once('C:\\xampp\\htdocs...')
#14 {main}
CRITICAL - 2022-12-22 13:04:15 --> Column 'status' cannot be null
in SYSTEMPATH\Database\MySQLi\Connection.php on line 292.
 1 SYSTEMPATH\Database\MySQLi\Connection.php(292): mysqli->query('INSERT INTO `storage` (`id`, `user_id`, `kategori`, `type`, `nomor_dokumen`, `nama_dokumen`, `deskripsi`, `nama_file`, `tipe_file`, `path`, `tanggal_berlaku`, `status`, `created_at`, `updated_at`) VALUES (\'712222022010415\', \'7\', \'sop\', \'Berlaku\', \'10\', \'tESTING\', \'apa aja dah\', \'UU Nomor 19 Tahun 2003.pdf\', \'pdf\', \'712222022010415.pdf\', \'2022-12-30\', NULL, \'2022-12-22 13:04:15\', \'2022-12-22 13:04:15\')', 0)
 2 SYSTEMPATH\Database\BaseConnection.php(693): CodeIgniter\Database\MySQLi\Connection->execute('INSERT INTO `storage` (`id`, `user_id`, `kategori`, `type`, `nomor_dokumen`, `nama_dokumen`, `deskripsi`, `nama_file`, `tipe_file`, `path`, `tanggal_berlaku`, `status`, `created_at`, `updated_at`) VALUES (\'712222022010415\', \'7\', \'sop\', \'Berlaku\', \'10\', \'tESTING\', \'apa aja dah\', \'UU Nomor 19 Tahun 2003.pdf\', \'pdf\', \'712222022010415.pdf\', \'2022-12-30\', NULL, \'2022-12-22 13:04:15\', \'2022-12-22 13:04:15\')')
 3 SYSTEMPATH\Database\BaseConnection.php(620): CodeIgniter\Database\BaseConnection->simpleQuery('INSERT INTO `storage` (`id`, `user_id`, `kategori`, `type`, `nomor_dokumen`, `nama_dokumen`, `deskripsi`, `nama_file`, `tipe_file`, `path`, `tanggal_berlaku`, `status`, `created_at`, `updated_at`) VALUES (\'712222022010415\', \'7\', \'sop\', \'Berlaku\', \'10\', \'tESTING\', \'apa aja dah\', \'UU Nomor 19 Tahun 2003.pdf\', \'pdf\', \'712222022010415.pdf\', \'2022-12-30\', NULL, \'2022-12-22 13:04:15\', \'2022-12-22 13:04:15\')')
 4 SYSTEMPATH\Database\BaseBuilder.php(1916): CodeIgniter\Database\BaseConnection->query('INSERT INTO `storage` (`id`, `user_id`, `kategori`, `type`, `nomor_dokumen`, `nama_dokumen`, `deskripsi`, `nama_file`, `tipe_file`, `path`, `tanggal_berlaku`, `status`, `created_at`, `updated_at`) VALUES (:id:, :user_id:, :kategori:, :type:, :nomor_dokumen:, :nama_dokumen:, :deskripsi:, :nama_file:, :tipe_file:, :path:, :tanggal_berlaku:, :status:, :created_at:, :updated_at:)', [...], false)
 5 SYSTEMPATH\Model.php(279): CodeIgniter\Database\BaseBuilder->insert()
 6 SYSTEMPATH\BaseModel.php(748): CodeIgniter\Model->doInsert([...])
 7 SYSTEMPATH\Model.php(667): CodeIgniter\BaseModel->insert([...], true)
 8 APPPATH\Models\DataStorage.php(34): CodeIgniter\Model->insert([...])
 9 APPPATH\Controllers\StorageController.php(77): App\Models\DataStorage->insertData([...])
10 SYSTEMPATH\CodeIgniter.php(902): App\Controllers\StorageController->upload()
11 SYSTEMPATH\CodeIgniter.php(457): CodeIgniter\CodeIgniter->runController(Object(App\Controllers\StorageController))
12 SYSTEMPATH\CodeIgniter.php(340): CodeIgniter\CodeIgniter->handleRequest(null, Object(Config\Cache), false)
13 FCPATH\index.php(67): CodeIgniter\CodeIgniter->run()
14 SYSTEMPATH\Commands\Server\rewrite.php(46): require_once('FCPATH\\index.php')
