CRITICAL - 2022-12-15 13:18:40 --> Trying to access array offset on value of type null
in APPPATH\Controllers\EventController.php on line 44.
 1 APPPATH\Controllers\EventController.php(44): CodeIgniter\Debug\Exceptions->errorHandler(8, 'Trying to access array offset on value of type null', 'APPPATH\\Controllers\\EventController.php', 44, [...])
 2 SYSTEMPATH\CodeIgniter.php(902): App\Controllers\EventController->dataevent('js', 'demo', 'datatables-demo.js')
 3 SYSTEMPATH\CodeIgniter.php(457): CodeIgniter\CodeIgniter->runController(Object(App\Controllers\EventController))
 4 SYSTEMPATH\CodeIgniter.php(340): CodeIgniter\CodeIgniter->handleRequest(null, Object(Config\Cache), false)
 5 FCPATH\index.php(67): CodeIgniter\CodeIgniter->run()
 6 SYSTEMPATH\Commands\Server\rewrite.php(46): require_once('FCPATH\\index.php')
CRITICAL - 2022-12-15 13:18:42 --> Trying to access array offset on value of type null
in APPPATH\Views\eventspage\editeventpage.php on line 66.
 1 APPPATH\Views\eventspage\editeventpage.php(66): CodeIgniter\Debug\Exceptions->errorHandler(8, 'Trying to access array offset on value of type null', 'APPPATH\\Views\\eventspage\\editeventpage.php', 66, [...])
 2 SYSTEMPATH\View\View.php(213): include('APPPATH\\Views\\eventspage\\editeventpage.php')
 3 SYSTEMPATH\View\View.php(216): CodeIgniter\View\View->CodeIgniter\View\{closure}()
 4 SYSTEMPATH\Common.php(1142): CodeIgniter\View\View->render('eventspage/editeventpage', [], true)
 5 APPPATH\Controllers\EventController.php(124): view('eventspage/editeventpage', [...])
 6 SYSTEMPATH\CodeIgniter.php(902): App\Controllers\EventController->editpage('js', 'demo', 'datatables-demo.js')
 7 SYSTEMPATH\CodeIgniter.php(457): CodeIgniter\CodeIgniter->runController(Object(App\Controllers\EventController))
 8 SYSTEMPATH\CodeIgniter.php(340): CodeIgniter\CodeIgniter->handleRequest(null, Object(Config\Cache), false)
 9 FCPATH\index.php(67): CodeIgniter\CodeIgniter->run()
10 SYSTEMPATH\Commands\Server\rewrite.php(46): require_once('FCPATH\\index.php')
CRITICAL - 2022-12-15 13:18:54 --> Trying to access array offset on value of type null
in APPPATH\Controllers\EventController.php on line 44.
 1 APPPATH\Controllers\EventController.php(44): CodeIgniter\Debug\Exceptions->errorHandler(8, 'Trying to access array offset on value of type null', 'APPPATH\\Controllers\\EventController.php', 44, [...])
 2 SYSTEMPATH\CodeIgniter.php(902): App\Controllers\EventController->dataevent('js', 'demo', 'datatables-demo.js')
 3 SYSTEMPATH\CodeIgniter.php(457): CodeIgniter\CodeIgniter->runController(Object(App\Controllers\EventController))
 4 SYSTEMPATH\CodeIgniter.php(340): CodeIgniter\CodeIgniter->handleRequest(null, Object(Config\Cache), false)
 5 FCPATH\index.php(67): CodeIgniter\CodeIgniter->run()
 6 SYSTEMPATH\Commands\Server\rewrite.php(46): require_once('FCPATH\\index.php')
