CRITICAL - 2023-03-03 10:38:17 --> Argument 2 passed to Myth\Auth\Authorization\FlatAuthorization::inGroup() must be of the type int, null given, called in C:\xampp\htdocs\HCApp\hcm-apps\app\Views\layouts\sidebar.php on line 16
in VENDORPATH\myth\auth\src\Authorization\FlatAuthorization.php on line 98.
 1 APPPATH\Views\layouts\sidebar.php(16): Myth\Auth\Authorization\FlatAuthorization->inGroup('hcsod', null)
 2 SYSTEMPATH\View\View.php(213): include('APPPATH\\Views\\layouts\\sidebar.php')
 3 SYSTEMPATH\View\View.php(216): CodeIgniter\View\View->CodeIgniter\View\{closure}()
 4 SYSTEMPATH\View\View.php(429): CodeIgniter\View\View->render('layouts/sidebar', null, true)
 5 APPPATH\Views\eventspage\eventlist.php(27): CodeIgniter\View\View->include('layouts/sidebar')
 6 SYSTEMPATH\View\View.php(213): include('APPPATH\\Views\\eventspage\\eventlist.php')
 7 SYSTEMPATH\View\View.php(216): CodeIgniter\View\View->CodeIgniter\View\{closure}()
 8 SYSTEMPATH\Common.php(1142): CodeIgniter\View\View->render('eventspage/eventlist', [], true)
 9 APPPATH\Controllers\EventController.php(54): view('eventspage/eventlist', [...])
10 SYSTEMPATH\CodeIgniter.php(902): App\Controllers\EventController->index('5d0a3a568a9f0e05f3bf3964ab639429d76ca0036b67e3cdba6620cf652726a8cb7303549a9e06cf29233a33a8aac6d5682a5c2db25530b746ea2a8e0c32598daa36e745db00e3e2843f8693dc557a4711ad9544a0ced851e57913901a7176b7')
11 SYSTEMPATH\CodeIgniter.php(457): CodeIgniter\CodeIgniter->runController(Object(App\Controllers\EventController))
12 SYSTEMPATH\CodeIgniter.php(340): CodeIgniter\CodeIgniter->handleRequest(null, Object(Config\Cache), false)
13 FCPATH\index.php(67): CodeIgniter\CodeIgniter->run()
14 SYSTEMPATH\Commands\Server\rewrite.php(46): require_once('FCPATH\\index.php')
CRITICAL - 2023-03-03 10:38:52 --> Argument 2 passed to Myth\Auth\Authorization\FlatAuthorization::inGroup() must be of the type int, null given, called in C:\xampp\htdocs\HCApp\hcm-apps\app\Views\layouts\sidebar.php on line 16
in VENDORPATH\myth\auth\src\Authorization\FlatAuthorization.php on line 98.
 1 APPPATH\Views\layouts\sidebar.php(16): Myth\Auth\Authorization\FlatAuthorization->inGroup('hcsod', null)
 2 SYSTEMPATH\View\View.php(213): include('APPPATH\\Views\\layouts\\sidebar.php')
 3 SYSTEMPATH\View\View.php(216): CodeIgniter\View\View->CodeIgniter\View\{closure}()
 4 SYSTEMPATH\View\View.php(429): CodeIgniter\View\View->render('layouts/sidebar', null, true)
 5 APPPATH\Views\eventspage\eventlist.php(27): CodeIgniter\View\View->include('layouts/sidebar')
 6 SYSTEMPATH\View\View.php(213): include('APPPATH\\Views\\eventspage\\eventlist.php')
 7 SYSTEMPATH\View\View.php(216): CodeIgniter\View\View->CodeIgniter\View\{closure}()
 8 SYSTEMPATH\Common.php(1142): CodeIgniter\View\View->render('eventspage/eventlist', [], true)
 9 APPPATH\Controllers\EventController.php(54): view('eventspage/eventlist', [...])
10 SYSTEMPATH\CodeIgniter.php(902): App\Controllers\EventController->index('5d0a3a568a9f0e05f3bf3964ab639429d76ca0036b67e3cdba6620cf652726a8cb7303549a9e06cf29233a33a8aac6d5682a5c2db25530b746ea2a8e0c32598daa36e745db00e3e2843f8693dc557a4711ad9544a0ced851e57913901a7176b7')
11 SYSTEMPATH\CodeIgniter.php(457): CodeIgniter\CodeIgniter->runController(Object(App\Controllers\EventController))
12 SYSTEMPATH\CodeIgniter.php(340): CodeIgniter\CodeIgniter->handleRequest(null, Object(Config\Cache), false)
13 FCPATH\index.php(67): CodeIgniter\CodeIgniter->run()
14 SYSTEMPATH\Commands\Server\rewrite.php(46): require_once('FCPATH\\index.php')
CRITICAL - 2023-03-03 10:39:12 --> Argument 2 passed to Myth\Auth\Authorization\FlatAuthorization::inGroup() must be of the type int, null given, called in C:\xampp\htdocs\HCApp\hcm-apps\app\Views\layouts\sidebar.php on line 16
in VENDORPATH\myth\auth\src\Authorization\FlatAuthorization.php on line 98.
 1 APPPATH\Views\layouts\sidebar.php(16): Myth\Auth\Authorization\FlatAuthorization->inGroup('hcsod', null)
 2 SYSTEMPATH\View\View.php(213): include('APPPATH\\Views\\layouts\\sidebar.php')
 3 SYSTEMPATH\View\View.php(216): CodeIgniter\View\View->CodeIgniter\View\{closure}()
 4 SYSTEMPATH\View\View.php(429): CodeIgniter\View\View->render('layouts/sidebar', null, true)
 5 APPPATH\Views\eventspage\eventlist.php(27): CodeIgniter\View\View->include('layouts/sidebar')
 6 SYSTEMPATH\View\View.php(213): include('APPPATH\\Views\\eventspage\\eventlist.php')
 7 SYSTEMPATH\View\View.php(216): CodeIgniter\View\View->CodeIgniter\View\{closure}()
 8 SYSTEMPATH\Common.php(1142): CodeIgniter\View\View->render('eventspage/eventlist', [], true)
 9 APPPATH\Controllers\EventController.php(54): view('eventspage/eventlist', [...])
10 SYSTEMPATH\CodeIgniter.php(902): App\Controllers\EventController->index('5d0a3a568a9f0e05f3bf3964ab639429d76ca0036b67e3cdba6620cf652726a8cb7303549a9e06cf29233a33a8aac6d5682a5c2db25530b746ea2a8e0c32598daa36e745db00e3e2843f8693dc557a4711ad9544a0ced851e57913901a7176b7')
11 SYSTEMPATH\CodeIgniter.php(457): CodeIgniter\CodeIgniter->runController(Object(App\Controllers\EventController))
12 SYSTEMPATH\CodeIgniter.php(340): CodeIgniter\CodeIgniter->handleRequest(null, Object(Config\Cache), false)
13 FCPATH\index.php(67): CodeIgniter\CodeIgniter->run()
14 SYSTEMPATH\Commands\Server\rewrite.php(46): require_once('FCPATH\\index.php')
CRITICAL - 2023-03-03 10:40:52 --> Argument 2 passed to Myth\Auth\Authorization\FlatAuthorization::inGroup() must be of the type int, null given, called in C:\xampp\htdocs\HCApp\hcm-apps\app\Views\layouts\sidebar.php on line 16
in VENDORPATH\myth\auth\src\Authorization\FlatAuthorization.php on line 98.
 1 APPPATH\Views\layouts\sidebar.php(16): Myth\Auth\Authorization\FlatAuthorization->inGroup('hcsod', null)
 2 SYSTEMPATH\View\View.php(213): include('APPPATH\\Views\\layouts\\sidebar.php')
 3 SYSTEMPATH\View\View.php(216): CodeIgniter\View\View->CodeIgniter\View\{closure}()
 4 SYSTEMPATH\View\View.php(429): CodeIgniter\View\View->render('layouts/sidebar', null, true)
 5 APPPATH\Views\eventspage\eventlist.php(27): CodeIgniter\View\View->include('layouts/sidebar')
 6 SYSTEMPATH\View\View.php(213): include('APPPATH\\Views\\eventspage\\eventlist.php')
 7 SYSTEMPATH\View\View.php(216): CodeIgniter\View\View->CodeIgniter\View\{closure}()
 8 SYSTEMPATH\Common.php(1142): CodeIgniter\View\View->render('eventspage/eventlist', [], true)
 9 APPPATH\Controllers\EventController.php(54): view('eventspage/eventlist', [...])
10 SYSTEMPATH\CodeIgniter.php(902): App\Controllers\EventController->index('5d0a3a568a9f0e05f3bf3964ab639429d76ca0036b67e3cdba6620cf652726a8cb7303549a9e06cf29233a33a8aac6d5682a5c2db25530b746ea2a8e0c32598daa36e745db00e3e2843f8693dc557a4711ad9544a0ced851e57913901a7176b7')
11 SYSTEMPATH\CodeIgniter.php(457): CodeIgniter\CodeIgniter->runController(Object(App\Controllers\EventController))
12 SYSTEMPATH\CodeIgniter.php(340): CodeIgniter\CodeIgniter->handleRequest(null, Object(Config\Cache), false)
13 FCPATH\index.php(67): CodeIgniter\CodeIgniter->run()
14 SYSTEMPATH\Commands\Server\rewrite.php(46): require_once('FCPATH\\index.php')
CRITICAL - 2023-03-03 10:40:55 --> Argument 2 passed to Myth\Auth\Authorization\FlatAuthorization::inGroup() must be of the type int, null given, called in C:\xampp\htdocs\HCApp\hcm-apps\app\Views\layouts\sidebar.php on line 16
in VENDORPATH\myth\auth\src\Authorization\FlatAuthorization.php on line 98.
 1 APPPATH\Views\layouts\sidebar.php(16): Myth\Auth\Authorization\FlatAuthorization->inGroup('hcsod', null)
 2 SYSTEMPATH\View\View.php(213): include('APPPATH\\Views\\layouts\\sidebar.php')
 3 SYSTEMPATH\View\View.php(216): CodeIgniter\View\View->CodeIgniter\View\{closure}()
 4 SYSTEMPATH\View\View.php(429): CodeIgniter\View\View->render('layouts/sidebar', null, true)
 5 APPPATH\Views\eventspage\eventlist.php(27): CodeIgniter\View\View->include('layouts/sidebar')
 6 SYSTEMPATH\View\View.php(213): include('APPPATH\\Views\\eventspage\\eventlist.php')
 7 SYSTEMPATH\View\View.php(216): CodeIgniter\View\View->CodeIgniter\View\{closure}()
 8 SYSTEMPATH\Common.php(1142): CodeIgniter\View\View->render('eventspage/eventlist', [], true)
 9 APPPATH\Controllers\EventController.php(54): view('eventspage/eventlist', [...])
10 SYSTEMPATH\CodeIgniter.php(902): App\Controllers\EventController->index('5d0a3a568a9f0e05f3bf3964ab639429d76ca0036b67e3cdba6620cf652726a8cb7303549a9e06cf29233a33a8aac6d5682a5c2db25530b746ea2a8e0c32598daa36e745db00e3e2843f8693dc557a4711ad9544a0ced851e57913901a7176b7')
11 SYSTEMPATH\CodeIgniter.php(457): CodeIgniter\CodeIgniter->runController(Object(App\Controllers\EventController))
12 SYSTEMPATH\CodeIgniter.php(340): CodeIgniter\CodeIgniter->handleRequest(null, Object(Config\Cache), false)
13 FCPATH\index.php(67): CodeIgniter\CodeIgniter->run()
14 SYSTEMPATH\Commands\Server\rewrite.php(46): require_once('FCPATH\\index.php')
CRITICAL - 2023-03-03 11:22:43 --> Invalid argument supplied for foreach()
in APPPATH\Helpers\getotp_helper.php on line 69.
 1 APPPATH\Helpers\getotp_helper.php(69): CodeIgniter\Debug\Exceptions->errorHandler(2, 'Invalid argument supplied for foreach()', 'APPPATH\\Helpers\\getotp_helper.php', 69, [...])
 2 APPPATH\Controllers\EventController.php(610): countPoin('181795')
 3 SYSTEMPATH\CodeIgniter.php(902): App\Controllers\EventController->listreward('5d0a3a568a9f0e05f3bf3964ab639429d76ca0036b67e3cdba6620cf652726a8cb7303549a9e06cf29233a33a8aac6d5682a5c2db25530b746ea2a8e0c32598daa36e745db00e3e2843f8693dc557a4711ad9544a0ced851e57913901a7176b7')
 4 SYSTEMPATH\CodeIgniter.php(457): CodeIgniter\CodeIgniter->runController(Object(App\Controllers\EventController))
 5 SYSTEMPATH\CodeIgniter.php(340): CodeIgniter\CodeIgniter->handleRequest(null, Object(Config\Cache), false)
 6 FCPATH\index.php(67): CodeIgniter\CodeIgniter->run()
 7 SYSTEMPATH\Commands\Server\rewrite.php(46): require_once('FCPATH\\index.php')
CRITICAL - 2023-03-03 11:58:42 --> Illegal string offset 'price'
in APPPATH\Helpers\getotp_helper.php on line 73.
 1 APPPATH\Helpers\getotp_helper.php(73): CodeIgniter\Debug\Exceptions->errorHandler(2, 'Illegal string offset \'price\'', 'APPPATH\\Helpers\\getotp_helper.php', 73, [...])
 2 APPPATH\Controllers\EventController.php(611): countPoin('181795')
 3 SYSTEMPATH\CodeIgniter.php(902): App\Controllers\EventController->listreward('5d0a3a568a9f0e05f3bf3964ab639429d76ca0036b67e3cdba6620cf652726a8cb7303549a9e06cf29233a33a8aac6d5682a5c2db25530b746ea2a8e0c32598daa36e745db00e3e2843f8693dc557a4711ad9544a0ced851e57913901a7176b7')
 4 SYSTEMPATH\CodeIgniter.php(457): CodeIgniter\CodeIgniter->runController(Object(App\Controllers\EventController))
 5 SYSTEMPATH\CodeIgniter.php(340): CodeIgniter\CodeIgniter->handleRequest(null, Object(Config\Cache), false)
 6 FCPATH\index.php(67): CodeIgniter\CodeIgniter->run()
 7 SYSTEMPATH\Commands\Server\rewrite.php(46): require_once('FCPATH\\index.php')
CRITICAL - 2023-03-03 11:59:24 --> Illegal string offset 'price'
in APPPATH\Helpers\getotp_helper.php on line 73.
 1 APPPATH\Helpers\getotp_helper.php(73): CodeIgniter\Debug\Exceptions->errorHandler(2, 'Illegal string offset \'price\'', 'APPPATH\\Helpers\\getotp_helper.php', 73, [...])
 2 APPPATH\Controllers\EventController.php(611): countPoin('181795')
 3 SYSTEMPATH\CodeIgniter.php(902): App\Controllers\EventController->listreward('5d0a3a568a9f0e05f3bf3964ab639429d76ca0036b67e3cdba6620cf652726a8cb7303549a9e06cf29233a33a8aac6d5682a5c2db25530b746ea2a8e0c32598daa36e745db00e3e2843f8693dc557a4711ad9544a0ced851e57913901a7176b7')
 4 SYSTEMPATH\CodeIgniter.php(457): CodeIgniter\CodeIgniter->runController(Object(App\Controllers\EventController))
 5 SYSTEMPATH\CodeIgniter.php(340): CodeIgniter\CodeIgniter->handleRequest(null, Object(Config\Cache), false)
 6 FCPATH\index.php(67): CodeIgniter\CodeIgniter->run()
 7 SYSTEMPATH\Commands\Server\rewrite.php(46): require_once('FCPATH\\index.php')
CRITICAL - 2023-03-03 11:59:25 --> Illegal string offset 'price'
in APPPATH\Helpers\getotp_helper.php on line 73.
 1 APPPATH\Helpers\getotp_helper.php(73): CodeIgniter\Debug\Exceptions->errorHandler(2, 'Illegal string offset \'price\'', 'APPPATH\\Helpers\\getotp_helper.php', 73, [...])
 2 APPPATH\Controllers\EventController.php(611): countPoin('181795')
 3 SYSTEMPATH\CodeIgniter.php(902): App\Controllers\EventController->listreward('5d0a3a568a9f0e05f3bf3964ab639429d76ca0036b67e3cdba6620cf652726a8cb7303549a9e06cf29233a33a8aac6d5682a5c2db25530b746ea2a8e0c32598daa36e745db00e3e2843f8693dc557a4711ad9544a0ced851e57913901a7176b7')
 4 SYSTEMPATH\CodeIgniter.php(457): CodeIgniter\CodeIgniter->runController(Object(App\Controllers\EventController))
 5 SYSTEMPATH\CodeIgniter.php(340): CodeIgniter\CodeIgniter->handleRequest(null, Object(Config\Cache), false)
 6 FCPATH\index.php(67): CodeIgniter\CodeIgniter->run()
 7 SYSTEMPATH\Commands\Server\rewrite.php(46): require_once('FCPATH\\index.php')
CRITICAL - 2023-03-03 15:41:34 --> Uncaught ErrorException: realpath() expects parameter 1 to be a valid path, string given in C:\xampp\htdocs\HCApp\hcm-apps\vendor\codeigniter4\framework\system\Common.php:90
Stack trace:
#0 [internal function]: CodeIgniter\Debug\Exceptions->errorHandler(2, 'realpath() expe...', 'C:\\xampp\\htdocs...', 90, Array)
#1 C:\xampp\htdocs\HCApp\hcm-apps\vendor\codeigniter4\framework\system\Common.php(90): realpath('\xAA6\xE7E\xDB\x00\xE3\xE2\x84?\x86\x93\xDCUz...')
#2 C:\xampp\htdocs\HCApp\hcm-apps\vendor\codeigniter4\framework\system\Debug\Exceptions.php(483): clean_path('\xAA6\xE7E\xDB\x00\xE3\xE2\x84?\x86\x93\xDCUz...')
#3 [internal function]: CodeIgniter\Debug\Exceptions::CodeIgniter\Debug\{closure}('\xAA6\xE7E\xDB\x00\xE3\xE2\x84?\x86\x93\xDCUz...')
#4 C:\xampp\htdocs\HCApp\hcm-apps\vendor\codeigniter4\framework\system\Debug\Exceptions.php(488): array_map(Object(Closure), Array)
#5 C:\xampp\htdocs\HCApp\hcm-apps\vendor\codeigniter4\framework\system\Debug\Exceptions.php(114): CodeIgniter\Debug\Exceptions::renderB
in SYSTEMPATH\Common.php on line 90.
 1 [internal function]: CodeIgniter\Debug\Exceptions->shutdownHandler()
CRITICAL - 2023-03-03 15:46:21 --> syntax error, unexpected '}', expecting ';' or ','
in APPPATH\Controllers\EventController.php on line 619.
 1 SYSTEMPATH\Autoloader\Autoloader.php(259): CodeIgniter\Autoloader\Autoloader->includeFile('APPPATH\\Controllers\\EventController.php')
 2 SYSTEMPATH\Autoloader\Autoloader.php(237): CodeIgniter\Autoloader\Autoloader->loadInNamespace('App\\Controllers\\EventController')
 3 [internal function]: CodeIgniter\Autoloader\Autoloader->loadClass('App\\Controllers\\EventController')
 4 [internal function]: spl_autoload_call('App\\Controllers\\EventController')
 5 SYSTEMPATH\CodeIgniter.php(852): class_exists('\\App\\Controllers\\EventController', true)
 6 SYSTEMPATH\CodeIgniter.php(444): CodeIgniter\CodeIgniter->startController()
 7 SYSTEMPATH\CodeIgniter.php(340): CodeIgniter\CodeIgniter->handleRequest(null, Object(Config\Cache), false)
 8 FCPATH\index.php(67): CodeIgniter\CodeIgniter->run()
 9 SYSTEMPATH\Commands\Server\rewrite.php(46): require_once('FCPATH\\index.php')
ERROR - 2023-03-03 15:47:33 --> mysqli_sql_exception: Unknown column 'otp_reward.id' in 'where clause' in C:\xampp\htdocs\HCApp\hcm-apps\vendor\codeigniter4\framework\system\Database\MySQLi\Connection.php:292
Stack trace:
#0 C:\xampp\htdocs\HCApp\hcm-apps\vendor\codeigniter4\framework\system\Database\MySQLi\Connection.php(292): mysqli->query('UPDATE `otp_rew...', 0)
#1 C:\xampp\htdocs\HCApp\hcm-apps\vendor\codeigniter4\framework\system\Database\BaseConnection.php(693): CodeIgniter\Database\MySQLi\Connection->execute('UPDATE `otp_rew...')
#2 C:\xampp\htdocs\HCApp\hcm-apps\vendor\codeigniter4\framework\system\Database\BaseConnection.php(620): CodeIgniter\Database\BaseConnection->simpleQuery('UPDATE `otp_rew...')
#3 C:\xampp\htdocs\HCApp\hcm-apps\vendor\codeigniter4\framework\system\Database\BaseBuilder.php(2079): CodeIgniter\Database\BaseConnection->query('UPDATE `otp_rew...', Array, false)
#4 C:\xampp\htdocs\HCApp\hcm-apps\vendor\codeigniter4\framework\system\Model.php(338): CodeIgniter\Database\BaseBuilder->update()
#5 C:\xampp\htdocs\HCApp\hcm-apps\vendor\codeigniter4\framework\system\BaseModel.php(885): CodeIgniter\Model->doUpdate(Array, Array)
#6 C:\xampp\htdocs\HCApp\hcm-apps\vendor\codeigniter4\framework\system\Model.php(693): CodeIgniter\BaseModel->update(Array, Array)
#7 C:\xampp\htdocs\HCApp\hcm-apps\app\Models\DataOtpReward.php(33): CodeIgniter\Model->update('181795167776666...', Array)
#8 C:\xampp\htdocs\HCApp\hcm-apps\app\Helpers\getotp_helper.php(51): App\Models\DataOtpReward->dataUpdate('181795167776666...', Array)
#9 C:\xampp\htdocs\HCApp\hcm-apps\app\Controllers\EventController.php(605): permissionReward('181795167776666...')
#10 C:\xampp\htdocs\HCApp\hcm-apps\vendor\codeigniter4\framework\system\CodeIgniter.php(902): App\Controllers\EventController->listreward('5d0a3a568a9f0e0...')
#11 C:\xampp\htdocs\HCApp\hcm-apps\vendor\codeigniter4\framework\system\CodeIgniter.php(457): CodeIgniter\CodeIgniter->runController(Object(App\Controllers\EventController))
#12 C:\xampp\htdocs\HCApp\hcm-apps\vendor\codeigniter4\framework\system\CodeIgniter.php(340): CodeIgniter\CodeIgniter->handleRequest(NULL, Object(Config\Cache), false)
#13 C:\xampp\htdocs\HCApp\hcm-apps\public\index.php(67): CodeIgniter\CodeIgniter->run()
#14 C:\xampp\htdocs\HCApp\hcm-apps\vendor\codeigniter4\framework\system\Commands\Server\rewrite.php(46): require_once('C:\\xampp\\htdocs...')
#15 {main}
CRITICAL - 2023-03-03 15:47:33 --> Unknown column 'otp_reward.id' in 'where clause'
in SYSTEMPATH\Database\MySQLi\Connection.php on line 292.
 1 SYSTEMPATH\Database\MySQLi\Connection.php(292): mysqli->query('UPDATE `otp_reward` SET `status` = \'expired\', `updated_at` = \'2023-03-03 15:47:33\'
WHERE `otp_reward`.`id` IN (\'1817951677766667\')', 0)
 2 SYSTEMPATH\Database\BaseConnection.php(693): CodeIgniter\Database\MySQLi\Connection->execute('UPDATE `otp_reward` SET `status` = \'expired\', `updated_at` = \'2023-03-03 15:47:33\'
WHERE `otp_reward`.`id` IN (\'1817951677766667\')')
 3 SYSTEMPATH\Database\BaseConnection.php(620): CodeIgniter\Database\BaseConnection->simpleQuery('UPDATE `otp_reward` SET `status` = \'expired\', `updated_at` = \'2023-03-03 15:47:33\'
WHERE `otp_reward`.`id` IN (\'1817951677766667\')')
 4 SYSTEMPATH\Database\BaseBuilder.php(2079): CodeIgniter\Database\BaseConnection->query('UPDATE `otp_reward` SET `status` = :status:, `updated_at` = :updated_at:
WHERE `otp_reward`.`id` IN :otp_reward.id:', [...], false)
 5 SYSTEMPATH\Model.php(338): CodeIgniter\Database\BaseBuilder->update()
 6 SYSTEMPATH\BaseModel.php(885): CodeIgniter\Model->doUpdate([...], [...])
 7 SYSTEMPATH\Model.php(693): CodeIgniter\BaseModel->update([...], [...])
 8 APPPATH\Models\DataOtpReward.php(33): CodeIgniter\Model->update('1817951677766667', [...])
 9 APPPATH\Helpers\getotp_helper.php(51): App\Models\DataOtpReward->dataUpdate('1817951677766667', [...])
10 APPPATH\Controllers\EventController.php(605): permissionReward('1817951677766667')
11 SYSTEMPATH\CodeIgniter.php(902): App\Controllers\EventController->listreward('5d0a3a568a9f0e05f3bf3964ab639429d76ca0036b67e3cdba6620cf652726a8cb7303549a9e06cf29233a33a8aac6d5682a5c2db25530b746ea2a8e0c32598daa36e745db00e3e2843f8693dc557a4711ad9544a0ced851e57913901a7176b7')
12 SYSTEMPATH\CodeIgniter.php(457): CodeIgniter\CodeIgniter->runController(Object(App\Controllers\EventController))
13 SYSTEMPATH\CodeIgniter.php(340): CodeIgniter\CodeIgniter->handleRequest(null, Object(Config\Cache), false)
14 FCPATH\index.php(67): CodeIgniter\CodeIgniter->run()
15 SYSTEMPATH\Commands\Server\rewrite.php(46): require_once('FCPATH\\index.php')
CRITICAL - 2023-03-03 15:49:03 --> There is no data to update.
in SYSTEMPATH\BaseModel.php on line 1597.
 1 SYSTEMPATH\BaseModel.php(1597): CodeIgniter\Database\Exceptions\DataException::forEmptyDataset('update')
 2 SYSTEMPATH\BaseModel.php(852): CodeIgniter\BaseModel->transformDataToArray(null, 'update')
 3 SYSTEMPATH\Model.php(693): CodeIgniter\BaseModel->update([...], null)
 4 APPPATH\Models\DataOtpReward.php(33): CodeIgniter\Model->update([...])
 5 APPPATH\Helpers\getotp_helper.php(51): App\Models\DataOtpReward->dataUpdate('1817951677766667', [...])
 6 APPPATH\Controllers\EventController.php(605): permissionReward('1817951677766667')
 7 SYSTEMPATH\CodeIgniter.php(902): App\Controllers\EventController->listreward('5d0a3a568a9f0e05f3bf3964ab639429d76ca0036b67e3cdba6620cf652726a8cb7303549a9e06cf29233a33a8aac6d5682a5c2db25530b746ea2a8e0c32598daa36e745db00e3e2843f8693dc557a4711ad9544a0ced851e57913901a7176b7')
 8 SYSTEMPATH\CodeIgniter.php(457): CodeIgniter\CodeIgniter->runController(Object(App\Controllers\EventController))
 9 SYSTEMPATH\CodeIgniter.php(340): CodeIgniter\CodeIgniter->handleRequest(null, Object(Config\Cache), false)
10 FCPATH\index.php(67): CodeIgniter\CodeIgniter->run()
11 SYSTEMPATH\Commands\Server\rewrite.php(46): require_once('FCPATH\\index.php')
CRITICAL - 2023-03-03 15:49:53 --> There is no data to update.
in SYSTEMPATH\BaseModel.php on line 1597.
 1 SYSTEMPATH\BaseModel.php(1597): CodeIgniter\Database\Exceptions\DataException::forEmptyDataset('update')
 2 SYSTEMPATH\BaseModel.php(852): CodeIgniter\BaseModel->transformDataToArray(null, 'update')
 3 SYSTEMPATH\Model.php(693): CodeIgniter\BaseModel->update([...], null)
 4 APPPATH\Models\DataOtpReward.php(33): CodeIgniter\Model->update([...])
 5 APPPATH\Helpers\getotp_helper.php(51): App\Models\DataOtpReward->dataUpdate('1817951677766667', [...])
 6 APPPATH\Controllers\EventController.php(605): permissionReward('1817951677766667')
 7 SYSTEMPATH\CodeIgniter.php(902): App\Controllers\EventController->listreward('5d0a3a568a9f0e05f3bf3964ab639429d76ca0036b67e3cdba6620cf652726a8cb7303549a9e06cf29233a33a8aac6d5682a5c2db25530b746ea2a8e0c32598daa36e745db00e3e2843f8693dc557a4711ad9544a0ced851e57913901a7176b7')
 8 SYSTEMPATH\CodeIgniter.php(457): CodeIgniter\CodeIgniter->runController(Object(App\Controllers\EventController))
 9 SYSTEMPATH\CodeIgniter.php(340): CodeIgniter\CodeIgniter->handleRequest(null, Object(Config\Cache), false)
10 FCPATH\index.php(67): CodeIgniter\CodeIgniter->run()
11 SYSTEMPATH\Commands\Server\rewrite.php(46): require_once('FCPATH\\index.php')
CRITICAL - 2023-03-03 15:51:27 --> There is no data to update.
in SYSTEMPATH\BaseModel.php on line 1597.
 1 SYSTEMPATH\BaseModel.php(1597): CodeIgniter\Database\Exceptions\DataException::forEmptyDataset('update')
 2 SYSTEMPATH\BaseModel.php(852): CodeIgniter\BaseModel->transformDataToArray(null, 'update')
 3 SYSTEMPATH\Model.php(693): CodeIgniter\BaseModel->update([...], null)
 4 APPPATH\Models\DataOtpReward.php(33): CodeIgniter\Model->update([...])
 5 APPPATH\Helpers\getotp_helper.php(51): App\Models\DataOtpReward->dataUpdate('1817951677766667', [...])
 6 APPPATH\Controllers\EventController.php(605): permissionReward('1817951677766667')
 7 SYSTEMPATH\CodeIgniter.php(902): App\Controllers\EventController->listreward('5d0a3a568a9f0e05f3bf3964ab639429d76ca0036b67e3cdba6620cf652726a8cb7303549a9e06cf29233a33a8aac6d5682a5c2db25530b746ea2a8e0c32598daa36e745db00e3e2843f8693dc557a4711ad9544a0ced851e57913901a7176b7')
 8 SYSTEMPATH\CodeIgniter.php(457): CodeIgniter\CodeIgniter->runController(Object(App\Controllers\EventController))
 9 SYSTEMPATH\CodeIgniter.php(340): CodeIgniter\CodeIgniter->handleRequest(null, Object(Config\Cache), false)
10 FCPATH\index.php(67): CodeIgniter\CodeIgniter->run()
11 SYSTEMPATH\Commands\Server\rewrite.php(46): require_once('FCPATH\\index.php')
CRITICAL - 2023-03-03 15:54:27 --> There is no data to update.
in SYSTEMPATH\BaseModel.php on line 1597.
 1 SYSTEMPATH\BaseModel.php(1597): CodeIgniter\Database\Exceptions\DataException::forEmptyDataset('update')
 2 SYSTEMPATH\BaseModel.php(852): CodeIgniter\BaseModel->transformDataToArray(null, 'update')
 3 SYSTEMPATH\Model.php(693): CodeIgniter\BaseModel->update([...], null)
 4 APPPATH\Models\DataOtpReward.php(33): CodeIgniter\Model->update([...])
 5 APPPATH\Helpers\getotp_helper.php(51): App\Models\DataOtpReward->dataUpdate('1817951677766667', [...])
 6 APPPATH\Controllers\EventController.php(605): permissionReward('1817951677766667')
 7 SYSTEMPATH\CodeIgniter.php(902): App\Controllers\EventController->listreward('5d0a3a568a9f0e05f3bf3964ab639429d76ca0036b67e3cdba6620cf652726a8cb7303549a9e06cf29233a33a8aac6d5682a5c2db25530b746ea2a8e0c32598daa36e745db00e3e2843f8693dc557a4711ad9544a0ced851e57913901a7176b7')
 8 SYSTEMPATH\CodeIgniter.php(457): CodeIgniter\CodeIgniter->runController(Object(App\Controllers\EventController))
 9 SYSTEMPATH\CodeIgniter.php(340): CodeIgniter\CodeIgniter->handleRequest(null, Object(Config\Cache), false)
10 FCPATH\index.php(67): CodeIgniter\CodeIgniter->run()
11 SYSTEMPATH\Commands\Server\rewrite.php(46): require_once('FCPATH\\index.php')
CRITICAL - 2023-03-03 15:55:14 --> There is no data to update.
in SYSTEMPATH\BaseModel.php on line 1597.
 1 SYSTEMPATH\BaseModel.php(1597): CodeIgniter\Database\Exceptions\DataException::forEmptyDataset('update')
 2 SYSTEMPATH\BaseModel.php(852): CodeIgniter\BaseModel->transformDataToArray(null, 'update')
 3 SYSTEMPATH\Model.php(693): CodeIgniter\BaseModel->update([...], null)
 4 APPPATH\Models\DataOtpReward.php(33): CodeIgniter\Model->update([...])
 5 APPPATH\Helpers\getotp_helper.php(51): App\Models\DataOtpReward->dataUpdate('1817951677766667', [...])
 6 APPPATH\Controllers\EventController.php(605): permissionReward('1817951677766667')
 7 SYSTEMPATH\CodeIgniter.php(902): App\Controllers\EventController->listreward('5d0a3a568a9f0e05f3bf3964ab639429d76ca0036b67e3cdba6620cf652726a8cb7303549a9e06cf29233a33a8aac6d5682a5c2db25530b746ea2a8e0c32598daa36e745db00e3e2843f8693dc557a4711ad9544a0ced851e57913901a7176b7')
 8 SYSTEMPATH\CodeIgniter.php(457): CodeIgniter\CodeIgniter->runController(Object(App\Controllers\EventController))
 9 SYSTEMPATH\CodeIgniter.php(340): CodeIgniter\CodeIgniter->handleRequest(null, Object(Config\Cache), false)
10 FCPATH\index.php(67): CodeIgniter\CodeIgniter->run()
11 SYSTEMPATH\Commands\Server\rewrite.php(46): require_once('FCPATH\\index.php')
CRITICAL - 2023-03-03 15:56:25 --> There is no data to update.
in SYSTEMPATH\BaseModel.php on line 1597.
 1 SYSTEMPATH\BaseModel.php(1597): CodeIgniter\Database\Exceptions\DataException::forEmptyDataset('update')
 2 SYSTEMPATH\BaseModel.php(852): CodeIgniter\BaseModel->transformDataToArray(null, 'update')
 3 SYSTEMPATH\Model.php(693): CodeIgniter\BaseModel->update([...], null)
 4 APPPATH\Models\DataOtpReward.php(33): CodeIgniter\Model->update([...])
 5 APPPATH\Helpers\getotp_helper.php(51): App\Models\DataOtpReward->dataUpdate('1817951677766667', [...])
 6 APPPATH\Controllers\EventController.php(605): permissionReward('1817951677766667')
 7 SYSTEMPATH\CodeIgniter.php(902): App\Controllers\EventController->listreward('5d0a3a568a9f0e05f3bf3964ab639429d76ca0036b67e3cdba6620cf652726a8cb7303549a9e06cf29233a33a8aac6d5682a5c2db25530b746ea2a8e0c32598daa36e745db00e3e2843f8693dc557a4711ad9544a0ced851e57913901a7176b7')
 8 SYSTEMPATH\CodeIgniter.php(457): CodeIgniter\CodeIgniter->runController(Object(App\Controllers\EventController))
 9 SYSTEMPATH\CodeIgniter.php(340): CodeIgniter\CodeIgniter->handleRequest(null, Object(Config\Cache), false)
10 FCPATH\index.php(67): CodeIgniter\CodeIgniter->run()
11 SYSTEMPATH\Commands\Server\rewrite.php(46): require_once('FCPATH\\index.php')
CRITICAL - 2023-03-03 15:57:24 --> There is no data to update.
in SYSTEMPATH\BaseModel.php on line 1597.
 1 SYSTEMPATH\BaseModel.php(1597): CodeIgniter\Database\Exceptions\DataException::forEmptyDataset('update')
 2 SYSTEMPATH\BaseModel.php(852): CodeIgniter\BaseModel->transformDataToArray(null, 'update')
 3 SYSTEMPATH\Model.php(693): CodeIgniter\BaseModel->update([...], null)
 4 APPPATH\Models\DataOtpReward.php(33): CodeIgniter\Model->update([...])
 5 APPPATH\Helpers\getotp_helper.php(51): App\Models\DataOtpReward->dataUpdate('1817951677766667', [...])
 6 APPPATH\Controllers\EventController.php(605): permissionReward('1817951677766667')
 7 SYSTEMPATH\CodeIgniter.php(902): App\Controllers\EventController->listreward('5d0a3a568a9f0e05f3bf3964ab639429d76ca0036b67e3cdba6620cf652726a8cb7303549a9e06cf29233a33a8aac6d5682a5c2db25530b746ea2a8e0c32598daa36e745db00e3e2843f8693dc557a4711ad9544a0ced851e57913901a7176b7')
 8 SYSTEMPATH\CodeIgniter.php(457): CodeIgniter\CodeIgniter->runController(Object(App\Controllers\EventController))
 9 SYSTEMPATH\CodeIgniter.php(340): CodeIgniter\CodeIgniter->handleRequest(null, Object(Config\Cache), false)
10 FCPATH\index.php(67): CodeIgniter\CodeIgniter->run()
11 SYSTEMPATH\Commands\Server\rewrite.php(46): require_once('FCPATH\\index.php')
CRITICAL - 2023-03-03 15:58:41 --> There is no data to update.
in SYSTEMPATH\BaseModel.php on line 1597.
 1 SYSTEMPATH\BaseModel.php(1597): CodeIgniter\Database\Exceptions\DataException::forEmptyDataset('update')
 2 SYSTEMPATH\BaseModel.php(852): CodeIgniter\BaseModel->transformDataToArray(null, 'update')
 3 SYSTEMPATH\Model.php(693): CodeIgniter\BaseModel->update([...], null)
 4 APPPATH\Models\DataOtpReward.php(33): CodeIgniter\Model->update([...])
 5 APPPATH\Helpers\getotp_helper.php(52): App\Models\DataOtpReward->dataUpdate('1817951677766667', [...])
 6 APPPATH\Controllers\EventController.php(605): permissionReward('1817951677766667')
 7 SYSTEMPATH\CodeIgniter.php(902): App\Controllers\EventController->listreward('5d0a3a568a9f0e05f3bf3964ab639429d76ca0036b67e3cdba6620cf652726a8cb7303549a9e06cf29233a33a8aac6d5682a5c2db25530b746ea2a8e0c32598daa36e745db00e3e2843f8693dc557a4711ad9544a0ced851e57913901a7176b7')
 8 SYSTEMPATH\CodeIgniter.php(457): CodeIgniter\CodeIgniter->runController(Object(App\Controllers\EventController))
 9 SYSTEMPATH\CodeIgniter.php(340): CodeIgniter\CodeIgniter->handleRequest(null, Object(Config\Cache), false)
10 FCPATH\index.php(67): CodeIgniter\CodeIgniter->run()
11 SYSTEMPATH\Commands\Server\rewrite.php(46): require_once('FCPATH\\index.php')
CRITICAL - 2023-03-03 15:59:17 --> There is no data to update.
in SYSTEMPATH\BaseModel.php on line 1597.
 1 SYSTEMPATH\BaseModel.php(1597): CodeIgniter\Database\Exceptions\DataException::forEmptyDataset('update')
 2 SYSTEMPATH\BaseModel.php(852): CodeIgniter\BaseModel->transformDataToArray(null, 'update')
 3 SYSTEMPATH\Model.php(693): CodeIgniter\BaseModel->update([...], null)
 4 APPPATH\Models\DataOtpReward.php(33): CodeIgniter\Model->update([...])
 5 APPPATH\Helpers\getotp_helper.php(52): App\Models\DataOtpReward->dataUpdate('1817951677766667', [...])
 6 APPPATH\Controllers\EventController.php(605): permissionReward('1817951677766667')
 7 SYSTEMPATH\CodeIgniter.php(902): App\Controllers\EventController->listreward('5d0a3a568a9f0e05f3bf3964ab639429d76ca0036b67e3cdba6620cf652726a8cb7303549a9e06cf29233a33a8aac6d5682a5c2db25530b746ea2a8e0c32598daa36e745db00e3e2843f8693dc557a4711ad9544a0ced851e57913901a7176b7')
 8 SYSTEMPATH\CodeIgniter.php(457): CodeIgniter\CodeIgniter->runController(Object(App\Controllers\EventController))
 9 SYSTEMPATH\CodeIgniter.php(340): CodeIgniter\CodeIgniter->handleRequest(null, Object(Config\Cache), false)
10 FCPATH\index.php(67): CodeIgniter\CodeIgniter->run()
11 SYSTEMPATH\Commands\Server\rewrite.php(46): require_once('FCPATH\\index.php')
CRITICAL - 2023-03-03 15:59:18 --> There is no data to update.
in SYSTEMPATH\BaseModel.php on line 1597.
 1 SYSTEMPATH\BaseModel.php(1597): CodeIgniter\Database\Exceptions\DataException::forEmptyDataset('update')
 2 SYSTEMPATH\BaseModel.php(852): CodeIgniter\BaseModel->transformDataToArray(null, 'update')
 3 SYSTEMPATH\Model.php(693): CodeIgniter\BaseModel->update([...], null)
 4 APPPATH\Models\DataOtpReward.php(33): CodeIgniter\Model->update([...])
 5 APPPATH\Helpers\getotp_helper.php(52): App\Models\DataOtpReward->dataUpdate('1817951677766667', [...])
 6 APPPATH\Controllers\EventController.php(605): permissionReward('1817951677766667')
 7 SYSTEMPATH\CodeIgniter.php(902): App\Controllers\EventController->listreward('5d0a3a568a9f0e05f3bf3964ab639429d76ca0036b67e3cdba6620cf652726a8cb7303549a9e06cf29233a33a8aac6d5682a5c2db25530b746ea2a8e0c32598daa36e745db00e3e2843f8693dc557a4711ad9544a0ced851e57913901a7176b7')
 8 SYSTEMPATH\CodeIgniter.php(457): CodeIgniter\CodeIgniter->runController(Object(App\Controllers\EventController))
 9 SYSTEMPATH\CodeIgniter.php(340): CodeIgniter\CodeIgniter->handleRequest(null, Object(Config\Cache), false)
10 FCPATH\index.php(67): CodeIgniter\CodeIgniter->run()
11 SYSTEMPATH\Commands\Server\rewrite.php(46): require_once('FCPATH\\index.php')
CRITICAL - 2023-03-03 15:59:48 --> There is no data to update.
in SYSTEMPATH\BaseModel.php on line 1597.
 1 SYSTEMPATH\BaseModel.php(1597): CodeIgniter\Database\Exceptions\DataException::forEmptyDataset('update')
 2 SYSTEMPATH\BaseModel.php(852): CodeIgniter\BaseModel->transformDataToArray(null, 'update')
 3 SYSTEMPATH\Model.php(693): CodeIgniter\BaseModel->update([...], null)
 4 APPPATH\Models\DataOtpReward.php(33): CodeIgniter\Model->update([...])
 5 APPPATH\Helpers\getotp_helper.php(52): App\Models\DataOtpReward->dataUpdate('1817951677766667', [...])
 6 APPPATH\Controllers\EventController.php(605): permissionReward('1817951677766667')
 7 SYSTEMPATH\CodeIgniter.php(902): App\Controllers\EventController->listreward('5d0a3a568a9f0e05f3bf3964ab639429d76ca0036b67e3cdba6620cf652726a8cb7303549a9e06cf29233a33a8aac6d5682a5c2db25530b746ea2a8e0c32598daa36e745db00e3e2843f8693dc557a4711ad9544a0ced851e57913901a7176b7')
 8 SYSTEMPATH\CodeIgniter.php(457): CodeIgniter\CodeIgniter->runController(Object(App\Controllers\EventController))
 9 SYSTEMPATH\CodeIgniter.php(340): CodeIgniter\CodeIgniter->handleRequest(null, Object(Config\Cache), false)
10 FCPATH\index.php(67): CodeIgniter\CodeIgniter->run()
11 SYSTEMPATH\Commands\Server\rewrite.php(46): require_once('FCPATH\\index.php')
CRITICAL - 2023-03-03 16:05:34 --> There is no data to update.
in SYSTEMPATH\BaseModel.php on line 1597.
 1 SYSTEMPATH\BaseModel.php(1597): CodeIgniter\Database\Exceptions\DataException::forEmptyDataset('update')
 2 SYSTEMPATH\BaseModel.php(852): CodeIgniter\BaseModel->transformDataToArray(null, 'update')
 3 SYSTEMPATH\Model.php(693): CodeIgniter\BaseModel->update([...], null)
 4 APPPATH\Models\DataOtpReward.php(33): CodeIgniter\Model->update([...])
 5 APPPATH\Helpers\getotp_helper.php(52): App\Models\DataOtpReward->dataUpdate('1817951677766667', [...])
 6 APPPATH\Controllers\EventController.php(605): permissionReward('1817951677766667')
 7 SYSTEMPATH\CodeIgniter.php(902): App\Controllers\EventController->listreward('5d0a3a568a9f0e05f3bf3964ab639429d76ca0036b67e3cdba6620cf652726a8cb7303549a9e06cf29233a33a8aac6d5682a5c2db25530b746ea2a8e0c32598daa36e745db00e3e2843f8693dc557a4711ad9544a0ced851e57913901a7176b7')
 8 SYSTEMPATH\CodeIgniter.php(457): CodeIgniter\CodeIgniter->runController(Object(App\Controllers\EventController))
 9 SYSTEMPATH\CodeIgniter.php(340): CodeIgniter\CodeIgniter->handleRequest(null, Object(Config\Cache), false)
10 FCPATH\index.php(67): CodeIgniter\CodeIgniter->run()
11 SYSTEMPATH\Commands\Server\rewrite.php(46): require_once('FCPATH\\index.php')
CRITICAL - 2023-03-03 16:06:24 --> There is no data to update.
in SYSTEMPATH\BaseModel.php on line 1597.
 1 SYSTEMPATH\BaseModel.php(1597): CodeIgniter\Database\Exceptions\DataException::forEmptyDataset('update')
 2 SYSTEMPATH\BaseModel.php(852): CodeIgniter\BaseModel->transformDataToArray(null, 'update')
 3 SYSTEMPATH\Model.php(693): CodeIgniter\BaseModel->update([...], null)
 4 APPPATH\Models\DataOtpReward.php(36): CodeIgniter\Model->update([...])
 5 APPPATH\Helpers\getotp_helper.php(52): App\Models\DataOtpReward->dataUpdate('1817951677766667', [...])
 6 APPPATH\Controllers\EventController.php(605): permissionReward('1817951677766667')
 7 SYSTEMPATH\CodeIgniter.php(902): App\Controllers\EventController->listreward('5d0a3a568a9f0e05f3bf3964ab639429d76ca0036b67e3cdba6620cf652726a8cb7303549a9e06cf29233a33a8aac6d5682a5c2db25530b746ea2a8e0c32598daa36e745db00e3e2843f8693dc557a4711ad9544a0ced851e57913901a7176b7')
 8 SYSTEMPATH\CodeIgniter.php(457): CodeIgniter\CodeIgniter->runController(Object(App\Controllers\EventController))
 9 SYSTEMPATH\CodeIgniter.php(340): CodeIgniter\CodeIgniter->handleRequest(null, Object(Config\Cache), false)
10 FCPATH\index.php(67): CodeIgniter\CodeIgniter->run()
11 SYSTEMPATH\Commands\Server\rewrite.php(46): require_once('FCPATH\\index.php')
CRITICAL - 2023-03-03 16:06:54 --> There is no data to update.
in SYSTEMPATH\BaseModel.php on line 1597.
 1 SYSTEMPATH\BaseModel.php(1597): CodeIgniter\Database\Exceptions\DataException::forEmptyDataset('update')
 2 SYSTEMPATH\BaseModel.php(852): CodeIgniter\BaseModel->transformDataToArray(null, 'update')
 3 SYSTEMPATH\Model.php(693): CodeIgniter\BaseModel->update([...], null)
 4 APPPATH\Models\DataOtpReward.php(36): CodeIgniter\Model->update([...])
 5 APPPATH\Helpers\getotp_helper.php(52): App\Models\DataOtpReward->dataUpdate('1817951677766667', [...])
 6 APPPATH\Controllers\EventController.php(605): permissionReward('1817951677766667')
 7 SYSTEMPATH\CodeIgniter.php(902): App\Controllers\EventController->listreward('5d0a3a568a9f0e05f3bf3964ab639429d76ca0036b67e3cdba6620cf652726a8cb7303549a9e06cf29233a33a8aac6d5682a5c2db25530b746ea2a8e0c32598daa36e745db00e3e2843f8693dc557a4711ad9544a0ced851e57913901a7176b7')
 8 SYSTEMPATH\CodeIgniter.php(457): CodeIgniter\CodeIgniter->runController(Object(App\Controllers\EventController))
 9 SYSTEMPATH\CodeIgniter.php(340): CodeIgniter\CodeIgniter->handleRequest(null, Object(Config\Cache), false)
10 FCPATH\index.php(67): CodeIgniter\CodeIgniter->run()
11 SYSTEMPATH\Commands\Server\rewrite.php(46): require_once('FCPATH\\index.php')
CRITICAL - 2023-03-03 16:07:31 --> Trying to access array offset on value of type null
in APPPATH\Controllers\EventController.php on line 83.
 1 APPPATH\Controllers\EventController.php(83): CodeIgniter\Debug\Exceptions->errorHandler(8, 'Trying to access array offset on value of type null', 'APPPATH\\Controllers\\EventController.php', 83, [...])
 2 SYSTEMPATH\CodeIgniter.php(902): App\Controllers\EventController->dataevent('js', 'demo', 'datatables-demo.js')
 3 SYSTEMPATH\CodeIgniter.php(457): CodeIgniter\CodeIgniter->runController(Object(App\Controllers\EventController))
 4 SYSTEMPATH\CodeIgniter.php(340): CodeIgniter\CodeIgniter->handleRequest(null, Object(Config\Cache), false)
 5 FCPATH\index.php(67): CodeIgniter\CodeIgniter->run()
 6 SYSTEMPATH\Commands\Server\rewrite.php(46): require_once('FCPATH\\index.php')
CRITICAL - 2023-03-03 16:07:49 --> Trying to access array offset on value of type null
in APPPATH\Controllers\EventController.php on line 83.
 1 APPPATH\Controllers\EventController.php(83): CodeIgniter\Debug\Exceptions->errorHandler(8, 'Trying to access array offset on value of type null', 'APPPATH\\Controllers\\EventController.php', 83, [...])
 2 SYSTEMPATH\CodeIgniter.php(902): App\Controllers\EventController->dataevent('js', 'demo', 'datatables-demo.js')
 3 SYSTEMPATH\CodeIgniter.php(457): CodeIgniter\CodeIgniter->runController(Object(App\Controllers\EventController))
 4 SYSTEMPATH\CodeIgniter.php(340): CodeIgniter\CodeIgniter->handleRequest(null, Object(Config\Cache), false)
 5 FCPATH\index.php(67): CodeIgniter\CodeIgniter->run()
 6 SYSTEMPATH\Commands\Server\rewrite.php(46): require_once('FCPATH\\index.php')
CRITICAL - 2023-03-03 16:07:52 --> Trying to access array offset on value of type null
in APPPATH\Views\eventspage\editeventpage.php on line 66.
 1 APPPATH\Views\eventspage\editeventpage.php(66): CodeIgniter\Debug\Exceptions->errorHandler(8, 'Trying to access array offset on value of type null', 'APPPATH\\Views\\eventspage\\editeventpage.php', 66, [...])
 2 SYSTEMPATH\View\View.php(213): include('APPPATH\\Views\\eventspage\\editeventpage.php')
 3 SYSTEMPATH\View\View.php(216): CodeIgniter\View\View->CodeIgniter\View\{closure}()
 4 SYSTEMPATH\Common.php(1142): CodeIgniter\View\View->render('eventspage/editeventpage', [], true)
 5 APPPATH\Controllers\EventController.php(210): view('eventspage/editeventpage', [...])
 6 SYSTEMPATH\CodeIgniter.php(902): App\Controllers\EventController->editpage('js', 'demo', 'datatables-demo.js')
 7 SYSTEMPATH\CodeIgniter.php(457): CodeIgniter\CodeIgniter->runController(Object(App\Controllers\EventController))
 8 SYSTEMPATH\CodeIgniter.php(340): CodeIgniter\CodeIgniter->handleRequest(null, Object(Config\Cache), false)
 9 FCPATH\index.php(67): CodeIgniter\CodeIgniter->run()
10 SYSTEMPATH\Commands\Server\rewrite.php(46): require_once('FCPATH\\index.php')
CRITICAL - 2023-03-03 16:07:56 --> Trying to access array offset on value of type null
in APPPATH\Views\eventspage\editeventpage.php on line 66.
 1 APPPATH\Views\eventspage\editeventpage.php(66): CodeIgniter\Debug\Exceptions->errorHandler(8, 'Trying to access array offset on value of type null', 'APPPATH\\Views\\eventspage\\editeventpage.php', 66, [...])
 2 SYSTEMPATH\View\View.php(213): include('APPPATH\\Views\\eventspage\\editeventpage.php')
 3 SYSTEMPATH\View\View.php(216): CodeIgniter\View\View->CodeIgniter\View\{closure}()
 4 SYSTEMPATH\Common.php(1142): CodeIgniter\View\View->render('eventspage/editeventpage', [], true)
 5 APPPATH\Controllers\EventController.php(210): view('eventspage/editeventpage', [...])
 6 SYSTEMPATH\CodeIgniter.php(902): App\Controllers\EventController->editpage('js', 'demo', 'datatables-demo.js')
 7 SYSTEMPATH\CodeIgniter.php(457): CodeIgniter\CodeIgniter->runController(Object(App\Controllers\EventController))
 8 SYSTEMPATH\CodeIgniter.php(340): CodeIgniter\CodeIgniter->handleRequest(null, Object(Config\Cache), false)
 9 FCPATH\index.php(67): CodeIgniter\CodeIgniter->run()
10 SYSTEMPATH\Commands\Server\rewrite.php(46): require_once('FCPATH\\index.php')
CRITICAL - 2023-03-03 16:08:02 --> Trying to access array offset on value of type null
in APPPATH\Views\eventspage\editeventpage.php on line 66.
 1 APPPATH\Views\eventspage\editeventpage.php(66): CodeIgniter\Debug\Exceptions->errorHandler(8, 'Trying to access array offset on value of type null', 'APPPATH\\Views\\eventspage\\editeventpage.php', 66, [...])
 2 SYSTEMPATH\View\View.php(213): include('APPPATH\\Views\\eventspage\\editeventpage.php')
 3 SYSTEMPATH\View\View.php(216): CodeIgniter\View\View->CodeIgniter\View\{closure}()
 4 SYSTEMPATH\Common.php(1142): CodeIgniter\View\View->render('eventspage/editeventpage', [], true)
 5 APPPATH\Controllers\EventController.php(210): view('eventspage/editeventpage', [...])
 6 SYSTEMPATH\CodeIgniter.php(902): App\Controllers\EventController->editpage('js', 'demo', 'datatables-demo.js')
 7 SYSTEMPATH\CodeIgniter.php(457): CodeIgniter\CodeIgniter->runController(Object(App\Controllers\EventController))
 8 SYSTEMPATH\CodeIgniter.php(340): CodeIgniter\CodeIgniter->handleRequest(null, Object(Config\Cache), false)
 9 FCPATH\index.php(67): CodeIgniter\CodeIgniter->run()
10 SYSTEMPATH\Commands\Server\rewrite.php(46): require_once('FCPATH\\index.php')
CRITICAL - 2023-03-03 16:08:07 --> Trying to access array offset on value of type null
in APPPATH\Controllers\EventController.php on line 83.
 1 APPPATH\Controllers\EventController.php(83): CodeIgniter\Debug\Exceptions->errorHandler(8, 'Trying to access array offset on value of type null', 'APPPATH\\Controllers\\EventController.php', 83, [...])
 2 SYSTEMPATH\CodeIgniter.php(902): App\Controllers\EventController->dataevent('js', 'demo', 'datatables-demo.js')
 3 SYSTEMPATH\CodeIgniter.php(457): CodeIgniter\CodeIgniter->runController(Object(App\Controllers\EventController))
 4 SYSTEMPATH\CodeIgniter.php(340): CodeIgniter\CodeIgniter->handleRequest(null, Object(Config\Cache), false)
 5 FCPATH\index.php(67): CodeIgniter\CodeIgniter->run()
 6 SYSTEMPATH\Commands\Server\rewrite.php(46): require_once('FCPATH\\index.php')
CRITICAL - 2023-03-03 19:07:15 --> Maximum execution time of 60 seconds exceeded
in SYSTEMPATH\Debug\Exceptions.php on line 154.
 1 [internal function]: CodeIgniter\Debug\Exceptions->shutdownHandler()
CRITICAL - 2023-03-03 19:10:14 --> file_get_contents(../Views/eventspage/index.html): failed to open stream: No such file or directory
in APPPATH\Controllers\EventController.php on line 624.
 1 [internal function]: CodeIgniter\Debug\Exceptions->errorHandler(2, 'file_get_contents(../Views/eventspage/index.html): failed to open stream: No such file or directory', 'APPPATH\\Controllers\\EventController.php', 624, [])
 2 APPPATH\Controllers\EventController.php(624): file_get_contents('../Views/eventspage/index.html')
 3 SYSTEMPATH\CodeIgniter.php(902): App\Controllers\EventController->cobahtmlemail()
 4 SYSTEMPATH\CodeIgniter.php(457): CodeIgniter\CodeIgniter->runController(Object(App\Controllers\EventController))
 5 SYSTEMPATH\CodeIgniter.php(340): CodeIgniter\CodeIgniter->handleRequest(null, Object(Config\Cache), false)
 6 FCPATH\index.php(67): CodeIgniter\CodeIgniter->run()
 7 SYSTEMPATH\Commands\Server\rewrite.php(46): require_once('FCPATH\\index.php')
CRITICAL - 2023-03-03 19:11:15 --> file_get_contents(./Views/eventspage/index.html): failed to open stream: No such file or directory
in APPPATH\Controllers\EventController.php on line 625.
 1 [internal function]: CodeIgniter\Debug\Exceptions->errorHandler(2, 'file_get_contents(./Views/eventspage/index.html): failed to open stream: No such file or directory', 'APPPATH\\Controllers\\EventController.php', 625, [])
 2 APPPATH\Controllers\EventController.php(625): file_get_contents('./Views/eventspage/index.html')
 3 SYSTEMPATH\CodeIgniter.php(902): App\Controllers\EventController->cobahtmlemail()
 4 SYSTEMPATH\CodeIgniter.php(457): CodeIgniter\CodeIgniter->runController(Object(App\Controllers\EventController))
 5 SYSTEMPATH\CodeIgniter.php(340): CodeIgniter\CodeIgniter->handleRequest(null, Object(Config\Cache), false)
 6 FCPATH\index.php(67): CodeIgniter\CodeIgniter->run()
 7 SYSTEMPATH\Commands\Server\rewrite.php(46): require_once('FCPATH\\index.php')
CRITICAL - 2023-03-03 19:11:29 --> file_get_contents(Views/eventspage/index.html): failed to open stream: No such file or directory
in APPPATH\Controllers\EventController.php on line 625.
 1 [internal function]: CodeIgniter\Debug\Exceptions->errorHandler(2, 'file_get_contents(Views/eventspage/index.html): failed to open stream: No such file or directory', 'APPPATH\\Controllers\\EventController.php', 625, [])
 2 APPPATH\Controllers\EventController.php(625): file_get_contents('Views/eventspage/index.html')
 3 SYSTEMPATH\CodeIgniter.php(902): App\Controllers\EventController->cobahtmlemail()
 4 SYSTEMPATH\CodeIgniter.php(457): CodeIgniter\CodeIgniter->runController(Object(App\Controllers\EventController))
 5 SYSTEMPATH\CodeIgniter.php(340): CodeIgniter\CodeIgniter->handleRequest(null, Object(Config\Cache), false)
 6 FCPATH\index.php(67): CodeIgniter\CodeIgniter->run()
 7 SYSTEMPATH\Commands\Server\rewrite.php(46): require_once('FCPATH\\index.php')
